[0m[1m[2023-12-27 11:57:56.497] [0m[32;1m(INFO)[0m[31;1m [unknown sender][0mConnect:    
[0m[1m[2023-12-27 11:57:56.598] [0m[32;1m(INFO)[0m[31;1m [unknown sender][0mConnect:    
[0m[1m[2023-12-27 11:57:56.598] [0m[32;1m(INFO)[0m[31;1m [unknown sender][0mConnect:    
[0m[1m[2023-12-27 11:57:56.598] [0m[32;1m(INFO)[0m[31;1m [unknown sender][0mConnect:    
[RunControl RC-TUI] [0m[1m[2023-12-27 11:57:57.581] [0m[32;1m(INFO)[0m[31;1m [unknown sender][0mProcessing Initialise command
[RunControl RC-TUI] [0m[1m[2023-12-27 11:57:57.581] [0m[32;1m(INFO)[0m[31;1m [unknown sender][0mProcessing Initialise command for log
[RunControl RC-TUI] [0m[1m[2023-12-27 11:57:57.581] [0m[32;1m(INFO)[0m[31;1m [unknown sender][0mProcessing Initialise command for dc
[RunControl RC-TUI] [0m[1m[2023-12-27 11:57:57.582] [0m[32;1m(INFO)[0m[31;1m [unknown sender][0mProcessing Initialise command for ALPIDE_plane_0
[RunControl RC-TUI] [0m[1m[2023-12-27 11:57:57.588] [0m[32;1m(INFO)[0m[31;1m [unknown sender][0mProcessing Initialise command for POWER_0
[RunControl RC-TUI] [0m[1m[2023-12-27 11:57:58.654] [0m[32;1m(INFO)[0m[31;1m [unknown sender][0mProcessing Configure command
[RunControl RC-TUI] [0m[1m[2023-12-27 11:57:58.779] [0m[32;1m(INFO)[0m[31;1m [unknown sender][0mProcessing StartRun command for RUN #523115755
[RunControl RC-TUI] [0m[1m[2023-12-27 11:58:35.588] [0m[32;1m(INFO)[0m[31;1m [unknown sender][0mProcessing StopRun command for RUN #523115755
[RunControl RC-TUI] [0m[1m[2023-12-27 11:58:42.808] [0m[32;1m(INFO)[0m[31;1m [unknown sender][0mProcessing Terminate command
[0m[1m[2023-12-27 11:59:50.500] [0m[32;1m(INFO)[0m[31;1m [unknown sender][0mConnect:    
[0m[1m[2023-12-27 11:59:50.601] [0m[32;1m(INFO)[0m[31;1m [unknown sender][0mConnect:    
[0m[1m[2023-12-27 11:59:50.601] [0m[32;1m(INFO)[0m[31;1m [unknown sender][0mConnect:    
[0m[1m[2023-12-27 11:59:50.601] [0m[32;1m(INFO)[0m[31;1m [unknown sender][0mConnect:    
[RunControl RC-TUI] [0m[1m[2023-12-27 11:59:51.589] [0m[32;1m(INFO)[0m[31;1m [unknown sender][0mProcessing Initialise command
[RunControl RC-TUI] [0m[1m[2023-12-27 11:59:51.589] [0m[32;1m(INFO)[0m[31;1m [unknown sender][0mProcessing Initialise command for log
[RunControl RC-TUI] [0m[1m[2023-12-27 11:59:51.589] [0m[32;1m(INFO)[0m[31;1m [unknown sender][0mProcessing Initialise command for dc
[RunControl RC-TUI] [0m[1m[2023-12-27 11:59:51.589] [0m[32;1m(INFO)[0m[31;1m [unknown sender][0mProcessing Initialise command for ALPIDE_plane_0
[RunControl RC-TUI] [0m[1m[2023-12-27 11:59:51.589] [0m[32;1m(INFO)[0m[31;1m [unknown sender][0mProcessing Initialise command for POWER_0
[RunControl RC-TUI] [0m[1m[2023-12-27 11:59:51.880] [0m[32;1m(INFO)[0m[31;1m [unknown sender][0mProcessing Configure command
[RunControl RC-TUI] [0m[1m[2023-12-27 11:59:52.004] [0m[32;1m(INFO)[0m[31;1m [unknown sender][0mProcessing StartRun command for RUN #523115949
[RunControl RC-TUI] [0m[1m[2023-12-27 12:01:14.536] [0m[32;1m(INFO)[0m[31;1m [unknown sender][0mProcessing StopRun command for RUN #523115949
[RunControl RC-TUI] [0m[1m[2023-12-27 12:01:20.145] [0m[32;1m(INFO)[0m[31;1m [unknown sender][0mProcessing Terminate command
[0m[1m[2023-12-27 12:02:31.666] [0m[32;1m(INFO)[0m[31;1m [unknown sender][0mConnect:    
[0m[1m[2023-12-27 12:02:31.767] [0m[32;1m(INFO)[0m[31;1m [unknown sender][0mConnect:    
[0m[1m[2023-12-27 12:02:31.767] [0m[32;1m(INFO)[0m[31;1m [unknown sender][0mConnect:    
[0m[1m[2023-12-27 12:02:31.767] [0m[32;1m(INFO)[0m[31;1m [unknown sender][0mConnect:    
[RunControl RC-TUI] [0m[1m[2023-12-27 12:02:32.751] [0m[32;1m(INFO)[0m[31;1m [unknown sender][0mProcessing Initialise command
[RunControl RC-TUI] [0m[1m[2023-12-27 12:02:32.752] [0m[32;1m(INFO)[0m[31;1m [unknown sender][0mProcessing Initialise command for log
[RunControl RC-TUI] [0m[1m[2023-12-27 12:02:32.752] [0m[32;1m(INFO)[0m[31;1m [unknown sender][0mProcessing Initialise command for dc
[RunControl RC-TUI] [0m[1m[2023-12-27 12:02:32.752] [0m[32;1m(INFO)[0m[31;1m [unknown sender][0mProcessing Initialise command for ALPIDE_plane_0
[RunControl RC-TUI] [0m[1m[2023-12-27 12:02:32.755] [0m[32;1m(INFO)[0m[31;1m [unknown sender][0mProcessing Initialise command for POWER_0
[RunControl RC-TUI] [0m[1m[2023-12-27 12:02:33.042] [0m[32;1m(INFO)[0m[31;1m [unknown sender][0mProcessing Configure command
[RunControl RC-TUI] [0m[1m[2023-12-27 12:02:33.166] [0m[32;1m(INFO)[0m[31;1m [unknown sender][0mProcessing StartRun command for RUN #523120230
[RunControl RC-TUI] [0m[1m[2023-12-27 12:07:36.781] [0m[32;1m(INFO)[0m[31;1m [unknown sender][0mProcessing StopRun command for RUN #523120230
[RunControl RC-TUI] [0m[1m[2023-12-27 12:07:43.340] [0m[32;1m(INFO)[0m[31;1m [unknown sender][0mProcessing Terminate command
[0m[1m[2023-12-27 12:08:21.085] [0m[32;1m(INFO)[0m[31;1m [unknown sender][0mConnect:    
[0m[1m[2023-12-27 12:08:21.185] [0m[32;1m(INFO)[0m[31;1m [unknown sender][0mConnect:    
[0m[1m[2023-12-27 12:08:21.185] [0m[32;1m(INFO)[0m[31;1m [unknown sender][0mConnect:    
[0m[1m[2023-12-27 12:08:21.186] [0m[32;1m(INFO)[0m[31;1m [unknown sender][0mConnect:    
[RunControl RC-TUI] [0m[1m[2023-12-27 12:08:22.169] [0m[32;1m(INFO)[0m[31;1m [unknown sender][0mProcessing Initialise command
[RunControl RC-TUI] [0m[1m[2023-12-27 12:08:22.169] [0m[32;1m(INFO)[0m[31;1m [unknown sender][0mProcessing Initialise command for log
[RunControl RC-TUI] [0m[1m[2023-12-27 12:08:22.169] [0m[32;1m(INFO)[0m[31;1m [unknown sender][0mProcessing Initialise command for dc
[RunControl RC-TUI] [0m[1m[2023-12-27 12:08:22.169] [0m[32;1m(INFO)[0m[31;1m [unknown sender][0mProcessing Initialise command for ALPIDE_plane_0
[RunControl RC-TUI] [0m[1m[2023-12-27 12:08:22.177] [0m[32;1m(INFO)[0m[31;1m [unknown sender][0mProcessing Initialise command for POWER_0
[RunControl RC-TUI] [0m[1m[2023-12-27 12:08:22.461] [0m[32;1m(INFO)[0m[31;1m [unknown sender][0mProcessing Configure command
[RunControl RC-TUI] [0m[1m[2023-12-27 12:08:22.585] [0m[32;1m(INFO)[0m[31;1m [unknown sender][0mProcessing StartRun command for RUN #523120820
[RunControl RC-TUI] [0m[1m[2023-12-27 12:17:04.287] [0m[32;1m(INFO)[0m[31;1m [unknown sender][0mProcessing StopRun command for RUN #523120820
[RunControl RC-TUI] [0m[1m[2023-12-27 12:17:08.305] [0m[32;1m(INFO)[0m[31;1m [unknown sender][0mProcessing Terminate command
