
*** LogCollector started at 2023-12-29 19:16:48.627 ***
[0m[1m[2023-12-29 19:16:48.626] [0m[32;1m(INFO)[0m [RunControl.RC-TUI ]Processing Initialise command for log
[0m[1m[2023-12-29 19:16:48.627] [0m[32;1m(INFO)[0m [RunControl.RC-TUI ]Processing Initialise command for dc
[0m[1m[2023-12-29 19:16:48.627] [0m[32;1m(INFO)[0m [RunControl.RC-TUI ]Processing Initialise command for ALPIDE_plane_0
[0m[1m[2023-12-29 19:16:48.630] [0m[32;1m(INFO)[0m [RunControl.RC-TUI ]Processing Initialise command for ALPIDE_plane_1
[0m[1m[2023-12-29 19:16:48.632] [0m[32;1m(INFO)[0m [RunControl.RC-TUI ]Processing Initialise command for POWER_0
[0m[1m[2023-12-29 19:16:48.669] [0m[32;1m(INFO)[0m [Producer.ALPIDE_plane_0 ]Receive an INI section
    <Configuration>
      <Section title="">
        <EUDAQ_LOG_ADDR>tcp://127.0.0.1:55000</EUDAQ_LOG_ADDR>
        <Name>lab-2ALPIDE.ini</Name>
      </Section>
      <Section title="Producer.ALPIDE_plane_0">
        <plane>0</plane>
        <serial>DAQ-0009010E08933325</serial>
        <triggermode>replica</triggermode>
      </Section>
    </Configuration>

[0m[1m[2023-12-29 19:16:48.669] [0m[32;1m(INFO)[0m [Producer.ALPIDE_plane_1 ]Receive an INI section
    <Configuration>
      <Section title="">
        <EUDAQ_LOG_ADDR>tcp://127.0.0.1:55000</EUDAQ_LOG_ADDR>
        <Name>lab-2ALPIDE.ini</Name>
      </Section>
      <Section title="Producer.ALPIDE_plane_1">
        <plane>1</plane>
        <serial>DAQ-0009010E08931906</serial>
        <triggermode>replica</triggermode>
      </Section>
    </Configuration>

[0m[1m[2023-12-29 19:16:48.669] [0m[32;1m(INFO)[0m [Producer.POWER_0 ]Receive an INI section
    <Configuration>
      <Section title="">
        <EUDAQ_LOG_ADDR>tcp://127.0.0.1:55000</EUDAQ_LOG_ADDR>
        <Name>lab-2ALPIDE.ini</Name>
      </Section>
      <Section title="Producer.POWER_0">
        <path>/dev/hmp4040_2</path>
      </Section>
    </Configuration>

[0m[1m[2023-12-29 19:16:48.669] [0m[32;1m(INFO)[0m [DataCollector.dc ]Receive an INI section
    <Configuration>
      <Section title="">
        <EUDAQ_LOG_ADDR>tcp://127.0.0.1:55000</EUDAQ_LOG_ADDR>
        <Name>lab-2ALPIDE.ini</Name>
      </Section>
      <Section title="DataCollector.dc">
        <dataproducers>ALPIDE_plane_0,ALPIDE_plane_1</dataproducers>
      </Section>
    </Configuration>

[0m[1m[2023-12-29 19:16:48.669] [0m[32;1m(INFO)[0m [Producer.ALPIDE_plane_1 ]Producer.ALPIDE_plane_1 is to be initialised...
[0m[1m[2023-12-29 19:16:48.670] [0m[32;1m(INFO)[0m [DataCollector.dc ]DataCollector.dc is to be initialised...
[0m[1m[2023-12-29 19:16:48.670] [0m[32;1m(INFO)[0m [DataCollector.dc ]TCPServer:: Listening on port 39435
[0m[1m[2023-12-29 19:16:48.669] [0m[32;1m(INFO)[0m [Producer.ALPIDE_plane_0 ]Producer.ALPIDE_plane_0 is to be initialised...
[0m[1m[2023-12-29 19:16:48.669] [0m[32;1m(INFO)[0m [Producer.POWER_0 ]Producer.POWER_0 is to be initialised...
[0m[1m[2023-12-29 19:16:48.702] [0m[32;1m(INFO)[0m [Producer.POWER_0 ]Producer.POWER_0 is initialised.
[0m[1m[2023-12-29 19:16:48.890] [0m[32;1m(INFO)[0m [Producer.ALPIDE_plane_0 ]Producer.ALPIDE_plane_0 is initialised.
[0m[1m[2023-12-29 19:16:48.890] [0m[32;1m(INFO)[0m [Producer.ALPIDE_plane_1 ]Producer.ALPIDE_plane_1 is initialised.
[0m[1m[2023-12-29 19:16:49.671] [0m[32;1m(INFO)[0m [DataCollector.dc ]DataCollector.dc is initialised.
[0m[1m[2023-12-29 19:16:49.696] [0m[32;1m(INFO)[0m [RunControl.RC-TUI ]Processing Configure command
[0m[1m[2023-12-29 19:16:49.696] [0m[32;1m(INFO)[0m [DataCollector.dc ]Receive a CONF section
    <Configuration>
      <Section title="">
        <DataCollector.dc>tcp://127.0.0.1:39435</DataCollector.dc>
        <LogCollector.log>tcp://127.0.0.1:55000</LogCollector.log>
        <Name>lab-2ALPIDE.conf</Name>
      </Section>
      <Section title="DataCollector.dc">
        <#EUDAQ_DATACOL_SEND_MONITOR_FRACTION>10</#EUDAQ_DATACOL_SEND_MONITOR_FRACTION>
        <#EUDAQ_FW_PATTERN>/dev/null/run$6R_$12D$X</#EUDAQ_FW_PATTERN>
        <#EUDAQ_MN>mon</#EUDAQ_MN>
        <EUDAQ_FW>native</EUDAQ_FW>
        <EUDAQ_FW_PATTERN>/home/next/ITS3/eudaq/data/20231229/run$6R_$12D$X</EUDAQ_FW_PATTERN>
      </Section>
    </Configuration>

[0m[1m[2023-12-29 19:16:49.696] [0m[32;1m(INFO)[0m [Producer.ALPIDE_plane_0 ]Receive a CONF section
    <Configuration>
      <Section title="">
        <DataCollector.dc>tcp://127.0.0.1:39435</DataCollector.dc>
        <LogCollector.log>tcp://127.0.0.1:55000</LogCollector.log>
        <Name>lab-2ALPIDE.conf</Name>
      </Section>
      <Section title="Producer.ALPIDE_plane_0">
        <EUDAQ_DC>dc</EUDAQ_DC>
        <EUDAQ_ID>0</EUDAQ_ID>
        <ITHR>60</ITHR>
        <STROBE_LENGTH>800</STROBE_LENGTH>
        <VCASN>106</VCASN>
        <VCASN2>118</VCASN2>
        <VCLIP>60</VCLIP>
      </Section>
    </Configuration>

[0m[1m[2023-12-29 19:16:49.696] [0m[32;1m(INFO)[0m [DataCollector.dc ]DataCollector.dc is to be configured...
[0m[1m[2023-12-29 19:16:49.696] [0m[32;1m(INFO)[0m [Producer.ALPIDE_plane_1 ]Receive a CONF section
    <Configuration>
      <Section title="">
        <DataCollector.dc>tcp://127.0.0.1:39435</DataCollector.dc>
        <LogCollector.log>tcp://127.0.0.1:55000</LogCollector.log>
        <Name>lab-2ALPIDE.conf</Name>
      </Section>
      <Section title="Producer.ALPIDE_plane_1">
        <EUDAQ_DC>dc</EUDAQ_DC>
        <EUDAQ_ID>1</EUDAQ_ID>
        <ITHR>60</ITHR>
        <STROBE_LENGTH>800</STROBE_LENGTH>
        <VCASN>106</VCASN>
        <VCASN2>118</VCASN2>
        <VCLIP>60</VCLIP>
      </Section>
    </Configuration>

[0m[1m[2023-12-29 19:16:49.696] [0m[32;1m(INFO)[0m [Producer.ALPIDE_plane_1 ]Producer.ALPIDE_plane_1 is to be configured...
[0m[1m[2023-12-29 19:16:49.696] [0m[32;1m(INFO)[0m [Producer.POWER_0 ]Receive a CONF section
    <Configuration>
      <Section title="">
        <DataCollector.dc>tcp://127.0.0.1:39435</DataCollector.dc>
        <LogCollector.log>tcp://127.0.0.1:55000</LogCollector.log>
        <Name>lab-2ALPIDE.conf</Name>
      </Section>
      <Section title="Producer.POWER_0">
        <EUDAQ_DC>dc</EUDAQ_DC>
      </Section>
    </Configuration>

[0m[1m[2023-12-29 19:16:49.697] [0m[32;1m(INFO)[0m [Producer.ALPIDE_plane_0 ]Producer.ALPIDE_plane_0 is to be configured...
[0m[1m[2023-12-29 19:16:49.697] [0m[32;1m(INFO)[0m [DataCollector.dc ]DataCollector.dc is configured.
[0m[1m[2023-12-29 19:16:49.696] [0m[32;1m(INFO)[0m [Producer.POWER_0 ]Producer.POWER_0 is to be configured...
[0m[1m[2023-12-29 19:16:49.697] [0m[32;1m(INFO)[0m [Producer.POWER_0 ]Producer.POWER_0 is configured.
[0m[1m[2023-12-29 19:16:49.803] [0m[32;1m(INFO)[0m [Producer.ALPIDE_plane_1 ]Producer.ALPIDE_plane_1 is configured.
[0m[1m[2023-12-29 19:16:49.804] [0m[32;1m(INFO)[0m [Producer.ALPIDE_plane_0 ]Producer.ALPIDE_plane_0 is configured.
[0m[1m[2023-12-29 19:16:49.822] [0m[32;1m(INFO)[0m [RunControl.RC-TUI ]Processing StartRun command for RUN #525191646
[0m[1m[2023-12-29 19:16:50.922] [0m[32;1m(INFO)[0m [DataCollector.dc ]RUN #525191646 is to be started...
[0m[1m[2023-12-29 19:16:50.922] [0m[32;1m(INFO)[0m [DataCollector.dc ]RUN #525191646 is started.
[0m[1m[2023-12-29 19:16:52.022] [0m[32;1m(INFO)[0m [Producer.ALPIDE_plane_1 ]RUN #525191646 is to be started...
[0m[1m[2023-12-29 19:16:52.022] [0m[32;1m(INFO)[0m [Producer.POWER_0 ]RUN #525191646 is to be started...
[0m[1m[2023-12-29 19:16:52.024] [0m[32;1m(INFO)[0m [DataCollector.dc ]DataReceiver: Connection from <ConnectionTCP>
  <FD>tcp://127.0.0.1:59260</FD>
  <Connection>
    <Type>Producer</Type>
    <Name>ALPIDE_plane_1</Name>
    <State>1</State>
  </Connection>
</ConnectionTCP>

[0m[1m[2023-12-29 19:16:52.024] [0m[32;1m(INFO)[0m [DataCollector.dc ]DataReceiver: Connection from <ConnectionTCP>
  <FD>tcp://127.0.0.1:59274</FD>
  <Connection>
    <Type>Producer</Type>
    <Name>POWER_0</Name>
    <State>1</State>
  </Connection>
</ConnectionTCP>

[0m[1m[2023-12-29 19:16:52.024] [0m[32;1m(INFO)[0m [Producer.POWER_0 ]RUN #525191646 is started.
[0m[1m[2023-12-29 19:16:52.096] [0m[32;1m(INFO)[0m [Producer.ALPIDE_plane_1 ]RUN #525191646 is started.
[0m[1m[2023-12-29 19:16:53.123] [0m[32;1m(INFO)[0m [Producer.ALPIDE_plane_0 ]RUN #525191646 is to be started...
[0m[1m[2023-12-29 19:16:53.184] [0m[32;1m(INFO)[0m [DataCollector.dc ]DataReceiver: Connection from <ConnectionTCP>
  <FD>tcp://127.0.0.1:59288</FD>
  <Connection>
    <Type>Producer</Type>
    <Name>ALPIDE_plane_0</Name>
    <State>1</State>
  </Connection>
</ConnectionTCP>

[0m[1m[2023-12-29 19:16:53.247] [0m[32;1m(INFO)[0m [Producer.ALPIDE_plane_0 ]RUN #525191646 is started.
[0m[1m[2023-12-29 19:28:54.821] [0m[32;1m(INFO)[0m [RunControl.RC-TUI ]Processing StopRun command for RUN #525191646
[0m[1m[2023-12-29 19:28:54.821] [0m[32;1m(INFO)[0m [Producer.ALPIDE_plane_0 ]RUN #525191646 is to be stopped...
[0m[1m[2023-12-29 19:28:55.075] [0m[32;1m(INFO)[0m [Producer.ALPIDE_plane_0 ]RUN #525191646 is stopped.
[0m[1m[2023-12-29 19:28:55.177] [0m[32;1m(INFO)[0m [DataCollector.dc ]DataReceiver: Disconnected from <ConnectionTCP>
  <FD>tcp://127.0.0.1:59288</FD>
  <Connection>
    <Type>Producer</Type>
    <Name>ALPIDE_plane_0</Name>
    <State>0</State>
  </Connection>
</ConnectionTCP>

[0m[1m[2023-12-29 19:28:55.222] [0m[32;1m(INFO)[0m [Producer.ALPIDE_plane_1 ]RUN #525191646 is to be stopped...
[0m[1m[2023-12-29 19:28:55.222] [0m[32;1m(INFO)[0m [Producer.POWER_0 ]RUN #525191646 is to be stopped...
[0m[1m[2023-12-29 19:28:55.473] [0m[32;1m(INFO)[0m [Producer.ALPIDE_plane_1 ]RUN #525191646 is stopped.
[0m[1m[2023-12-29 19:28:55.573] [0m[32;1m(INFO)[0m [DataCollector.dc ]DataReceiver: Disconnected from <ConnectionTCP>
  <FD>tcp://127.0.0.1:59260</FD>
  <Connection>
    <Type>Producer</Type>
    <Name>ALPIDE_plane_1</Name>
    <State>0</State>
  </Connection>
</ConnectionTCP>

[0m[1m[2023-12-29 19:29:00.626] [0m[32;1m(INFO)[0m [Producer.POWER_0 ]RUN #525191646 is stopped.
[0m[1m[2023-12-29 19:29:00.727] [0m[32;1m(INFO)[0m [DataCollector.dc ]DataReceiver: Disconnected from <ConnectionTCP>
  <FD>tcp://127.0.0.1:59274</FD>
  <Connection>
    <Type>Producer</Type>
    <Name>POWER_0</Name>
    <State>0</State>
  </Connection>
</ConnectionTCP>

[0m[1m[2023-12-29 19:29:00.728] [0m[32;1m(INFO)[0m [DataCollector.dc ]RUN #525191646 is to be stopped...
[0m[1m[2023-12-29 19:29:02.064] [0m[32;1m(INFO)[0m [DataCollector.dc ]RUN #525191646 is stopped.
[0m[1m[2023-12-29 19:29:02.098] [0m[32;1m(INFO)[0m [RunControl.RC-TUI ]Processing Terminate command
