
*** LogCollector started at 2023-12-29 15:57:35.069 ***
[0m[1m[2023-12-29 15:57:35.068] [0m[32;1m(INFO)[0m [RunControl.RC-TUI ]Processing Initialise command for log
[0m[1m[2023-12-29 15:57:35.069] [0m[32;1m(INFO)[0m [RunControl.RC-TUI ]Processing Initialise command for dc
[0m[1m[2023-12-29 15:57:35.071] [0m[32;1m(INFO)[0m [RunControl.RC-TUI ]Processing Initialise command for ALPIDE_plane_0
[0m[1m[2023-12-29 15:57:35.074] [0m[32;1m(INFO)[0m [RunControl.RC-TUI ]Processing Initialise command for ALPIDE_plane_1
[0m[1m[2023-12-29 15:57:35.074] [0m[32;1m(INFO)[0m [RunControl.RC-TUI ]Processing Initialise command for POWER_0
[0m[1m[2023-12-29 15:57:35.074] [0m[32;1m(INFO)[0m [RunControl.RC-TUI ]Processing Initialise command for APTS_0
[0m[1m[2023-12-29 15:57:35.109] [0m[32;1m(INFO)[0m [DataCollector.dc ]Receive an INI section
    <Configuration>
      <Section title="">
        <EUDAQ_LOG_ADDR>tcp://127.0.0.1:55000</EUDAQ_LOG_ADDR>
        <Name>lab-2ALPIDE-1APTS.ini</Name>
      </Section>
      <Section title="DataCollector.dc">
        <dataproducers>APTS_0,ALPIDE_plane_0,ALPIDE_plane_1</dataproducers>
      </Section>
    </Configuration>

[0m[1m[2023-12-29 15:57:35.109] [0m[32;1m(INFO)[0m [Producer.POWER_0 ]Receive an INI section
    <Configuration>
      <Section title="">
        <EUDAQ_LOG_ADDR>tcp://127.0.0.1:55000</EUDAQ_LOG_ADDR>
        <Name>lab-2ALPIDE-1APTS.ini</Name>
      </Section>
      <Section title="Producer.POWER_0">
        <path>/dev/hmp4040_2</path>
      </Section>
    </Configuration>

[0m[1m[2023-12-29 15:57:35.109] [0m[32;1m(INFO)[0m [Producer.ALPIDE_plane_1 ]Receive an INI section
    <Configuration>
      <Section title="">
        <EUDAQ_LOG_ADDR>tcp://127.0.0.1:55000</EUDAQ_LOG_ADDR>
        <Name>lab-2ALPIDE-1APTS.ini</Name>
      </Section>
      <Section title="Producer.ALPIDE_plane_1">
        <plane>2</plane>
        <serial>DAQ-0009010E08933325</serial>
        <triggermode>replica</triggermode>
      </Section>
    </Configuration>

[0m[1m[2023-12-29 15:57:35.109] [0m[32;1m(INFO)[0m [Producer.APTS_0 ]Receive an INI section
    <Configuration>
      <Section title="">
        <EUDAQ_LOG_ADDR>tcp://127.0.0.1:55000</EUDAQ_LOG_ADDR>
        <Name>lab-2ALPIDE-1APTS.ini</Name>
      </Section>
      <Section title="Producer.APTS_0">
        <#triggermode>replica</#triggermode>
        <plane>0</plane>
        <proximity>APTS-017</proximity>
        <serial>DAQ-0009010E08932725</serial>
      </Section>
    </Configuration>

[0m[1m[2023-12-29 15:57:35.109] [0m[32;1m(INFO)[0m [Producer.ALPIDE_plane_0 ]Receive an INI section
    <Configuration>
      <Section title="">
        <EUDAQ_LOG_ADDR>tcp://127.0.0.1:55000</EUDAQ_LOG_ADDR>
        <Name>lab-2ALPIDE-1APTS.ini</Name>
      </Section>
      <Section title="Producer.ALPIDE_plane_0">
        <plane>1</plane>
        <serial>DAQ-0009010E08931906</serial>
        <triggermode>replica</triggermode>
      </Section>
    </Configuration>

[0m[1m[2023-12-29 15:57:35.109] [0m[32;1m(INFO)[0m [DataCollector.dc ]DataCollector.dc is to be initialised...
[0m[1m[2023-12-29 15:57:35.109] [0m[32;1m(INFO)[0m [DataCollector.dc ]TCPServer:: Listening on port 38951
[0m[1m[2023-12-29 15:57:35.109] [0m[32;1m(INFO)[0m [Producer.POWER_0 ]Producer.POWER_0 is to be initialised...
[0m[1m[2023-12-29 15:57:35.126] [0m[32;1m(INFO)[0m [Producer.POWER_0 ]Producer.POWER_0 is initialised.
[0m[1m[2023-12-29 15:57:35.109] [0m[32;1m(INFO)[0m [Producer.ALPIDE_plane_1 ]Producer.ALPIDE_plane_1 is to be initialised...
[0m[1m[2023-12-29 15:57:35.109] [0m[32;1m(INFO)[0m [Producer.APTS_0 ]Producer.APTS_0 is to be initialised...
[0m[1m[2023-12-29 15:57:35.110] [0m[32;1m(INFO)[0m [Producer.APTS_0 ]Initialising MLR1 DAQ Board
[0m[1m[2023-12-29 15:57:35.113] [0m[31;1m(DEBUG)[0m [Producer.APTS_0 ]v1.10.2 - /home/next/.local/lib/python3.10/site-packages/mlr1daqboard is not a git repository but an installation directory. Git hash at installation: f39ffae61a5ded937a877f938b665ea40cb8dcd9
[0m[1m[2023-12-29 15:57:35.115] [0m[31;1m(DEBUG)[0m [Producer.APTS_0 ]File /home/next/.local/lib/python3.10/site-packages/mlr1daqboard/mlr1daqboard.py installed in /home/next/.local/lib/python3.10/site-packages/mlr1daqboard v1.10.2:
Created:  2023-08-11 08:02:04.290911 UTC
Accessed: 2023-12-29 04:19:38.597452 UTC
Modified: 2023-08-11 08:02:04.290911 UTC
Size:     30355
git diff at installation:
[0m[1m[2023-12-29 15:57:35.116] [0m[31;1m(DEBUG)[0m [Producer.APTS_0 ]Loaded DAC calibration from /home/next/.local/lib/python3.10/site-packages/mlr1daqboard/calibration/APTS-017.json: {
    "IDAC": {
        "CE_COL_AP_IBIASN": [
            0.0185,
            3.31,
            660
        ],
        "CE_MAT_AP_IBIAS4SF_DP_IBIASF": [
            0.38109,
            74.84,
            10000
        ],
        "CE_PMOS_AP_DP_IRESET": [
            3.1e-05,
            0.1,
            1.6
        ],
        "AP_IBIASP_DP_IDB": [
            0.0158,
            1.56,
            460
        ],
        "AP_IBIAS3_DP_IBIAS": [
            0.012,
            1.03,
            560
        ]
    },
    "VDAC": {
        "AP_SEL0": [
            0.03809,
            1.13,
            1200
        ],
        "AP_SEL1": [
            0.03795,
            7.01,
            1200
        ],
        "AP_VRESET": [
            0.03807,
            1.15,
            1200
        ],
        "CE_VOFFSET_AP_DP_VH": [
            0.03806,
            4.17,
            1200
        ],
        "AP_VCASP_MUX0_DP_VCASB": [
            0.03809,
            5.14,
            1200
        ],
        "AP_VCASN_MUX1_DP_VCASN": [
            0.03809,
            2.45,
            1200
        ]
    }
}
[0m[1m[2023-12-29 15:57:35.122] [0m[31;1m(DEBUG)[0m [Producer.APTS_0 ]Using DAQ board with serial number DAQ-0009010E08932725
[0m[1m[2023-12-29 15:57:35.109] [0m[32;1m(INFO)[0m [Producer.ALPIDE_plane_0 ]Producer.ALPIDE_plane_0 is to be initialised...
[0m[1m[2023-12-29 15:57:35.327] [0m[32;1m(INFO)[0m [Producer.ALPIDE_plane_0 ]Producer.ALPIDE_plane_0 is initialised.
[0m[1m[2023-12-29 15:57:35.328] [0m[32;1m(INFO)[0m [Producer.ALPIDE_plane_1 ]Producer.ALPIDE_plane_1 is initialised.
[0m[1m[2023-12-29 15:57:35.425] [0m[31;1m(DEBUG)[0m [Producer.APTS_0 ]Read cmd 0x1602 returned 0000000016737e10
[0m[1m[2023-12-29 15:57:35.425] [0m[31;1m(DEBUG)[0m [Producer.APTS_0 ]Firmware version: 0x107E7316
[0m[1m[2023-12-29 15:57:35.425] [0m[31;1m(DEBUG)[0m [Producer.APTS_0 ]Read cmd 0x1600 returned 00000000fe000000
[0m[1m[2023-12-29 15:57:35.425] [0m[32;1m(INFO)[0m [Producer.APTS_0 ]Producer.APTS_0 is initialised.
[0m[1m[2023-12-29 15:57:36.111] [0m[32;1m(INFO)[0m [DataCollector.dc ]DataCollector.dc is initialised.
[0m[1m[2023-12-29 15:57:36.174] [0m[32;1m(INFO)[0m [RunControl.RC-TUI ]Processing Configure command
[0m[1m[2023-12-29 15:57:36.174] [0m[32;1m(INFO)[0m [DataCollector.dc ]Receive a CONF section
    <Configuration>
      <Section title="">
        <DataCollector.dc>tcp://127.0.0.1:38951</DataCollector.dc>
        <LogCollector.log>tcp://127.0.0.1:55000</LogCollector.log>
        <Name>lab-2ALPIDE-1APTS.conf</Name>
      </Section>
      <Section title="DataCollector.dc">
        <#EUDAQ_DATACOL_SEND_MONITOR_FRACTION>10</#EUDAQ_DATACOL_SEND_MONITOR_FRACTION>
        <#EUDAQ_FW_PATTERN>/dev/null/run$6R_$12D$X</#EUDAQ_FW_PATTERN>
        <#EUDAQ_MN>mon</#EUDAQ_MN>
        <EUDAQ_FW>native</EUDAQ_FW>
        <EUDAQ_FW_PATTERN>/home/next/ITS3/eudaq/data/20231229/run$6R_$12D$X</EUDAQ_FW_PATTERN>
      </Section>
    </Configuration>

[0m[1m[2023-12-29 15:57:36.174] [0m[32;1m(INFO)[0m [DataCollector.dc ]DataCollector.dc is to be configured...
[0m[1m[2023-12-29 15:57:36.174] [0m[32;1m(INFO)[0m [Producer.APTS_0 ]Receive a CONF section
    <Configuration>
      <Section title="">
        <DataCollector.dc>tcp://127.0.0.1:38951</DataCollector.dc>
        <LogCollector.log>tcp://127.0.0.1:55000</LogCollector.log>
        <Name>lab-2ALPIDE-1APTS.conf</Name>
      </Section>
      <Section title="Producer.APTS_0">
        <EUDAQ_DC>dc</EUDAQ_DC>
        <EUDAQ_ID>0</EUDAQ_ID>
        <trg_thr>150</trg_thr>
        <trg_type>1</trg_type>
      </Section>
    </Configuration>

[0m[1m[2023-12-29 15:57:36.175] [0m[32;1m(INFO)[0m [DataCollector.dc ]DataCollector.dc is configured.
[0m[1m[2023-12-29 15:57:36.174] [0m[32;1m(INFO)[0m [Producer.POWER_0 ]Receive a CONF section
    <Configuration>
      <Section title="">
        <DataCollector.dc>tcp://127.0.0.1:38951</DataCollector.dc>
        <LogCollector.log>tcp://127.0.0.1:55000</LogCollector.log>
        <Name>lab-2ALPIDE-1APTS.conf</Name>
      </Section>
      <Section title="Producer.POWER_0">
        <EUDAQ_DC>dc</EUDAQ_DC>
      </Section>
    </Configuration>

[0m[1m[2023-12-29 15:57:36.175] [0m[32;1m(INFO)[0m [Producer.POWER_0 ]Producer.POWER_0 is to be configured...
[0m[1m[2023-12-29 15:57:36.174] [0m[32;1m(INFO)[0m [Producer.ALPIDE_plane_1 ]Receive a CONF section
    <Configuration>
      <Section title="">
        <DataCollector.dc>tcp://127.0.0.1:38951</DataCollector.dc>
        <LogCollector.log>tcp://127.0.0.1:55000</LogCollector.log>
        <Name>lab-2ALPIDE-1APTS.conf</Name>
      </Section>
      <Section title="Producer.ALPIDE_plane_1">
        <EUDAQ_DC>dc</EUDAQ_DC>
        <EUDAQ_ID>2</EUDAQ_ID>
        <ITHR>60</ITHR>
        <STROBE_LENGTH>800</STROBE_LENGTH>
        <VCASN>106</VCASN>
        <VCASN2>118</VCASN2>
        <VCLIP>60</VCLIP>
      </Section>
    </Configuration>

[0m[1m[2023-12-29 15:57:36.175] [0m[32;1m(INFO)[0m [Producer.ALPIDE_plane_1 ]Producer.ALPIDE_plane_1 is to be configured...
[0m[1m[2023-12-29 15:57:36.174] [0m[32;1m(INFO)[0m [Producer.APTS_0 ]Producer.APTS_0 is to be configured...
[0m[1m[2023-12-29 15:57:36.174] [0m[32;1m(INFO)[0m [Producer.ALPIDE_plane_0 ]Receive a CONF section
    <Configuration>
      <Section title="">
        <DataCollector.dc>tcp://127.0.0.1:38951</DataCollector.dc>
        <LogCollector.log>tcp://127.0.0.1:55000</LogCollector.log>
        <Name>lab-2ALPIDE-1APTS.conf</Name>
      </Section>
      <Section title="Producer.ALPIDE_plane_0">
        <EUDAQ_DC>dc</EUDAQ_DC>
        <EUDAQ_ID>1</EUDAQ_ID>
        <ITHR>60</ITHR>
        <STROBE_LENGTH>800</STROBE_LENGTH>
        <VCASN>106</VCASN>
        <VCASN2>118</VCASN2>
        <VCLIP>60</VCLIP>
      </Section>
    </Configuration>

[0m[1m[2023-12-29 15:57:36.175] [0m[32;1m(INFO)[0m [Producer.ALPIDE_plane_0 ]Producer.ALPIDE_plane_0 is to be configured...
[0m[1m[2023-12-29 15:57:36.175] [0m[32;1m(INFO)[0m [Producer.POWER_0 ]Producer.POWER_0 is configured.
[0m[1m[2023-12-29 15:57:36.175] [0m[31;1m(DEBUG)[0m [Producer.APTS_0 ]Write cmd 0x0300 0x00000000 returned 0100000000030000
[0m[1m[2023-12-29 15:57:36.176] [0m[31;1m(DEBUG)[0m [Producer.APTS_0 ]Read cmd 0x1103 returned 0000000000100000
[0m[1m[2023-12-29 15:57:36.176] [0m[32;1m(INFO)[0m [Producer.APTS_0 ]Powering ON the chip with default DAC settings.
[0m[1m[2023-12-29 15:57:36.176] [0m[31;1m(DEBUG)[0m [Producer.APTS_0 ]Read cmd 0x1103 returned 0000000000100000
[0m[1m[2023-12-29 15:57:36.177] [0m[31;1m(DEBUG)[0m [Producer.APTS_0 ]Read cmd 0x1104 returned 0000000003300000
[0m[1m[2023-12-29 15:57:36.177] [0m[31;1m(DEBUG)[0m [Producer.APTS_0 ]Read cmd 0x1103 returned 0000000000100000
[0m[1m[2023-12-29 15:57:36.177] [0m[32;1m(INFO)[0m [Producer.APTS_0 ]Currents before Proximity ON: Ia = 0.04 mA, Id = 0.09 mA, Ib = 0.00 mA
[0m[1m[2023-12-29 15:57:36.178] [0m[31;1m(DEBUG)[0m [Producer.APTS_0 ]Write cmd 0x0e32 0x00000001 returned 01000000320e0000
[0m[1m[2023-12-29 15:57:36.178] [0m[31;1m(DEBUG)[0m [Producer.APTS_0 ]Write cmd 0x0e33 0x00000001 returned 01000000330e0000
[0m[1m[2023-12-29 15:57:36.178] [0m[31;1m(DEBUG)[0m [Producer.APTS_0 ]Write cmd 0x0e12 0x00000001 returned 01000000120e0000
[0m[1m[2023-12-29 15:57:36.180] [0m[31;1m(DEBUG)[0m [Producer.APTS_0 ]Write cmd 0x0401 0x08000001 returned 0100000001040000
[0m[1m[2023-12-29 15:57:36.180] [0m[31;1m(DEBUG)[0m [Producer.APTS_0 ]Write cmd 0x0501 0x08000001 returned 0100000001050000
[0m[1m[2023-12-29 15:57:36.183] [0m[31;1m(DEBUG)[0m [Producer.APTS_0 ]Read cmd 0x1103 returned 0000000000100000
[0m[1m[2023-12-29 15:57:36.183] [0m[31;1m(DEBUG)[0m [Producer.APTS_0 ]Read cmd 0x1104 returned 0000000003d00000
[0m[1m[2023-12-29 15:57:36.183] [0m[31;1m(DEBUG)[0m [Producer.APTS_0 ]Read cmd 0x1103 returned 0000000000100000
[0m[1m[2023-12-29 15:57:36.183] [0m[32;1m(INFO)[0m [Producer.APTS_0 ]Currents after Proximity ON: Ia = 0.04 mA, Id = 0.09 mA, Ib = 0.00 mA
[0m[1m[2023-12-29 15:57:36.183] [0m[32;1m(INFO)[0m [Producer.APTS_0 ]Setting DACs for APTS-SF.
[0m[1m[2023-12-29 15:57:36.183] [0m[31;1m(DEBUG)[0m [Producer.APTS_0 ]Setting DAC CE_COL_AP_IBIASN to 19.997 uA.
[0m[1m[2023-12-29 15:57:36.183] [0m[31;1m(DEBUG)[0m [Producer.APTS_0 ]Setting DAC CE_COL_AP_IBIASN to 902
[0m[1m[2023-12-29 15:57:36.183] [0m[31;1m(DEBUG)[0m [Producer.APTS_0 ]Write cmd 0x0401 0x03303860 returned 0100000001040000
[0m[1m[2023-12-29 15:57:36.184] [0m[31;1m(DEBUG)[0m [Producer.APTS_0 ]Setting DAC CE_MAT_AP_IBIAS4SF_DP_IBIASF to 149.915 uA.
[0m[1m[2023-12-29 15:57:36.184] [0m[31;1m(DEBUG)[0m [Producer.APTS_0 ]Setting DAC CE_MAT_AP_IBIAS4SF_DP_IBIASF to 197
[0m[1m[2023-12-29 15:57:36.184] [0m[31;1m(DEBUG)[0m [Producer.APTS_0 ]Write cmd 0x0401 0x03400c50 returned 0100000001040000
[0m[1m[2023-12-29 15:57:36.184] [0m[31;1m(DEBUG)[0m [Producer.APTS_0 ]Setting DAC CE_PMOS_AP_DP_IRESET to 1.000 uA.
[0m[1m[2023-12-29 15:57:36.184] [0m[31;1m(DEBUG)[0m [Producer.APTS_0 ]Setting DAC CE_PMOS_AP_DP_IRESET to 29032
[0m[1m[2023-12-29 15:57:36.184] [0m[31;1m(DEBUG)[0m [Producer.APTS_0 ]Write cmd 0x0501 0x03071680 returned 0100000001050000
[0m[1m[2023-12-29 15:57:36.184] [0m[31;1m(DEBUG)[0m [Producer.APTS_0 ]Setting DAC AP_IBIASP_DP_IDB to 1.987 uA.
[0m[1m[2023-12-29 15:57:36.184] [0m[31;1m(DEBUG)[0m [Producer.APTS_0 ]Setting DAC AP_IBIASP_DP_IDB to 27
[0m[1m[2023-12-29 15:57:36.184] [0m[31;1m(DEBUG)[0m [Producer.APTS_0 ]Write cmd 0x0501 0x031001b0 returned 0100000001050000
[0m[1m[2023-12-29 15:57:36.184] [0m[31;1m(DEBUG)[0m [Producer.APTS_0 ]Setting DAC AP_IBIAS3_DP_IBIAS to 199.990 uA.
[0m[1m[2023-12-29 15:57:36.184] [0m[31;1m(DEBUG)[0m [Producer.APTS_0 ]Setting DAC AP_IBIAS3_DP_IBIAS to 16580
[0m[1m[2023-12-29 15:57:36.185] [0m[31;1m(DEBUG)[0m [Producer.APTS_0 ]Write cmd 0x0501 0x03340c40 returned 0100000001050000
[0m[1m[2023-12-29 15:57:36.185] [0m[31;1m(DEBUG)[0m [Producer.APTS_0 ]Setting DAC CE_VOFFSET_AP_DP_VH to 1199.977 mV
[0m[1m[2023-12-29 15:57:36.185] [0m[31;1m(DEBUG)[0m [Producer.APTS_0 ]Setting DAC CE_VOFFSET_AP_DP_VH to 31419
[0m[1m[2023-12-29 15:57:36.185] [0m[31;1m(DEBUG)[0m [Producer.APTS_0 ]Write cmd 0x0501 0x0347abb0 returned 0100000001050000
[0m[1m[2023-12-29 15:57:36.185] [0m[31;1m(DEBUG)[0m [Producer.APTS_0 ]Setting DAC AP_VRESET to 499.981 mV
[0m[1m[2023-12-29 15:57:36.185] [0m[31;1m(DEBUG)[0m [Producer.APTS_0 ]Setting DAC AP_VRESET to 13103
[0m[1m[2023-12-29 15:57:36.185] [0m[31;1m(DEBUG)[0m [Producer.APTS_0 ]Write cmd 0x0501 0x035332f0 returned 0100000001050000
[0m[1m[2023-12-29 15:57:36.185] [0m[32;1m(INFO)[0m [Producer.APTS_0 ]Chip powered ON.
[0m[1m[2023-12-29 15:57:36.185] [0m[32;1m(INFO)[0m [Producer.APTS_0 ]Waiting 9 seconds for Ia current to stabilize...
[0m[1m[2023-12-29 15:57:36.185] [0m[31;1m(DEBUG)[0m [Producer.APTS_0 ]Read cmd 0x1103 returned 0000000000100000
[0m[1m[2023-12-29 15:57:36.185] [0m[32;1m(INFO)[0m [Producer.APTS_0 ]Ia = 0.04 mA
[0m[1m[2023-12-29 15:57:36.281] [0m[32;1m(INFO)[0m [Producer.ALPIDE_plane_0 ]Producer.ALPIDE_plane_0 is configured.
[0m[1m[2023-12-29 15:57:36.283] [0m[32;1m(INFO)[0m [Producer.ALPIDE_plane_1 ]Producer.ALPIDE_plane_1 is configured.
[0m[1m[2023-12-29 15:57:37.187] [0m[31;1m(DEBUG)[0m [Producer.APTS_0 ]Read cmd 0x1103 returned 00000000440b0900
[0m[1m[2023-12-29 15:57:37.187] [0m[32;1m(INFO)[0m [Producer.APTS_0 ]Ia = 5.44 mA
[0m[1m[2023-12-29 15:57:38.189] [0m[31;1m(DEBUG)[0m [Producer.APTS_0 ]Read cmd 0x1103 returned 0000000047eb0800
[0m[1m[2023-12-29 15:57:38.189] [0m[32;1m(INFO)[0m [Producer.APTS_0 ]Ia = 5.37 mA
[0m[1m[2023-12-29 15:57:39.191] [0m[31;1m(DEBUG)[0m [Producer.APTS_0 ]Read cmd 0x1103 returned 00000000442b0900
[0m[1m[2023-12-29 15:57:39.191] [0m[32;1m(INFO)[0m [Producer.APTS_0 ]Ia = 5.52 mA
[0m[1m[2023-12-29 15:57:40.192] [0m[31;1m(DEBUG)[0m [Producer.APTS_0 ]Read cmd 0x1103 returned 00000000441b0900
[0m[1m[2023-12-29 15:57:40.193] [0m[32;1m(INFO)[0m [Producer.APTS_0 ]Ia = 5.48 mA
[0m[1m[2023-12-29 15:57:41.194] [0m[31;1m(DEBUG)[0m [Producer.APTS_0 ]Read cmd 0x1103 returned 00000000440b0900
[0m[1m[2023-12-29 15:57:41.194] [0m[32;1m(INFO)[0m [Producer.APTS_0 ]Ia = 5.44 mA
[0m[1m[2023-12-29 15:57:42.196] [0m[31;1m(DEBUG)[0m [Producer.APTS_0 ]Read cmd 0x1103 returned 00000000453b0900
[0m[1m[2023-12-29 15:57:42.196] [0m[32;1m(INFO)[0m [Producer.APTS_0 ]Ia = 5.56 mA
[0m[1m[2023-12-29 15:57:43.197] [0m[31;1m(DEBUG)[0m [Producer.APTS_0 ]Read cmd 0x1103 returned 00000000473b0900
[0m[1m[2023-12-29 15:57:43.197] [0m[32;1m(INFO)[0m [Producer.APTS_0 ]Ia = 5.56 mA
[0m[1m[2023-12-29 15:57:44.199] [0m[31;1m(DEBUG)[0m [Producer.APTS_0 ]Read cmd 0x1103 returned 00000000456b0900
[0m[1m[2023-12-29 15:57:44.199] [0m[32;1m(INFO)[0m [Producer.APTS_0 ]Ia = 5.67 mA
[0m[1m[2023-12-29 15:57:45.200] [0m[31;1m(DEBUG)[0m [Producer.APTS_0 ]Read cmd 0x1103 returned 00000000478b0900
[0m[1m[2023-12-29 15:57:45.200] [0m[31;1m(DEBUG)[0m [Producer.APTS_0 ]Read cmd 0x1104 returned 0000000006e00000
[0m[1m[2023-12-29 15:57:45.201] [0m[31;1m(DEBUG)[0m [Producer.APTS_0 ]Read cmd 0x1103 returned 00000000402b0900
[0m[1m[2023-12-29 15:57:45.201] [0m[32;1m(INFO)[0m [Producer.APTS_0 ]Currents after setting DACs: Ia = 5.75 mA, Id = 0.18 mA, Ib = 70.27 mA
[0m[1m[2023-12-29 15:57:45.201] [0m[31;1m(DEBUG)[0m [Producer.APTS_0 ]Write cmd 0x00ef 0x00000000 returned 01000000ef000000
[0m[1m[2023-12-29 15:57:45.202] [0m[31;1m(DEBUG)[0m [Producer.APTS_0 ]Write cmd 0x0387 0x00000000 returned 0100000087030000
[0m[1m[2023-12-29 15:57:45.202] [0m[31;1m(DEBUG)[0m [Producer.APTS_0 ]Write cmd 0x0301 0x00000028 returned 0100000001030000
[0m[1m[2023-12-29 15:57:45.202] [0m[31;1m(DEBUG)[0m [Producer.APTS_0 ]Write cmd 0x0302 0x00000064 returned 0100000002030000
[0m[1m[2023-12-29 15:57:45.203] [0m[31;1m(DEBUG)[0m [Producer.APTS_0 ]Write cmd 0x0303 0x00000064 returned 0100000003030000
[0m[1m[2023-12-29 15:57:45.203] [0m[31;1m(DEBUG)[0m [Producer.APTS_0 ]Write cmd 0x0304 0x00000001 returned 0100000004030000
[0m[1m[2023-12-29 15:57:45.203] [0m[31;1m(DEBUG)[0m [Producer.APTS_0 ]Write cmd 0x0305 0x00002710 returned 0100000005030000
[0m[1m[2023-12-29 15:57:45.203] [0m[31;1m(DEBUG)[0m [Producer.APTS_0 ]Write cmd 0x0306 0x00000096 returned 0100000006030000
[0m[1m[2023-12-29 15:57:45.204] [0m[31;1m(DEBUG)[0m [Producer.APTS_0 ]Write cmd 0x0307 0x00000002 returned 0100000007030000
[0m[1m[2023-12-29 15:57:45.204] [0m[31;1m(DEBUG)[0m [Producer.APTS_0 ]Write cmd 0x0308 0x0000ffff returned 0100000008030000
[0m[1m[2023-12-29 15:57:45.204] [0m[31;1m(DEBUG)[0m [Producer.APTS_0 ]Write cmd 0x0309 0x00000000 returned 0100000009030000
[0m[1m[2023-12-29 15:57:45.205] [0m[31;1m(DEBUG)[0m [Producer.APTS_0 ]Write cmd 0x030a 0x00000001 returned 010000000a030000
[0m[1m[2023-12-29 15:57:45.205] [0m[31;1m(DEBUG)[0m [Producer.APTS_0 ]Write cmd 0x030b 0x00000001 returned 010000000b030000
[0m[1m[2023-12-29 15:57:45.205] [0m[31;1m(DEBUG)[0m [Producer.APTS_0 ]Write cmd 0x030c 0x00000001 returned 010000000c030000
[0m[1m[2023-12-29 15:57:45.206] [0m[31;1m(DEBUG)[0m [Producer.APTS_0 ]Write cmd 0x030d 0x0000000a returned 010000000d030000
[0m[1m[2023-12-29 15:57:45.206] [0m[31;1m(DEBUG)[0m [Producer.APTS_0 ]Write cmd 0x030e 0x0000000a returned 010000000e030000
[0m[1m[2023-12-29 15:57:45.206] [0m[31;1m(DEBUG)[0m [Producer.APTS_0 ]Write cmd 0x0300 0x00000001 returned 0100000000030000
[0m[1m[2023-12-29 15:57:45.206] [0m[32;1m(INFO)[0m [Producer.APTS_0 ]Producer.APTS_0 is configured.
[0m[1m[2023-12-29 15:57:45.226] [0m[32;1m(INFO)[0m [RunControl.RC-TUI ]Processing StartRun command for RUN #525155732
[0m[1m[2023-12-29 15:57:46.330] [0m[32;1m(INFO)[0m [DataCollector.dc ]RUN #525155732 is to be started...
[0m[1m[2023-12-29 15:57:46.330] [0m[32;1m(INFO)[0m [DataCollector.dc ]RUN #525155732 is started.
[0m[1m[2023-12-29 15:57:47.430] [0m[32;1m(INFO)[0m [Producer.POWER_0 ]RUN #525155732 is to be started...
[0m[1m[2023-12-29 15:57:47.430] [0m[32;1m(INFO)[0m [Producer.ALPIDE_plane_1 ]RUN #525155732 is to be started...
[0m[1m[2023-12-29 15:57:47.430] [0m[32;1m(INFO)[0m [Producer.ALPIDE_plane_0 ]RUN #525155732 is to be started...
[0m[1m[2023-12-29 15:57:47.431] [0m[32;1m(INFO)[0m [DataCollector.dc ]DataReceiver: Connection from <ConnectionTCP>
  <FD>tcp://127.0.0.1:40554</FD>
  <Connection>
    <Type>Producer</Type>
    <Name>POWER_0</Name>
    <State>1</State>
  </Connection>
</ConnectionTCP>

[0m[1m[2023-12-29 15:57:47.431] [0m[32;1m(INFO)[0m [DataCollector.dc ]DataReceiver: Connection from <ConnectionTCP>
  <FD>tcp://127.0.0.1:40568</FD>
  <Connection>
    <Type>Producer</Type>
    <Name>ALPIDE_plane_0</Name>
    <State>1</State>
  </Connection>
</ConnectionTCP>

[0m[1m[2023-12-29 15:57:47.431] [0m[32;1m(INFO)[0m [Producer.POWER_0 ]RUN #525155732 is started.
[0m[1m[2023-12-29 15:57:47.431] [0m[32;1m(INFO)[0m [DataCollector.dc ]DataReceiver: Connection from <ConnectionTCP>
  <FD>tcp://127.0.0.1:40566</FD>
  <Connection>
    <Type>Producer</Type>
    <Name>ALPIDE_plane_1</Name>
    <State>1</State>
  </Connection>
</ConnectionTCP>

[0m[1m[2023-12-29 15:57:47.495] [0m[32;1m(INFO)[0m [Producer.ALPIDE_plane_0 ]RUN #525155732 is started.
[0m[1m[2023-12-29 15:57:47.496] [0m[32;1m(INFO)[0m [Producer.ALPIDE_plane_1 ]RUN #525155732 is started.
[0m[1m[2023-12-29 15:57:48.530] [0m[32;1m(INFO)[0m [Producer.APTS_0 ]RUN #525155732 is to be started...
[0m[1m[2023-12-29 15:57:48.611] [0m[32;1m(INFO)[0m [DataCollector.dc ]DataReceiver: Connection from <ConnectionTCP>
  <FD>tcp://127.0.0.1:40588</FD>
  <Connection>
    <Type>Producer</Type>
    <Name>APTS_0</Name>
    <State>1</State>
  </Connection>
</ConnectionTCP>

[0m[1m[2023-12-29 15:57:48.611] [0m[31;1m(DEBUG)[0m [Producer.APTS_0 ]Read cmd 0x1103 returned 00000000423b0900
[0m[1m[2023-12-29 15:57:48.612] [0m[31;1m(DEBUG)[0m [Producer.APTS_0 ]Read cmd 0x1103 returned 0000000049bb0800
[0m[1m[2023-12-29 15:57:48.626] [0m[31;1m(DEBUG)[0m [Producer.APTS_0 ]Read cmd 0x1602 returned 0000000016737e10
[0m[1m[2023-12-29 15:57:48.727] [0m[31;1m(DEBUG)[0m [Producer.APTS_0 ]Write cmd 0x03ac 0x00000001 returned 01000000ac030000
[0m[1m[2023-12-29 15:57:48.727] [0m[32;1m(INFO)[0m [Producer.APTS_0 ]RUN #525155732 is started.
[0m[1m[2023-12-29 15:57:58.807] [0m[31;1m(DEBUG)[0m [Producer.APTS_0 ]Read cmd 0x1103 returned 00000000450b0900
[0m[1m[2023-12-29 15:57:58.807] [0m[31;1m(DEBUG)[0m [Producer.APTS_0 ]Read cmd 0x1103 returned 00000000452b0900
[0m[1m[2023-12-29 15:58:08.812] [0m[31;1m(DEBUG)[0m [Producer.APTS_0 ]Read cmd 0x1103 returned 0000000045db0800
[0m[1m[2023-12-29 15:58:08.813] [0m[31;1m(DEBUG)[0m [Producer.APTS_0 ]Read cmd 0x1103 returned 0000000043db0800
[0m[1m[2023-12-29 15:58:18.836] [0m[31;1m(DEBUG)[0m [Producer.APTS_0 ]Read cmd 0x1103 returned 0000000045fb0800
[0m[1m[2023-12-29 15:58:18.836] [0m[31;1m(DEBUG)[0m [Producer.APTS_0 ]Read cmd 0x1103 returned 00000000474b0900
[0m[1m[2023-12-29 15:58:28.863] [0m[31;1m(DEBUG)[0m [Producer.APTS_0 ]Read cmd 0x1103 returned 0000000043db0800
[0m[1m[2023-12-29 15:58:28.864] [0m[31;1m(DEBUG)[0m [Producer.APTS_0 ]Read cmd 0x1103 returned 00000000444b0900
[0m[1m[2023-12-29 15:58:38.944] [0m[31;1m(DEBUG)[0m [Producer.APTS_0 ]Read cmd 0x1103 returned 00000000415b0900
[0m[1m[2023-12-29 15:58:38.944] [0m[31;1m(DEBUG)[0m [Producer.APTS_0 ]Read cmd 0x1103 returned 0000000045bb0800
[0m[1m[2023-12-29 15:58:49.010] [0m[31;1m(DEBUG)[0m [Producer.APTS_0 ]Read cmd 0x1103 returned 00000000441b0900
[0m[1m[2023-12-29 15:58:49.011] [0m[31;1m(DEBUG)[0m [Producer.APTS_0 ]Read cmd 0x1103 returned 0000000042fb0800
[0m[1m[2023-12-29 15:58:59.016] [0m[31;1m(DEBUG)[0m [Producer.APTS_0 ]Read cmd 0x1103 returned 0000000046cb0800
[0m[1m[2023-12-29 15:58:59.016] [0m[31;1m(DEBUG)[0m [Producer.APTS_0 ]Read cmd 0x1103 returned 00000000450b0900
[0m[1m[2023-12-29 15:59:09.086] [0m[31;1m(DEBUG)[0m [Producer.APTS_0 ]Read cmd 0x1103 returned 00000000441b0900
[0m[1m[2023-12-29 15:59:09.086] [0m[31;1m(DEBUG)[0m [Producer.APTS_0 ]Read cmd 0x1103 returned 00000000442b0900
[0m[1m[2023-12-29 15:59:19.112] [0m[31;1m(DEBUG)[0m [Producer.APTS_0 ]Read cmd 0x1103 returned 00000000420b0900
[0m[1m[2023-12-29 15:59:19.113] [0m[31;1m(DEBUG)[0m [Producer.APTS_0 ]Read cmd 0x1103 returned 00000000441b0900
[0m[1m[2023-12-29 15:59:29.192] [0m[31;1m(DEBUG)[0m [Producer.APTS_0 ]Read cmd 0x1103 returned 00000000403b0900
[0m[1m[2023-12-29 15:59:29.193] [0m[31;1m(DEBUG)[0m [Producer.APTS_0 ]Read cmd 0x1103 returned 000000003fcb0800
[0m[1m[2023-12-29 15:59:39.305] [0m[31;1m(DEBUG)[0m [Producer.APTS_0 ]Read cmd 0x1103 returned 00000000445b0900
[0m[1m[2023-12-29 15:59:39.306] [0m[31;1m(DEBUG)[0m [Producer.APTS_0 ]Read cmd 0x1103 returned 00000000451b0900
[0m[1m[2023-12-29 15:59:49.352] [0m[31;1m(DEBUG)[0m [Producer.APTS_0 ]Read cmd 0x1103 returned 00000000440b0900
[0m[1m[2023-12-29 15:59:49.352] [0m[31;1m(DEBUG)[0m [Producer.APTS_0 ]Read cmd 0x1103 returned 0000000044cb0800
[0m[1m[2023-12-29 15:59:59.438] [0m[31;1m(DEBUG)[0m [Producer.APTS_0 ]Read cmd 0x1103 returned 00000000453b0900
[0m[1m[2023-12-29 15:59:59.438] [0m[31;1m(DEBUG)[0m [Producer.APTS_0 ]Read cmd 0x1103 returned 00000000425b0900
[0m[1m[2023-12-29 16:00:09.462] [0m[31;1m(DEBUG)[0m [Producer.APTS_0 ]Read cmd 0x1103 returned 00000000421b0900
[0m[1m[2023-12-29 16:00:09.462] [0m[31;1m(DEBUG)[0m [Producer.APTS_0 ]Read cmd 0x1103 returned 00000000420b0900
[0m[1m[2023-12-29 16:00:19.472] [0m[31;1m(DEBUG)[0m [Producer.APTS_0 ]Read cmd 0x1103 returned 0000000044fb0800
[0m[1m[2023-12-29 16:00:19.472] [0m[31;1m(DEBUG)[0m [Producer.APTS_0 ]Read cmd 0x1103 returned 0000000042fb0800
[0m[1m[2023-12-29 16:00:29.551] [0m[31;1m(DEBUG)[0m [Producer.APTS_0 ]Read cmd 0x1103 returned 00000000420b0900
[0m[1m[2023-12-29 16:00:29.551] [0m[31;1m(DEBUG)[0m [Producer.APTS_0 ]Read cmd 0x1103 returned 000000003ffb0800
[0m[1m[2023-12-29 16:00:39.572] [0m[31;1m(DEBUG)[0m [Producer.APTS_0 ]Read cmd 0x1103 returned 0000000041bb0800
[0m[1m[2023-12-29 16:00:39.572] [0m[31;1m(DEBUG)[0m [Producer.APTS_0 ]Read cmd 0x1103 returned 000000003f5b0900
[0m[1m[2023-12-29 16:00:49.617] [0m[31;1m(DEBUG)[0m [Producer.APTS_0 ]Read cmd 0x1103 returned 00000000415b0900
[0m[1m[2023-12-29 16:00:49.617] [0m[31;1m(DEBUG)[0m [Producer.APTS_0 ]Read cmd 0x1103 returned 000000003feb0800
[0m[1m[2023-12-29 16:00:59.689] [0m[31;1m(DEBUG)[0m [Producer.APTS_0 ]Read cmd 0x1103 returned 000000003f1b0900
[0m[1m[2023-12-29 16:00:59.690] [0m[31;1m(DEBUG)[0m [Producer.APTS_0 ]Read cmd 0x1103 returned 000000003f4b0900
[0m[1m[2023-12-29 16:01:09.760] [0m[31;1m(DEBUG)[0m [Producer.APTS_0 ]Read cmd 0x1103 returned 0000000041eb0800
[0m[1m[2023-12-29 16:01:09.761] [0m[31;1m(DEBUG)[0m [Producer.APTS_0 ]Read cmd 0x1103 returned 0000000046cb0800
[0m[1m[2023-12-29 16:01:19.844] [0m[31;1m(DEBUG)[0m [Producer.APTS_0 ]Read cmd 0x1103 returned 0000000042eb0800
[0m[1m[2023-12-29 16:01:19.844] [0m[31;1m(DEBUG)[0m [Producer.APTS_0 ]Read cmd 0x1103 returned 000000003efb0800
[0m[1m[2023-12-29 16:01:29.915] [0m[31;1m(DEBUG)[0m [Producer.APTS_0 ]Read cmd 0x1103 returned 0000000043fb0800
[0m[1m[2023-12-29 16:01:29.915] [0m[31;1m(DEBUG)[0m [Producer.APTS_0 ]Read cmd 0x1103 returned 00000000428b0800
[0m[1m[2023-12-29 16:01:40.011] [0m[31;1m(DEBUG)[0m [Producer.APTS_0 ]Read cmd 0x1103 returned 00000000440b0900
[0m[1m[2023-12-29 16:01:40.012] [0m[31;1m(DEBUG)[0m [Producer.APTS_0 ]Read cmd 0x1103 returned 0000000041eb0800
[0m[1m[2023-12-29 16:01:50.016] [0m[31;1m(DEBUG)[0m [Producer.APTS_0 ]Read cmd 0x1103 returned 00000000434b0900
[0m[1m[2023-12-29 16:01:50.017] [0m[31;1m(DEBUG)[0m [Producer.APTS_0 ]Read cmd 0x1103 returned 00000000420b0900
[0m[1m[2023-12-29 16:02:00.017] [0m[31;1m(DEBUG)[0m [Producer.APTS_0 ]Read cmd 0x1103 returned 00000000407b0900
[0m[1m[2023-12-29 16:02:00.018] [0m[31;1m(DEBUG)[0m [Producer.APTS_0 ]Read cmd 0x1103 returned 00000000468b0900
[0m[1m[2023-12-29 16:02:10.033] [0m[31;1m(DEBUG)[0m [Producer.APTS_0 ]Read cmd 0x1103 returned 0000000044cb0800
[0m[1m[2023-12-29 16:02:10.033] [0m[31;1m(DEBUG)[0m [Producer.APTS_0 ]Read cmd 0x1103 returned 00000000405b0900
[0m[1m[2023-12-29 16:02:20.062] [0m[31;1m(DEBUG)[0m [Producer.APTS_0 ]Read cmd 0x1103 returned 00000000433b0900
[0m[1m[2023-12-29 16:02:20.062] [0m[31;1m(DEBUG)[0m [Producer.APTS_0 ]Read cmd 0x1103 returned 0000000040fb0800
[0m[1m[2023-12-29 16:02:30.099] [0m[31;1m(DEBUG)[0m [Producer.APTS_0 ]Read cmd 0x1103 returned 0000000041cb0800
[0m[1m[2023-12-29 16:02:30.099] [0m[31;1m(DEBUG)[0m [Producer.APTS_0 ]Read cmd 0x1103 returned 000000003fcb0800
[0m[1m[2023-12-29 16:02:40.149] [0m[31;1m(DEBUG)[0m [Producer.APTS_0 ]Read cmd 0x1103 returned 00000000427b0900
[0m[1m[2023-12-29 16:02:40.150] [0m[31;1m(DEBUG)[0m [Producer.APTS_0 ]Read cmd 0x1103 returned 000000003f5b0900
[0m[1m[2023-12-29 16:02:50.237] [0m[31;1m(DEBUG)[0m [Producer.APTS_0 ]Read cmd 0x1103 returned 0000000041fb0800
[0m[1m[2023-12-29 16:02:50.238] [0m[31;1m(DEBUG)[0m [Producer.APTS_0 ]Read cmd 0x1103 returned 000000003fdb0800
[0m[1m[2023-12-29 16:03:00.262] [0m[31;1m(DEBUG)[0m [Producer.APTS_0 ]Read cmd 0x1103 returned 0000000043fb0800
[0m[1m[2023-12-29 16:03:00.262] [0m[31;1m(DEBUG)[0m [Producer.APTS_0 ]Read cmd 0x1103 returned 00000000464b0900
[0m[1m[2023-12-29 16:03:10.305] [0m[31;1m(DEBUG)[0m [Producer.APTS_0 ]Read cmd 0x1103 returned 000000003efb0800
[0m[1m[2023-12-29 16:03:10.306] [0m[31;1m(DEBUG)[0m [Producer.APTS_0 ]Read cmd 0x1103 returned 000000003efb0800
[0m[1m[2023-12-29 16:03:20.337] [0m[31;1m(DEBUG)[0m [Producer.APTS_0 ]Read cmd 0x1103 returned 000000003feb0800
[0m[1m[2023-12-29 16:03:20.337] [0m[31;1m(DEBUG)[0m [Producer.APTS_0 ]Read cmd 0x1103 returned 0000000040db0800
[0m[1m[2023-12-29 16:03:30.365] [0m[31;1m(DEBUG)[0m [Producer.APTS_0 ]Read cmd 0x1103 returned 0000000041eb0800
[0m[1m[2023-12-29 16:03:30.366] [0m[31;1m(DEBUG)[0m [Producer.APTS_0 ]Read cmd 0x1103 returned 000000003ecb0800
[0m[1m[2023-12-29 16:03:40.366] [0m[31;1m(DEBUG)[0m [Producer.APTS_0 ]Read cmd 0x1103 returned 00000000423b0900
[0m[1m[2023-12-29 16:03:40.366] [0m[31;1m(DEBUG)[0m [Producer.APTS_0 ]Read cmd 0x1103 returned 000000003f0b0900
[0m[1m[2023-12-29 16:03:50.457] [0m[31;1m(DEBUG)[0m [Producer.APTS_0 ]Read cmd 0x1103 returned 000000003edb0800
[0m[1m[2023-12-29 16:03:50.457] [0m[31;1m(DEBUG)[0m [Producer.APTS_0 ]Read cmd 0x1103 returned 00000000411b0900
[0m[1m[2023-12-29 16:04:00.472] [0m[31;1m(DEBUG)[0m [Producer.APTS_0 ]Read cmd 0x1103 returned 0000000042eb0800
[0m[1m[2023-12-29 16:04:00.472] [0m[31;1m(DEBUG)[0m [Producer.APTS_0 ]Read cmd 0x1103 returned 000000003f1b0900
[0m[1m[2023-12-29 16:04:10.474] [0m[31;1m(DEBUG)[0m [Producer.APTS_0 ]Read cmd 0x1103 returned 00000000418b0900
[0m[1m[2023-12-29 16:04:10.474] [0m[31;1m(DEBUG)[0m [Producer.APTS_0 ]Read cmd 0x1103 returned 0000000041fb0800
[0m[1m[2023-12-29 16:04:20.508] [0m[31;1m(DEBUG)[0m [Producer.APTS_0 ]Read cmd 0x1103 returned 000000003e2b0900
[0m[1m[2023-12-29 16:04:20.508] [0m[31;1m(DEBUG)[0m [Producer.APTS_0 ]Read cmd 0x1103 returned 000000003e0b0900
[0m[1m[2023-12-29 16:04:30.560] [0m[31;1m(DEBUG)[0m [Producer.APTS_0 ]Read cmd 0x1103 returned 000000003f2b0900
[0m[1m[2023-12-29 16:04:30.561] [0m[31;1m(DEBUG)[0m [Producer.APTS_0 ]Read cmd 0x1103 returned 000000003fbb0800
[0m[1m[2023-12-29 16:04:40.645] [0m[31;1m(DEBUG)[0m [Producer.APTS_0 ]Read cmd 0x1103 returned 000000003dab0800
[0m[1m[2023-12-29 16:04:40.645] [0m[31;1m(DEBUG)[0m [Producer.APTS_0 ]Read cmd 0x1103 returned 00000000414b0900
[0m[1m[2023-12-29 16:04:50.702] [0m[31;1m(DEBUG)[0m [Producer.APTS_0 ]Read cmd 0x1103 returned 000000003d0b0900
[0m[1m[2023-12-29 16:04:50.702] [0m[31;1m(DEBUG)[0m [Producer.APTS_0 ]Read cmd 0x1103 returned 000000003fdb0800
[0m[1m[2023-12-29 16:05:00.706] [0m[31;1m(DEBUG)[0m [Producer.APTS_0 ]Read cmd 0x1103 returned 000000003edb0800
[0m[1m[2023-12-29 16:05:00.707] [0m[31;1m(DEBUG)[0m [Producer.APTS_0 ]Read cmd 0x1103 returned 000000003d1b0900
[0m[1m[2023-12-29 16:05:10.787] [0m[31;1m(DEBUG)[0m [Producer.APTS_0 ]Read cmd 0x1103 returned 000000003e3b0900
[0m[1m[2023-12-29 16:05:10.788] [0m[31;1m(DEBUG)[0m [Producer.APTS_0 ]Read cmd 0x1103 returned 000000003e0b0900
[0m[1m[2023-12-29 16:05:20.846] [0m[31;1m(DEBUG)[0m [Producer.APTS_0 ]Read cmd 0x1103 returned 000000003f9b0800
[0m[1m[2023-12-29 16:05:20.846] [0m[31;1m(DEBUG)[0m [Producer.APTS_0 ]Read cmd 0x1103 returned 000000003feb0800
[0m[1m[2023-12-29 16:05:30.865] [0m[31;1m(DEBUG)[0m [Producer.APTS_0 ]Read cmd 0x1103 returned 000000003deb0800
[0m[1m[2023-12-29 16:05:30.866] [0m[31;1m(DEBUG)[0m [Producer.APTS_0 ]Read cmd 0x1103 returned 000000003ffb0800
[0m[1m[2023-12-29 16:05:40.957] [0m[31;1m(DEBUG)[0m [Producer.APTS_0 ]Read cmd 0x1103 returned 000000003efb0800
[0m[1m[2023-12-29 16:05:40.958] [0m[31;1m(DEBUG)[0m [Producer.APTS_0 ]Read cmd 0x1103 returned 000000003fcb0800
[0m[1m[2023-12-29 16:05:50.986] [0m[31;1m(DEBUG)[0m [Producer.APTS_0 ]Read cmd 0x1103 returned 000000003f6b0900
[0m[1m[2023-12-29 16:05:50.986] [0m[31;1m(DEBUG)[0m [Producer.APTS_0 ]Read cmd 0x1103 returned 000000003c0b0900
[0m[1m[2023-12-29 16:06:01.002] [0m[31;1m(DEBUG)[0m [Producer.APTS_0 ]Read cmd 0x1103 returned 00000000441b0900
[0m[1m[2023-12-29 16:06:01.003] [0m[31;1m(DEBUG)[0m [Producer.APTS_0 ]Read cmd 0x1103 returned 000000003e1b0900
[0m[1m[2023-12-29 16:06:11.072] [0m[31;1m(DEBUG)[0m [Producer.APTS_0 ]Read cmd 0x1103 returned 000000003ebb0800
[0m[1m[2023-12-29 16:06:11.072] [0m[31;1m(DEBUG)[0m [Producer.APTS_0 ]Read cmd 0x1103 returned 000000003c4b0900
[0m[1m[2023-12-29 16:06:21.168] [0m[31;1m(DEBUG)[0m [Producer.APTS_0 ]Read cmd 0x1103 returned 000000003e1b0900
[0m[1m[2023-12-29 16:06:21.169] [0m[31;1m(DEBUG)[0m [Producer.APTS_0 ]Read cmd 0x1103 returned 000000003f3b0900
[0m[1m[2023-12-29 16:06:31.206] [0m[31;1m(DEBUG)[0m [Producer.APTS_0 ]Read cmd 0x1103 returned 000000003b8b0800
[0m[1m[2023-12-29 16:06:31.207] [0m[31;1m(DEBUG)[0m [Producer.APTS_0 ]Read cmd 0x1103 returned 0000000040eb0800
[0m[1m[2023-12-29 16:06:41.215] [0m[31;1m(DEBUG)[0m [Producer.APTS_0 ]Read cmd 0x1103 returned 000000003b1b0900
[0m[1m[2023-12-29 16:06:41.215] [0m[31;1m(DEBUG)[0m [Producer.APTS_0 ]Read cmd 0x1103 returned 000000003f5b0900
[0m[1m[2023-12-29 16:06:51.300] [0m[31;1m(DEBUG)[0m [Producer.APTS_0 ]Read cmd 0x1103 returned 00000000400b0900
[0m[1m[2023-12-29 16:06:51.301] [0m[31;1m(DEBUG)[0m [Producer.APTS_0 ]Read cmd 0x1103 returned 000000003f6b0900
[0m[1m[2023-12-29 16:07:01.304] [0m[31;1m(DEBUG)[0m [Producer.APTS_0 ]Read cmd 0x1103 returned 000000003deb0800
[0m[1m[2023-12-29 16:07:01.305] [0m[31;1m(DEBUG)[0m [Producer.APTS_0 ]Read cmd 0x1103 returned 000000003e1b0900
[0m[1m[2023-12-29 16:07:11.375] [0m[31;1m(DEBUG)[0m [Producer.APTS_0 ]Read cmd 0x1103 returned 000000003aeb0800
[0m[1m[2023-12-29 16:07:11.376] [0m[31;1m(DEBUG)[0m [Producer.APTS_0 ]Read cmd 0x1103 returned 000000003bfb0800
[0m[1m[2023-12-29 16:07:21.417] [0m[31;1m(DEBUG)[0m [Producer.APTS_0 ]Read cmd 0x1103 returned 000000003fab0800
[0m[1m[2023-12-29 16:07:21.417] [0m[31;1m(DEBUG)[0m [Producer.APTS_0 ]Read cmd 0x1103 returned 000000003f0b0900
[0m[1m[2023-12-29 16:07:31.490] [0m[31;1m(DEBUG)[0m [Producer.APTS_0 ]Read cmd 0x1103 returned 000000003c6b0900
[0m[1m[2023-12-29 16:07:31.490] [0m[31;1m(DEBUG)[0m [Producer.APTS_0 ]Read cmd 0x1103 returned 000000003afb0800
[0m[1m[2023-12-29 16:07:41.586] [0m[31;1m(DEBUG)[0m [Producer.APTS_0 ]Read cmd 0x1103 returned 000000003ceb0800
[0m[1m[2023-12-29 16:07:41.587] [0m[31;1m(DEBUG)[0m [Producer.APTS_0 ]Read cmd 0x1103 returned 000000003d8b0800
[0m[1m[2023-12-29 16:07:51.641] [0m[31;1m(DEBUG)[0m [Producer.APTS_0 ]Read cmd 0x1103 returned 000000003c2b0900
[0m[1m[2023-12-29 16:07:51.642] [0m[31;1m(DEBUG)[0m [Producer.APTS_0 ]Read cmd 0x1103 returned 000000003dcb0800
[0m[1m[2023-12-29 16:08:01.817] [0m[31;1m(DEBUG)[0m [Producer.APTS_0 ]Read cmd 0x1103 returned 000000003f4b0900
[0m[1m[2023-12-29 16:08:01.818] [0m[31;1m(DEBUG)[0m [Producer.APTS_0 ]Read cmd 0x1103 returned 000000003ccb0800
[0m[1m[2023-12-29 16:08:11.839] [0m[31;1m(DEBUG)[0m [Producer.APTS_0 ]Read cmd 0x1103 returned 000000003bfb0800
[0m[1m[2023-12-29 16:08:11.840] [0m[31;1m(DEBUG)[0m [Producer.APTS_0 ]Read cmd 0x1103 returned 000000003bfb0800
[0m[1m[2023-12-29 16:08:21.909] [0m[31;1m(DEBUG)[0m [Producer.APTS_0 ]Read cmd 0x1103 returned 000000003fab0800
[0m[1m[2023-12-29 16:08:21.910] [0m[31;1m(DEBUG)[0m [Producer.APTS_0 ]Read cmd 0x1103 returned 000000003bab0800
[0m[1m[2023-12-29 16:08:31.933] [0m[31;1m(DEBUG)[0m [Producer.APTS_0 ]Read cmd 0x1103 returned 000000003e0b0900
[0m[1m[2023-12-29 16:08:31.934] [0m[31;1m(DEBUG)[0m [Producer.APTS_0 ]Read cmd 0x1103 returned 000000003e1b0900
[0m[1m[2023-12-29 16:08:42.002] [0m[31;1m(DEBUG)[0m [Producer.APTS_0 ]Read cmd 0x1103 returned 000000003bfb0800
[0m[1m[2023-12-29 16:08:42.002] [0m[31;1m(DEBUG)[0m [Producer.APTS_0 ]Read cmd 0x1103 returned 000000003cdb0800
[0m[1m[2023-12-29 16:08:52.048] [0m[31;1m(DEBUG)[0m [Producer.APTS_0 ]Read cmd 0x1103 returned 000000003d9b0900
[0m[1m[2023-12-29 16:08:52.048] [0m[31;1m(DEBUG)[0m [Producer.APTS_0 ]Read cmd 0x1103 returned 00000000402b0900
[0m[1m[2023-12-29 16:09:02.133] [0m[31;1m(DEBUG)[0m [Producer.APTS_0 ]Read cmd 0x1103 returned 000000003c2b0900
[0m[1m[2023-12-29 16:09:02.133] [0m[31;1m(DEBUG)[0m [Producer.APTS_0 ]Read cmd 0x1103 returned 00000000385b0900
[0m[1m[2023-12-29 16:09:12.186] [0m[31;1m(DEBUG)[0m [Producer.APTS_0 ]Read cmd 0x1103 returned 00000000393b0900
[0m[1m[2023-12-29 16:09:12.187] [0m[31;1m(DEBUG)[0m [Producer.APTS_0 ]Read cmd 0x1103 returned 000000003cdb0800
[0m[1m[2023-12-29 16:09:22.285] [0m[31;1m(DEBUG)[0m [Producer.APTS_0 ]Read cmd 0x1103 returned 000000003dcb0800
[0m[1m[2023-12-29 16:09:22.285] [0m[31;1m(DEBUG)[0m [Producer.APTS_0 ]Read cmd 0x1103 returned 000000003cbb0800
[0m[1m[2023-12-29 16:09:32.294] [0m[31;1m(DEBUG)[0m [Producer.APTS_0 ]Read cmd 0x1103 returned 000000003edb0800
[0m[1m[2023-12-29 16:09:32.295] [0m[31;1m(DEBUG)[0m [Producer.APTS_0 ]Read cmd 0x1103 returned 0000000040ab0800
[0m[1m[2023-12-29 16:09:42.297] [0m[31;1m(DEBUG)[0m [Producer.APTS_0 ]Read cmd 0x1103 returned 000000003deb0800
[0m[1m[2023-12-29 16:09:42.297] [0m[31;1m(DEBUG)[0m [Producer.APTS_0 ]Read cmd 0x1103 returned 000000003c0b0900
[0m[1m[2023-12-29 16:09:52.297] [0m[31;1m(DEBUG)[0m [Producer.APTS_0 ]Read cmd 0x1103 returned 000000003f3b0900
[0m[1m[2023-12-29 16:09:52.298] [0m[31;1m(DEBUG)[0m [Producer.APTS_0 ]Read cmd 0x1103 returned 00000000404b0900
[0m[1m[2023-12-29 16:10:02.362] [0m[31;1m(DEBUG)[0m [Producer.APTS_0 ]Read cmd 0x1103 returned 000000003bdb0800
[0m[1m[2023-12-29 16:10:02.363] [0m[31;1m(DEBUG)[0m [Producer.APTS_0 ]Read cmd 0x1103 returned 000000003dfb0800
[0m[1m[2023-12-29 16:10:12.427] [0m[31;1m(DEBUG)[0m [Producer.APTS_0 ]Read cmd 0x1103 returned 000000003afb0800
[0m[1m[2023-12-29 16:10:12.427] [0m[31;1m(DEBUG)[0m [Producer.APTS_0 ]Read cmd 0x1103 returned 000000003d3b0900
[0m[1m[2023-12-29 16:10:22.480] [0m[31;1m(DEBUG)[0m [Producer.APTS_0 ]Read cmd 0x1103 returned 000000003cab0800
[0m[1m[2023-12-29 16:10:22.480] [0m[31;1m(DEBUG)[0m [Producer.APTS_0 ]Read cmd 0x1103 returned 000000003a0b0900
[0m[1m[2023-12-29 16:10:32.507] [0m[31;1m(DEBUG)[0m [Producer.APTS_0 ]Read cmd 0x1103 returned 000000003d4b0900
[0m[1m[2023-12-29 16:10:32.507] [0m[31;1m(DEBUG)[0m [Producer.APTS_0 ]Read cmd 0x1103 returned 000000003f1b0900
[0m[1m[2023-12-29 16:10:42.587] [0m[31;1m(DEBUG)[0m [Producer.APTS_0 ]Read cmd 0x1103 returned 0000000038eb0800
[0m[1m[2023-12-29 16:10:42.588] [0m[31;1m(DEBUG)[0m [Producer.APTS_0 ]Read cmd 0x1103 returned 000000003a1b0900
[0m[1m[2023-12-29 16:10:52.673] [0m[31;1m(DEBUG)[0m [Producer.APTS_0 ]Read cmd 0x1103 returned 000000003cdb0800
[0m[1m[2023-12-29 16:10:52.673] [0m[31;1m(DEBUG)[0m [Producer.APTS_0 ]Read cmd 0x1103 returned 0000000040fb0800
[0m[1m[2023-12-29 16:11:02.682] [0m[31;1m(DEBUG)[0m [Producer.APTS_0 ]Read cmd 0x1103 returned 000000003c1b0900
[0m[1m[2023-12-29 16:11:02.682] [0m[31;1m(DEBUG)[0m [Producer.APTS_0 ]Read cmd 0x1103 returned 000000003f1b0900
[0m[1m[2023-12-29 16:11:12.700] [0m[31;1m(DEBUG)[0m [Producer.APTS_0 ]Read cmd 0x1103 returned 000000003afb0800
[0m[1m[2023-12-29 16:11:12.700] [0m[31;1m(DEBUG)[0m [Producer.APTS_0 ]Read cmd 0x1103 returned 00000000408b0800
[0m[1m[2023-12-29 16:11:22.799] [0m[31;1m(DEBUG)[0m [Producer.APTS_0 ]Read cmd 0x1103 returned 000000003ddb0800
[0m[1m[2023-12-29 16:11:22.800] [0m[31;1m(DEBUG)[0m [Producer.APTS_0 ]Read cmd 0x1103 returned 000000003c5b0800
[0m[1m[2023-12-29 16:11:32.808] [0m[31;1m(DEBUG)[0m [Producer.APTS_0 ]Read cmd 0x1103 returned 000000003b0b0900
[0m[1m[2023-12-29 16:11:32.809] [0m[31;1m(DEBUG)[0m [Producer.APTS_0 ]Read cmd 0x1103 returned 000000003d2b0900
[0m[1m[2023-12-29 16:11:42.838] [0m[31;1m(DEBUG)[0m [Producer.APTS_0 ]Read cmd 0x1103 returned 000000003e5b0900
[0m[1m[2023-12-29 16:11:42.838] [0m[31;1m(DEBUG)[0m [Producer.APTS_0 ]Read cmd 0x1103 returned 000000003cfb0800
[0m[1m[2023-12-29 16:11:52.900] [0m[31;1m(DEBUG)[0m [Producer.APTS_0 ]Read cmd 0x1103 returned 000000003bfb0800
[0m[1m[2023-12-29 16:11:52.901] [0m[31;1m(DEBUG)[0m [Producer.APTS_0 ]Read cmd 0x1103 returned 000000003c9b0900
[0m[1m[2023-12-29 16:12:02.942] [0m[31;1m(DEBUG)[0m [Producer.APTS_0 ]Read cmd 0x1103 returned 000000003d8b0800
[0m[1m[2023-12-29 16:12:02.942] [0m[31;1m(DEBUG)[0m [Producer.APTS_0 ]Read cmd 0x1103 returned 000000003e3b0900
[0m[1m[2023-12-29 16:12:13.003] [0m[31;1m(DEBUG)[0m [Producer.APTS_0 ]Read cmd 0x1103 returned 000000003d1b0900
[0m[1m[2023-12-29 16:12:13.004] [0m[31;1m(DEBUG)[0m [Producer.APTS_0 ]Read cmd 0x1103 returned 000000003f9b0800
[0m[1m[2023-12-29 16:12:23.028] [0m[31;1m(DEBUG)[0m [Producer.APTS_0 ]Read cmd 0x1103 returned 000000003f0b0900
[0m[1m[2023-12-29 16:12:23.029] [0m[31;1m(DEBUG)[0m [Producer.APTS_0 ]Read cmd 0x1103 returned 000000003adb0800
[0m[1m[2023-12-29 16:12:33.093] [0m[31;1m(DEBUG)[0m [Producer.APTS_0 ]Read cmd 0x1103 returned 000000003b8b0800
[0m[1m[2023-12-29 16:12:33.093] [0m[31;1m(DEBUG)[0m [Producer.APTS_0 ]Read cmd 0x1103 returned 0000000042eb0800
[0m[1m[2023-12-29 16:12:43.098] [0m[31;1m(DEBUG)[0m [Producer.APTS_0 ]Read cmd 0x1103 returned 000000003c0b0900
[0m[1m[2023-12-29 16:12:43.098] [0m[31;1m(DEBUG)[0m [Producer.APTS_0 ]Read cmd 0x1103 returned 00000000401b0900
[0m[1m[2023-12-29 16:12:53.119] [0m[31;1m(DEBUG)[0m [Producer.APTS_0 ]Read cmd 0x1103 returned 000000003cab0800
[0m[1m[2023-12-29 16:12:53.120] [0m[31;1m(DEBUG)[0m [Producer.APTS_0 ]Read cmd 0x1103 returned 000000003ccb0800
[0m[1m[2023-12-29 16:13:03.177] [0m[31;1m(DEBUG)[0m [Producer.APTS_0 ]Read cmd 0x1103 returned 000000003d2b0900
[0m[1m[2023-12-29 16:13:03.178] [0m[31;1m(DEBUG)[0m [Producer.APTS_0 ]Read cmd 0x1103 returned 000000003efb0800
[0m[1m[2023-12-29 16:13:13.332] [0m[31;1m(DEBUG)[0m [Producer.APTS_0 ]Read cmd 0x1103 returned 000000003c1b0900
[0m[1m[2023-12-29 16:13:13.333] [0m[31;1m(DEBUG)[0m [Producer.APTS_0 ]Read cmd 0x1103 returned 00000000390b0900
[0m[1m[2023-12-29 16:13:23.478] [0m[31;1m(DEBUG)[0m [Producer.APTS_0 ]Read cmd 0x1103 returned 000000003cfb0800
[0m[1m[2023-12-29 16:13:23.479] [0m[31;1m(DEBUG)[0m [Producer.APTS_0 ]Read cmd 0x1103 returned 000000003efb0800
[0m[1m[2023-12-29 16:13:33.554] [0m[31;1m(DEBUG)[0m [Producer.APTS_0 ]Read cmd 0x1103 returned 000000003cdb0800
[0m[1m[2023-12-29 16:13:33.555] [0m[31;1m(DEBUG)[0m [Producer.APTS_0 ]Read cmd 0x1103 returned 00000000404b0900
[0m[1m[2023-12-29 16:13:43.585] [0m[31;1m(DEBUG)[0m [Producer.APTS_0 ]Read cmd 0x1103 returned 000000003f2b0900
[0m[1m[2023-12-29 16:13:43.586] [0m[31;1m(DEBUG)[0m [Producer.APTS_0 ]Read cmd 0x1103 returned 000000003e9b0800
[0m[1m[2023-12-29 16:13:53.668] [0m[31;1m(DEBUG)[0m [Producer.APTS_0 ]Read cmd 0x1103 returned 000000003bdb0800
[0m[1m[2023-12-29 16:13:53.668] [0m[31;1m(DEBUG)[0m [Producer.APTS_0 ]Read cmd 0x1103 returned 000000003a3b0900
[0m[1m[2023-12-29 16:14:03.682] [0m[31;1m(DEBUG)[0m [Producer.APTS_0 ]Read cmd 0x1103 returned 000000003ccb0800
[0m[1m[2023-12-29 16:14:03.682] [0m[31;1m(DEBUG)[0m [Producer.APTS_0 ]Read cmd 0x1103 returned 000000003c2b0900
[0m[1m[2023-12-29 16:14:13.825] [0m[31;1m(DEBUG)[0m [Producer.APTS_0 ]Read cmd 0x1103 returned 000000003efb0800
[0m[1m[2023-12-29 16:14:13.826] [0m[31;1m(DEBUG)[0m [Producer.APTS_0 ]Read cmd 0x1103 returned 000000003d2b0900
[0m[1m[2023-12-29 16:14:23.899] [0m[31;1m(DEBUG)[0m [Producer.APTS_0 ]Read cmd 0x1103 returned 000000003bcb0800
[0m[1m[2023-12-29 16:14:23.899] [0m[31;1m(DEBUG)[0m [Producer.APTS_0 ]Read cmd 0x1103 returned 000000003ddb0800
[0m[1m[2023-12-29 16:14:33.928] [0m[31;1m(DEBUG)[0m [Producer.APTS_0 ]Read cmd 0x1103 returned 000000003aab0800
[0m[1m[2023-12-29 16:14:33.928] [0m[31;1m(DEBUG)[0m [Producer.APTS_0 ]Read cmd 0x1103 returned 0000000039eb0800
[0m[1m[2023-12-29 16:14:43.998] [0m[31;1m(DEBUG)[0m [Producer.APTS_0 ]Read cmd 0x1103 returned 000000003bdb0800
[0m[1m[2023-12-29 16:14:43.998] [0m[31;1m(DEBUG)[0m [Producer.APTS_0 ]Read cmd 0x1103 returned 000000003ecb0800
[0m[1m[2023-12-29 16:14:54.073] [0m[31;1m(DEBUG)[0m [Producer.APTS_0 ]Read cmd 0x1103 returned 000000003c0b0900
[0m[1m[2023-12-29 16:14:54.074] [0m[31;1m(DEBUG)[0m [Producer.APTS_0 ]Read cmd 0x1103 returned 000000003d8b0800
[0m[1m[2023-12-29 16:15:04.165] [0m[31;1m(DEBUG)[0m [Producer.APTS_0 ]Read cmd 0x1103 returned 000000003cfb0800
[0m[1m[2023-12-29 16:15:04.165] [0m[31;1m(DEBUG)[0m [Producer.APTS_0 ]Read cmd 0x1103 returned 000000003ceb0800
[0m[1m[2023-12-29 16:15:14.201] [0m[31;1m(DEBUG)[0m [Producer.APTS_0 ]Read cmd 0x1103 returned 000000003ccb0800
[0m[1m[2023-12-29 16:15:14.201] [0m[31;1m(DEBUG)[0m [Producer.APTS_0 ]Read cmd 0x1103 returned 000000003cfb0800
[0m[1m[2023-12-29 16:15:24.237] [0m[31;1m(DEBUG)[0m [Producer.APTS_0 ]Read cmd 0x1103 returned 00000000382b0900
[0m[1m[2023-12-29 16:15:24.238] [0m[31;1m(DEBUG)[0m [Producer.APTS_0 ]Read cmd 0x1103 returned 0000000039cb0800
[0m[1m[2023-12-29 16:15:34.272] [0m[31;1m(DEBUG)[0m [Producer.APTS_0 ]Read cmd 0x1103 returned 000000003b5b0900
[0m[1m[2023-12-29 16:15:34.272] [0m[31;1m(DEBUG)[0m [Producer.APTS_0 ]Read cmd 0x1103 returned 000000003d1b0900
[0m[1m[2023-12-29 16:15:44.369] [0m[31;1m(DEBUG)[0m [Producer.APTS_0 ]Read cmd 0x1103 returned 000000003d2b0900
[0m[1m[2023-12-29 16:15:44.369] [0m[31;1m(DEBUG)[0m [Producer.APTS_0 ]Read cmd 0x1103 returned 000000003deb0800
[0m[1m[2023-12-29 16:15:54.423] [0m[31;1m(DEBUG)[0m [Producer.APTS_0 ]Read cmd 0x1103 returned 000000003efb0800
[0m[1m[2023-12-29 16:15:54.423] [0m[31;1m(DEBUG)[0m [Producer.APTS_0 ]Read cmd 0x1103 returned 000000003c6b0900
[0m[1m[2023-12-29 16:16:04.442] [0m[31;1m(DEBUG)[0m [Producer.APTS_0 ]Read cmd 0x1103 returned 000000003cfb0800
[0m[1m[2023-12-29 16:16:04.443] [0m[31;1m(DEBUG)[0m [Producer.APTS_0 ]Read cmd 0x1103 returned 000000003d8b0800
[0m[1m[2023-12-29 16:16:14.524] [0m[31;1m(DEBUG)[0m [Producer.APTS_0 ]Read cmd 0x1103 returned 000000003ffb0800
[0m[1m[2023-12-29 16:16:14.525] [0m[31;1m(DEBUG)[0m [Producer.APTS_0 ]Read cmd 0x1103 returned 000000003d5b0900
[0m[1m[2023-12-29 16:16:24.604] [0m[31;1m(DEBUG)[0m [Producer.APTS_0 ]Read cmd 0x1103 returned 000000003aeb0800
[0m[1m[2023-12-29 16:16:24.605] [0m[31;1m(DEBUG)[0m [Producer.APTS_0 ]Read cmd 0x1103 returned 000000003c1b0900
[0m[1m[2023-12-29 16:16:34.643] [0m[31;1m(DEBUG)[0m [Producer.APTS_0 ]Read cmd 0x1103 returned 000000003c0b0900
[0m[1m[2023-12-29 16:16:34.644] [0m[31;1m(DEBUG)[0m [Producer.APTS_0 ]Read cmd 0x1103 returned 000000003ddb0800
[0m[1m[2023-12-29 16:16:44.720] [0m[31;1m(DEBUG)[0m [Producer.APTS_0 ]Read cmd 0x1103 returned 0000000039bb0800
[0m[1m[2023-12-29 16:16:44.720] [0m[31;1m(DEBUG)[0m [Producer.APTS_0 ]Read cmd 0x1103 returned 000000003ffb0800
[0m[1m[2023-12-29 16:16:54.773] [0m[31;1m(DEBUG)[0m [Producer.APTS_0 ]Read cmd 0x1103 returned 00000000396b0900
[0m[1m[2023-12-29 16:16:54.774] [0m[31;1m(DEBUG)[0m [Producer.APTS_0 ]Read cmd 0x1103 returned 000000003ceb0800
[0m[1m[2023-12-29 16:17:04.784] [0m[31;1m(DEBUG)[0m [Producer.APTS_0 ]Read cmd 0x1103 returned 000000003aeb0800
[0m[1m[2023-12-29 16:17:04.784] [0m[31;1m(DEBUG)[0m [Producer.APTS_0 ]Read cmd 0x1103 returned 000000003f1b0900
[0m[1m[2023-12-29 16:17:14.793] [0m[31;1m(DEBUG)[0m [Producer.APTS_0 ]Read cmd 0x1103 returned 000000003f3b0900
[0m[1m[2023-12-29 16:17:14.794] [0m[31;1m(DEBUG)[0m [Producer.APTS_0 ]Read cmd 0x1103 returned 000000003e0b0900
[0m[1m[2023-12-29 16:17:24.875] [0m[31;1m(DEBUG)[0m [Producer.APTS_0 ]Read cmd 0x1103 returned 000000003cdb0800
[0m[1m[2023-12-29 16:17:24.875] [0m[31;1m(DEBUG)[0m [Producer.APTS_0 ]Read cmd 0x1103 returned 000000003dcb0800
[0m[1m[2023-12-29 16:17:34.963] [0m[31;1m(DEBUG)[0m [Producer.APTS_0 ]Read cmd 0x1103 returned 000000003efb0800
[0m[1m[2023-12-29 16:17:34.964] [0m[31;1m(DEBUG)[0m [Producer.APTS_0 ]Read cmd 0x1103 returned 000000003d0b0900
[0m[1m[2023-12-29 16:17:45.035] [0m[31;1m(DEBUG)[0m [Producer.APTS_0 ]Read cmd 0x1103 returned 000000003d3b0900
[0m[1m[2023-12-29 16:17:45.036] [0m[31;1m(DEBUG)[0m [Producer.APTS_0 ]Read cmd 0x1103 returned 000000003fcb0800
[0m[1m[2023-12-29 16:17:55.113] [0m[31;1m(DEBUG)[0m [Producer.APTS_0 ]Read cmd 0x1103 returned 000000003bdb0800
[0m[1m[2023-12-29 16:17:55.114] [0m[31;1m(DEBUG)[0m [Producer.APTS_0 ]Read cmd 0x1103 returned 000000003bfb0800
[0m[1m[2023-12-29 16:18:05.185] [0m[31;1m(DEBUG)[0m [Producer.APTS_0 ]Read cmd 0x1103 returned 000000003ccb0800
[0m[1m[2023-12-29 16:18:05.186] [0m[31;1m(DEBUG)[0m [Producer.APTS_0 ]Read cmd 0x1103 returned 000000003fdb0800
[0m[1m[2023-12-29 16:18:15.204] [0m[31;1m(DEBUG)[0m [Producer.APTS_0 ]Read cmd 0x1103 returned 000000003cfb0800
[0m[1m[2023-12-29 16:18:15.204] [0m[31;1m(DEBUG)[0m [Producer.APTS_0 ]Read cmd 0x1103 returned 000000003ddb0800
[0m[1m[2023-12-29 16:18:25.286] [0m[31;1m(DEBUG)[0m [Producer.APTS_0 ]Read cmd 0x1103 returned 000000003c0b0900
[0m[1m[2023-12-29 16:18:25.286] [0m[31;1m(DEBUG)[0m [Producer.APTS_0 ]Read cmd 0x1103 returned 000000003edb0800
[0m[1m[2023-12-29 16:18:35.352] [0m[31;1m(DEBUG)[0m [Producer.APTS_0 ]Read cmd 0x1103 returned 000000003adb0800
[0m[1m[2023-12-29 16:18:35.353] [0m[31;1m(DEBUG)[0m [Producer.APTS_0 ]Read cmd 0x1103 returned 000000003c0b0900
[0m[1m[2023-12-29 16:18:45.362] [0m[31;1m(DEBUG)[0m [Producer.APTS_0 ]Read cmd 0x1103 returned 000000003ccb0800
[0m[1m[2023-12-29 16:18:45.363] [0m[31;1m(DEBUG)[0m [Producer.APTS_0 ]Read cmd 0x1103 returned 000000003b5b0900
[0m[1m[2023-12-29 16:18:55.427] [0m[31;1m(DEBUG)[0m [Producer.APTS_0 ]Read cmd 0x1103 returned 000000003b2b0900
[0m[1m[2023-12-29 16:18:55.427] [0m[31;1m(DEBUG)[0m [Producer.APTS_0 ]Read cmd 0x1103 returned 0000000039bb0800
[0m[1m[2023-12-29 16:19:05.453] [0m[31;1m(DEBUG)[0m [Producer.APTS_0 ]Read cmd 0x1103 returned 000000003afb0800
[0m[1m[2023-12-29 16:19:05.454] [0m[31;1m(DEBUG)[0m [Producer.APTS_0 ]Read cmd 0x1103 returned 000000003ceb0800
[0m[1m[2023-12-29 16:19:15.485] [0m[31;1m(DEBUG)[0m [Producer.APTS_0 ]Read cmd 0x1103 returned 00000000381b0900
[0m[1m[2023-12-29 16:19:15.486] [0m[31;1m(DEBUG)[0m [Producer.APTS_0 ]Read cmd 0x1103 returned 000000003dab0800
[0m[1m[2023-12-29 16:19:25.528] [0m[31;1m(DEBUG)[0m [Producer.APTS_0 ]Read cmd 0x1103 returned 000000003cfb0800
[0m[1m[2023-12-29 16:19:25.529] [0m[31;1m(DEBUG)[0m [Producer.APTS_0 ]Read cmd 0x1103 returned 000000003cfb0800
[0m[1m[2023-12-29 16:19:35.594] [0m[31;1m(DEBUG)[0m [Producer.APTS_0 ]Read cmd 0x1103 returned 000000003c7b0900
[0m[1m[2023-12-29 16:19:35.594] [0m[31;1m(DEBUG)[0m [Producer.APTS_0 ]Read cmd 0x1103 returned 000000003eeb0800
[0m[1m[2023-12-29 16:19:45.594] [0m[31;1m(DEBUG)[0m [Producer.APTS_0 ]Read cmd 0x1103 returned 00000000391b0900
[0m[1m[2023-12-29 16:19:45.594] [0m[31;1m(DEBUG)[0m [Producer.APTS_0 ]Read cmd 0x1103 returned 000000003b0b0900
[0m[1m[2023-12-29 16:19:55.689] [0m[31;1m(DEBUG)[0m [Producer.APTS_0 ]Read cmd 0x1103 returned 000000003a1b0900
[0m[1m[2023-12-29 16:19:55.689] [0m[31;1m(DEBUG)[0m [Producer.APTS_0 ]Read cmd 0x1103 returned 000000003e5b0900
[0m[1m[2023-12-29 16:20:05.860] [0m[31;1m(DEBUG)[0m [Producer.APTS_0 ]Read cmd 0x1103 returned 000000003bdb0800
[0m[1m[2023-12-29 16:20:05.861] [0m[31;1m(DEBUG)[0m [Producer.APTS_0 ]Read cmd 0x1103 returned 000000003b8b0800
[0m[1m[2023-12-29 16:20:15.874] [0m[31;1m(DEBUG)[0m [Producer.APTS_0 ]Read cmd 0x1103 returned 000000003d5b0800
[0m[1m[2023-12-29 16:20:15.875] [0m[31;1m(DEBUG)[0m [Producer.APTS_0 ]Read cmd 0x1103 returned 000000003d2b0900
[0m[1m[2023-12-29 16:20:25.963] [0m[31;1m(DEBUG)[0m [Producer.APTS_0 ]Read cmd 0x1103 returned 000000003f1b0900
[0m[1m[2023-12-29 16:20:25.963] [0m[31;1m(DEBUG)[0m [Producer.APTS_0 ]Read cmd 0x1103 returned 000000003f7b0900
[0m[1m[2023-12-29 16:20:35.997] [0m[31;1m(DEBUG)[0m [Producer.APTS_0 ]Read cmd 0x1103 returned 000000003c2b0900
[0m[1m[2023-12-29 16:20:35.997] [0m[31;1m(DEBUG)[0m [Producer.APTS_0 ]Read cmd 0x1103 returned 000000003bbb0800
[0m[1m[2023-12-29 16:20:46.108] [0m[31;1m(DEBUG)[0m [Producer.APTS_0 ]Read cmd 0x1103 returned 000000003c0b0900
[0m[1m[2023-12-29 16:20:46.108] [0m[31;1m(DEBUG)[0m [Producer.APTS_0 ]Read cmd 0x1103 returned 000000003e0b0900
[0m[1m[2023-12-29 16:20:56.129] [0m[31;1m(DEBUG)[0m [Producer.APTS_0 ]Read cmd 0x1103 returned 000000003d2b0900
[0m[1m[2023-12-29 16:20:56.129] [0m[31;1m(DEBUG)[0m [Producer.APTS_0 ]Read cmd 0x1103 returned 000000003bbb0800
[0m[1m[2023-12-29 16:21:06.185] [0m[31;1m(DEBUG)[0m [Producer.APTS_0 ]Read cmd 0x1103 returned 000000003c2b0900
[0m[1m[2023-12-29 16:21:06.186] [0m[31;1m(DEBUG)[0m [Producer.APTS_0 ]Read cmd 0x1103 returned 000000003d3b0900
[0m[1m[2023-12-29 16:21:16.234] [0m[31;1m(DEBUG)[0m [Producer.APTS_0 ]Read cmd 0x1103 returned 000000003e4b0900
[0m[1m[2023-12-29 16:21:16.234] [0m[31;1m(DEBUG)[0m [Producer.APTS_0 ]Read cmd 0x1103 returned 000000003c7b0900
[0m[1m[2023-12-29 16:21:26.260] [0m[31;1m(DEBUG)[0m [Producer.APTS_0 ]Read cmd 0x1103 returned 000000003bcb0800
[0m[1m[2023-12-29 16:21:26.261] [0m[31;1m(DEBUG)[0m [Producer.APTS_0 ]Read cmd 0x1103 returned 000000003dbb0800
[0m[1m[2023-12-29 16:21:36.348] [0m[31;1m(DEBUG)[0m [Producer.APTS_0 ]Read cmd 0x1103 returned 00000000410b0900
[0m[1m[2023-12-29 16:21:36.349] [0m[31;1m(DEBUG)[0m [Producer.APTS_0 ]Read cmd 0x1103 returned 000000003dbb0800
[0m[1m[2023-12-29 16:21:46.385] [0m[31;1m(DEBUG)[0m [Producer.APTS_0 ]Read cmd 0x1103 returned 0000000039bb0800
[0m[1m[2023-12-29 16:21:46.386] [0m[31;1m(DEBUG)[0m [Producer.APTS_0 ]Read cmd 0x1103 returned 000000003c2b0900
[0m[1m[2023-12-29 16:21:56.480] [0m[31;1m(DEBUG)[0m [Producer.APTS_0 ]Read cmd 0x1103 returned 000000003a4b0900
[0m[1m[2023-12-29 16:21:56.480] [0m[31;1m(DEBUG)[0m [Producer.APTS_0 ]Read cmd 0x1103 returned 000000003ecb0800
[0m[1m[2023-12-29 16:22:06.561] [0m[31;1m(DEBUG)[0m [Producer.APTS_0 ]Read cmd 0x1103 returned 000000003c0b0900
[0m[1m[2023-12-29 16:22:06.561] [0m[31;1m(DEBUG)[0m [Producer.APTS_0 ]Read cmd 0x1103 returned 000000003ceb0800
[0m[1m[2023-12-29 16:22:16.624] [0m[31;1m(DEBUG)[0m [Producer.APTS_0 ]Read cmd 0x1103 returned 000000003ddb0800
[0m[1m[2023-12-29 16:22:16.625] [0m[31;1m(DEBUG)[0m [Producer.APTS_0 ]Read cmd 0x1103 returned 000000003c7b0900
[0m[1m[2023-12-29 16:22:26.667] [0m[31;1m(DEBUG)[0m [Producer.APTS_0 ]Read cmd 0x1103 returned 000000003a0b0900
[0m[1m[2023-12-29 16:22:26.668] [0m[31;1m(DEBUG)[0m [Producer.APTS_0 ]Read cmd 0x1103 returned 000000003ffb0800
[0m[1m[2023-12-29 16:22:36.735] [0m[31;1m(DEBUG)[0m [Producer.APTS_0 ]Read cmd 0x1103 returned 000000003b2b0900
[0m[1m[2023-12-29 16:22:36.735] [0m[31;1m(DEBUG)[0m [Producer.APTS_0 ]Read cmd 0x1103 returned 00000000385b0900
[0m[1m[2023-12-29 16:22:46.760] [0m[31;1m(DEBUG)[0m [Producer.APTS_0 ]Read cmd 0x1103 returned 000000003a1b0900
[0m[1m[2023-12-29 16:22:46.761] [0m[31;1m(DEBUG)[0m [Producer.APTS_0 ]Read cmd 0x1103 returned 000000003e2b0900
[0m[1m[2023-12-29 16:22:56.857] [0m[31;1m(DEBUG)[0m [Producer.APTS_0 ]Read cmd 0x1103 returned 000000003c3b0900
[0m[1m[2023-12-29 16:22:56.857] [0m[31;1m(DEBUG)[0m [Producer.APTS_0 ]Read cmd 0x1103 returned 000000003beb0800
[0m[1m[2023-12-29 16:23:06.878] [0m[31;1m(DEBUG)[0m [Producer.APTS_0 ]Read cmd 0x1103 returned 000000003b0b0900
[0m[1m[2023-12-29 16:23:06.879] [0m[31;1m(DEBUG)[0m [Producer.APTS_0 ]Read cmd 0x1103 returned 000000003deb0800
[0m[1m[2023-12-29 16:23:16.899] [0m[31;1m(DEBUG)[0m [Producer.APTS_0 ]Read cmd 0x1103 returned 000000003ffb0800
[0m[1m[2023-12-29 16:23:16.900] [0m[31;1m(DEBUG)[0m [Producer.APTS_0 ]Read cmd 0x1103 returned 000000003b3b0900
[0m[1m[2023-12-29 16:23:26.959] [0m[31;1m(DEBUG)[0m [Producer.APTS_0 ]Read cmd 0x1103 returned 000000003bab0800
[0m[1m[2023-12-29 16:23:26.960] [0m[31;1m(DEBUG)[0m [Producer.APTS_0 ]Read cmd 0x1103 returned 0000000039fb0800
[0m[1m[2023-12-29 16:23:37.038] [0m[31;1m(DEBUG)[0m [Producer.APTS_0 ]Read cmd 0x1103 returned 000000003d6b0900
[0m[1m[2023-12-29 16:23:37.038] [0m[31;1m(DEBUG)[0m [Producer.APTS_0 ]Read cmd 0x1103 returned 000000003a0b0900
[0m[1m[2023-12-29 16:23:47.058] [0m[31;1m(DEBUG)[0m [Producer.APTS_0 ]Read cmd 0x1103 returned 0000000037fb0800
[0m[1m[2023-12-29 16:23:47.058] [0m[31;1m(DEBUG)[0m [Producer.APTS_0 ]Read cmd 0x1103 returned 000000003c1b0900
[0m[1m[2023-12-29 16:23:57.130] [0m[31;1m(DEBUG)[0m [Producer.APTS_0 ]Read cmd 0x1103 returned 0000000039fb0800
[0m[1m[2023-12-29 16:23:57.131] [0m[31;1m(DEBUG)[0m [Producer.APTS_0 ]Read cmd 0x1103 returned 000000003d0b0900
[0m[1m[2023-12-29 16:24:07.155] [0m[31;1m(DEBUG)[0m [Producer.APTS_0 ]Read cmd 0x1103 returned 000000003ccb0800
[0m[1m[2023-12-29 16:24:07.156] [0m[31;1m(DEBUG)[0m [Producer.APTS_0 ]Read cmd 0x1103 returned 000000003e2b0900
[0m[1m[2023-12-29 16:24:17.189] [0m[31;1m(DEBUG)[0m [Producer.APTS_0 ]Read cmd 0x1103 returned 000000003e0b0900
[0m[1m[2023-12-29 16:24:17.189] [0m[31;1m(DEBUG)[0m [Producer.APTS_0 ]Read cmd 0x1103 returned 000000003d2b0900
[0m[1m[2023-12-29 16:24:27.280] [0m[31;1m(DEBUG)[0m [Producer.APTS_0 ]Read cmd 0x1103 returned 000000003feb0800
[0m[1m[2023-12-29 16:24:27.280] [0m[31;1m(DEBUG)[0m [Producer.APTS_0 ]Read cmd 0x1103 returned 000000003dfb0800
[0m[1m[2023-12-29 16:24:37.317] [0m[31;1m(DEBUG)[0m [Producer.APTS_0 ]Read cmd 0x1103 returned 000000003c9b0900
[0m[1m[2023-12-29 16:24:37.318] [0m[31;1m(DEBUG)[0m [Producer.APTS_0 ]Read cmd 0x1103 returned 000000003b5b0900
[0m[1m[2023-12-29 16:24:47.382] [0m[31;1m(DEBUG)[0m [Producer.APTS_0 ]Read cmd 0x1103 returned 0000000041fb0800
[0m[1m[2023-12-29 16:24:47.382] [0m[31;1m(DEBUG)[0m [Producer.APTS_0 ]Read cmd 0x1103 returned 000000003e1b0900
[0m[1m[2023-12-29 16:24:57.471] [0m[31;1m(DEBUG)[0m [Producer.APTS_0 ]Read cmd 0x1103 returned 000000003adb0800
[0m[1m[2023-12-29 16:24:57.471] [0m[31;1m(DEBUG)[0m [Producer.APTS_0 ]Read cmd 0x1103 returned 000000003ceb0800
[0m[1m[2023-12-29 16:25:07.517] [0m[31;1m(DEBUG)[0m [Producer.APTS_0 ]Read cmd 0x1103 returned 000000003d7b0900
[0m[1m[2023-12-29 16:25:07.517] [0m[31;1m(DEBUG)[0m [Producer.APTS_0 ]Read cmd 0x1103 returned 000000003bbb0800
[0m[1m[2023-12-29 16:25:17.596] [0m[31;1m(DEBUG)[0m [Producer.APTS_0 ]Read cmd 0x1103 returned 000000003a3b0900
[0m[1m[2023-12-29 16:25:17.597] [0m[31;1m(DEBUG)[0m [Producer.APTS_0 ]Read cmd 0x1103 returned 000000003b2b0900
[0m[1m[2023-12-29 16:25:27.650] [0m[31;1m(DEBUG)[0m [Producer.APTS_0 ]Read cmd 0x1103 returned 000000003f7b0900
[0m[1m[2023-12-29 16:25:27.651] [0m[31;1m(DEBUG)[0m [Producer.APTS_0 ]Read cmd 0x1103 returned 000000003d1b0900
[0m[1m[2023-12-29 16:25:37.746] [0m[31;1m(DEBUG)[0m [Producer.APTS_0 ]Read cmd 0x1103 returned 000000003f4b0900
[0m[1m[2023-12-29 16:25:37.746] [0m[31;1m(DEBUG)[0m [Producer.APTS_0 ]Read cmd 0x1103 returned 000000003beb0800
[0m[1m[2023-12-29 16:25:47.751] [0m[31;1m(DEBUG)[0m [Producer.APTS_0 ]Read cmd 0x1103 returned 000000003bcb0800
[0m[1m[2023-12-29 16:25:47.751] [0m[31;1m(DEBUG)[0m [Producer.APTS_0 ]Read cmd 0x1103 returned 000000003c1b0900
[0m[1m[2023-12-29 16:25:57.835] [0m[31;1m(DEBUG)[0m [Producer.APTS_0 ]Read cmd 0x1103 returned 0000000039cb0800
[0m[1m[2023-12-29 16:25:57.836] [0m[31;1m(DEBUG)[0m [Producer.APTS_0 ]Read cmd 0x1103 returned 000000003b1b0900
[0m[1m[2023-12-29 16:26:07.888] [0m[31;1m(DEBUG)[0m [Producer.APTS_0 ]Read cmd 0x1103 returned 000000003edb0800
[0m[1m[2023-12-29 16:26:07.889] [0m[31;1m(DEBUG)[0m [Producer.APTS_0 ]Read cmd 0x1103 returned 000000003e1b0900
[0m[1m[2023-12-29 16:26:17.910] [0m[31;1m(DEBUG)[0m [Producer.APTS_0 ]Read cmd 0x1103 returned 000000003b4b0900
[0m[1m[2023-12-29 16:26:17.911] [0m[31;1m(DEBUG)[0m [Producer.APTS_0 ]Read cmd 0x1103 returned 000000003feb0800
[0m[1m[2023-12-29 16:26:27.953] [0m[31;1m(DEBUG)[0m [Producer.APTS_0 ]Read cmd 0x1103 returned 000000003b5b0900
[0m[1m[2023-12-29 16:26:27.954] [0m[31;1m(DEBUG)[0m [Producer.APTS_0 ]Read cmd 0x1103 returned 000000003b2b0900
[0m[1m[2023-12-29 16:26:38.000] [0m[31;1m(DEBUG)[0m [Producer.APTS_0 ]Read cmd 0x1103 returned 000000003c6b0900
[0m[1m[2023-12-29 16:26:38.000] [0m[31;1m(DEBUG)[0m [Producer.APTS_0 ]Read cmd 0x1103 returned 000000003e1b0900
[0m[1m[2023-12-29 16:26:48.049] [0m[31;1m(DEBUG)[0m [Producer.APTS_0 ]Read cmd 0x1103 returned 000000003c0b0900
[0m[1m[2023-12-29 16:26:48.050] [0m[31;1m(DEBUG)[0m [Producer.APTS_0 ]Read cmd 0x1103 returned 000000003e4b0900
[0m[1m[2023-12-29 16:26:58.114] [0m[31;1m(DEBUG)[0m [Producer.APTS_0 ]Read cmd 0x1103 returned 00000000392b0900
[0m[1m[2023-12-29 16:26:58.114] [0m[31;1m(DEBUG)[0m [Producer.APTS_0 ]Read cmd 0x1103 returned 000000003eeb0800
[0m[1m[2023-12-29 16:27:08.140] [0m[31;1m(DEBUG)[0m [Producer.APTS_0 ]Read cmd 0x1103 returned 000000003c0b0900
[0m[1m[2023-12-29 16:27:08.141] [0m[31;1m(DEBUG)[0m [Producer.APTS_0 ]Read cmd 0x1103 returned 000000003a4b0900
[0m[1m[2023-12-29 16:27:18.221] [0m[31;1m(DEBUG)[0m [Producer.APTS_0 ]Read cmd 0x1103 returned 000000003f5b0900
[0m[1m[2023-12-29 16:27:18.222] [0m[31;1m(DEBUG)[0m [Producer.APTS_0 ]Read cmd 0x1103 returned 000000003feb0800
[0m[1m[2023-12-29 16:27:28.266] [0m[31;1m(DEBUG)[0m [Producer.APTS_0 ]Read cmd 0x1103 returned 000000003d2b0900
[0m[1m[2023-12-29 16:27:28.267] [0m[31;1m(DEBUG)[0m [Producer.APTS_0 ]Read cmd 0x1103 returned 000000003b6b0900
[0m[1m[2023-12-29 16:27:38.311] [0m[31;1m(DEBUG)[0m [Producer.APTS_0 ]Read cmd 0x1103 returned 000000003efb0800
[0m[1m[2023-12-29 16:27:38.312] [0m[31;1m(DEBUG)[0m [Producer.APTS_0 ]Read cmd 0x1103 returned 0000000039ab0800
[0m[1m[2023-12-29 16:27:48.380] [0m[31;1m(DEBUG)[0m [Producer.APTS_0 ]Read cmd 0x1103 returned 000000003dbb0800
[0m[1m[2023-12-29 16:27:48.381] [0m[31;1m(DEBUG)[0m [Producer.APTS_0 ]Read cmd 0x1103 returned 000000003b0b0900
[0m[1m[2023-12-29 16:27:58.433] [0m[31;1m(DEBUG)[0m [Producer.APTS_0 ]Read cmd 0x1103 returned 000000003b1b0900
[0m[1m[2023-12-29 16:27:58.434] [0m[31;1m(DEBUG)[0m [Producer.APTS_0 ]Read cmd 0x1103 returned 000000003d5b0900
[0m[1m[2023-12-29 16:28:08.508] [0m[31;1m(DEBUG)[0m [Producer.APTS_0 ]Read cmd 0x1103 returned 000000003aeb0800
[0m[1m[2023-12-29 16:28:08.508] [0m[31;1m(DEBUG)[0m [Producer.APTS_0 ]Read cmd 0x1103 returned 000000003adb0800
[0m[1m[2023-12-29 16:28:18.592] [0m[31;1m(DEBUG)[0m [Producer.APTS_0 ]Read cmd 0x1103 returned 000000003d1b0900
[0m[1m[2023-12-29 16:28:18.592] [0m[31;1m(DEBUG)[0m [Producer.APTS_0 ]Read cmd 0x1103 returned 000000003a0b0900
[0m[1m[2023-12-29 16:28:28.644] [0m[31;1m(DEBUG)[0m [Producer.APTS_0 ]Read cmd 0x1103 returned 000000003cbb0800
[0m[1m[2023-12-29 16:28:28.645] [0m[31;1m(DEBUG)[0m [Producer.APTS_0 ]Read cmd 0x1103 returned 000000003ddb0800
[0m[1m[2023-12-29 16:28:38.800] [0m[31;1m(DEBUG)[0m [Producer.APTS_0 ]Read cmd 0x1103 returned 000000003c0b0900
[0m[1m[2023-12-29 16:28:38.800] [0m[31;1m(DEBUG)[0m [Producer.APTS_0 ]Read cmd 0x1103 returned 000000003c3b0900
[0m[1m[2023-12-29 16:28:48.967] [0m[31;1m(DEBUG)[0m [Producer.APTS_0 ]Read cmd 0x1103 returned 000000003c4b0900
[0m[1m[2023-12-29 16:28:48.968] [0m[31;1m(DEBUG)[0m [Producer.APTS_0 ]Read cmd 0x1103 returned 000000003c3b0900
[0m[1m[2023-12-29 16:28:58.994] [0m[31;1m(DEBUG)[0m [Producer.APTS_0 ]Read cmd 0x1103 returned 000000003bdb0800
[0m[1m[2023-12-29 16:28:58.994] [0m[31;1m(DEBUG)[0m [Producer.APTS_0 ]Read cmd 0x1103 returned 0000000037eb0800
[0m[1m[2023-12-29 16:29:09.037] [0m[31;1m(DEBUG)[0m [Producer.APTS_0 ]Read cmd 0x1103 returned 0000000038eb0800
[0m[1m[2023-12-29 16:29:09.037] [0m[31;1m(DEBUG)[0m [Producer.APTS_0 ]Read cmd 0x1103 returned 0000000039fb0800
[0m[1m[2023-12-29 16:29:19.080] [0m[31;1m(DEBUG)[0m [Producer.APTS_0 ]Read cmd 0x1103 returned 000000003b2b0900
[0m[1m[2023-12-29 16:29:19.081] [0m[31;1m(DEBUG)[0m [Producer.APTS_0 ]Read cmd 0x1103 returned 000000003cbb0800
[0m[1m[2023-12-29 16:29:29.169] [0m[31;1m(DEBUG)[0m [Producer.APTS_0 ]Read cmd 0x1103 returned 000000003beb0800
[0m[1m[2023-12-29 16:29:29.169] [0m[31;1m(DEBUG)[0m [Producer.APTS_0 ]Read cmd 0x1103 returned 000000003e2b0900
[0m[1m[2023-12-29 16:29:39.209] [0m[31;1m(DEBUG)[0m [Producer.APTS_0 ]Read cmd 0x1103 returned 000000003b0b0900
[0m[1m[2023-12-29 16:29:39.210] [0m[31;1m(DEBUG)[0m [Producer.APTS_0 ]Read cmd 0x1103 returned 000000003c1b0900
[0m[1m[2023-12-29 16:29:49.288] [0m[31;1m(DEBUG)[0m [Producer.APTS_0 ]Read cmd 0x1103 returned 000000003dbb0800
[0m[1m[2023-12-29 16:29:49.289] [0m[31;1m(DEBUG)[0m [Producer.APTS_0 ]Read cmd 0x1103 returned 000000003ceb0800
[0m[1m[2023-12-29 16:29:59.356] [0m[31;1m(DEBUG)[0m [Producer.APTS_0 ]Read cmd 0x1103 returned 0000000038eb0800
[0m[1m[2023-12-29 16:29:59.356] [0m[31;1m(DEBUG)[0m [Producer.APTS_0 ]Read cmd 0x1103 returned 000000003c0b0900
[0m[1m[2023-12-29 16:30:09.365] [0m[31;1m(DEBUG)[0m [Producer.APTS_0 ]Read cmd 0x1103 returned 000000003b7b0900
[0m[1m[2023-12-29 16:30:09.365] [0m[31;1m(DEBUG)[0m [Producer.APTS_0 ]Read cmd 0x1103 returned 000000003c2b0900
[0m[1m[2023-12-29 16:30:19.406] [0m[31;1m(DEBUG)[0m [Producer.APTS_0 ]Read cmd 0x1103 returned 00000000394b0900
[0m[1m[2023-12-29 16:30:19.406] [0m[31;1m(DEBUG)[0m [Producer.APTS_0 ]Read cmd 0x1103 returned 000000003eeb0800
[0m[1m[2023-12-29 16:30:29.418] [0m[31;1m(DEBUG)[0m [Producer.APTS_0 ]Read cmd 0x1103 returned 000000003b1b0900
[0m[1m[2023-12-29 16:30:29.419] [0m[31;1m(DEBUG)[0m [Producer.APTS_0 ]Read cmd 0x1103 returned 000000003f3b0900
[0m[1m[2023-12-29 16:30:39.469] [0m[31;1m(DEBUG)[0m [Producer.APTS_0 ]Read cmd 0x1103 returned 000000003ebb0800
[0m[1m[2023-12-29 16:30:39.469] [0m[31;1m(DEBUG)[0m [Producer.APTS_0 ]Read cmd 0x1103 returned 000000003c5b0900
[0m[1m[2023-12-29 16:30:49.568] [0m[31;1m(DEBUG)[0m [Producer.APTS_0 ]Read cmd 0x1103 returned 00000000394b0900
[0m[1m[2023-12-29 16:30:49.569] [0m[31;1m(DEBUG)[0m [Producer.APTS_0 ]Read cmd 0x1103 returned 000000003ceb0800
[0m[1m[2023-12-29 16:30:59.659] [0m[31;1m(DEBUG)[0m [Producer.APTS_0 ]Read cmd 0x1103 returned 000000003c0b0900
[0m[1m[2023-12-29 16:30:59.660] [0m[31;1m(DEBUG)[0m [Producer.APTS_0 ]Read cmd 0x1103 returned 000000003beb0800
[0m[1m[2023-12-29 16:31:09.752] [0m[31;1m(DEBUG)[0m [Producer.APTS_0 ]Read cmd 0x1103 returned 000000003ceb0800
[0m[1m[2023-12-29 16:31:09.753] [0m[31;1m(DEBUG)[0m [Producer.APTS_0 ]Read cmd 0x1103 returned 00000000396b0900
[0m[1m[2023-12-29 16:31:19.806] [0m[31;1m(DEBUG)[0m [Producer.APTS_0 ]Read cmd 0x1103 returned 00000000388b0800
[0m[1m[2023-12-29 16:31:19.807] [0m[31;1m(DEBUG)[0m [Producer.APTS_0 ]Read cmd 0x1103 returned 00000000392b0900
[0m[1m[2023-12-29 16:31:29.929] [0m[31;1m(DEBUG)[0m [Producer.APTS_0 ]Read cmd 0x1103 returned 00000000387b0900
[0m[1m[2023-12-29 16:31:29.929] [0m[31;1m(DEBUG)[0m [Producer.APTS_0 ]Read cmd 0x1103 returned 000000003abb0800
[0m[1m[2023-12-29 16:31:39.935] [0m[31;1m(DEBUG)[0m [Producer.APTS_0 ]Read cmd 0x1103 returned 00000000381b0900
[0m[1m[2023-12-29 16:31:39.936] [0m[31;1m(DEBUG)[0m [Producer.APTS_0 ]Read cmd 0x1103 returned 000000003beb0800
[0m[1m[2023-12-29 16:31:50.004] [0m[31;1m(DEBUG)[0m [Producer.APTS_0 ]Read cmd 0x1103 returned 000000003c4b0900
[0m[1m[2023-12-29 16:31:50.005] [0m[31;1m(DEBUG)[0m [Producer.APTS_0 ]Read cmd 0x1103 returned 000000003beb0800
[0m[1m[2023-12-29 16:32:00.081] [0m[31;1m(DEBUG)[0m [Producer.APTS_0 ]Read cmd 0x1103 returned 000000003d0b0900
[0m[1m[2023-12-29 16:32:00.082] [0m[31;1m(DEBUG)[0m [Producer.APTS_0 ]Read cmd 0x1103 returned 000000003aeb0800
[0m[1m[2023-12-29 16:32:10.147] [0m[31;1m(DEBUG)[0m [Producer.APTS_0 ]Read cmd 0x1103 returned 00000000388b0800
[0m[1m[2023-12-29 16:32:10.148] [0m[31;1m(DEBUG)[0m [Producer.APTS_0 ]Read cmd 0x1103 returned 000000003ceb0800
[0m[1m[2023-12-29 16:32:20.151] [0m[31;1m(DEBUG)[0m [Producer.APTS_0 ]Read cmd 0x1103 returned 000000003bbb0800
[0m[1m[2023-12-29 16:32:20.151] [0m[31;1m(DEBUG)[0m [Producer.APTS_0 ]Read cmd 0x1103 returned 000000003adb0800
[0m[1m[2023-12-29 16:32:30.216] [0m[31;1m(DEBUG)[0m [Producer.APTS_0 ]Read cmd 0x1103 returned 0000000036eb0800
[0m[1m[2023-12-29 16:32:30.216] [0m[31;1m(DEBUG)[0m [Producer.APTS_0 ]Read cmd 0x1103 returned 0000000035cb0800
[0m[1m[2023-12-29 16:32:40.297] [0m[31;1m(DEBUG)[0m [Producer.APTS_0 ]Read cmd 0x1103 returned 000000003aeb0800
[0m[1m[2023-12-29 16:32:40.298] [0m[31;1m(DEBUG)[0m [Producer.APTS_0 ]Read cmd 0x1103 returned 0000000039db0800
[0m[1m[2023-12-29 16:32:50.298] [0m[31;1m(DEBUG)[0m [Producer.APTS_0 ]Read cmd 0x1103 returned 000000003a1b0900
[0m[1m[2023-12-29 16:32:50.298] [0m[31;1m(DEBUG)[0m [Producer.APTS_0 ]Read cmd 0x1103 returned 00000000390b0900
[0m[1m[2023-12-29 16:33:00.383] [0m[31;1m(DEBUG)[0m [Producer.APTS_0 ]Read cmd 0x1103 returned 000000003cdb0800
[0m[1m[2023-12-29 16:33:00.383] [0m[31;1m(DEBUG)[0m [Producer.APTS_0 ]Read cmd 0x1103 returned 000000003b0b0900
[0m[1m[2023-12-29 16:33:10.420] [0m[31;1m(DEBUG)[0m [Producer.APTS_0 ]Read cmd 0x1103 returned 000000003bfb0800
[0m[1m[2023-12-29 16:33:10.421] [0m[31;1m(DEBUG)[0m [Producer.APTS_0 ]Read cmd 0x1103 returned 000000003ccb0800
[0m[1m[2023-12-29 16:33:20.466] [0m[31;1m(DEBUG)[0m [Producer.APTS_0 ]Read cmd 0x1103 returned 0000000037bb0800
[0m[1m[2023-12-29 16:33:20.466] [0m[31;1m(DEBUG)[0m [Producer.APTS_0 ]Read cmd 0x1103 returned 000000003afb0800
[0m[1m[2023-12-29 16:33:30.564] [0m[31;1m(DEBUG)[0m [Producer.APTS_0 ]Read cmd 0x1103 returned 000000003dcb0800
[0m[1m[2023-12-29 16:33:30.565] [0m[31;1m(DEBUG)[0m [Producer.APTS_0 ]Read cmd 0x1103 returned 000000003aeb0800
[0m[1m[2023-12-29 16:33:40.677] [0m[31;1m(DEBUG)[0m [Producer.APTS_0 ]Read cmd 0x1103 returned 000000003b5b0900
[0m[1m[2023-12-29 16:33:40.677] [0m[31;1m(DEBUG)[0m [Producer.APTS_0 ]Read cmd 0x1103 returned 000000003a6b0900
[0m[1m[2023-12-29 16:33:50.772] [0m[31;1m(DEBUG)[0m [Producer.APTS_0 ]Read cmd 0x1103 returned 00000000392b0900
[0m[1m[2023-12-29 16:33:50.773] [0m[31;1m(DEBUG)[0m [Producer.APTS_0 ]Read cmd 0x1103 returned 00000000370b0900
[0m[1m[2023-12-29 16:34:00.838] [0m[31;1m(DEBUG)[0m [Producer.APTS_0 ]Read cmd 0x1103 returned 000000003c9b0800
[0m[1m[2023-12-29 16:34:00.839] [0m[31;1m(DEBUG)[0m [Producer.APTS_0 ]Read cmd 0x1103 returned 000000003b4b0900
[0m[1m[2023-12-29 16:34:10.924] [0m[31;1m(DEBUG)[0m [Producer.APTS_0 ]Read cmd 0x1103 returned 00000000397b0900
[0m[1m[2023-12-29 16:34:10.924] [0m[31;1m(DEBUG)[0m [Producer.APTS_0 ]Read cmd 0x1103 returned 00000000390b0900
[0m[1m[2023-12-29 16:34:20.929] [0m[31;1m(DEBUG)[0m [Producer.APTS_0 ]Read cmd 0x1103 returned 00000000370b0900
[0m[1m[2023-12-29 16:34:20.930] [0m[31;1m(DEBUG)[0m [Producer.APTS_0 ]Read cmd 0x1103 returned 0000000039cb0800
[0m[1m[2023-12-29 16:34:30.973] [0m[31;1m(DEBUG)[0m [Producer.APTS_0 ]Read cmd 0x1103 returned 000000003d0b0900
[0m[1m[2023-12-29 16:34:30.973] [0m[31;1m(DEBUG)[0m [Producer.APTS_0 ]Read cmd 0x1103 returned 000000003adb0800
[0m[1m[2023-12-29 16:34:40.992] [0m[31;1m(DEBUG)[0m [Producer.APTS_0 ]Read cmd 0x1103 returned 0000000039bb0800
[0m[1m[2023-12-29 16:34:40.992] [0m[31;1m(DEBUG)[0m [Producer.APTS_0 ]Read cmd 0x1103 returned 00000000394b0900
[0m[1m[2023-12-29 16:34:51.001] [0m[31;1m(DEBUG)[0m [Producer.APTS_0 ]Read cmd 0x1103 returned 000000003b8b0800
[0m[1m[2023-12-29 16:34:51.001] [0m[31;1m(DEBUG)[0m [Producer.APTS_0 ]Read cmd 0x1103 returned 00000000379b0800
[0m[1m[2023-12-29 16:35:01.099] [0m[31;1m(DEBUG)[0m [Producer.APTS_0 ]Read cmd 0x1103 returned 000000003a2b0900
[0m[1m[2023-12-29 16:35:01.100] [0m[31;1m(DEBUG)[0m [Producer.APTS_0 ]Read cmd 0x1103 returned 000000003c1b0900
[0m[1m[2023-12-29 16:35:11.122] [0m[31;1m(DEBUG)[0m [Producer.APTS_0 ]Read cmd 0x1103 returned 000000003afb0800
[0m[1m[2023-12-29 16:35:11.123] [0m[31;1m(DEBUG)[0m [Producer.APTS_0 ]Read cmd 0x1103 returned 00000000375b0900
[0m[1m[2023-12-29 16:35:21.188] [0m[31;1m(DEBUG)[0m [Producer.APTS_0 ]Read cmd 0x1103 returned 00000000374b0900
[0m[1m[2023-12-29 16:35:21.189] [0m[31;1m(DEBUG)[0m [Producer.APTS_0 ]Read cmd 0x1103 returned 000000003adb0800
[0m[1m[2023-12-29 16:35:31.191] [0m[31;1m(DEBUG)[0m [Producer.APTS_0 ]Read cmd 0x1103 returned 0000000037bb0800
[0m[1m[2023-12-29 16:35:31.192] [0m[31;1m(DEBUG)[0m [Producer.APTS_0 ]Read cmd 0x1103 returned 000000003a3b0900
[0m[1m[2023-12-29 16:35:41.192] [0m[31;1m(DEBUG)[0m [Producer.APTS_0 ]Read cmd 0x1103 returned 00000000390b0900
[0m[1m[2023-12-29 16:35:41.193] [0m[31;1m(DEBUG)[0m [Producer.APTS_0 ]Read cmd 0x1103 returned 000000003a0b0900
[0m[1m[2023-12-29 16:35:51.254] [0m[31;1m(DEBUG)[0m [Producer.APTS_0 ]Read cmd 0x1103 returned 000000003bbb0800
[0m[1m[2023-12-29 16:35:51.254] [0m[31;1m(DEBUG)[0m [Producer.APTS_0 ]Read cmd 0x1103 returned 00000000385b0900
[0m[1m[2023-12-29 16:36:01.302] [0m[31;1m(DEBUG)[0m [Producer.APTS_0 ]Read cmd 0x1103 returned 000000003abb0800
[0m[1m[2023-12-29 16:36:01.303] [0m[31;1m(DEBUG)[0m [Producer.APTS_0 ]Read cmd 0x1103 returned 000000003b2b0900
[0m[1m[2023-12-29 16:36:11.393] [0m[31;1m(DEBUG)[0m [Producer.APTS_0 ]Read cmd 0x1103 returned 0000000037eb0800
[0m[1m[2023-12-29 16:36:11.393] [0m[31;1m(DEBUG)[0m [Producer.APTS_0 ]Read cmd 0x1103 returned 00000000371b0900
[0m[1m[2023-12-29 16:36:21.394] [0m[31;1m(DEBUG)[0m [Producer.APTS_0 ]Read cmd 0x1103 returned 0000000039db0800
[0m[1m[2023-12-29 16:36:21.394] [0m[31;1m(DEBUG)[0m [Producer.APTS_0 ]Read cmd 0x1103 returned 000000003b5b0900
[0m[1m[2023-12-29 16:36:31.421] [0m[31;1m(DEBUG)[0m [Producer.APTS_0 ]Read cmd 0x1103 returned 00000000382b0900
[0m[1m[2023-12-29 16:36:31.422] [0m[31;1m(DEBUG)[0m [Producer.APTS_0 ]Read cmd 0x1103 returned 000000003c1b0900
[0m[1m[2023-12-29 16:36:41.457] [0m[31;1m(DEBUG)[0m [Producer.APTS_0 ]Read cmd 0x1103 returned 00000000391b0900
[0m[1m[2023-12-29 16:36:41.458] [0m[31;1m(DEBUG)[0m [Producer.APTS_0 ]Read cmd 0x1103 returned 0000000039fb0800
[0m[1m[2023-12-29 16:36:51.490] [0m[31;1m(DEBUG)[0m [Producer.APTS_0 ]Read cmd 0x1103 returned 000000003c2b0900
[0m[1m[2023-12-29 16:36:51.491] [0m[31;1m(DEBUG)[0m [Producer.APTS_0 ]Read cmd 0x1103 returned 000000003c2b0900
[0m[1m[2023-12-29 16:37:01.586] [0m[31;1m(DEBUG)[0m [Producer.APTS_0 ]Read cmd 0x1103 returned 000000003b2b0900
[0m[1m[2023-12-29 16:37:01.587] [0m[31;1m(DEBUG)[0m [Producer.APTS_0 ]Read cmd 0x1103 returned 0000000038fb0800
[0m[1m[2023-12-29 16:37:11.651] [0m[31;1m(DEBUG)[0m [Producer.APTS_0 ]Read cmd 0x1103 returned 000000003c5b0900
[0m[1m[2023-12-29 16:37:11.651] [0m[31;1m(DEBUG)[0m [Producer.APTS_0 ]Read cmd 0x1103 returned 0000000039cb0800
[0m[1m[2023-12-29 16:37:21.655] [0m[31;1m(DEBUG)[0m [Producer.APTS_0 ]Read cmd 0x1103 returned 00000000373b0900
[0m[1m[2023-12-29 16:37:21.656] [0m[31;1m(DEBUG)[0m [Producer.APTS_0 ]Read cmd 0x1103 returned 000000003c9b0800
[0m[1m[2023-12-29 16:37:31.659] [0m[31;1m(DEBUG)[0m [Producer.APTS_0 ]Read cmd 0x1103 returned 00000000382b0900
[0m[1m[2023-12-29 16:37:31.660] [0m[31;1m(DEBUG)[0m [Producer.APTS_0 ]Read cmd 0x1103 returned 00000000399b0900
[0m[1m[2023-12-29 16:37:41.669] [0m[31;1m(DEBUG)[0m [Producer.APTS_0 ]Read cmd 0x1103 returned 00000000383b0900
[0m[1m[2023-12-29 16:37:41.669] [0m[31;1m(DEBUG)[0m [Producer.APTS_0 ]Read cmd 0x1103 returned 000000003a0b0900
[0m[1m[2023-12-29 16:37:51.777] [0m[31;1m(DEBUG)[0m [Producer.APTS_0 ]Read cmd 0x1103 returned 000000003b2b0900
[0m[1m[2023-12-29 16:37:51.778] [0m[31;1m(DEBUG)[0m [Producer.APTS_0 ]Read cmd 0x1103 returned 000000003deb0800
[0m[1m[2023-12-29 16:38:01.836] [0m[31;1m(DEBUG)[0m [Producer.APTS_0 ]Read cmd 0x1103 returned 0000000039eb0800
[0m[1m[2023-12-29 16:38:01.837] [0m[31;1m(DEBUG)[0m [Producer.APTS_0 ]Read cmd 0x1103 returned 00000000373b0900
[0m[1m[2023-12-29 16:38:11.932] [0m[31;1m(DEBUG)[0m [Producer.APTS_0 ]Read cmd 0x1103 returned 000000003d4b0900
[0m[1m[2023-12-29 16:38:11.932] [0m[31;1m(DEBUG)[0m [Producer.APTS_0 ]Read cmd 0x1103 returned 000000003c0b0900
[0m[1m[2023-12-29 16:38:21.980] [0m[31;1m(DEBUG)[0m [Producer.APTS_0 ]Read cmd 0x1103 returned 000000003c2b0900
[0m[1m[2023-12-29 16:38:21.981] [0m[31;1m(DEBUG)[0m [Producer.APTS_0 ]Read cmd 0x1103 returned 000000003bcb0800
[0m[1m[2023-12-29 16:38:31.996] [0m[31;1m(DEBUG)[0m [Producer.APTS_0 ]Read cmd 0x1103 returned 00000000391b0900
[0m[1m[2023-12-29 16:38:31.997] [0m[31;1m(DEBUG)[0m [Producer.APTS_0 ]Read cmd 0x1103 returned 0000000039cb0800
[0m[1m[2023-12-29 16:38:42.095] [0m[31;1m(DEBUG)[0m [Producer.APTS_0 ]Read cmd 0x1103 returned 000000003d9b0800
[0m[1m[2023-12-29 16:38:42.095] [0m[31;1m(DEBUG)[0m [Producer.APTS_0 ]Read cmd 0x1103 returned 0000000037ab0800
[0m[1m[2023-12-29 16:38:52.179] [0m[31;1m(DEBUG)[0m [Producer.APTS_0 ]Read cmd 0x1103 returned 000000003deb0800
[0m[1m[2023-12-29 16:38:52.180] [0m[31;1m(DEBUG)[0m [Producer.APTS_0 ]Read cmd 0x1103 returned 000000003a9b0800
[0m[1m[2023-12-29 16:39:02.279] [0m[31;1m(DEBUG)[0m [Producer.APTS_0 ]Read cmd 0x1103 returned 000000003e7b0900
[0m[1m[2023-12-29 16:39:02.280] [0m[31;1m(DEBUG)[0m [Producer.APTS_0 ]Read cmd 0x1103 returned 0000000039db0800
[0m[1m[2023-12-29 16:39:12.298] [0m[31;1m(DEBUG)[0m [Producer.APTS_0 ]Read cmd 0x1103 returned 000000003bcb0800
[0m[1m[2023-12-29 16:39:12.299] [0m[31;1m(DEBUG)[0m [Producer.APTS_0 ]Read cmd 0x1103 returned 000000003c5b0900
[0m[1m[2023-12-29 16:39:22.391] [0m[31;1m(DEBUG)[0m [Producer.APTS_0 ]Read cmd 0x1103 returned 0000000039eb0800
[0m[1m[2023-12-29 16:39:22.392] [0m[31;1m(DEBUG)[0m [Producer.APTS_0 ]Read cmd 0x1103 returned 000000003c2b0900
[0m[1m[2023-12-29 16:39:32.458] [0m[31;1m(DEBUG)[0m [Producer.APTS_0 ]Read cmd 0x1103 returned 000000003d3b0900
[0m[1m[2023-12-29 16:39:32.458] [0m[31;1m(DEBUG)[0m [Producer.APTS_0 ]Read cmd 0x1103 returned 000000003c1b0900
[0m[1m[2023-12-29 16:39:42.502] [0m[31;1m(DEBUG)[0m [Producer.APTS_0 ]Read cmd 0x1103 returned 000000003d8b0800
[0m[1m[2023-12-29 16:39:42.503] [0m[31;1m(DEBUG)[0m [Producer.APTS_0 ]Read cmd 0x1103 returned 000000003bdb0800
[0m[1m[2023-12-29 16:39:52.532] [0m[31;1m(DEBUG)[0m [Producer.APTS_0 ]Read cmd 0x1103 returned 000000003bbb0800
[0m[1m[2023-12-29 16:39:52.532] [0m[31;1m(DEBUG)[0m [Producer.APTS_0 ]Read cmd 0x1103 returned 000000003b7b0900
[0m[1m[2023-12-29 16:40:02.532] [0m[31;1m(DEBUG)[0m [Producer.APTS_0 ]Read cmd 0x1103 returned 000000003f2b0900
[0m[1m[2023-12-29 16:40:02.533] [0m[31;1m(DEBUG)[0m [Producer.APTS_0 ]Read cmd 0x1103 returned 000000003efb0900
[0m[1m[2023-12-29 16:40:12.608] [0m[31;1m(DEBUG)[0m [Producer.APTS_0 ]Read cmd 0x1103 returned 000000003bab0800
[0m[1m[2023-12-29 16:40:12.609] [0m[31;1m(DEBUG)[0m [Producer.APTS_0 ]Read cmd 0x1103 returned 000000003b3b0900
[0m[1m[2023-12-29 16:40:22.624] [0m[31;1m(DEBUG)[0m [Producer.APTS_0 ]Read cmd 0x1103 returned 00000000391b0900
[0m[1m[2023-12-29 16:40:22.624] [0m[31;1m(DEBUG)[0m [Producer.APTS_0 ]Read cmd 0x1103 returned 00000000395b0900
[0m[1m[2023-12-29 16:40:32.690] [0m[31;1m(DEBUG)[0m [Producer.APTS_0 ]Read cmd 0x1103 returned 000000003beb0800
[0m[1m[2023-12-29 16:40:32.690] [0m[31;1m(DEBUG)[0m [Producer.APTS_0 ]Read cmd 0x1103 returned 000000003e3b0900
[0m[1m[2023-12-29 16:40:42.787] [0m[31;1m(DEBUG)[0m [Producer.APTS_0 ]Read cmd 0x1103 returned 000000003abb0800
[0m[1m[2023-12-29 16:40:42.787] [0m[31;1m(DEBUG)[0m [Producer.APTS_0 ]Read cmd 0x1103 returned 00000000396b0900
[0m[1m[2023-12-29 16:40:52.813] [0m[31;1m(DEBUG)[0m [Producer.APTS_0 ]Read cmd 0x1103 returned 000000003b1b0900
[0m[1m[2023-12-29 16:40:52.813] [0m[31;1m(DEBUG)[0m [Producer.APTS_0 ]Read cmd 0x1103 returned 000000003b4b0900
[0m[1m[2023-12-29 16:41:02.883] [0m[31;1m(DEBUG)[0m [Producer.APTS_0 ]Read cmd 0x1103 returned 000000003c6b0900
[0m[1m[2023-12-29 16:41:02.884] [0m[31;1m(DEBUG)[0m [Producer.APTS_0 ]Read cmd 0x1103 returned 00000000408b0800
[0m[1m[2023-12-29 16:41:12.913] [0m[31;1m(DEBUG)[0m [Producer.APTS_0 ]Read cmd 0x1103 returned 000000003afb0800
[0m[1m[2023-12-29 16:41:12.914] [0m[31;1m(DEBUG)[0m [Producer.APTS_0 ]Read cmd 0x1103 returned 000000003b3b0900
[0m[1m[2023-12-29 16:41:22.932] [0m[31;1m(DEBUG)[0m [Producer.APTS_0 ]Read cmd 0x1103 returned 000000003bdb0800
[0m[1m[2023-12-29 16:41:22.933] [0m[31;1m(DEBUG)[0m [Producer.APTS_0 ]Read cmd 0x1103 returned 000000003a1b0900
[0m[1m[2023-12-29 16:41:32.967] [0m[31;1m(DEBUG)[0m [Producer.APTS_0 ]Read cmd 0x1103 returned 000000003c0b0900
[0m[1m[2023-12-29 16:41:32.967] [0m[31;1m(DEBUG)[0m [Producer.APTS_0 ]Read cmd 0x1103 returned 00000000361b0900
[0m[1m[2023-12-29 16:41:43.137] [0m[31;1m(DEBUG)[0m [Producer.APTS_0 ]Read cmd 0x1103 returned 000000003dab0800
[0m[1m[2023-12-29 16:41:43.137] [0m[31;1m(DEBUG)[0m [Producer.APTS_0 ]Read cmd 0x1103 returned 000000003b3b0900
[0m[1m[2023-12-29 16:41:53.215] [0m[31;1m(DEBUG)[0m [Producer.APTS_0 ]Read cmd 0x1103 returned 000000003ccb0800
[0m[1m[2023-12-29 16:41:53.215] [0m[31;1m(DEBUG)[0m [Producer.APTS_0 ]Read cmd 0x1103 returned 000000003aeb0800
[0m[1m[2023-12-29 16:42:03.228] [0m[31;1m(DEBUG)[0m [Producer.APTS_0 ]Read cmd 0x1103 returned 000000003bab0800
[0m[1m[2023-12-29 16:42:03.228] [0m[31;1m(DEBUG)[0m [Producer.APTS_0 ]Read cmd 0x1103 returned 000000003abb0800
[0m[1m[2023-12-29 16:42:13.311] [0m[31;1m(DEBUG)[0m [Producer.APTS_0 ]Read cmd 0x1103 returned 000000003b6b0900
[0m[1m[2023-12-29 16:42:13.311] [0m[31;1m(DEBUG)[0m [Producer.APTS_0 ]Read cmd 0x1103 returned 000000003dfb0800
[0m[1m[2023-12-29 16:42:23.334] [0m[31;1m(DEBUG)[0m [Producer.APTS_0 ]Read cmd 0x1103 returned 000000003d1b0900
[0m[1m[2023-12-29 16:42:23.334] [0m[31;1m(DEBUG)[0m [Producer.APTS_0 ]Read cmd 0x1103 returned 000000003a0b0900
[0m[1m[2023-12-29 16:42:33.391] [0m[31;1m(DEBUG)[0m [Producer.APTS_0 ]Read cmd 0x1103 returned 00000000392b0900
[0m[1m[2023-12-29 16:42:33.391] [0m[31;1m(DEBUG)[0m [Producer.APTS_0 ]Read cmd 0x1103 returned 000000003b1b0900
[0m[1m[2023-12-29 16:42:43.420] [0m[31;1m(DEBUG)[0m [Producer.APTS_0 ]Read cmd 0x1103 returned 000000003b0b0900
[0m[1m[2023-12-29 16:42:43.420] [0m[31;1m(DEBUG)[0m [Producer.APTS_0 ]Read cmd 0x1103 returned 000000003c7b0900
[0m[1m[2023-12-29 16:42:53.478] [0m[31;1m(DEBUG)[0m [Producer.APTS_0 ]Read cmd 0x1103 returned 000000003d2b0900
[0m[1m[2023-12-29 16:42:53.479] [0m[31;1m(DEBUG)[0m [Producer.APTS_0 ]Read cmd 0x1103 returned 00000000395b0900
[0m[1m[2023-12-29 16:43:03.484] [0m[31;1m(DEBUG)[0m [Producer.APTS_0 ]Read cmd 0x1103 returned 000000003d3b0900
[0m[1m[2023-12-29 16:43:03.484] [0m[31;1m(DEBUG)[0m [Producer.APTS_0 ]Read cmd 0x1103 returned 000000003beb0800
[0m[1m[2023-12-29 16:43:13.560] [0m[31;1m(DEBUG)[0m [Producer.APTS_0 ]Read cmd 0x1103 returned 000000003b3b0900
[0m[1m[2023-12-29 16:43:13.560] [0m[31;1m(DEBUG)[0m [Producer.APTS_0 ]Read cmd 0x1103 returned 000000003ccb0800
[0m[1m[2023-12-29 16:43:23.569] [0m[31;1m(DEBUG)[0m [Producer.APTS_0 ]Read cmd 0x1103 returned 000000003dcb0800
[0m[1m[2023-12-29 16:43:23.570] [0m[31;1m(DEBUG)[0m [Producer.APTS_0 ]Read cmd 0x1103 returned 000000003d8b0900
[0m[1m[2023-12-29 16:43:33.588] [0m[31;1m(DEBUG)[0m [Producer.APTS_0 ]Read cmd 0x1103 returned 000000003d3b0900
[0m[1m[2023-12-29 16:43:33.589] [0m[31;1m(DEBUG)[0m [Producer.APTS_0 ]Read cmd 0x1103 returned 000000003bdb0800
[0m[1m[2023-12-29 16:43:43.661] [0m[31;1m(DEBUG)[0m [Producer.APTS_0 ]Read cmd 0x1103 returned 0000000039bb0800
[0m[1m[2023-12-29 16:43:43.661] [0m[31;1m(DEBUG)[0m [Producer.APTS_0 ]Read cmd 0x1103 returned 00000000403b0900
[0m[1m[2023-12-29 16:43:53.733] [0m[31;1m(DEBUG)[0m [Producer.APTS_0 ]Read cmd 0x1103 returned 000000003b0b0900
[0m[1m[2023-12-29 16:43:53.734] [0m[31;1m(DEBUG)[0m [Producer.APTS_0 ]Read cmd 0x1103 returned 000000003deb0800
[0m[1m[2023-12-29 16:44:03.830] [0m[31;1m(DEBUG)[0m [Producer.APTS_0 ]Read cmd 0x1103 returned 000000003cdb0800
[0m[1m[2023-12-29 16:44:03.831] [0m[31;1m(DEBUG)[0m [Producer.APTS_0 ]Read cmd 0x1103 returned 000000003cbb0800
[0m[1m[2023-12-29 16:44:13.953] [0m[31;1m(DEBUG)[0m [Producer.APTS_0 ]Read cmd 0x1103 returned 000000003f8b0800
[0m[1m[2023-12-29 16:44:13.954] [0m[31;1m(DEBUG)[0m [Producer.APTS_0 ]Read cmd 0x1103 returned 000000003bdb0800
[0m[1m[2023-12-29 16:44:23.962] [0m[31;1m(DEBUG)[0m [Producer.APTS_0 ]Read cmd 0x1103 returned 000000003dbb0800
[0m[1m[2023-12-29 16:44:23.962] [0m[31;1m(DEBUG)[0m [Producer.APTS_0 ]Read cmd 0x1103 returned 000000003efb0800
[0m[1m[2023-12-29 16:44:34.057] [0m[31;1m(DEBUG)[0m [Producer.APTS_0 ]Read cmd 0x1103 returned 000000003ebb0800
[0m[1m[2023-12-29 16:44:34.058] [0m[31;1m(DEBUG)[0m [Producer.APTS_0 ]Read cmd 0x1103 returned 000000003c4b0800
[0m[1m[2023-12-29 16:44:44.090] [0m[31;1m(DEBUG)[0m [Producer.APTS_0 ]Read cmd 0x1103 returned 000000003a1b0900
[0m[1m[2023-12-29 16:44:44.091] [0m[31;1m(DEBUG)[0m [Producer.APTS_0 ]Read cmd 0x1103 returned 000000003d3b0900
[0m[1m[2023-12-29 16:44:54.182] [0m[31;1m(DEBUG)[0m [Producer.APTS_0 ]Read cmd 0x1103 returned 000000003d0b0900
[0m[1m[2023-12-29 16:44:54.183] [0m[31;1m(DEBUG)[0m [Producer.APTS_0 ]Read cmd 0x1103 returned 000000003fcb0800
[0m[1m[2023-12-29 16:45:04.201] [0m[31;1m(DEBUG)[0m [Producer.APTS_0 ]Read cmd 0x1103 returned 00000000390b0900
[0m[1m[2023-12-29 16:45:04.202] [0m[31;1m(DEBUG)[0m [Producer.APTS_0 ]Read cmd 0x1103 returned 000000003aeb0800
[0m[1m[2023-12-29 16:45:14.259] [0m[31;1m(DEBUG)[0m [Producer.APTS_0 ]Read cmd 0x1103 returned 000000003bfb0800
[0m[1m[2023-12-29 16:45:14.260] [0m[31;1m(DEBUG)[0m [Producer.APTS_0 ]Read cmd 0x1103 returned 000000003c7b0900
[0m[1m[2023-12-29 16:45:24.345] [0m[31;1m(DEBUG)[0m [Producer.APTS_0 ]Read cmd 0x1103 returned 000000003d9b0800
[0m[1m[2023-12-29 16:45:24.346] [0m[31;1m(DEBUG)[0m [Producer.APTS_0 ]Read cmd 0x1103 returned 000000003c1b0900
[0m[1m[2023-12-29 16:45:34.362] [0m[31;1m(DEBUG)[0m [Producer.APTS_0 ]Read cmd 0x1103 returned 000000003c4b0900
[0m[1m[2023-12-29 16:45:34.363] [0m[31;1m(DEBUG)[0m [Producer.APTS_0 ]Read cmd 0x1103 returned 000000003bbb0900
[0m[1m[2023-12-29 16:45:44.399] [0m[31;1m(DEBUG)[0m [Producer.APTS_0 ]Read cmd 0x1103 returned 000000003c8b0800
[0m[1m[2023-12-29 16:45:44.399] [0m[31;1m(DEBUG)[0m [Producer.APTS_0 ]Read cmd 0x1103 returned 000000003b0b0900
[0m[1m[2023-12-29 16:45:54.479] [0m[31;1m(DEBUG)[0m [Producer.APTS_0 ]Read cmd 0x1103 returned 000000003a2b0900
[0m[1m[2023-12-29 16:45:54.480] [0m[31;1m(DEBUG)[0m [Producer.APTS_0 ]Read cmd 0x1103 returned 000000003b1b0900
[0m[1m[2023-12-29 16:46:04.489] [0m[31;1m(DEBUG)[0m [Producer.APTS_0 ]Read cmd 0x1103 returned 000000003c1b0900
[0m[1m[2023-12-29 16:46:04.490] [0m[31;1m(DEBUG)[0m [Producer.APTS_0 ]Read cmd 0x1103 returned 000000003cab0900
[0m[1m[2023-12-29 16:46:14.521] [0m[31;1m(DEBUG)[0m [Producer.APTS_0 ]Read cmd 0x1103 returned 000000003eeb0800
[0m[1m[2023-12-29 16:46:14.522] [0m[31;1m(DEBUG)[0m [Producer.APTS_0 ]Read cmd 0x1103 returned 000000003f1b0900
[0m[1m[2023-12-29 16:46:24.559] [0m[31;1m(DEBUG)[0m [Producer.APTS_0 ]Read cmd 0x1103 returned 0000000038cb0800
[0m[1m[2023-12-29 16:46:24.559] [0m[31;1m(DEBUG)[0m [Producer.APTS_0 ]Read cmd 0x1103 returned 000000003c4b0900
[0m[1m[2023-12-29 16:46:34.713] [0m[31;1m(DEBUG)[0m [Producer.APTS_0 ]Read cmd 0x1103 returned 000000003c0b0900
[0m[1m[2023-12-29 16:46:34.713] [0m[31;1m(DEBUG)[0m [Producer.APTS_0 ]Read cmd 0x1103 returned 0000000039db0800
[0m[1m[2023-12-29 16:46:44.768] [0m[31;1m(DEBUG)[0m [Producer.APTS_0 ]Read cmd 0x1103 returned 000000003b2b0900
[0m[1m[2023-12-29 16:46:44.768] [0m[31;1m(DEBUG)[0m [Producer.APTS_0 ]Read cmd 0x1103 returned 000000003bfb0800
[0m[1m[2023-12-29 16:46:54.849] [0m[31;1m(DEBUG)[0m [Producer.APTS_0 ]Read cmd 0x1103 returned 000000003a5b0900
[0m[1m[2023-12-29 16:46:54.850] [0m[31;1m(DEBUG)[0m [Producer.APTS_0 ]Read cmd 0x1103 returned 0000000038bb0800
[0m[1m[2023-12-29 16:47:04.932] [0m[31;1m(DEBUG)[0m [Producer.APTS_0 ]Read cmd 0x1103 returned 000000003a5b0900
[0m[1m[2023-12-29 16:47:04.933] [0m[31;1m(DEBUG)[0m [Producer.APTS_0 ]Read cmd 0x1103 returned 000000003b0b0900
[0m[1m[2023-12-29 16:47:14.962] [0m[31;1m(DEBUG)[0m [Producer.APTS_0 ]Read cmd 0x1103 returned 00000000392b0900
[0m[1m[2023-12-29 16:47:14.962] [0m[31;1m(DEBUG)[0m [Producer.APTS_0 ]Read cmd 0x1103 returned 000000003efb0800
[0m[1m[2023-12-29 16:47:25.011] [0m[31;1m(DEBUG)[0m [Producer.APTS_0 ]Read cmd 0x1103 returned 000000003bfb0800
[0m[1m[2023-12-29 16:47:25.011] [0m[31;1m(DEBUG)[0m [Producer.APTS_0 ]Read cmd 0x1103 returned 000000003d0b0900
[0m[1m[2023-12-29 16:47:35.073] [0m[31;1m(DEBUG)[0m [Producer.APTS_0 ]Read cmd 0x1103 returned 0000000037eb0800
[0m[1m[2023-12-29 16:47:35.073] [0m[31;1m(DEBUG)[0m [Producer.APTS_0 ]Read cmd 0x1103 returned 000000003bcb0800
[0m[1m[2023-12-29 16:47:45.120] [0m[31;1m(DEBUG)[0m [Producer.APTS_0 ]Read cmd 0x1103 returned 00000000380b0900
[0m[1m[2023-12-29 16:47:45.121] [0m[31;1m(DEBUG)[0m [Producer.APTS_0 ]Read cmd 0x1103 returned 0000000039cb0800
[0m[1m[2023-12-29 16:47:55.146] [0m[31;1m(DEBUG)[0m [Producer.APTS_0 ]Read cmd 0x1103 returned 000000003afb0800
[0m[1m[2023-12-29 16:47:55.147] [0m[31;1m(DEBUG)[0m [Producer.APTS_0 ]Read cmd 0x1103 returned 000000003d3b0900
[0m[1m[2023-12-29 16:48:05.169] [0m[31;1m(DEBUG)[0m [Producer.APTS_0 ]Read cmd 0x1103 returned 000000003b8b0900
[0m[1m[2023-12-29 16:48:05.170] [0m[31;1m(DEBUG)[0m [Producer.APTS_0 ]Read cmd 0x1103 returned 000000003bfb0800
[0m[1m[2023-12-29 16:48:15.201] [0m[31;1m(DEBUG)[0m [Producer.APTS_0 ]Read cmd 0x1103 returned 000000003afb0800
[0m[1m[2023-12-29 16:48:15.202] [0m[31;1m(DEBUG)[0m [Producer.APTS_0 ]Read cmd 0x1103 returned 000000003e9b0900
[0m[1m[2023-12-29 16:48:25.323] [0m[31;1m(DEBUG)[0m [Producer.APTS_0 ]Read cmd 0x1103 returned 000000003d1b0900
[0m[1m[2023-12-29 16:48:25.324] [0m[31;1m(DEBUG)[0m [Producer.APTS_0 ]Read cmd 0x1103 returned 00000000393b0900
[0m[1m[2023-12-29 16:48:35.350] [0m[31;1m(DEBUG)[0m [Producer.APTS_0 ]Read cmd 0x1103 returned 000000003c0b0900
[0m[1m[2023-12-29 16:48:35.351] [0m[31;1m(DEBUG)[0m [Producer.APTS_0 ]Read cmd 0x1103 returned 000000003cbb0800
[0m[1m[2023-12-29 16:48:45.360] [0m[31;1m(DEBUG)[0m [Producer.APTS_0 ]Read cmd 0x1103 returned 0000000037fb0800
[0m[1m[2023-12-29 16:48:45.360] [0m[31;1m(DEBUG)[0m [Producer.APTS_0 ]Read cmd 0x1103 returned 000000003b1b0900
[0m[1m[2023-12-29 16:48:51.665] [0m[32;1m(INFO)[0m [RunControl.RC-TUI ]Processing StopRun command for RUN #525155732
[0m[1m[2023-12-29 16:48:51.665] [0m[32;1m(INFO)[0m [Producer.APTS_0 ]RUN #525155732 is to be stopped...
[0m[1m[2023-12-29 16:48:51.740] [0m[31;1m(DEBUG)[0m [Producer.APTS_0 ]Read cmd 0x1103 returned 00000000380b0900
[0m[1m[2023-12-29 16:48:51.741] [0m[31;1m(DEBUG)[0m [Producer.APTS_0 ]Read cmd 0x1103 returned 000000003c2b0900
[0m[1m[2023-12-29 16:48:52.842] [0m[31;1m(DEBUG)[0m [Producer.APTS_0 ]Read cmd 0x1103 returned 00000000383b0900
[0m[1m[2023-12-29 16:48:52.842] [0m[31;1m(DEBUG)[0m [Producer.APTS_0 ]Read cmd 0x1103 returned 00000000390b0900
[0m[1m[2023-12-29 16:48:52.842] [0m[32;1m(INFO)[0m [Producer.APTS_0 ]RUN #525155732 is stopped.
[0m[1m[2023-12-29 16:48:52.906] [0m[32;1m(INFO)[0m [DataCollector.dc ]DataReceiver: Disconnected from <ConnectionTCP>
  <FD>tcp://127.0.0.1:40588</FD>
  <Connection>
    <Type>Producer</Type>
    <Name>APTS_0</Name>
    <State>0</State>
  </Connection>
</ConnectionTCP>

[0m[1m[2023-12-29 16:48:52.968] [0m[32;1m(INFO)[0m [Producer.POWER_0 ]RUN #525155732 is to be stopped...
[0m[1m[2023-12-29 16:48:52.968] [0m[32;1m(INFO)[0m [Producer.ALPIDE_plane_1 ]RUN #525155732 is to be stopped...
[0m[1m[2023-12-29 16:48:52.968] [0m[32;1m(INFO)[0m [Producer.ALPIDE_plane_0 ]RUN #525155732 is to be stopped...
[0m[1m[2023-12-29 16:48:53.156] [0m[32;1m(INFO)[0m [Producer.ALPIDE_plane_0 ]RUN #525155732 is stopped.
[0m[1m[2023-12-29 16:48:53.158] [0m[32;1m(INFO)[0m [Producer.ALPIDE_plane_1 ]RUN #525155732 is stopped.
[0m[1m[2023-12-29 16:48:53.259] [0m[32;1m(INFO)[0m [DataCollector.dc ]DataReceiver: Disconnected from <ConnectionTCP>
  <FD>tcp://127.0.0.1:40566</FD>
  <Connection>
    <Type>Producer</Type>
    <Name>ALPIDE_plane_1</Name>
    <State>0</State>
  </Connection>
</ConnectionTCP>

[0m[1m[2023-12-29 16:48:53.259] [0m[32;1m(INFO)[0m [DataCollector.dc ]DataReceiver: Disconnected from <ConnectionTCP>
  <FD>tcp://127.0.0.1:40568</FD>
  <Connection>
    <Type>Producer</Type>
    <Name>ALPIDE_plane_0</Name>
    <State>0</State>
  </Connection>
</ConnectionTCP>

[0m[1m[2023-12-29 16:48:54.037] [0m[32;1m(INFO)[0m [Producer.POWER_0 ]RUN #525155732 is stopped.
[0m[1m[2023-12-29 16:48:54.137] [0m[32;1m(INFO)[0m [DataCollector.dc ]DataReceiver: Disconnected from <ConnectionTCP>
  <FD>tcp://127.0.0.1:40554</FD>
  <Connection>
    <Type>Producer</Type>
    <Name>POWER_0</Name>
    <State>0</State>
  </Connection>
</ConnectionTCP>

[0m[1m[2023-12-29 16:48:54.172] [0m[32;1m(INFO)[0m [DataCollector.dc ]RUN #525155732 is to be stopped...
[0m[1m[2023-12-29 16:48:55.357] [0m[32;1m(INFO)[0m [DataCollector.dc ]RUN #525155732 is stopped.
[0m[1m[2023-12-29 16:48:55.408] [0m[32;1m(INFO)[0m [RunControl.RC-TUI ]Processing Terminate command
