
*** LogCollector started at 2024-01-05 14:45:47.670 ***
[0m[1m[2024-01-05 14:45:47.669] [0m[32;1m(INFO)[0m [RunControl.RC-TUI ]Processing Initialise command for log
[0m[1m[2024-01-05 14:45:47.669] [0m[32;1m(INFO)[0m [RunControl.RC-TUI ]Processing Initialise command for dc
[0m[1m[2024-01-05 14:45:47.673] [0m[32;1m(INFO)[0m [RunControl.RC-TUI ]Processing Initialise command for ALPIDE_plane_0
[0m[1m[2024-01-05 14:45:47.676] [0m[32;1m(INFO)[0m [RunControl.RC-TUI ]Processing Initialise command for ALPIDE_plane_1
[0m[1m[2024-01-05 14:45:47.676] [0m[32;1m(INFO)[0m [RunControl.RC-TUI ]Processing Initialise command for ALPIDE_plane_2
[0m[1m[2024-01-05 14:45:47.676] [0m[32;1m(INFO)[0m [RunControl.RC-TUI ]Processing Initialise command for POWER_0
[0m[1m[2024-01-05 14:45:47.676] [0m[32;1m(INFO)[0m [RunControl.RC-TUI ]Processing Initialise command for POWER_1
[0m[1m[2024-01-05 14:45:47.676] [0m[32;1m(INFO)[0m [RunControl.RC-TUI ]Processing Initialise command for APTS_0
[0m[1m[2024-01-05 14:45:47.714] [0m[32;1m(INFO)[0m [DataCollector.dc ]Receive an INI section
    <Configuration>
      <Section title="">
        <EUDAQ_LOG_ADDR>tcp://127.0.0.1:55000</EUDAQ_LOG_ADDR>
        <Name>lab-3ALPIDE-1APTS.ini</Name>
      </Section>
      <Section title="DataCollector.dc">
        <dataproducers>ALPIDE_plane_0,APTS_0,ALPIDE_plane_1,ALPIDE_plane_2</dataproducers>
      </Section>
    </Configuration>

[0m[1m[2024-01-05 14:45:47.714] [0m[32;1m(INFO)[0m [Producer.POWER_0 ]Receive an INI section
    <Configuration>
      <Section title="">
        <EUDAQ_LOG_ADDR>tcp://127.0.0.1:55000</EUDAQ_LOG_ADDR>
        <Name>lab-3ALPIDE-1APTS.ini</Name>
      </Section>
      <Section title="Producer.POWER_0">
        <path>/dev/hmp4040_3</path>
      </Section>
    </Configuration>

[0m[1m[2024-01-05 14:45:47.714] [0m[32;1m(INFO)[0m [Producer.ALPIDE_plane_1 ]Receive an INI section
    <Configuration>
      <Section title="">
        <EUDAQ_LOG_ADDR>tcp://127.0.0.1:55000</EUDAQ_LOG_ADDR>
        <Name>lab-3ALPIDE-1APTS.ini</Name>
      </Section>
      <Section title="Producer.ALPIDE_plane_1">
        <plane>2</plane>
        <serial>DAQ-0009010E08931906</serial>
        <triggermode>replica</triggermode>
      </Section>
    </Configuration>

[0m[1m[2024-01-05 14:45:47.714] [0m[32;1m(INFO)[0m [Producer.ALPIDE_plane_0 ]Receive an INI section
    <Configuration>
      <Section title="">
        <EUDAQ_LOG_ADDR>tcp://127.0.0.1:55000</EUDAQ_LOG_ADDR>
        <Name>lab-3ALPIDE-1APTS.ini</Name>
      </Section>
      <Section title="Producer.ALPIDE_plane_0">
        <plane>0</plane>
        <serial>DAQ-0009010E08933325</serial>
        <triggermode>replica</triggermode>
      </Section>
    </Configuration>

[0m[1m[2024-01-05 14:45:47.714] [0m[32;1m(INFO)[0m [Producer.ALPIDE_plane_2 ]Receive an INI section
    <Configuration>
      <Section title="">
        <EUDAQ_LOG_ADDR>tcp://127.0.0.1:55000</EUDAQ_LOG_ADDR>
        <Name>lab-3ALPIDE-1APTS.ini</Name>
      </Section>
      <Section title="Producer.ALPIDE_plane_2">
        <plane>3</plane>
        <serial>DAQ-0009010E08933225</serial>
        <triggermode>replica</triggermode>
      </Section>
    </Configuration>

[0m[1m[2024-01-05 14:45:47.714] [0m[32;1m(INFO)[0m [Producer.POWER_1 ]Receive an INI section
    <Configuration>
      <Section title="">
        <EUDAQ_LOG_ADDR>tcp://127.0.0.1:55000</EUDAQ_LOG_ADDR>
        <Name>lab-3ALPIDE-1APTS.ini</Name>
      </Section>
      <Section title="Producer.POWER_1">
        <path>/dev/hmp2030</path>
      </Section>
    </Configuration>

[0m[1m[2024-01-05 14:45:47.714] [0m[32;1m(INFO)[0m [Producer.APTS_0 ]Receive an INI section
    <Configuration>
      <Section title="">
        <EUDAQ_LOG_ADDR>tcp://127.0.0.1:55000</EUDAQ_LOG_ADDR>
        <Name>lab-3ALPIDE-1APTS.ini</Name>
      </Section>
      <Section title="Producer.APTS_0">
        <#serial>DAQ-0009010E08932125</#serial>
        <#triggermode>replica</#triggermode>
        <plane>1</plane>
        <proximity>APTS-017</proximity>
        <serial>DAQ-0009010E08931D07</serial>
      </Section>
    </Configuration>

[0m[1m[2024-01-05 14:45:47.714] [0m[32;1m(INFO)[0m [DataCollector.dc ]DataCollector.dc is to be initialised...
[0m[1m[2024-01-05 14:45:47.714] [0m[32;1m(INFO)[0m [DataCollector.dc ]TCPServer:: Listening on port 44517
[0m[1m[2024-01-05 14:45:47.715] [0m[32;1m(INFO)[0m [Producer.POWER_0 ]Producer.POWER_0 is to be initialised...
[0m[1m[2024-01-05 14:45:47.731] [0m[32;1m(INFO)[0m [Producer.POWER_0 ]Producer.POWER_0 is initialised.
[0m[1m[2024-01-05 14:45:47.714] [0m[32;1m(INFO)[0m [Producer.ALPIDE_plane_2 ]Producer.ALPIDE_plane_2 is to be initialised...
[0m[1m[2024-01-05 14:45:47.714] [0m[32;1m(INFO)[0m [Producer.POWER_1 ]Producer.POWER_1 is to be initialised...
[0m[1m[2024-01-05 14:45:47.730] [0m[32;1m(INFO)[0m [Producer.POWER_1 ]Producer.POWER_1 is initialised.
[0m[1m[2024-01-05 14:45:47.714] [0m[32;1m(INFO)[0m [Producer.ALPIDE_plane_1 ]Producer.ALPIDE_plane_1 is to be initialised...
[0m[1m[2024-01-05 14:45:47.714] [0m[32;1m(INFO)[0m [Producer.ALPIDE_plane_0 ]Producer.ALPIDE_plane_0 is to be initialised...
[0m[1m[2024-01-05 14:45:47.714] [0m[32;1m(INFO)[0m [Producer.APTS_0 ]Producer.APTS_0 is to be initialised...
[0m[1m[2024-01-05 14:45:47.715] [0m[32;1m(INFO)[0m [Producer.APTS_0 ]Initialising MLR1 DAQ Board
[0m[1m[2024-01-05 14:45:47.718] [0m[31;1m(DEBUG)[0m [Producer.APTS_0 ]v1.10.2 - /home/next/.local/lib/python3.10/site-packages/mlr1daqboard is not a git repository but an installation directory. Git hash at installation: f39ffae61a5ded937a877f938b665ea40cb8dcd9
[0m[1m[2024-01-05 14:45:47.720] [0m[31;1m(DEBUG)[0m [Producer.APTS_0 ]File /home/next/.local/lib/python3.10/site-packages/mlr1daqboard/mlr1daqboard.py installed in /home/next/.local/lib/python3.10/site-packages/mlr1daqboard v1.10.2:
Created:  2023-08-11 08:02:04.290911 UTC
Accessed: 2024-01-05 02:10:12.660446 UTC
Modified: 2023-08-11 08:02:04.290911 UTC
Size:     30355
git diff at installation:
[0m[1m[2024-01-05 14:45:47.720] [0m[31;1m(DEBUG)[0m [Producer.APTS_0 ]Loaded DAC calibration from /home/next/.local/lib/python3.10/site-packages/mlr1daqboard/calibration/APTS-017.json: {
    "IDAC": {
        "CE_COL_AP_IBIASN": [
            0.0185,
            3.31,
            660
        ],
        "CE_MAT_AP_IBIAS4SF_DP_IBIASF": [
            0.38109,
            74.84,
            10000
        ],
        "CE_PMOS_AP_DP_IRESET": [
            3.1e-05,
            0.1,
            1.6
        ],
        "AP_IBIASP_DP_IDB": [
            0.0158,
            1.56,
            460
        ],
        "AP_IBIAS3_DP_IBIAS": [
            0.012,
            1.03,
            560
        ]
    },
    "VDAC": {
        "AP_SEL0": [
            0.03809,
            1.13,
            1200
        ],
        "AP_SEL1": [
            0.03795,
            7.01,
            1200
        ],
        "AP_VRESET": [
            0.03807,
            1.15,
            1200
        ],
        "CE_VOFFSET_AP_DP_VH": [
            0.03806,
            4.17,
            1200
        ],
        "AP_VCASP_MUX0_DP_VCASB": [
            0.03809,
            5.14,
            1200
        ],
        "AP_VCASN_MUX1_DP_VCASN": [
            0.03809,
            2.45,
            1200
        ]
    }
}
[0m[1m[2024-01-05 14:45:47.735] [0m[31;1m(DEBUG)[0m [Producer.APTS_0 ]Using DAQ board with serial number DAQ-0009010E08931D07
[0m[1m[2024-01-05 14:45:47.943] [0m[32;1m(INFO)[0m [Producer.ALPIDE_plane_2 ]Producer.ALPIDE_plane_2 is initialised.
[0m[1m[2024-01-05 14:45:47.952] [0m[32;1m(INFO)[0m [Producer.ALPIDE_plane_0 ]Producer.ALPIDE_plane_0 is initialised.
[0m[1m[2024-01-05 14:45:47.952] [0m[32;1m(INFO)[0m [Producer.ALPIDE_plane_1 ]Producer.ALPIDE_plane_1 is initialised.
[0m[1m[2024-01-05 14:45:48.038] [0m[31;1m(DEBUG)[0m [Producer.APTS_0 ]Read cmd 0x1602 returned 0000000016737e10
[0m[1m[2024-01-05 14:45:48.039] [0m[31;1m(DEBUG)[0m [Producer.APTS_0 ]Firmware version: 0x107E7316
[0m[1m[2024-01-05 14:45:48.039] [0m[31;1m(DEBUG)[0m [Producer.APTS_0 ]Read cmd 0x1600 returned 00000000fe000000
[0m[1m[2024-01-05 14:45:48.040] [0m[32;1m(INFO)[0m [Producer.APTS_0 ]Producer.APTS_0 is initialised.
[0m[1m[2024-01-05 14:45:48.715] [0m[32;1m(INFO)[0m [DataCollector.dc ]DataCollector.dc is initialised.
[0m[1m[2024-01-05 14:45:48.745] [0m[32;1m(INFO)[0m [RunControl.RC-TUI ]Processing Configure command
[0m[1m[2024-01-05 14:45:48.745] [0m[32;1m(INFO)[0m [DataCollector.dc ]Receive a CONF section
    <Configuration>
      <Section title="">
        <DataCollector.dc>tcp://127.0.0.1:44517</DataCollector.dc>
        <LogCollector.log>tcp://127.0.0.1:55000</LogCollector.log>
        <Name>lab-3ALPIDE-1APTS.conf</Name>
      </Section>
      <Section title="DataCollector.dc">
        <#EUDAQ_DATACOL_SEND_MONITOR_FRACTION>10</#EUDAQ_DATACOL_SEND_MONITOR_FRACTION>
        <#EUDAQ_FW_PATTERN>/dev/null/run$6R_$12D$X</#EUDAQ_FW_PATTERN>
        <#EUDAQ_MN>mon</#EUDAQ_MN>
        <EUDAQ_FW>native</EUDAQ_FW>
        <EUDAQ_FW_PATTERN>/home/next/ITS3/eudaq/data/20240105/run$6R_$12D$X</EUDAQ_FW_PATTERN>
      </Section>
    </Configuration>

[0m[1m[2024-01-05 14:45:48.745] [0m[32;1m(INFO)[0m [Producer.POWER_0 ]Receive a CONF section
    <Configuration>
      <Section title="">
        <DataCollector.dc>tcp://127.0.0.1:44517</DataCollector.dc>
        <LogCollector.log>tcp://127.0.0.1:55000</LogCollector.log>
        <Name>lab-3ALPIDE-1APTS.conf</Name>
      </Section>
      <Section title="Producer.POWER_0">
        <EUDAQ_DC>dc</EUDAQ_DC>
      </Section>
    </Configuration>

[0m[1m[2024-01-05 14:45:48.745] [0m[32;1m(INFO)[0m [Producer.ALPIDE_plane_0 ]Receive a CONF section
    <Configuration>
      <Section title="">
        <DataCollector.dc>tcp://127.0.0.1:44517</DataCollector.dc>
        <LogCollector.log>tcp://127.0.0.1:55000</LogCollector.log>
        <Name>lab-3ALPIDE-1APTS.conf</Name>
      </Section>
      <Section title="Producer.ALPIDE_plane_0">
        <EUDAQ_DC>dc</EUDAQ_DC>
        <EUDAQ_ID>0</EUDAQ_ID>
        <ITHR>60</ITHR>
        <STROBE_LENGTH>800</STROBE_LENGTH>
        <VCASN>106</VCASN>
        <VCASN2>118</VCASN2>
        <VCLIP>60</VCLIP>
      </Section>
    </Configuration>

[0m[1m[2024-01-05 14:45:48.745] [0m[32;1m(INFO)[0m [Producer.ALPIDE_plane_2 ]Receive a CONF section
    <Configuration>
      <Section title="">
        <DataCollector.dc>tcp://127.0.0.1:44517</DataCollector.dc>
        <LogCollector.log>tcp://127.0.0.1:55000</LogCollector.log>
        <Name>lab-3ALPIDE-1APTS.conf</Name>
      </Section>
      <Section title="Producer.ALPIDE_plane_2">
        <EUDAQ_DC>dc</EUDAQ_DC>
        <EUDAQ_ID>3</EUDAQ_ID>
        <ITHR>60</ITHR>
        <STROBE_LENGTH>800</STROBE_LENGTH>
        <VCASN>106</VCASN>
        <VCASN2>118</VCASN2>
        <VCLIP>60</VCLIP>
      </Section>
    </Configuration>

[0m[1m[2024-01-05 14:45:48.745] [0m[32;1m(INFO)[0m [Producer.POWER_1 ]Receive a CONF section
    <Configuration>
      <Section title="">
        <DataCollector.dc>tcp://127.0.0.1:44517</DataCollector.dc>
        <LogCollector.log>tcp://127.0.0.1:55000</LogCollector.log>
        <Name>lab-3ALPIDE-1APTS.conf</Name>
      </Section>
      <Section title="Producer.POWER_1">
        <EUDAQ_DC>dc</EUDAQ_DC>
      </Section>
    </Configuration>

[0m[1m[2024-01-05 14:45:48.745] [0m[32;1m(INFO)[0m [Producer.APTS_0 ]Receive a CONF section
    <Configuration>
      <Section title="">
        <DataCollector.dc>tcp://127.0.0.1:44517</DataCollector.dc>
        <LogCollector.log>tcp://127.0.0.1:55000</LogCollector.log>
        <Name>lab-3ALPIDE-1APTS.conf</Name>
      </Section>
      <Section title="Producer.APTS_0">
        <#trg_thr>71</#trg_thr>
        <EUDAQ_DC>dc</EUDAQ_DC>
        <EUDAQ_ID>1</EUDAQ_ID>
        <trg_type>0</trg_type>
      </Section>
    </Configuration>

[0m[1m[2024-01-05 14:45:48.745] [0m[32;1m(INFO)[0m [DataCollector.dc ]DataCollector.dc is to be configured...
[0m[1m[2024-01-05 14:45:48.745] [0m[32;1m(INFO)[0m [DataCollector.dc ]DataCollector.dc is configured.
[0m[1m[2024-01-05 14:45:48.745] [0m[32;1m(INFO)[0m [Producer.POWER_0 ]Producer.POWER_0 is to be configured...
[0m[1m[2024-01-05 14:45:48.745] [0m[32;1m(INFO)[0m [Producer.POWER_0 ]Producer.POWER_0 is configured.
[0m[1m[2024-01-05 14:45:48.745] [0m[32;1m(INFO)[0m [Producer.ALPIDE_plane_1 ]Receive a CONF section
    <Configuration>
      <Section title="">
        <DataCollector.dc>tcp://127.0.0.1:44517</DataCollector.dc>
        <LogCollector.log>tcp://127.0.0.1:55000</LogCollector.log>
        <Name>lab-3ALPIDE-1APTS.conf</Name>
      </Section>
      <Section title="Producer.ALPIDE_plane_1">
        <EUDAQ_DC>dc</EUDAQ_DC>
        <EUDAQ_ID>2</EUDAQ_ID>
        <ITHR>60</ITHR>
        <STROBE_LENGTH>800</STROBE_LENGTH>
        <VCASN>106</VCASN>
        <VCASN2>118</VCASN2>
        <VCLIP>60</VCLIP>
      </Section>
    </Configuration>

[0m[1m[2024-01-05 14:45:48.745] [0m[32;1m(INFO)[0m [Producer.ALPIDE_plane_1 ]Producer.ALPIDE_plane_1 is to be configured...
[0m[1m[2024-01-05 14:45:48.745] [0m[32;1m(INFO)[0m [Producer.ALPIDE_plane_0 ]Producer.ALPIDE_plane_0 is to be configured...
[0m[1m[2024-01-05 14:45:48.745] [0m[32;1m(INFO)[0m [Producer.ALPIDE_plane_2 ]Producer.ALPIDE_plane_2 is to be configured...
[0m[1m[2024-01-05 14:45:48.745] [0m[32;1m(INFO)[0m [Producer.POWER_1 ]Producer.POWER_1 is to be configured...
[0m[1m[2024-01-05 14:45:48.745] [0m[32;1m(INFO)[0m [Producer.POWER_1 ]Producer.POWER_1 is configured.
[0m[1m[2024-01-05 14:45:48.745] [0m[32;1m(INFO)[0m [Producer.APTS_0 ]Producer.APTS_0 is to be configured...
[0m[1m[2024-01-05 14:45:48.746] [0m[31;1m(DEBUG)[0m [Producer.APTS_0 ]Write cmd 0x0300 0x00000000 returned 0100000000030000
[0m[1m[2024-01-05 14:45:48.746] [0m[31;1m(DEBUG)[0m [Producer.APTS_0 ]Read cmd 0x1103 returned 0000000000200000
[0m[1m[2024-01-05 14:45:48.747] [0m[32;1m(INFO)[0m [Producer.APTS_0 ]Powering ON the chip with default DAC settings.
[0m[1m[2024-01-05 14:45:48.747] [0m[31;1m(DEBUG)[0m [Producer.APTS_0 ]Read cmd 0x1103 returned 0000000000100000
[0m[1m[2024-01-05 14:45:48.747] [0m[31;1m(DEBUG)[0m [Producer.APTS_0 ]Read cmd 0x1104 returned 0000000002300000
[0m[1m[2024-01-05 14:45:48.748] [0m[31;1m(DEBUG)[0m [Producer.APTS_0 ]Read cmd 0x1103 returned 0000000000100000
[0m[1m[2024-01-05 14:45:48.748] [0m[32;1m(INFO)[0m [Producer.APTS_0 ]Currents before Proximity ON: Ia = 0.04 mA, Id = 0.06 mA, Ib = 0.00 mA
[0m[1m[2024-01-05 14:45:48.748] [0m[31;1m(DEBUG)[0m [Producer.APTS_0 ]Write cmd 0x0e32 0x00000001 returned 01000000320e0000
[0m[1m[2024-01-05 14:45:48.749] [0m[31;1m(DEBUG)[0m [Producer.APTS_0 ]Write cmd 0x0e33 0x00000001 returned 01000000330e0000
[0m[1m[2024-01-05 14:45:48.749] [0m[31;1m(DEBUG)[0m [Producer.APTS_0 ]Write cmd 0x0e12 0x00000001 returned 01000000120e0000
[0m[1m[2024-01-05 14:45:48.750] [0m[31;1m(DEBUG)[0m [Producer.APTS_0 ]Write cmd 0x0401 0x08000001 returned 0100000001040000
[0m[1m[2024-01-05 14:45:48.750] [0m[31;1m(DEBUG)[0m [Producer.APTS_0 ]Write cmd 0x0501 0x08000001 returned 0100000001050000
[0m[1m[2024-01-05 14:45:48.753] [0m[31;1m(DEBUG)[0m [Producer.APTS_0 ]Read cmd 0x1103 returned 0000000000200000
[0m[1m[2024-01-05 14:45:48.753] [0m[31;1m(DEBUG)[0m [Producer.APTS_0 ]Read cmd 0x1104 returned 0000000002c00000
[0m[1m[2024-01-05 14:45:48.753] [0m[31;1m(DEBUG)[0m [Producer.APTS_0 ]Read cmd 0x1103 returned 0000000000200000
[0m[1m[2024-01-05 14:45:48.753] [0m[32;1m(INFO)[0m [Producer.APTS_0 ]Currents after Proximity ON: Ia = 0.08 mA, Id = 0.06 mA, Ib = 0.00 mA
[0m[1m[2024-01-05 14:45:48.753] [0m[32;1m(INFO)[0m [Producer.APTS_0 ]Setting DACs for APTS-SF.
[0m[1m[2024-01-05 14:45:48.753] [0m[31;1m(DEBUG)[0m [Producer.APTS_0 ]Setting DAC CE_COL_AP_IBIASN to 19.997 uA.
[0m[1m[2024-01-05 14:45:48.753] [0m[31;1m(DEBUG)[0m [Producer.APTS_0 ]Setting DAC CE_COL_AP_IBIASN to 902
[0m[1m[2024-01-05 14:45:48.753] [0m[31;1m(DEBUG)[0m [Producer.APTS_0 ]Write cmd 0x0401 0x03303860 returned 0100000001040000
[0m[1m[2024-01-05 14:45:48.753] [0m[31;1m(DEBUG)[0m [Producer.APTS_0 ]Setting DAC CE_MAT_AP_IBIAS4SF_DP_IBIASF to 149.915 uA.
[0m[1m[2024-01-05 14:45:48.753] [0m[31;1m(DEBUG)[0m [Producer.APTS_0 ]Setting DAC CE_MAT_AP_IBIAS4SF_DP_IBIASF to 197
[0m[1m[2024-01-05 14:45:48.754] [0m[31;1m(DEBUG)[0m [Producer.APTS_0 ]Write cmd 0x0401 0x03400c50 returned 0100000001040000
[0m[1m[2024-01-05 14:45:48.754] [0m[31;1m(DEBUG)[0m [Producer.APTS_0 ]Setting DAC CE_PMOS_AP_DP_IRESET to 1.000 uA.
[0m[1m[2024-01-05 14:45:48.754] [0m[31;1m(DEBUG)[0m [Producer.APTS_0 ]Setting DAC CE_PMOS_AP_DP_IRESET to 29032
[0m[1m[2024-01-05 14:45:48.754] [0m[31;1m(DEBUG)[0m [Producer.APTS_0 ]Write cmd 0x0501 0x03071680 returned 0100000001050000
[0m[1m[2024-01-05 14:45:48.755] [0m[31;1m(DEBUG)[0m [Producer.APTS_0 ]Setting DAC AP_IBIASP_DP_IDB to 1.987 uA.
[0m[1m[2024-01-05 14:45:48.755] [0m[31;1m(DEBUG)[0m [Producer.APTS_0 ]Setting DAC AP_IBIASP_DP_IDB to 27
[0m[1m[2024-01-05 14:45:48.755] [0m[31;1m(DEBUG)[0m [Producer.APTS_0 ]Write cmd 0x0501 0x031001b0 returned 0100000001050000
[0m[1m[2024-01-05 14:45:48.755] [0m[31;1m(DEBUG)[0m [Producer.APTS_0 ]Setting DAC AP_IBIAS3_DP_IBIAS to 199.990 uA.
[0m[1m[2024-01-05 14:45:48.755] [0m[31;1m(DEBUG)[0m [Producer.APTS_0 ]Setting DAC AP_IBIAS3_DP_IBIAS to 16580
[0m[1m[2024-01-05 14:45:48.755] [0m[31;1m(DEBUG)[0m [Producer.APTS_0 ]Write cmd 0x0501 0x03340c40 returned 0100000001050000
[0m[1m[2024-01-05 14:45:48.755] [0m[31;1m(DEBUG)[0m [Producer.APTS_0 ]Setting DAC CE_VOFFSET_AP_DP_VH to 1199.977 mV
[0m[1m[2024-01-05 14:45:48.755] [0m[31;1m(DEBUG)[0m [Producer.APTS_0 ]Setting DAC CE_VOFFSET_AP_DP_VH to 31419
[0m[1m[2024-01-05 14:45:48.756] [0m[31;1m(DEBUG)[0m [Producer.APTS_0 ]Write cmd 0x0501 0x0347abb0 returned 0100000001050000
[0m[1m[2024-01-05 14:45:48.756] [0m[31;1m(DEBUG)[0m [Producer.APTS_0 ]Setting DAC AP_VRESET to 499.981 mV
[0m[1m[2024-01-05 14:45:48.756] [0m[31;1m(DEBUG)[0m [Producer.APTS_0 ]Setting DAC AP_VRESET to 13103
[0m[1m[2024-01-05 14:45:48.756] [0m[31;1m(DEBUG)[0m [Producer.APTS_0 ]Write cmd 0x0501 0x035332f0 returned 0100000001050000
[0m[1m[2024-01-05 14:45:48.756] [0m[32;1m(INFO)[0m [Producer.APTS_0 ]Chip powered ON.
[0m[1m[2024-01-05 14:45:48.756] [0m[32;1m(INFO)[0m [Producer.APTS_0 ]Waiting 9 seconds for Ia current to stabilize...
[0m[1m[2024-01-05 14:45:48.756] [0m[31;1m(DEBUG)[0m [Producer.APTS_0 ]Read cmd 0x1103 returned 0000000000200000
[0m[1m[2024-01-05 14:45:48.756] [0m[32;1m(INFO)[0m [Producer.APTS_0 ]Ia = 0.08 mA
[0m[1m[2024-01-05 14:45:48.853] [0m[32;1m(INFO)[0m [Producer.ALPIDE_plane_0 ]Producer.ALPIDE_plane_0 is configured.
[0m[1m[2024-01-05 14:45:48.853] [0m[32;1m(INFO)[0m [Producer.ALPIDE_plane_1 ]Producer.ALPIDE_plane_1 is configured.
[0m[1m[2024-01-05 14:45:48.854] [0m[32;1m(INFO)[0m [Producer.ALPIDE_plane_2 ]Producer.ALPIDE_plane_2 is configured.
[0m[1m[2024-01-05 14:45:49.758] [0m[31;1m(DEBUG)[0m [Producer.APTS_0 ]Read cmd 0x1103 returned 00000000542b0900
[0m[1m[2024-01-05 14:45:49.758] [0m[32;1m(INFO)[0m [Producer.APTS_0 ]Ia = 5.52 mA
[0m[1m[2024-01-05 14:45:50.760] [0m[31;1m(DEBUG)[0m [Producer.APTS_0 ]Read cmd 0x1103 returned 00000000554b0900
[0m[1m[2024-01-05 14:45:50.760] [0m[32;1m(INFO)[0m [Producer.APTS_0 ]Ia = 5.59 mA
[0m[1m[2024-01-05 14:45:51.761] [0m[31;1m(DEBUG)[0m [Producer.APTS_0 ]Read cmd 0x1103 returned 00000000543b0900
[0m[1m[2024-01-05 14:45:51.762] [0m[32;1m(INFO)[0m [Producer.APTS_0 ]Ia = 5.56 mA
[0m[1m[2024-01-05 14:45:52.763] [0m[31;1m(DEBUG)[0m [Producer.APTS_0 ]Read cmd 0x1103 returned 00000000533b0900
[0m[1m[2024-01-05 14:45:52.764] [0m[32;1m(INFO)[0m [Producer.APTS_0 ]Ia = 5.56 mA
[0m[1m[2024-01-05 14:45:53.765] [0m[31;1m(DEBUG)[0m [Producer.APTS_0 ]Read cmd 0x1103 returned 00000000523b0900
[0m[1m[2024-01-05 14:45:53.765] [0m[32;1m(INFO)[0m [Producer.APTS_0 ]Ia = 5.56 mA
[0m[1m[2024-01-05 14:45:54.767] [0m[31;1m(DEBUG)[0m [Producer.APTS_0 ]Read cmd 0x1103 returned 00000000549b0900
[0m[1m[2024-01-05 14:45:54.767] [0m[32;1m(INFO)[0m [Producer.APTS_0 ]Ia = 5.78 mA
[0m[1m[2024-01-05 14:45:55.769] [0m[31;1m(DEBUG)[0m [Producer.APTS_0 ]Read cmd 0x1103 returned 00000000500b0900
[0m[1m[2024-01-05 14:45:55.769] [0m[32;1m(INFO)[0m [Producer.APTS_0 ]Ia = 5.44 mA
[0m[1m[2024-01-05 14:45:56.771] [0m[31;1m(DEBUG)[0m [Producer.APTS_0 ]Read cmd 0x1103 returned 00000000525b0900
[0m[1m[2024-01-05 14:45:56.771] [0m[32;1m(INFO)[0m [Producer.APTS_0 ]Ia = 5.63 mA
[0m[1m[2024-01-05 14:45:57.772] [0m[31;1m(DEBUG)[0m [Producer.APTS_0 ]Read cmd 0x1103 returned 00000000556b0900
[0m[1m[2024-01-05 14:45:57.772] [0m[31;1m(DEBUG)[0m [Producer.APTS_0 ]Read cmd 0x1104 returned 0000000005d00000
[0m[1m[2024-01-05 14:45:57.772] [0m[31;1m(DEBUG)[0m [Producer.APTS_0 ]Read cmd 0x1103 returned 00000000552b0900
[0m[1m[2024-01-05 14:45:57.772] [0m[32;1m(INFO)[0m [Producer.APTS_0 ]Currents after setting DACs: Ia = 5.67 mA, Id = 0.15 mA, Ib = 70.78 mA
[0m[1m[2024-01-05 14:45:57.773] [0m[31;1m(DEBUG)[0m [Producer.APTS_0 ]Write cmd 0x00ef 0x00000000 returned 01000000ef000000
[0m[1m[2024-01-05 14:45:57.773] [0m[31;1m(DEBUG)[0m [Producer.APTS_0 ]Write cmd 0x0387 0x00000000 returned 0100000087030000
[0m[1m[2024-01-05 14:45:57.773] [0m[31;1m(DEBUG)[0m [Producer.APTS_0 ]Write cmd 0x0301 0x00000028 returned 0100000001030000
[0m[1m[2024-01-05 14:45:57.773] [0m[31;1m(DEBUG)[0m [Producer.APTS_0 ]Write cmd 0x0302 0x00000064 returned 0100000002030000
[0m[1m[2024-01-05 14:45:57.773] [0m[31;1m(DEBUG)[0m [Producer.APTS_0 ]Write cmd 0x0303 0x00000064 returned 0100000003030000
[0m[1m[2024-01-05 14:45:57.773] [0m[31;1m(DEBUG)[0m [Producer.APTS_0 ]Write cmd 0x0304 0x00000001 returned 0100000004030000
[0m[1m[2024-01-05 14:45:57.774] [0m[31;1m(DEBUG)[0m [Producer.APTS_0 ]Write cmd 0x0305 0x00002710 returned 0100000005030000
[0m[1m[2024-01-05 14:45:57.774] [0m[31;1m(DEBUG)[0m [Producer.APTS_0 ]Write cmd 0x0306 0x00000014 returned 0100000006030000
[0m[1m[2024-01-05 14:45:57.774] [0m[31;1m(DEBUG)[0m [Producer.APTS_0 ]Write cmd 0x0307 0x00000002 returned 0100000007030000
[0m[1m[2024-01-05 14:45:57.774] [0m[31;1m(DEBUG)[0m [Producer.APTS_0 ]Write cmd 0x0308 0x0000ffff returned 0100000008030000
[0m[1m[2024-01-05 14:45:57.775] [0m[31;1m(DEBUG)[0m [Producer.APTS_0 ]Write cmd 0x0309 0x00000000 returned 0100000009030000
[0m[1m[2024-01-05 14:45:57.775] [0m[31;1m(DEBUG)[0m [Producer.APTS_0 ]Write cmd 0x030a 0x00000001 returned 010000000a030000
[0m[1m[2024-01-05 14:45:57.775] [0m[31;1m(DEBUG)[0m [Producer.APTS_0 ]Write cmd 0x030b 0x00000000 returned 010000000b030000
[0m[1m[2024-01-05 14:45:57.775] [0m[31;1m(DEBUG)[0m [Producer.APTS_0 ]Write cmd 0x030c 0x00000001 returned 010000000c030000
[0m[1m[2024-01-05 14:45:57.775] [0m[31;1m(DEBUG)[0m [Producer.APTS_0 ]Write cmd 0x030d 0x0000000a returned 010000000d030000
[0m[1m[2024-01-05 14:45:57.776] [0m[31;1m(DEBUG)[0m [Producer.APTS_0 ]Write cmd 0x030e 0x0000000a returned 010000000e030000
[0m[1m[2024-01-05 14:45:57.776] [0m[31;1m(DEBUG)[0m [Producer.APTS_0 ]Write cmd 0x0300 0x00000001 returned 0100000000030000
[0m[1m[2024-01-05 14:45:57.776] [0m[32;1m(INFO)[0m [Producer.APTS_0 ]Producer.APTS_0 is configured.
[0m[1m[2024-01-05 14:45:57.799] [0m[32;1m(INFO)[0m [RunControl.RC-TUI ]Processing StartRun command for RUN #15144545
[0m[1m[2024-01-05 14:45:58.900] [0m[32;1m(INFO)[0m [DataCollector.dc ]RUN #15144545 is to be started...
[0m[1m[2024-01-05 14:45:58.900] [0m[32;1m(INFO)[0m [DataCollector.dc ]RUN #15144545 is started.
[0m[1m[2024-01-05 14:46:00.000] [0m[32;1m(INFO)[0m [Producer.ALPIDE_plane_0 ]RUN #15144545 is to be started...
[0m[1m[2024-01-05 14:46:00.000] [0m[32;1m(INFO)[0m [Producer.POWER_0 ]RUN #15144545 is to be started...
[0m[1m[2024-01-05 14:46:00.000] [0m[32;1m(INFO)[0m [Producer.ALPIDE_plane_1 ]RUN #15144545 is to be started...
[0m[1m[2024-01-05 14:46:00.000] [0m[32;1m(INFO)[0m [Producer.ALPIDE_plane_2 ]RUN #15144545 is to be started...
[0m[1m[2024-01-05 14:46:00.000] [0m[32;1m(INFO)[0m [Producer.POWER_1 ]RUN #15144545 is to be started...
[0m[1m[2024-01-05 14:46:00.002] [0m[32;1m(INFO)[0m [DataCollector.dc ]DataReceiver: Connection from <ConnectionTCP>
  <FD>tcp://127.0.0.1:53032</FD>
  <Connection>
    <Type>Producer</Type>
    <Name>POWER_0</Name>
    <State>1</State>
  </Connection>
</ConnectionTCP>

[0m[1m[2024-01-05 14:46:00.002] [0m[32;1m(INFO)[0m [DataCollector.dc ]DataReceiver: Connection from <ConnectionTCP>
  <FD>tcp://127.0.0.1:53034</FD>
  <Connection>
    <Type>Producer</Type>
    <Name>ALPIDE_plane_1</Name>
    <State>1</State>
  </Connection>
</ConnectionTCP>

[0m[1m[2024-01-05 14:46:00.002] [0m[32;1m(INFO)[0m [Producer.POWER_0 ]RUN #15144545 is started.
[0m[1m[2024-01-05 14:46:00.002] [0m[32;1m(INFO)[0m [DataCollector.dc ]DataReceiver: Connection from <ConnectionTCP>
  <FD>tcp://127.0.0.1:53018</FD>
  <Connection>
    <Type>Producer</Type>
    <Name>ALPIDE_plane_0</Name>
    <State>1</State>
  </Connection>
</ConnectionTCP>

[0m[1m[2024-01-05 14:46:00.002] [0m[32;1m(INFO)[0m [DataCollector.dc ]DataReceiver: Connection from <ConnectionTCP>
  <FD>tcp://127.0.0.1:53046</FD>
  <Connection>
    <Type>Producer</Type>
    <Name>ALPIDE_plane_2</Name>
    <State>1</State>
  </Connection>
</ConnectionTCP>

[0m[1m[2024-01-05 14:46:00.003] [0m[32;1m(INFO)[0m [Producer.POWER_1 ]RUN #15144545 is started.
[0m[1m[2024-01-05 14:46:00.003] [0m[32;1m(INFO)[0m [DataCollector.dc ]DataReceiver: Connection from <ConnectionTCP>
  <FD>tcp://127.0.0.1:53058</FD>
  <Connection>
    <Type>Producer</Type>
    <Name>POWER_1</Name>
    <State>1</State>
  </Connection>
</ConnectionTCP>

[0m[1m[2024-01-05 14:46:00.084] [0m[32;1m(INFO)[0m [Producer.ALPIDE_plane_0 ]RUN #15144545 is started.
[0m[1m[2024-01-05 14:46:00.087] [0m[32;1m(INFO)[0m [Producer.ALPIDE_plane_1 ]RUN #15144545 is started.
[0m[1m[2024-01-05 14:46:00.088] [0m[32;1m(INFO)[0m [Producer.ALPIDE_plane_2 ]RUN #15144545 is started.
[0m[1m[2024-01-05 14:46:01.100] [0m[32;1m(INFO)[0m [Producer.APTS_0 ]RUN #15144545 is to be started...
[0m[1m[2024-01-05 14:46:01.134] [0m[32;1m(INFO)[0m [DataCollector.dc ]DataReceiver: Connection from <ConnectionTCP>
  <FD>tcp://127.0.0.1:53070</FD>
  <Connection>
    <Type>Producer</Type>
    <Name>APTS_0</Name>
    <State>1</State>
  </Connection>
</ConnectionTCP>

[0m[1m[2024-01-05 14:46:01.135] [0m[31;1m(DEBUG)[0m [Producer.APTS_0 ]Read cmd 0x1103 returned 00000000523b0900
[0m[1m[2024-01-05 14:46:01.136] [0m[31;1m(DEBUG)[0m [Producer.APTS_0 ]Read cmd 0x1103 returned 0000000052ab0800
[0m[1m[2024-01-05 14:46:01.156] [0m[31;1m(DEBUG)[0m [Producer.APTS_0 ]Read cmd 0x1602 returned 0000000016737e10
[0m[1m[2024-01-05 14:46:01.257] [0m[31;1m(DEBUG)[0m [Producer.APTS_0 ]Write cmd 0x03ac 0x00000001 returned 01000000ac030000
[0m[1m[2024-01-05 14:46:01.257] [0m[32;1m(INFO)[0m [Producer.APTS_0 ]RUN #15144545 is started.
[0m[1m[2024-01-05 14:46:11.288] [0m[31;1m(DEBUG)[0m [Producer.APTS_0 ]Read cmd 0x1103 returned 00000000516b0900
[0m[1m[2024-01-05 14:46:11.288] [0m[31;1m(DEBUG)[0m [Producer.APTS_0 ]Read cmd 0x1103 returned 0000000053eb0900
[0m[1m[2024-01-05 14:46:21.314] [0m[31;1m(DEBUG)[0m [Producer.APTS_0 ]Read cmd 0x1103 returned 00000000523b0900
[0m[1m[2024-01-05 14:46:21.314] [0m[31;1m(DEBUG)[0m [Producer.APTS_0 ]Read cmd 0x1103 returned 00000000540b0900
[0m[1m[2024-01-05 14:46:31.342] [0m[31;1m(DEBUG)[0m [Producer.APTS_0 ]Read cmd 0x1103 returned 00000000547b0900
[0m[1m[2024-01-05 14:46:31.343] [0m[31;1m(DEBUG)[0m [Producer.APTS_0 ]Read cmd 0x1103 returned 00000000533b0900
[0m[1m[2024-01-05 14:46:41.370] [0m[31;1m(DEBUG)[0m [Producer.APTS_0 ]Read cmd 0x1103 returned 0000000052ab0900
[0m[1m[2024-01-05 14:46:41.370] [0m[31;1m(DEBUG)[0m [Producer.APTS_0 ]Read cmd 0x1103 returned 00000000533b0900
[0m[1m[2024-01-05 14:46:51.394] [0m[31;1m(DEBUG)[0m [Producer.APTS_0 ]Read cmd 0x1103 returned 0000000056fb0900
[0m[1m[2024-01-05 14:46:51.395] [0m[31;1m(DEBUG)[0m [Producer.APTS_0 ]Read cmd 0x1103 returned 00000000520b0900
[0m[1m[2024-01-05 14:47:01.418] [0m[31;1m(DEBUG)[0m [Producer.APTS_0 ]Read cmd 0x1103 returned 00000000530b0900
[0m[1m[2024-01-05 14:47:01.419] [0m[31;1m(DEBUG)[0m [Producer.APTS_0 ]Read cmd 0x1103 returned 0000000050fb0800
[0m[1m[2024-01-05 14:47:11.444] [0m[31;1m(DEBUG)[0m [Producer.APTS_0 ]Read cmd 0x1103 returned 00000000539b0900
[0m[1m[2024-01-05 14:47:11.445] [0m[31;1m(DEBUG)[0m [Producer.APTS_0 ]Read cmd 0x1103 returned 00000000551b0900
[0m[1m[2024-01-05 14:47:21.470] [0m[31;1m(DEBUG)[0m [Producer.APTS_0 ]Read cmd 0x1103 returned 00000000513b0900
[0m[1m[2024-01-05 14:47:21.471] [0m[31;1m(DEBUG)[0m [Producer.APTS_0 ]Read cmd 0x1103 returned 0000000050fb0800
[0m[1m[2024-01-05 14:47:31.496] [0m[31;1m(DEBUG)[0m [Producer.APTS_0 ]Read cmd 0x1103 returned 00000000541b0900
[0m[1m[2024-01-05 14:47:31.496] [0m[31;1m(DEBUG)[0m [Producer.APTS_0 ]Read cmd 0x1103 returned 00000000527b0900
[0m[1m[2024-01-05 14:47:41.526] [0m[31;1m(DEBUG)[0m [Producer.APTS_0 ]Read cmd 0x1103 returned 00000000525b0900
[0m[1m[2024-01-05 14:47:41.527] [0m[31;1m(DEBUG)[0m [Producer.APTS_0 ]Read cmd 0x1103 returned 00000000543b0900
[0m[1m[2024-01-05 14:47:51.550] [0m[31;1m(DEBUG)[0m [Producer.APTS_0 ]Read cmd 0x1103 returned 00000000549b0900
[0m[1m[2024-01-05 14:47:51.550] [0m[31;1m(DEBUG)[0m [Producer.APTS_0 ]Read cmd 0x1103 returned 0000000050eb0800
[0m[1m[2024-01-05 14:48:01.574] [0m[31;1m(DEBUG)[0m [Producer.APTS_0 ]Read cmd 0x1103 returned 00000000507b0900
[0m[1m[2024-01-05 14:48:01.575] [0m[31;1m(DEBUG)[0m [Producer.APTS_0 ]Read cmd 0x1103 returned 0000000052eb0800
[0m[1m[2024-01-05 14:48:11.604] [0m[31;1m(DEBUG)[0m [Producer.APTS_0 ]Read cmd 0x1103 returned 0000000050ab0900
[0m[1m[2024-01-05 14:48:11.604] [0m[31;1m(DEBUG)[0m [Producer.APTS_0 ]Read cmd 0x1103 returned 00000000520b0900
[0m[1m[2024-01-05 14:48:21.635] [0m[31;1m(DEBUG)[0m [Producer.APTS_0 ]Read cmd 0x1103 returned 0000000051fb0800
[0m[1m[2024-01-05 14:48:21.635] [0m[31;1m(DEBUG)[0m [Producer.APTS_0 ]Read cmd 0x1103 returned 00000000536b0900
[0m[1m[2024-01-05 14:48:31.661] [0m[31;1m(DEBUG)[0m [Producer.APTS_0 ]Read cmd 0x1103 returned 00000000546b0900
[0m[1m[2024-01-05 14:48:31.661] [0m[31;1m(DEBUG)[0m [Producer.APTS_0 ]Read cmd 0x1103 returned 00000000520b0900
[0m[1m[2024-01-05 14:48:41.688] [0m[31;1m(DEBUG)[0m [Producer.APTS_0 ]Read cmd 0x1103 returned 00000000532b0900
[0m[1m[2024-01-05 14:48:41.689] [0m[31;1m(DEBUG)[0m [Producer.APTS_0 ]Read cmd 0x1103 returned 000000004f1b0900
[0m[1m[2024-01-05 14:48:51.719] [0m[31;1m(DEBUG)[0m [Producer.APTS_0 ]Read cmd 0x1103 returned 00000000522b0900
[0m[1m[2024-01-05 14:48:51.719] [0m[31;1m(DEBUG)[0m [Producer.APTS_0 ]Read cmd 0x1103 returned 0000000056db0800
[0m[1m[2024-01-05 14:49:01.743] [0m[31;1m(DEBUG)[0m [Producer.APTS_0 ]Read cmd 0x1103 returned 00000000535b0900
[0m[1m[2024-01-05 14:49:01.743] [0m[31;1m(DEBUG)[0m [Producer.APTS_0 ]Read cmd 0x1103 returned 00000000544b0900
[0m[1m[2024-01-05 14:49:11.770] [0m[31;1m(DEBUG)[0m [Producer.APTS_0 ]Read cmd 0x1103 returned 0000000052bb0800
[0m[1m[2024-01-05 14:49:11.770] [0m[31;1m(DEBUG)[0m [Producer.APTS_0 ]Read cmd 0x1103 returned 00000000510b0900
[0m[1m[2024-01-05 14:49:21.800] [0m[31;1m(DEBUG)[0m [Producer.APTS_0 ]Read cmd 0x1103 returned 00000000531b0900
[0m[1m[2024-01-05 14:49:21.800] [0m[31;1m(DEBUG)[0m [Producer.APTS_0 ]Read cmd 0x1103 returned 00000000549b0800
[0m[1m[2024-01-05 14:49:31.814] [0m[31;1m(DEBUG)[0m [Producer.APTS_0 ]Read cmd 0x1103 returned 00000000525b0900
[0m[1m[2024-01-05 14:49:31.814] [0m[31;1m(DEBUG)[0m [Producer.APTS_0 ]Read cmd 0x1103 returned 00000000505b0900
[0m[1m[2024-01-05 14:49:41.861] [0m[31;1m(DEBUG)[0m [Producer.APTS_0 ]Read cmd 0x1103 returned 00000000512b0900
[0m[1m[2024-01-05 14:49:41.861] [0m[31;1m(DEBUG)[0m [Producer.APTS_0 ]Read cmd 0x1103 returned 00000000548b0900
[0m[1m[2024-01-05 14:49:47.503] [0m[32;1m(INFO)[0m [RunControl.RC-TUI ]Processing StopRun command for RUN #15144545
[0m[1m[2024-01-05 14:49:47.503] [0m[32;1m(INFO)[0m [Producer.APTS_0 ]RUN #15144545 is to be stopped...
[0m[1m[2024-01-05 14:49:47.574] [0m[31;1m(DEBUG)[0m [Producer.APTS_0 ]Read cmd 0x1103 returned 0000000055ab0900
[0m[1m[2024-01-05 14:49:47.575] [0m[31;1m(DEBUG)[0m [Producer.APTS_0 ]Read cmd 0x1103 returned 00000000500b0900
[0m[1m[2024-01-05 14:49:48.676] [0m[31;1m(DEBUG)[0m [Producer.APTS_0 ]Read cmd 0x1103 returned 00000000566b0900
[0m[1m[2024-01-05 14:49:48.676] [0m[31;1m(DEBUG)[0m [Producer.APTS_0 ]Read cmd 0x1103 returned 00000000546b0900
[0m[1m[2024-01-05 14:49:48.676] [0m[32;1m(INFO)[0m [Producer.APTS_0 ]RUN #15144545 is stopped.
[0m[1m[2024-01-05 14:49:48.710] [0m[32;1m(INFO)[0m [Producer.POWER_0 ]RUN #15144545 is to be stopped...
[0m[1m[2024-01-05 14:49:48.710] [0m[32;1m(INFO)[0m [Producer.ALPIDE_plane_1 ]RUN #15144545 is to be stopped...
[0m[1m[2024-01-05 14:49:48.710] [0m[32;1m(INFO)[0m [Producer.ALPIDE_plane_0 ]RUN #15144545 is to be stopped...
[0m[1m[2024-01-05 14:49:48.710] [0m[32;1m(INFO)[0m [Producer.ALPIDE_plane_2 ]RUN #15144545 is to be stopped...
[0m[1m[2024-01-05 14:49:48.710] [0m[32;1m(INFO)[0m [Producer.POWER_1 ]RUN #15144545 is to be stopped...
[0m[1m[2024-01-05 14:49:48.773] [0m[32;1m(INFO)[0m [DataCollector.dc ]DataReceiver: Disconnected from <ConnectionTCP>
  <FD>tcp://127.0.0.1:53070</FD>
  <Connection>
    <Type>Producer</Type>
    <Name>APTS_0</Name>
    <State>0</State>
  </Connection>
</ConnectionTCP>

[0m[1m[2024-01-05 14:49:48.931] [0m[32;1m(INFO)[0m [Producer.ALPIDE_plane_0 ]RUN #15144545 is stopped.
[0m[1m[2024-01-05 14:49:48.931] [0m[32;1m(INFO)[0m [Producer.ALPIDE_plane_2 ]RUN #15144545 is stopped.
[0m[1m[2024-01-05 14:49:48.932] [0m[32;1m(INFO)[0m [Producer.ALPIDE_plane_1 ]RUN #15144545 is stopped.
[0m[1m[2024-01-05 14:49:49.032] [0m[32;1m(INFO)[0m [DataCollector.dc ]DataReceiver: Disconnected from <ConnectionTCP>
  <FD>tcp://127.0.0.1:53018</FD>
  <Connection>
    <Type>Producer</Type>
    <Name>ALPIDE_plane_0</Name>
    <State>0</State>
  </Connection>
</ConnectionTCP>

[0m[1m[2024-01-05 14:49:49.032] [0m[32;1m(INFO)[0m [DataCollector.dc ]DataReceiver: Disconnected from <ConnectionTCP>
  <FD>tcp://127.0.0.1:53046</FD>
  <Connection>
    <Type>Producer</Type>
    <Name>ALPIDE_plane_2</Name>
    <State>0</State>
  </Connection>
</ConnectionTCP>

[0m[1m[2024-01-05 14:49:49.032] [0m[32;1m(INFO)[0m [DataCollector.dc ]DataReceiver: Disconnected from <ConnectionTCP>
  <FD>tcp://127.0.0.1:53034</FD>
  <Connection>
    <Type>Producer</Type>
    <Name>ALPIDE_plane_1</Name>
    <State>0</State>
  </Connection>
</ConnectionTCP>

[0m[1m[2024-01-05 14:49:51.026] [0m[32;1m(INFO)[0m [Producer.POWER_1 ]RUN #15144545 is stopped.
[0m[1m[2024-01-05 14:49:51.126] [0m[32;1m(INFO)[0m [DataCollector.dc ]DataReceiver: Disconnected from <ConnectionTCP>
  <FD>tcp://127.0.0.1:53058</FD>
  <Connection>
    <Type>Producer</Type>
    <Name>POWER_1</Name>
    <State>0</State>
  </Connection>
</ConnectionTCP>

[0m[1m[2024-01-05 14:49:54.735] [0m[32;1m(INFO)[0m [Producer.POWER_0 ]RUN #15144545 is stopped.
[0m[1m[2024-01-05 14:49:54.827] [0m[32;1m(INFO)[0m [DataCollector.dc ]RUN #15144545 is to be stopped...
[0m[1m[2024-01-05 14:49:54.835] [0m[32;1m(INFO)[0m [DataCollector.dc ]DataReceiver: Disconnected from <ConnectionTCP>
  <FD>tcp://127.0.0.1:53032</FD>
  <Connection>
    <Type>Producer</Type>
    <Name>POWER_0</Name>
    <State>0</State>
  </Connection>
</ConnectionTCP>

[0m[1m[2024-01-05 14:49:55.436] [0m[32;1m(INFO)[0m [DataCollector.dc ]RUN #15144545 is stopped.
[0m[1m[2024-01-05 14:49:55.878] [0m[32;1m(INFO)[0m [RunControl.RC-TUI ]Processing Terminate command
