
*** LogCollector started at 2024-01-05 14:59:43.082 ***
[0m[1m[2024-01-05 14:59:43.081] [0m[32;1m(INFO)[0m [RunControl.RC-TUI ]Processing Initialise command for log
[0m[1m[2024-01-05 14:59:43.081] [0m[32;1m(INFO)[0m [RunControl.RC-TUI ]Processing Initialise command for dc
[0m[1m[2024-01-05 14:59:43.084] [0m[32;1m(INFO)[0m [RunControl.RC-TUI ]Processing Initialise command for ALPIDE_plane_0
[0m[1m[2024-01-05 14:59:43.087] [0m[32;1m(INFO)[0m [RunControl.RC-TUI ]Processing Initialise command for ALPIDE_plane_1
[0m[1m[2024-01-05 14:59:43.087] [0m[32;1m(INFO)[0m [RunControl.RC-TUI ]Processing Initialise command for ALPIDE_plane_2
[0m[1m[2024-01-05 14:59:43.087] [0m[32;1m(INFO)[0m [RunControl.RC-TUI ]Processing Initialise command for POWER_0
[0m[1m[2024-01-05 14:59:43.087] [0m[32;1m(INFO)[0m [RunControl.RC-TUI ]Processing Initialise command for POWER_1
[0m[1m[2024-01-05 14:59:43.126] [0m[32;1m(INFO)[0m [DataCollector.dc ]Receive an INI section
    <Configuration>
      <Section title="">
        <EUDAQ_LOG_ADDR>tcp://127.0.0.1:55000</EUDAQ_LOG_ADDR>
        <Name>lab-3ALPIDE.ini</Name>
      </Section>
      <Section title="DataCollector.dc">
        <dataproducers>ALPIDE_plane_0,ALPIDE_plane_1,ALPIDE_plane_2</dataproducers>
      </Section>
    </Configuration>

[0m[1m[2024-01-05 14:59:43.126] [0m[32;1m(INFO)[0m [Producer.ALPIDE_plane_1 ]Receive an INI section
    <Configuration>
      <Section title="">
        <EUDAQ_LOG_ADDR>tcp://127.0.0.1:55000</EUDAQ_LOG_ADDR>
        <Name>lab-3ALPIDE.ini</Name>
      </Section>
      <Section title="Producer.ALPIDE_plane_1">
        <plane>1</plane>
        <serial>DAQ-0009010E08931906</serial>
        <triggermode>replica</triggermode>
      </Section>
    </Configuration>

[0m[1m[2024-01-05 14:59:43.126] [0m[32;1m(INFO)[0m [Producer.ALPIDE_plane_2 ]Receive an INI section
    <Configuration>
      <Section title="">
        <EUDAQ_LOG_ADDR>tcp://127.0.0.1:55000</EUDAQ_LOG_ADDR>
        <Name>lab-3ALPIDE.ini</Name>
      </Section>
      <Section title="Producer.ALPIDE_plane_2">
        <plane>2</plane>
        <serial>DAQ-0009010E08933225</serial>
        <triggermode>replica</triggermode>
      </Section>
    </Configuration>

[0m[1m[2024-01-05 14:59:43.126] [0m[32;1m(INFO)[0m [Producer.POWER_1 ]Receive an INI section
    <Configuration>
      <Section title="">
        <EUDAQ_LOG_ADDR>tcp://127.0.0.1:55000</EUDAQ_LOG_ADDR>
        <Name>lab-3ALPIDE.ini</Name>
      </Section>
      <Section title="Producer.POWER_1">
        <path>/dev/hmp2030</path>
      </Section>
    </Configuration>

[0m[1m[2024-01-05 14:59:43.126] [0m[32;1m(INFO)[0m [Producer.POWER_0 ]Receive an INI section
    <Configuration>
      <Section title="">
        <EUDAQ_LOG_ADDR>tcp://127.0.0.1:55000</EUDAQ_LOG_ADDR>
        <Name>lab-3ALPIDE.ini</Name>
      </Section>
      <Section title="Producer.POWER_0">
        <path>/dev/hmp4040_3</path>
      </Section>
    </Configuration>

[0m[1m[2024-01-05 14:59:43.126] [0m[32;1m(INFO)[0m [Producer.ALPIDE_plane_0 ]Receive an INI section
    <Configuration>
      <Section title="">
        <EUDAQ_LOG_ADDR>tcp://127.0.0.1:55000</EUDAQ_LOG_ADDR>
        <Name>lab-3ALPIDE.ini</Name>
      </Section>
      <Section title="Producer.ALPIDE_plane_0">
        <plane>0</plane>
        <serial>DAQ-0009010E08933325</serial>
        <triggermode>replica</triggermode>
      </Section>
    </Configuration>

[0m[1m[2024-01-05 14:59:43.126] [0m[32;1m(INFO)[0m [DataCollector.dc ]DataCollector.dc is to be initialised...
[0m[1m[2024-01-05 14:59:43.126] [0m[32;1m(INFO)[0m [DataCollector.dc ]TCPServer:: Listening on port 39195
[0m[1m[2024-01-05 14:59:43.126] [0m[32;1m(INFO)[0m [Producer.ALPIDE_plane_2 ]Producer.ALPIDE_plane_2 is to be initialised...
[0m[1m[2024-01-05 14:59:43.126] [0m[32;1m(INFO)[0m [Producer.POWER_1 ]Producer.POWER_1 is to be initialised...
[0m[1m[2024-01-05 14:59:43.142] [0m[32;1m(INFO)[0m [Producer.POWER_1 ]Producer.POWER_1 is initialised.
[0m[1m[2024-01-05 14:59:43.126] [0m[32;1m(INFO)[0m [Producer.ALPIDE_plane_1 ]Producer.ALPIDE_plane_1 is to be initialised...
[0m[1m[2024-01-05 14:59:43.126] [0m[32;1m(INFO)[0m [Producer.POWER_0 ]Producer.POWER_0 is to be initialised...
[0m[1m[2024-01-05 14:59:43.158] [0m[32;1m(INFO)[0m [Producer.POWER_0 ]Producer.POWER_0 is initialised.
[0m[1m[2024-01-05 14:59:43.126] [0m[32;1m(INFO)[0m [Producer.ALPIDE_plane_0 ]Producer.ALPIDE_plane_0 is to be initialised...
[0m[1m[2024-01-05 14:59:43.346] [0m[32;1m(INFO)[0m [Producer.ALPIDE_plane_1 ]Producer.ALPIDE_plane_1 is initialised.
[0m[1m[2024-01-05 14:59:43.346] [0m[32;1m(INFO)[0m [Producer.ALPIDE_plane_0 ]Producer.ALPIDE_plane_0 is initialised.
[0m[1m[2024-01-05 14:59:43.347] [0m[32;1m(INFO)[0m [Producer.ALPIDE_plane_2 ]Producer.ALPIDE_plane_2 is initialised.
[0m[1m[2024-01-05 14:59:44.128] [0m[32;1m(INFO)[0m [DataCollector.dc ]DataCollector.dc is initialised.
[0m[1m[2024-01-05 14:59:44.152] [0m[32;1m(INFO)[0m [RunControl.RC-TUI ]Processing Configure command
[0m[1m[2024-01-05 14:59:44.152] [0m[32;1m(INFO)[0m [DataCollector.dc ]Receive a CONF section
    <Configuration>
      <Section title="">
        <DataCollector.dc>tcp://127.0.0.1:39195</DataCollector.dc>
        <LogCollector.log>tcp://127.0.0.1:55000</LogCollector.log>
        <Name>lab-3ALPIDE.conf</Name>
      </Section>
      <Section title="DataCollector.dc">
        <#EUDAQ_DATACOL_SEND_MONITOR_FRACTION>10</#EUDAQ_DATACOL_SEND_MONITOR_FRACTION>
        <#EUDAQ_FW_PATTERN>/dev/null/run$6R_$12D$X</#EUDAQ_FW_PATTERN>
        <#EUDAQ_MN>mon</#EUDAQ_MN>
        <EUDAQ_FW>native</EUDAQ_FW>
        <EUDAQ_FW_PATTERN>/home/next/ITS3/eudaq/data/20240105/run$6R_$12D$X</EUDAQ_FW_PATTERN>
      </Section>
    </Configuration>

[0m[1m[2024-01-05 14:59:44.152] [0m[32;1m(INFO)[0m [DataCollector.dc ]DataCollector.dc is to be configured...
[0m[1m[2024-01-05 14:59:44.152] [0m[32;1m(INFO)[0m [DataCollector.dc ]DataCollector.dc is configured.
[0m[1m[2024-01-05 14:59:44.152] [0m[32;1m(INFO)[0m [Producer.ALPIDE_plane_0 ]Receive a CONF section
    <Configuration>
      <Section title="">
        <DataCollector.dc>tcp://127.0.0.1:39195</DataCollector.dc>
        <LogCollector.log>tcp://127.0.0.1:55000</LogCollector.log>
        <Name>lab-3ALPIDE.conf</Name>
      </Section>
      <Section title="Producer.ALPIDE_plane_0">
        <EUDAQ_DC>dc</EUDAQ_DC>
        <EUDAQ_ID>0</EUDAQ_ID>
        <ITHR>60</ITHR>
        <STROBE_LENGTH>800</STROBE_LENGTH>
        <VCASN>106</VCASN>
        <VCASN2>118</VCASN2>
        <VCLIP>60</VCLIP>
      </Section>
    </Configuration>

[0m[1m[2024-01-05 14:59:44.153] [0m[32;1m(INFO)[0m [Producer.ALPIDE_plane_0 ]Producer.ALPIDE_plane_0 is to be configured...
[0m[1m[2024-01-05 14:59:44.152] [0m[32;1m(INFO)[0m [Producer.ALPIDE_plane_2 ]Receive a CONF section
    <Configuration>
      <Section title="">
        <DataCollector.dc>tcp://127.0.0.1:39195</DataCollector.dc>
        <LogCollector.log>tcp://127.0.0.1:55000</LogCollector.log>
        <Name>lab-3ALPIDE.conf</Name>
      </Section>
      <Section title="Producer.ALPIDE_plane_2">
        <EUDAQ_DC>dc</EUDAQ_DC>
        <EUDAQ_ID>2</EUDAQ_ID>
        <ITHR>60</ITHR>
        <STROBE_LENGTH>800</STROBE_LENGTH>
        <VCASN>106</VCASN>
        <VCASN2>118</VCASN2>
        <VCLIP>60</VCLIP>
      </Section>
    </Configuration>

[0m[1m[2024-01-05 14:59:44.152] [0m[32;1m(INFO)[0m [Producer.POWER_1 ]Receive a CONF section
    <Configuration>
      <Section title="">
        <DataCollector.dc>tcp://127.0.0.1:39195</DataCollector.dc>
        <LogCollector.log>tcp://127.0.0.1:55000</LogCollector.log>
        <Name>lab-3ALPIDE.conf</Name>
      </Section>
      <Section title="Producer.POWER_1">
        <EUDAQ_DC>dc</EUDAQ_DC>
      </Section>
    </Configuration>

[0m[1m[2024-01-05 14:59:44.152] [0m[32;1m(INFO)[0m [Producer.POWER_0 ]Receive a CONF section
    <Configuration>
      <Section title="">
        <DataCollector.dc>tcp://127.0.0.1:39195</DataCollector.dc>
        <LogCollector.log>tcp://127.0.0.1:55000</LogCollector.log>
        <Name>lab-3ALPIDE.conf</Name>
      </Section>
      <Section title="Producer.POWER_0">
        <EUDAQ_DC>dc</EUDAQ_DC>
      </Section>
    </Configuration>

[0m[1m[2024-01-05 14:59:44.152] [0m[32;1m(INFO)[0m [Producer.POWER_0 ]Producer.POWER_0 is to be configured...
[0m[1m[2024-01-05 14:59:44.152] [0m[32;1m(INFO)[0m [Producer.ALPIDE_plane_1 ]Receive a CONF section
    <Configuration>
      <Section title="">
        <DataCollector.dc>tcp://127.0.0.1:39195</DataCollector.dc>
        <LogCollector.log>tcp://127.0.0.1:55000</LogCollector.log>
        <Name>lab-3ALPIDE.conf</Name>
      </Section>
      <Section title="Producer.ALPIDE_plane_1">
        <EUDAQ_DC>dc</EUDAQ_DC>
        <EUDAQ_ID>1</EUDAQ_ID>
        <ITHR>60</ITHR>
        <STROBE_LENGTH>800</STROBE_LENGTH>
        <VCASN>106</VCASN>
        <VCASN2>118</VCASN2>
        <VCLIP>60</VCLIP>
      </Section>
    </Configuration>

[0m[1m[2024-01-05 14:59:44.153] [0m[32;1m(INFO)[0m [Producer.ALPIDE_plane_1 ]Producer.ALPIDE_plane_1 is to be configured...
[0m[1m[2024-01-05 14:59:44.153] [0m[32;1m(INFO)[0m [Producer.ALPIDE_plane_2 ]Producer.ALPIDE_plane_2 is to be configured...
[0m[1m[2024-01-05 14:59:44.153] [0m[32;1m(INFO)[0m [Producer.POWER_1 ]Producer.POWER_1 is to be configured...
[0m[1m[2024-01-05 14:59:44.153] [0m[32;1m(INFO)[0m [Producer.POWER_1 ]Producer.POWER_1 is configured.
[0m[1m[2024-01-05 14:59:44.153] [0m[32;1m(INFO)[0m [Producer.POWER_0 ]Producer.POWER_0 is configured.
[0m[1m[2024-01-05 14:59:44.260] [0m[32;1m(INFO)[0m [Producer.ALPIDE_plane_2 ]Producer.ALPIDE_plane_2 is configured.
[0m[1m[2024-01-05 14:59:44.261] [0m[32;1m(INFO)[0m [Producer.ALPIDE_plane_0 ]Producer.ALPIDE_plane_0 is configured.
[0m[1m[2024-01-05 14:59:44.261] [0m[32;1m(INFO)[0m [Producer.ALPIDE_plane_1 ]Producer.ALPIDE_plane_1 is configured.
[0m[1m[2024-01-05 14:59:44.286] [0m[32;1m(INFO)[0m [RunControl.RC-TUI ]Processing StartRun command for RUN #15145940
[0m[1m[2024-01-05 14:59:45.387] [0m[32;1m(INFO)[0m [DataCollector.dc ]RUN #15145940 is to be started...
[0m[1m[2024-01-05 14:59:45.387] [0m[32;1m(INFO)[0m [DataCollector.dc ]RUN #15145940 is started.
[0m[1m[2024-01-05 14:59:46.487] [0m[32;1m(INFO)[0m [Producer.ALPIDE_plane_1 ]RUN #15145940 is to be started...
[0m[1m[2024-01-05 14:59:46.487] [0m[32;1m(INFO)[0m [Producer.ALPIDE_plane_2 ]RUN #15145940 is to be started...
[0m[1m[2024-01-05 14:59:46.487] [0m[32;1m(INFO)[0m [Producer.POWER_1 ]RUN #15145940 is to be started...
[0m[1m[2024-01-05 14:59:46.487] [0m[32;1m(INFO)[0m [Producer.POWER_0 ]RUN #15145940 is to be started...
[0m[1m[2024-01-05 14:59:46.489] [0m[32;1m(INFO)[0m [DataCollector.dc ]DataReceiver: Connection from <ConnectionTCP>
  <FD>tcp://127.0.0.1:56956</FD>
  <Connection>
    <Type>Producer</Type>
    <Name>ALPIDE_plane_1</Name>
    <State>1</State>
  </Connection>
</ConnectionTCP>

[0m[1m[2024-01-05 14:59:46.489] [0m[32;1m(INFO)[0m [DataCollector.dc ]DataReceiver: Connection from <ConnectionTCP>
  <FD>tcp://127.0.0.1:56978</FD>
  <Connection>
    <Type>Producer</Type>
    <Name>ALPIDE_plane_2</Name>
    <State>1</State>
  </Connection>
</ConnectionTCP>

[0m[1m[2024-01-05 14:59:46.489] [0m[32;1m(INFO)[0m [DataCollector.dc ]DataReceiver: Connection from <ConnectionTCP>
  <FD>tcp://127.0.0.1:56972</FD>
  <Connection>
    <Type>Producer</Type>
    <Name>POWER_0</Name>
    <State>1</State>
  </Connection>
</ConnectionTCP>

[0m[1m[2024-01-05 14:59:46.489] [0m[32;1m(INFO)[0m [DataCollector.dc ]DataReceiver: Connection from <ConnectionTCP>
  <FD>tcp://127.0.0.1:56994</FD>
  <Connection>
    <Type>Producer</Type>
    <Name>POWER_1</Name>
    <State>1</State>
  </Connection>
</ConnectionTCP>

[0m[1m[2024-01-05 14:59:46.489] [0m[32;1m(INFO)[0m [Producer.POWER_0 ]RUN #15145940 is started.
[0m[1m[2024-01-05 14:59:46.490] [0m[32;1m(INFO)[0m [Producer.POWER_1 ]RUN #15145940 is started.
[0m[1m[2024-01-05 14:59:46.560] [0m[32;1m(INFO)[0m [Producer.ALPIDE_plane_1 ]RUN #15145940 is started.
[0m[1m[2024-01-05 14:59:46.560] [0m[32;1m(INFO)[0m [Producer.ALPIDE_plane_2 ]RUN #15145940 is started.
[0m[1m[2024-01-05 14:59:47.587] [0m[32;1m(INFO)[0m [Producer.ALPIDE_plane_0 ]RUN #15145940 is to be started...
[0m[1m[2024-01-05 14:59:47.623] [0m[32;1m(INFO)[0m [DataCollector.dc ]DataReceiver: Connection from <ConnectionTCP>
  <FD>tcp://127.0.0.1:57006</FD>
  <Connection>
    <Type>Producer</Type>
    <Name>ALPIDE_plane_0</Name>
    <State>1</State>
  </Connection>
</ConnectionTCP>

[0m[1m[2024-01-05 14:59:47.695] [0m[32;1m(INFO)[0m [Producer.ALPIDE_plane_0 ]RUN #15145940 is started.
[0m[1m[2024-01-05 15:00:17.065] [0m[32;1m(INFO)[0m [RunControl.RC-TUI ]Processing StopRun command for RUN #15145940
[0m[1m[2024-01-05 15:00:17.065] [0m[32;1m(INFO)[0m [Producer.ALPIDE_plane_0 ]RUN #15145940 is to be stopped...
[0m[1m[2024-01-05 15:00:17.319] [0m[32;1m(INFO)[0m [Producer.ALPIDE_plane_0 ]RUN #15145940 is stopped.
[0m[1m[2024-01-05 15:00:17.365] [0m[32;1m(INFO)[0m [Producer.ALPIDE_plane_1 ]RUN #15145940 is to be stopped...
[0m[1m[2024-01-05 15:00:17.365] [0m[32;1m(INFO)[0m [Producer.ALPIDE_plane_2 ]RUN #15145940 is to be stopped...
[0m[1m[2024-01-05 15:00:17.365] [0m[32;1m(INFO)[0m [Producer.POWER_1 ]RUN #15145940 is to be stopped...
[0m[1m[2024-01-05 15:00:17.365] [0m[32;1m(INFO)[0m [Producer.POWER_0 ]RUN #15145940 is to be stopped...
[0m[1m[2024-01-05 15:00:17.419] [0m[32;1m(INFO)[0m [DataCollector.dc ]DataReceiver: Disconnected from <ConnectionTCP>
  <FD>tcp://127.0.0.1:57006</FD>
  <Connection>
    <Type>Producer</Type>
    <Name>ALPIDE_plane_0</Name>
    <State>0</State>
  </Connection>
</ConnectionTCP>

[0m[1m[2024-01-05 15:00:17.625] [0m[32;1m(INFO)[0m [Producer.ALPIDE_plane_1 ]RUN #15145940 is stopped.
[0m[1m[2024-01-05 15:00:17.625] [0m[32;1m(INFO)[0m [Producer.ALPIDE_plane_2 ]RUN #15145940 is stopped.
[0m[1m[2024-01-05 15:00:17.726] [0m[32;1m(INFO)[0m [DataCollector.dc ]DataReceiver: Disconnected from <ConnectionTCP>
  <FD>tcp://127.0.0.1:56956</FD>
  <Connection>
    <Type>Producer</Type>
    <Name>ALPIDE_plane_1</Name>
    <State>0</State>
  </Connection>
</ConnectionTCP>

[0m[1m[2024-01-05 15:00:17.726] [0m[32;1m(INFO)[0m [DataCollector.dc ]DataReceiver: Disconnected from <ConnectionTCP>
  <FD>tcp://127.0.0.1:56978</FD>
  <Connection>
    <Type>Producer</Type>
    <Name>ALPIDE_plane_2</Name>
    <State>0</State>
  </Connection>
</ConnectionTCP>

[0m[1m[2024-01-05 15:00:19.331] [0m[32;1m(INFO)[0m [Producer.POWER_1 ]RUN #15145940 is stopped.
[0m[1m[2024-01-05 15:00:19.431] [0m[32;1m(INFO)[0m [DataCollector.dc ]DataReceiver: Disconnected from <ConnectionTCP>
  <FD>tcp://127.0.0.1:56994</FD>
  <Connection>
    <Type>Producer</Type>
    <Name>POWER_1</Name>
    <State>0</State>
  </Connection>
</ConnectionTCP>

[0m[1m[2024-01-05 15:00:21.002] [0m[32;1m(INFO)[0m [Producer.POWER_0 ]RUN #15145940 is stopped.
[0m[1m[2024-01-05 15:00:21.075] [0m[32;1m(INFO)[0m [DataCollector.dc ]RUN #15145940 is to be stopped...
[0m[1m[2024-01-05 15:00:21.102] [0m[32;1m(INFO)[0m [DataCollector.dc ]DataReceiver: Disconnected from <ConnectionTCP>
  <FD>tcp://127.0.0.1:56972</FD>
  <Connection>
    <Type>Producer</Type>
    <Name>POWER_0</Name>
    <State>0</State>
  </Connection>
</ConnectionTCP>

[0m[1m[2024-01-05 15:00:21.392] [0m[32;1m(INFO)[0m [DataCollector.dc ]RUN #15145940 is stopped.
[0m[1m[2024-01-05 15:00:22.314] [0m[32;1m(INFO)[0m [RunControl.RC-TUI ]Processing Terminate command
