
*** LogCollector started at 2024-01-05 12:00:20.744 ***
[0m[1m[2024-01-05 12:00:20.743] [0m[32;1m(INFO)[0m [RunControl.RC-TUI ]Processing Initialise command for log
[0m[1m[2024-01-05 12:00:20.743] [0m[32;1m(INFO)[0m [RunControl.RC-TUI ]Processing Initialise command for dc
[0m[1m[2024-01-05 12:00:20.748] [0m[32;1m(INFO)[0m [RunControl.RC-TUI ]Processing Initialise command for ALPIDE_plane_0
[0m[1m[2024-01-05 12:00:20.752] [0m[32;1m(INFO)[0m [RunControl.RC-TUI ]Processing Initialise command for ALPIDE_plane_1
[0m[1m[2024-01-05 12:00:20.752] [0m[32;1m(INFO)[0m [RunControl.RC-TUI ]Processing Initialise command for ALPIDE_plane_2
[0m[1m[2024-01-05 12:00:20.752] [0m[32;1m(INFO)[0m [RunControl.RC-TUI ]Processing Initialise command for POWER_0
[0m[1m[2024-01-05 12:00:20.752] [0m[32;1m(INFO)[0m [RunControl.RC-TUI ]Processing Initialise command for POWER_1
[0m[1m[2024-01-05 12:00:20.752] [0m[32;1m(INFO)[0m [RunControl.RC-TUI ]Processing Initialise command for APTS_0
[0m[1m[2024-01-05 12:00:20.753] [0m[32;1m(INFO)[0m [RunControl.RC-TUI ]Processing Initialise command for APTS_1
[0m[1m[2024-01-05 12:00:20.788] [0m[32;1m(INFO)[0m [Producer.ALPIDE_plane_0 ]Receive an INI section
    <Configuration>
      <Section title="">
        <EUDAQ_LOG_ADDR>tcp://127.0.0.1:55000</EUDAQ_LOG_ADDR>
        <Name>lab-3ALPIDE-2APTS.ini</Name>
      </Section>
      <Section title="Producer.ALPIDE_plane_0">
        <plane>0</plane>
        <serial>DAQ-0009010E08933325</serial>
        <triggermode>replica</triggermode>
      </Section>
    </Configuration>

[0m[1m[2024-01-05 12:00:20.788] [0m[32;1m(INFO)[0m [Producer.POWER_0 ]Receive an INI section
    <Configuration>
      <Section title="">
        <EUDAQ_LOG_ADDR>tcp://127.0.0.1:55000</EUDAQ_LOG_ADDR>
        <Name>lab-3ALPIDE-2APTS.ini</Name>
      </Section>
      <Section title="Producer.POWER_0">
        <path>/dev/hmp4040_3</path>
      </Section>
    </Configuration>

[0m[1m[2024-01-05 12:00:20.788] [0m[32;1m(INFO)[0m [DataCollector.dc ]Receive an INI section
    <Configuration>
      <Section title="">
        <EUDAQ_LOG_ADDR>tcp://127.0.0.1:55000</EUDAQ_LOG_ADDR>
        <Name>lab-3ALPIDE-2APTS.ini</Name>
      </Section>
      <Section title="DataCollector.dc">
        <dataproducers>ALPIDE_plane_0,APTS_0,APTS_1,ALPIDE_plane_1,ALPIDE_plane_2</dataproducers>
      </Section>
    </Configuration>

[0m[1m[2024-01-05 12:00:20.788] [0m[32;1m(INFO)[0m [Producer.ALPIDE_plane_1 ]Receive an INI section
    <Configuration>
      <Section title="">
        <EUDAQ_LOG_ADDR>tcp://127.0.0.1:55000</EUDAQ_LOG_ADDR>
        <Name>lab-3ALPIDE-2APTS.ini</Name>
      </Section>
      <Section title="Producer.ALPIDE_plane_1">
        <plane>3</plane>
        <serial>DAQ-0009010E08931906</serial>
        <triggermode>replica</triggermode>
      </Section>
    </Configuration>

[0m[1m[2024-01-05 12:00:20.788] [0m[32;1m(INFO)[0m [Producer.ALPIDE_plane_2 ]Receive an INI section
    <Configuration>
      <Section title="">
        <EUDAQ_LOG_ADDR>tcp://127.0.0.1:55000</EUDAQ_LOG_ADDR>
        <Name>lab-3ALPIDE-2APTS.ini</Name>
      </Section>
      <Section title="Producer.ALPIDE_plane_2">
        <plane>4</plane>
        <serial>DAQ-0009010E08933225</serial>
        <triggermode>replica</triggermode>
      </Section>
    </Configuration>

[0m[1m[2024-01-05 12:00:20.788] [0m[32;1m(INFO)[0m [Producer.POWER_1 ]Receive an INI section
    <Configuration>
      <Section title="">
        <EUDAQ_LOG_ADDR>tcp://127.0.0.1:55000</EUDAQ_LOG_ADDR>
        <Name>lab-3ALPIDE-2APTS.ini</Name>
      </Section>
      <Section title="Producer.POWER_1">
        <path>/dev/hmp2030</path>
      </Section>
    </Configuration>

[0m[1m[2024-01-05 12:00:20.788] [0m[32;1m(INFO)[0m [Producer.APTS_0 ]Receive an INI section
    <Configuration>
      <Section title="">
        <EUDAQ_LOG_ADDR>tcp://127.0.0.1:55000</EUDAQ_LOG_ADDR>
        <Name>lab-3ALPIDE-2APTS.ini</Name>
      </Section>
      <Section title="Producer.APTS_0">
        <plane>1</plane>
        <proximity>APTS-017</proximity>
        <serial>DAQ-0009010E08931D07</serial>
      </Section>
    </Configuration>

[0m[1m[2024-01-05 12:00:20.788] [0m[32;1m(INFO)[0m [Producer.APTS_1 ]Receive an INI section
    <Configuration>
      <Section title="">
        <EUDAQ_LOG_ADDR>tcp://127.0.0.1:55000</EUDAQ_LOG_ADDR>
        <Name>lab-3ALPIDE-2APTS.ini</Name>
      </Section>
      <Section title="Producer.APTS_1">
        <plane>2</plane>
        <proximity>APTS-025</proximity>
        <serial>DAQ-0009010E08932125</serial>
      </Section>
    </Configuration>

[0m[1m[2024-01-05 12:00:20.788] [0m[32;1m(INFO)[0m [Producer.POWER_0 ]Producer.POWER_0 is to be initialised...
[0m[1m[2024-01-05 12:00:20.805] [0m[32;1m(INFO)[0m [Producer.POWER_0 ]Producer.POWER_0 is initialised.
[0m[1m[2024-01-05 12:00:20.788] [0m[32;1m(INFO)[0m [Producer.ALPIDE_plane_0 ]Producer.ALPIDE_plane_0 is to be initialised...
[0m[1m[2024-01-05 12:00:20.788] [0m[32;1m(INFO)[0m [Producer.ALPIDE_plane_2 ]Producer.ALPIDE_plane_2 is to be initialised...
[0m[1m[2024-01-05 12:00:20.788] [0m[32;1m(INFO)[0m [Producer.POWER_1 ]Producer.POWER_1 is to be initialised...
[0m[1m[2024-01-05 12:00:20.805] [0m[32;1m(INFO)[0m [Producer.POWER_1 ]Producer.POWER_1 is initialised.
[0m[1m[2024-01-05 12:00:20.788] [0m[32;1m(INFO)[0m [Producer.APTS_0 ]Producer.APTS_0 is to be initialised...
[0m[1m[2024-01-05 12:00:20.788] [0m[32;1m(INFO)[0m [Producer.APTS_0 ]Initialising MLR1 DAQ Board
[0m[1m[2024-01-05 12:00:20.792] [0m[31;1m(DEBUG)[0m [Producer.APTS_0 ]v1.10.2 - /home/next/.local/lib/python3.10/site-packages/mlr1daqboard is not a git repository but an installation directory. Git hash at installation: f39ffae61a5ded937a877f938b665ea40cb8dcd9
[0m[1m[2024-01-05 12:00:20.794] [0m[31;1m(DEBUG)[0m [Producer.APTS_0 ]File /home/next/.local/lib/python3.10/site-packages/mlr1daqboard/mlr1daqboard.py installed in /home/next/.local/lib/python3.10/site-packages/mlr1daqboard v1.10.2:
Created:  2023-08-11 08:02:04.290911 UTC
Accessed: 2024-01-05 02:10:12.660446 UTC
Modified: 2023-08-11 08:02:04.290911 UTC
Size:     30355
git diff at installation:
[0m[1m[2024-01-05 12:00:20.794] [0m[31;1m(DEBUG)[0m [Producer.APTS_0 ]Loaded DAC calibration from /home/next/.local/lib/python3.10/site-packages/mlr1daqboard/calibration/APTS-017.json: {
    "IDAC": {
        "CE_COL_AP_IBIASN": [
            0.0185,
            3.31,
            660
        ],
        "CE_MAT_AP_IBIAS4SF_DP_IBIASF": [
            0.38109,
            74.84,
            10000
        ],
        "CE_PMOS_AP_DP_IRESET": [
            3.1e-05,
            0.1,
            1.6
        ],
        "AP_IBIASP_DP_IDB": [
            0.0158,
            1.56,
            460
        ],
        "AP_IBIAS3_DP_IBIAS": [
            0.012,
            1.03,
            560
        ]
    },
    "VDAC": {
        "AP_SEL0": [
            0.03809,
            1.13,
            1200
        ],
        "AP_SEL1": [
            0.03795,
            7.01,
            1200
        ],
        "AP_VRESET": [
            0.03807,
            1.15,
            1200
        ],
        "CE_VOFFSET_AP_DP_VH": [
            0.03806,
            4.17,
            1200
        ],
        "AP_VCASP_MUX0_DP_VCASB": [
            0.03809,
            5.14,
            1200
        ],
        "AP_VCASN_MUX1_DP_VCASN": [
            0.03809,
            2.45,
            1200
        ]
    }
}
[0m[1m[2024-01-05 12:00:20.803] [0m[31;1m(DEBUG)[0m [Producer.APTS_0 ]Using DAQ board with serial number DAQ-0009010E08931D07
[0m[1m[2024-01-05 12:00:20.788] [0m[32;1m(INFO)[0m [DataCollector.dc ]DataCollector.dc is to be initialised...
[0m[1m[2024-01-05 12:00:20.788] [0m[32;1m(INFO)[0m [DataCollector.dc ]TCPServer:: Listening on port 40101
[0m[1m[2024-01-05 12:00:20.788] [0m[32;1m(INFO)[0m [Producer.ALPIDE_plane_1 ]Producer.ALPIDE_plane_1 is to be initialised...
[0m[1m[2024-01-05 12:00:20.788] [0m[32;1m(INFO)[0m [Producer.APTS_1 ]Producer.APTS_1 is to be initialised...
[0m[1m[2024-01-05 12:00:20.788] [0m[32;1m(INFO)[0m [Producer.APTS_1 ]Initialising MLR1 DAQ Board
[0m[1m[2024-01-05 12:00:20.792] [0m[31;1m(DEBUG)[0m [Producer.APTS_1 ]v1.10.2 - /home/next/.local/lib/python3.10/site-packages/mlr1daqboard is not a git repository but an installation directory. Git hash at installation: f39ffae61a5ded937a877f938b665ea40cb8dcd9
[0m[1m[2024-01-05 12:00:20.794] [0m[31;1m(DEBUG)[0m [Producer.APTS_1 ]File /home/next/.local/lib/python3.10/site-packages/mlr1daqboard/mlr1daqboard.py installed in /home/next/.local/lib/python3.10/site-packages/mlr1daqboard v1.10.2:
Created:  2023-08-11 08:02:04.290911 UTC
Accessed: 2024-01-05 02:10:12.660446 UTC
Modified: 2023-08-11 08:02:04.290911 UTC
Size:     30355
git diff at installation:
[0m[1m[2024-01-05 12:00:20.794] [0m[31;1m(DEBUG)[0m [Producer.APTS_1 ]Loaded DAC calibration from /home/next/.local/lib/python3.10/site-packages/mlr1daqboard/calibration/APTS-025.json: {
    "IDAC": {
        "CE_COL_AP_IBIASN": [
            0.0189,
            1.79,
            670
        ],
        "CE_MAT_AP_IBIAS4SF_DP_IBIASF": [
            0.37996,
            50.38,
            10000
        ],
        "CE_PMOS_AP_DP_IRESET": [
            3.2e-05,
            0.0,
            2.0
        ],
        "AP_IBIASP_DP_IDB": [
            0.0158,
            1.14,
            450
        ],
        "AP_IBIAS3_DP_IBIAS": [
            0.1186,
            3.79,
            1500
        ]
    },
    "VDAC": {
        "AP_SEL0": [
            0.03804,
            4.71,
            1200
        ],
        "AP_SEL1": [
            0.03806,
            0.1,
            1200
        ],
        "AP_VRESET": [
            0.03809,
            3.6,
            1200
        ],
        "CE_VOFFSET_AP_DP_VH": [
            0.03808,
            3.96,
            1200
        ],
        "AP_VCASP_MUX0_DP_VCASB": [
            0.03805,
            1.61,
            1200
        ],
        "AP_VCASN_MUX1_DP_VCASN": [
            0.03807,
            3.06,
            1200
        ]
    }
}
[0m[1m[2024-01-05 12:00:20.803] [0m[31;1m(DEBUG)[0m [Producer.APTS_1 ]Using DAQ board with serial number DAQ-0009010E08932125
[0m[1m[2024-01-05 12:00:21.011] [0m[32;1m(INFO)[0m [Producer.ALPIDE_plane_0 ]Producer.ALPIDE_plane_0 is initialised.
[0m[1m[2024-01-05 12:00:21.013] [0m[32;1m(INFO)[0m [Producer.ALPIDE_plane_1 ]Producer.ALPIDE_plane_1 is initialised.
[0m[1m[2024-01-05 12:00:21.015] [0m[32;1m(INFO)[0m [Producer.ALPIDE_plane_2 ]Producer.ALPIDE_plane_2 is initialised.
[0m[1m[2024-01-05 12:00:21.106] [0m[31;1m(DEBUG)[0m [Producer.APTS_0 ]Read cmd 0x1602 returned 0000000016737e10
[0m[1m[2024-01-05 12:00:21.106] [0m[31;1m(DEBUG)[0m [Producer.APTS_0 ]Firmware version: 0x107E7316
[0m[1m[2024-01-05 12:00:21.106] [0m[31;1m(DEBUG)[0m [Producer.APTS_1 ]Read cmd 0x1602 returned 0000000016737e10
[0m[1m[2024-01-05 12:00:21.106] [0m[31;1m(DEBUG)[0m [Producer.APTS_0 ]Read cmd 0x1600 returned 00000000fe000000
[0m[1m[2024-01-05 12:00:21.106] [0m[31;1m(DEBUG)[0m [Producer.APTS_1 ]Firmware version: 0x107E7316
[0m[1m[2024-01-05 12:00:21.107] [0m[32;1m(INFO)[0m [Producer.APTS_0 ]Producer.APTS_0 is initialised.
[0m[1m[2024-01-05 12:00:21.107] [0m[31;1m(DEBUG)[0m [Producer.APTS_1 ]Read cmd 0x1600 returned 00000000fe000000
[0m[1m[2024-01-05 12:00:21.107] [0m[32;1m(INFO)[0m [Producer.APTS_1 ]Producer.APTS_1 is initialised.
[0m[1m[2024-01-05 12:00:21.789] [0m[32;1m(INFO)[0m [DataCollector.dc ]DataCollector.dc is initialised.
[0m[1m[2024-01-05 12:00:21.819] [0m[32;1m(INFO)[0m [RunControl.RC-TUI ]Processing Configure command
[0m[1m[2024-01-05 12:00:21.820] [0m[32;1m(INFO)[0m [DataCollector.dc ]Receive a CONF section
    <Configuration>
      <Section title="">
        <DataCollector.dc>tcp://127.0.0.1:40101</DataCollector.dc>
        <LogCollector.log>tcp://127.0.0.1:55000</LogCollector.log>
        <Name>lab-3ALPIDE-2APTS.conf</Name>
      </Section>
      <Section title="DataCollector.dc">
        <#EUDAQ_DATACOL_SEND_MONITOR_FRACTION>10</#EUDAQ_DATACOL_SEND_MONITOR_FRACTION>
        <#EUDAQ_FW_PATTERN>/dev/null/run$6R_$12D$X</#EUDAQ_FW_PATTERN>
        <#EUDAQ_MN>mon</#EUDAQ_MN>
        <EUDAQ_FW>native</EUDAQ_FW>
        <EUDAQ_FW_PATTERN>/home/next/ITS3/eudaq/data/20240104/run$6R_$12D$X</EUDAQ_FW_PATTERN>
      </Section>
    </Configuration>

[0m[1m[2024-01-05 12:00:21.820] [0m[32;1m(INFO)[0m [Producer.ALPIDE_plane_1 ]Receive a CONF section
    <Configuration>
      <Section title="">
        <DataCollector.dc>tcp://127.0.0.1:40101</DataCollector.dc>
        <LogCollector.log>tcp://127.0.0.1:55000</LogCollector.log>
        <Name>lab-3ALPIDE-2APTS.conf</Name>
      </Section>
      <Section title="Producer.ALPIDE_plane_1">
        <EUDAQ_DC>dc</EUDAQ_DC>
        <EUDAQ_ID>3</EUDAQ_ID>
        <ITHR>60</ITHR>
        <STROBE_LENGTH>800</STROBE_LENGTH>
        <VCASN>106</VCASN>
        <VCASN2>118</VCASN2>
        <VCLIP>60</VCLIP>
      </Section>
    </Configuration>

[0m[1m[2024-01-05 12:00:21.820] [0m[32;1m(INFO)[0m [Producer.ALPIDE_plane_0 ]Receive a CONF section
    <Configuration>
      <Section title="">
        <DataCollector.dc>tcp://127.0.0.1:40101</DataCollector.dc>
        <LogCollector.log>tcp://127.0.0.1:55000</LogCollector.log>
        <Name>lab-3ALPIDE-2APTS.conf</Name>
      </Section>
      <Section title="Producer.ALPIDE_plane_0">
        <EUDAQ_DC>dc</EUDAQ_DC>
        <EUDAQ_ID>0</EUDAQ_ID>
        <ITHR>60</ITHR>
        <STROBE_LENGTH>800</STROBE_LENGTH>
        <VCASN>106</VCASN>
        <VCASN2>118</VCASN2>
        <VCLIP>60</VCLIP>
      </Section>
    </Configuration>

[0m[1m[2024-01-05 12:00:21.820] [0m[32;1m(INFO)[0m [Producer.ALPIDE_plane_0 ]Producer.ALPIDE_plane_0 is to be configured...
[0m[1m[2024-01-05 12:00:21.820] [0m[32;1m(INFO)[0m [Producer.POWER_0 ]Receive a CONF section
    <Configuration>
      <Section title="">
        <DataCollector.dc>tcp://127.0.0.1:40101</DataCollector.dc>
        <LogCollector.log>tcp://127.0.0.1:55000</LogCollector.log>
        <Name>lab-3ALPIDE-2APTS.conf</Name>
      </Section>
      <Section title="Producer.POWER_0">
        <EUDAQ_DC>dc</EUDAQ_DC>
      </Section>
    </Configuration>

[0m[1m[2024-01-05 12:00:21.820] [0m[32;1m(INFO)[0m [Producer.POWER_0 ]Producer.POWER_0 is to be configured...
[0m[1m[2024-01-05 12:00:21.820] [0m[32;1m(INFO)[0m [DataCollector.dc ]DataCollector.dc is to be configured...
[0m[1m[2024-01-05 12:00:21.820] [0m[32;1m(INFO)[0m [DataCollector.dc ]DataCollector.dc is configured.
[0m[1m[2024-01-05 12:00:21.820] [0m[32;1m(INFO)[0m [Producer.ALPIDE_plane_1 ]Producer.ALPIDE_plane_1 is to be configured...
[0m[1m[2024-01-05 12:00:21.820] [0m[32;1m(INFO)[0m [Producer.ALPIDE_plane_2 ]Receive a CONF section
    <Configuration>
      <Section title="">
        <DataCollector.dc>tcp://127.0.0.1:40101</DataCollector.dc>
        <LogCollector.log>tcp://127.0.0.1:55000</LogCollector.log>
        <Name>lab-3ALPIDE-2APTS.conf</Name>
      </Section>
      <Section title="Producer.ALPIDE_plane_2">
        <EUDAQ_DC>dc</EUDAQ_DC>
        <EUDAQ_ID>4</EUDAQ_ID>
        <ITHR>60</ITHR>
        <STROBE_LENGTH>800</STROBE_LENGTH>
        <VCASN>106</VCASN>
        <VCASN2>118</VCASN2>
        <VCLIP>60</VCLIP>
      </Section>
    </Configuration>

[0m[1m[2024-01-05 12:00:21.820] [0m[32;1m(INFO)[0m [Producer.ALPIDE_plane_2 ]Producer.ALPIDE_plane_2 is to be configured...
[0m[1m[2024-01-05 12:00:21.820] [0m[32;1m(INFO)[0m [Producer.POWER_1 ]Receive a CONF section
    <Configuration>
      <Section title="">
        <DataCollector.dc>tcp://127.0.0.1:40101</DataCollector.dc>
        <LogCollector.log>tcp://127.0.0.1:55000</LogCollector.log>
        <Name>lab-3ALPIDE-2APTS.conf</Name>
      </Section>
      <Section title="Producer.POWER_1">
        <EUDAQ_DC>dc</EUDAQ_DC>
      </Section>
    </Configuration>

[0m[1m[2024-01-05 12:00:21.820] [0m[32;1m(INFO)[0m [Producer.POWER_1 ]Producer.POWER_1 is to be configured...
[0m[1m[2024-01-05 12:00:21.820] [0m[32;1m(INFO)[0m [Producer.APTS_0 ]Receive a CONF section
    <Configuration>
      <Section title="">
        <DataCollector.dc>tcp://127.0.0.1:40101</DataCollector.dc>
        <LogCollector.log>tcp://127.0.0.1:55000</LogCollector.log>
        <Name>lab-3ALPIDE-2APTS.conf</Name>
      </Section>
      <Section title="Producer.APTS_0">
        <#trg_thr>71</#trg_thr>
        <EUDAQ_DC>dc</EUDAQ_DC>
        <EUDAQ_ID>1</EUDAQ_ID>
        <trg_type>0</trg_type>
      </Section>
    </Configuration>

[0m[1m[2024-01-05 12:00:21.820] [0m[32;1m(INFO)[0m [Producer.APTS_0 ]Producer.APTS_0 is to be configured...
[0m[1m[2024-01-05 12:00:21.820] [0m[32;1m(INFO)[0m [Producer.APTS_1 ]Receive a CONF section
    <Configuration>
      <Section title="">
        <DataCollector.dc>tcp://127.0.0.1:40101</DataCollector.dc>
        <LogCollector.log>tcp://127.0.0.1:55000</LogCollector.log>
        <Name>lab-3ALPIDE-2APTS.conf</Name>
      </Section>
      <Section title="Producer.APTS_1">
        <EUDAQ_DC>dc</EUDAQ_DC>
        <EUDAQ_ID>2</EUDAQ_ID>
        <trg_thr>60</trg_thr>
        <trg_type>1</trg_type>
      </Section>
    </Configuration>

[0m[1m[2024-01-05 12:00:21.820] [0m[32;1m(INFO)[0m [Producer.APTS_1 ]Producer.APTS_1 is to be configured...
[0m[1m[2024-01-05 12:00:21.820] [0m[32;1m(INFO)[0m [Producer.POWER_0 ]Producer.POWER_0 is configured.
[0m[1m[2024-01-05 12:00:21.820] [0m[32;1m(INFO)[0m [Producer.POWER_1 ]Producer.POWER_1 is configured.
[0m[1m[2024-01-05 12:00:21.821] [0m[31;1m(DEBUG)[0m [Producer.APTS_0 ]Write cmd 0x0300 0x00000000 returned 0100000000030000
[0m[1m[2024-01-05 12:00:21.821] [0m[31;1m(DEBUG)[0m [Producer.APTS_1 ]Write cmd 0x0300 0x00000000 returned 0100000000030000
[0m[1m[2024-01-05 12:00:21.821] [0m[31;1m(DEBUG)[0m [Producer.APTS_0 ]Read cmd 0x1103 returned 000000005afb0400
[0m[1m[2024-01-05 12:00:21.822] [0m[32;1m(INFO)[0m [Producer.APTS_0 ]Powering ON the chip with default DAC settings.
[0m[1m[2024-01-05 12:00:21.821] [0m[31;1m(DEBUG)[0m [Producer.APTS_1 ]Read cmd 0x1103 returned 0000000024eb2700
[0m[1m[2024-01-05 12:00:21.822] [0m[31;1m(DEBUG)[0m [Producer.APTS_1 ]Write cmd 0x00ef 0x00000000 returned 01000000ef000000
[0m[1m[2024-01-05 12:00:21.822] [0m[31;1m(DEBUG)[0m [Producer.APTS_0 ]Read cmd 0x1103 returned 000000005b1b0500
[0m[1m[2024-01-05 12:00:21.822] [0m[31;1m(DEBUG)[0m [Producer.APTS_0 ]Read cmd 0x1104 returned 0000000005c00000
[0m[1m[2024-01-05 12:00:21.822] [0m[31;1m(DEBUG)[0m [Producer.APTS_1 ]Write cmd 0x0387 0x00000000 returned 0100000087030000
[0m[1m[2024-01-05 12:00:21.823] [0m[31;1m(DEBUG)[0m [Producer.APTS_0 ]Read cmd 0x1103 returned 000000005a3b0500
[0m[1m[2024-01-05 12:00:21.823] [0m[31;1m(DEBUG)[0m [Producer.APTS_1 ]Write cmd 0x0301 0x00000028 returned 0100000001030000
[0m[1m[2024-01-05 12:00:21.823] [0m[32;1m(INFO)[0m [Producer.APTS_0 ]Currents before Proximity ON: Ia = 3.06 mA, Id = 0.15 mA, Ib = 70.91 mA
[0m[1m[2024-01-05 12:00:21.823] [0m[31;1m(DEBUG)[0m [Producer.APTS_1 ]Write cmd 0x0302 0x00000064 returned 0100000002030000
[0m[1m[2024-01-05 12:00:21.824] [0m[31;1m(DEBUG)[0m [Producer.APTS_0 ]Write cmd 0x0e32 0x00000001 returned 01000000320e0000
[0m[1m[2024-01-05 12:00:21.824] [0m[31;1m(DEBUG)[0m [Producer.APTS_1 ]Write cmd 0x0303 0x00000064 returned 0100000003030000
[0m[1m[2024-01-05 12:00:21.824] [0m[31;1m(DEBUG)[0m [Producer.APTS_0 ]Write cmd 0x0e33 0x00000001 returned 01000000330e0000
[0m[1m[2024-01-05 12:00:21.824] [0m[31;1m(DEBUG)[0m [Producer.APTS_0 ]Write cmd 0x0e12 0x00000001 returned 01000000120e0000
[0m[1m[2024-01-05 12:00:21.825] [0m[31;1m(DEBUG)[0m [Producer.APTS_1 ]Write cmd 0x0304 0x00000001 returned 0100000004030000
[0m[1m[2024-01-05 12:00:21.825] [0m[31;1m(DEBUG)[0m [Producer.APTS_1 ]Write cmd 0x0305 0x00002710 returned 0100000005030000
[0m[1m[2024-01-05 12:00:21.825] [0m[31;1m(DEBUG)[0m [Producer.APTS_1 ]Write cmd 0x0306 0x0000003c returned 0100000006030000
[0m[1m[2024-01-05 12:00:21.826] [0m[31;1m(DEBUG)[0m [Producer.APTS_1 ]Write cmd 0x0307 0x00000002 returned 0100000007030000
[0m[1m[2024-01-05 12:00:21.826] [0m[31;1m(DEBUG)[0m [Producer.APTS_0 ]Write cmd 0x0401 0x08000001 returned 0100000001040000
[0m[1m[2024-01-05 12:00:21.826] [0m[31;1m(DEBUG)[0m [Producer.APTS_1 ]Write cmd 0x0308 0x0000ffff returned 0100000008030000
[0m[1m[2024-01-05 12:00:21.827] [0m[31;1m(DEBUG)[0m [Producer.APTS_0 ]Write cmd 0x0501 0x08000001 returned 0100000001050000
[0m[1m[2024-01-05 12:00:21.827] [0m[31;1m(DEBUG)[0m [Producer.APTS_1 ]Write cmd 0x0309 0x00000000 returned 0100000009030000
[0m[1m[2024-01-05 12:00:21.827] [0m[31;1m(DEBUG)[0m [Producer.APTS_1 ]Write cmd 0x030a 0x00000001 returned 010000000a030000
[0m[1m[2024-01-05 12:00:21.828] [0m[31;1m(DEBUG)[0m [Producer.APTS_1 ]Write cmd 0x030b 0x00000001 returned 010000000b030000
[0m[1m[2024-01-05 12:00:21.828] [0m[31;1m(DEBUG)[0m [Producer.APTS_1 ]Write cmd 0x030c 0x00000001 returned 010000000c030000
[0m[1m[2024-01-05 12:00:21.828] [0m[31;1m(DEBUG)[0m [Producer.APTS_1 ]Write cmd 0x030d 0x0000000a returned 010000000d030000
[0m[1m[2024-01-05 12:00:21.829] [0m[31;1m(DEBUG)[0m [Producer.APTS_1 ]Write cmd 0x030e 0x0000000a returned 010000000e030000
[0m[1m[2024-01-05 12:00:21.829] [0m[31;1m(DEBUG)[0m [Producer.APTS_1 ]Write cmd 0x0300 0x00000001 returned 0100000000030000
[0m[1m[2024-01-05 12:00:21.829] [0m[32;1m(INFO)[0m [Producer.APTS_1 ]Producer.APTS_1 is configured.
[0m[1m[2024-01-05 12:00:21.829] [0m[31;1m(DEBUG)[0m [Producer.APTS_0 ]Read cmd 0x1103 returned 000000005a0b0500
[0m[1m[2024-01-05 12:00:21.830] [0m[31;1m(DEBUG)[0m [Producer.APTS_0 ]Read cmd 0x1104 returned 0000000006d00000
[0m[1m[2024-01-05 12:00:21.830] [0m[31;1m(DEBUG)[0m [Producer.APTS_0 ]Read cmd 0x1103 returned 0000000058fb0400
[0m[1m[2024-01-05 12:00:21.830] [0m[32;1m(INFO)[0m [Producer.APTS_0 ]Currents after Proximity ON: Ia = 3.02 mA, Id = 0.18 mA, Ib = 70.86 mA
[0m[1m[2024-01-05 12:00:21.830] [0m[32;1m(INFO)[0m [Producer.APTS_0 ]Setting DACs for APTS-SF.
[0m[1m[2024-01-05 12:00:21.830] [0m[31;1m(DEBUG)[0m [Producer.APTS_0 ]Setting DAC CE_COL_AP_IBIASN to 19.997 uA.
[0m[1m[2024-01-05 12:00:21.831] [0m[31;1m(DEBUG)[0m [Producer.APTS_0 ]Setting DAC CE_COL_AP_IBIASN to 902
[0m[1m[2024-01-05 12:00:21.831] [0m[31;1m(DEBUG)[0m [Producer.APTS_0 ]Write cmd 0x0401 0x03303860 returned 0100000001040000
[0m[1m[2024-01-05 12:00:21.831] [0m[31;1m(DEBUG)[0m [Producer.APTS_0 ]Setting DAC CE_MAT_AP_IBIAS4SF_DP_IBIASF to 149.915 uA.
[0m[1m[2024-01-05 12:00:21.831] [0m[31;1m(DEBUG)[0m [Producer.APTS_0 ]Setting DAC CE_MAT_AP_IBIAS4SF_DP_IBIASF to 197
[0m[1m[2024-01-05 12:00:21.832] [0m[31;1m(DEBUG)[0m [Producer.APTS_0 ]Write cmd 0x0401 0x03400c50 returned 0100000001040000
[0m[1m[2024-01-05 12:00:21.832] [0m[31;1m(DEBUG)[0m [Producer.APTS_0 ]Setting DAC CE_PMOS_AP_DP_IRESET to 1.000 uA.
[0m[1m[2024-01-05 12:00:21.832] [0m[31;1m(DEBUG)[0m [Producer.APTS_0 ]Setting DAC CE_PMOS_AP_DP_IRESET to 29032
[0m[1m[2024-01-05 12:00:21.832] [0m[31;1m(DEBUG)[0m [Producer.APTS_0 ]Write cmd 0x0501 0x03071680 returned 0100000001050000
[0m[1m[2024-01-05 12:00:21.832] [0m[31;1m(DEBUG)[0m [Producer.APTS_0 ]Setting DAC AP_IBIASP_DP_IDB to 1.987 uA.
[0m[1m[2024-01-05 12:00:21.832] [0m[31;1m(DEBUG)[0m [Producer.APTS_0 ]Setting DAC AP_IBIASP_DP_IDB to 27
[0m[1m[2024-01-05 12:00:21.833] [0m[31;1m(DEBUG)[0m [Producer.APTS_0 ]Write cmd 0x0501 0x031001b0 returned 0100000001050000
[0m[1m[2024-01-05 12:00:21.833] [0m[31;1m(DEBUG)[0m [Producer.APTS_0 ]Setting DAC AP_IBIAS3_DP_IBIAS to 199.990 uA.
[0m[1m[2024-01-05 12:00:21.833] [0m[31;1m(DEBUG)[0m [Producer.APTS_0 ]Setting DAC AP_IBIAS3_DP_IBIAS to 16580
[0m[1m[2024-01-05 12:00:21.833] [0m[31;1m(DEBUG)[0m [Producer.APTS_0 ]Write cmd 0x0501 0x03340c40 returned 0100000001050000
[0m[1m[2024-01-05 12:00:21.833] [0m[31;1m(DEBUG)[0m [Producer.APTS_0 ]Setting DAC CE_VOFFSET_AP_DP_VH to 1199.977 mV
[0m[1m[2024-01-05 12:00:21.834] [0m[31;1m(DEBUG)[0m [Producer.APTS_0 ]Setting DAC CE_VOFFSET_AP_DP_VH to 31419
[0m[1m[2024-01-05 12:00:21.834] [0m[31;1m(DEBUG)[0m [Producer.APTS_0 ]Write cmd 0x0501 0x0347abb0 returned 0100000001050000
[0m[1m[2024-01-05 12:00:21.834] [0m[31;1m(DEBUG)[0m [Producer.APTS_0 ]Setting DAC AP_VRESET to 499.981 mV
[0m[1m[2024-01-05 12:00:21.834] [0m[31;1m(DEBUG)[0m [Producer.APTS_0 ]Setting DAC AP_VRESET to 13103
[0m[1m[2024-01-05 12:00:21.835] [0m[31;1m(DEBUG)[0m [Producer.APTS_0 ]Write cmd 0x0501 0x035332f0 returned 0100000001050000
[0m[1m[2024-01-05 12:00:21.835] [0m[32;1m(INFO)[0m [Producer.APTS_0 ]Chip powered ON.
[0m[1m[2024-01-05 12:00:21.835] [0m[32;1m(INFO)[0m [Producer.APTS_0 ]Waiting 9 seconds for Ia current to stabilize...
[0m[1m[2024-01-05 12:00:21.835] [0m[31;1m(DEBUG)[0m [Producer.APTS_0 ]Read cmd 0x1103 returned 00000000530b0900
[0m[1m[2024-01-05 12:00:21.835] [0m[32;1m(INFO)[0m [Producer.APTS_0 ]Ia = 5.44 mA
[0m[1m[2024-01-05 12:00:21.928] [0m[32;1m(INFO)[0m [Producer.ALPIDE_plane_2 ]Producer.ALPIDE_plane_2 is configured.
[0m[1m[2024-01-05 12:00:21.929] [0m[32;1m(INFO)[0m [Producer.ALPIDE_plane_0 ]Producer.ALPIDE_plane_0 is configured.
[0m[1m[2024-01-05 12:00:21.929] [0m[32;1m(INFO)[0m [Producer.ALPIDE_plane_1 ]Producer.ALPIDE_plane_1 is configured.
[0m[1m[2024-01-05 12:00:22.836] [0m[31;1m(DEBUG)[0m [Producer.APTS_0 ]Read cmd 0x1103 returned 00000000545b0900
[0m[1m[2024-01-05 12:00:22.837] [0m[32;1m(INFO)[0m [Producer.APTS_0 ]Ia = 5.63 mA
[0m[1m[2024-01-05 12:00:23.838] [0m[31;1m(DEBUG)[0m [Producer.APTS_0 ]Read cmd 0x1103 returned 00000000551b0900
[0m[1m[2024-01-05 12:00:23.838] [0m[32;1m(INFO)[0m [Producer.APTS_0 ]Ia = 5.48 mA
[0m[1m[2024-01-05 12:00:24.840] [0m[31;1m(DEBUG)[0m [Producer.APTS_0 ]Read cmd 0x1103 returned 00000000565b0900
[0m[1m[2024-01-05 12:00:24.840] [0m[32;1m(INFO)[0m [Producer.APTS_0 ]Ia = 5.63 mA
[0m[1m[2024-01-05 12:00:25.841] [0m[31;1m(DEBUG)[0m [Producer.APTS_0 ]Read cmd 0x1103 returned 00000000597b0900
[0m[1m[2024-01-05 12:00:25.842] [0m[32;1m(INFO)[0m [Producer.APTS_0 ]Ia = 5.71 mA
[0m[1m[2024-01-05 12:00:26.843] [0m[31;1m(DEBUG)[0m [Producer.APTS_0 ]Read cmd 0x1103 returned 00000000548b0900
[0m[1m[2024-01-05 12:00:26.843] [0m[32;1m(INFO)[0m [Producer.APTS_0 ]Ia = 5.75 mA
[0m[1m[2024-01-05 12:00:27.846] [0m[31;1m(DEBUG)[0m [Producer.APTS_0 ]Read cmd 0x1103 returned 00000000578b0900
[0m[1m[2024-01-05 12:00:27.846] [0m[32;1m(INFO)[0m [Producer.APTS_0 ]Ia = 5.75 mA
[0m[1m[2024-01-05 12:00:28.848] [0m[31;1m(DEBUG)[0m [Producer.APTS_0 ]Read cmd 0x1103 returned 00000000570b0900
[0m[1m[2024-01-05 12:00:28.849] [0m[32;1m(INFO)[0m [Producer.APTS_0 ]Ia = 5.44 mA
[0m[1m[2024-01-05 12:00:29.850] [0m[31;1m(DEBUG)[0m [Producer.APTS_0 ]Read cmd 0x1103 returned 00000000551b0900
[0m[1m[2024-01-05 12:00:29.851] [0m[32;1m(INFO)[0m [Producer.APTS_0 ]Ia = 5.48 mA
[0m[1m[2024-01-05 12:00:30.853] [0m[31;1m(DEBUG)[0m [Producer.APTS_0 ]Read cmd 0x1103 returned 0000000054fb0800
[0m[1m[2024-01-05 12:00:30.854] [0m[31;1m(DEBUG)[0m [Producer.APTS_0 ]Read cmd 0x1104 returned 0000000005e00000
[0m[1m[2024-01-05 12:00:30.854] [0m[31;1m(DEBUG)[0m [Producer.APTS_0 ]Read cmd 0x1103 returned 00000000541b0900
[0m[1m[2024-01-05 12:00:30.854] [0m[32;1m(INFO)[0m [Producer.APTS_0 ]Currents after setting DACs: Ia = 5.41 mA, Id = 0.15 mA, Ib = 70.76 mA
[0m[1m[2024-01-05 12:00:30.855] [0m[31;1m(DEBUG)[0m [Producer.APTS_0 ]Write cmd 0x00ef 0x00000000 returned 01000000ef000000
[0m[1m[2024-01-05 12:00:30.855] [0m[31;1m(DEBUG)[0m [Producer.APTS_0 ]Write cmd 0x0387 0x00000000 returned 0100000087030000
[0m[1m[2024-01-05 12:00:30.855] [0m[31;1m(DEBUG)[0m [Producer.APTS_0 ]Write cmd 0x0301 0x00000028 returned 0100000001030000
[0m[1m[2024-01-05 12:00:30.856] [0m[31;1m(DEBUG)[0m [Producer.APTS_0 ]Write cmd 0x0302 0x00000064 returned 0100000002030000
[0m[1m[2024-01-05 12:00:30.856] [0m[31;1m(DEBUG)[0m [Producer.APTS_0 ]Write cmd 0x0303 0x00000064 returned 0100000003030000
[0m[1m[2024-01-05 12:00:30.856] [0m[31;1m(DEBUG)[0m [Producer.APTS_0 ]Write cmd 0x0304 0x00000001 returned 0100000004030000
[0m[1m[2024-01-05 12:00:30.856] [0m[31;1m(DEBUG)[0m [Producer.APTS_0 ]Write cmd 0x0305 0x00002710 returned 0100000005030000
[0m[1m[2024-01-05 12:00:30.857] [0m[31;1m(DEBUG)[0m [Producer.APTS_0 ]Write cmd 0x0306 0x00000014 returned 0100000006030000
[0m[1m[2024-01-05 12:00:30.857] [0m[31;1m(DEBUG)[0m [Producer.APTS_0 ]Write cmd 0x0307 0x00000002 returned 0100000007030000
[0m[1m[2024-01-05 12:00:30.857] [0m[31;1m(DEBUG)[0m [Producer.APTS_0 ]Write cmd 0x0308 0x0000ffff returned 0100000008030000
[0m[1m[2024-01-05 12:00:30.858] [0m[31;1m(DEBUG)[0m [Producer.APTS_0 ]Write cmd 0x0309 0x00000000 returned 0100000009030000
[0m[1m[2024-01-05 12:00:30.858] [0m[31;1m(DEBUG)[0m [Producer.APTS_0 ]Write cmd 0x030a 0x00000001 returned 010000000a030000
[0m[1m[2024-01-05 12:00:30.858] [0m[31;1m(DEBUG)[0m [Producer.APTS_0 ]Write cmd 0x030b 0x00000000 returned 010000000b030000
[0m[1m[2024-01-05 12:00:30.859] [0m[31;1m(DEBUG)[0m [Producer.APTS_0 ]Write cmd 0x030c 0x00000001 returned 010000000c030000
[0m[1m[2024-01-05 12:00:30.859] [0m[31;1m(DEBUG)[0m [Producer.APTS_0 ]Write cmd 0x030d 0x0000000a returned 010000000d030000
[0m[1m[2024-01-05 12:00:30.859] [0m[31;1m(DEBUG)[0m [Producer.APTS_0 ]Write cmd 0x030e 0x0000000a returned 010000000e030000
[0m[1m[2024-01-05 12:00:30.860] [0m[31;1m(DEBUG)[0m [Producer.APTS_0 ]Write cmd 0x0300 0x00000001 returned 0100000000030000
[0m[1m[2024-01-05 12:00:30.860] [0m[32;1m(INFO)[0m [Producer.APTS_0 ]Producer.APTS_0 is configured.
[0m[1m[2024-01-05 12:00:30.876] [0m[32;1m(INFO)[0m [RunControl.RC-TUI ]Processing StartRun command for RUN #15120018
[0m[1m[2024-01-05 12:00:31.978] [0m[32;1m(INFO)[0m [DataCollector.dc ]RUN #15120018 is to be started...
[0m[1m[2024-01-05 12:00:31.978] [0m[32;1m(INFO)[0m [DataCollector.dc ]RUN #15120018 is started.
[0m[1m[2024-01-05 12:00:33.078] [0m[32;1m(INFO)[0m [Producer.ALPIDE_plane_0 ]RUN #15120018 is to be started...
[0m[1m[2024-01-05 12:00:33.078] [0m[32;1m(INFO)[0m [Producer.ALPIDE_plane_2 ]RUN #15120018 is to be started...
[0m[1m[2024-01-05 12:00:33.078] [0m[32;1m(INFO)[0m [Producer.POWER_1 ]RUN #15120018 is to be started...
[0m[1m[2024-01-05 12:00:33.078] [0m[32;1m(INFO)[0m [Producer.APTS_1 ]RUN #15120018 is to be started...
[0m[1m[2024-01-05 12:00:33.078] [0m[32;1m(INFO)[0m [Producer.POWER_0 ]RUN #15120018 is to be started...
[0m[1m[2024-01-05 12:00:33.078] [0m[32;1m(INFO)[0m [Producer.ALPIDE_plane_1 ]RUN #15120018 is to be started...
[0m[1m[2024-01-05 12:00:33.083] [0m[32;1m(INFO)[0m [DataCollector.dc ]DataReceiver: Connection from <ConnectionTCP>
  <FD>tcp://127.0.0.1:59138</FD>
  <Connection>
    <Type>Producer</Type>
    <Name>APTS_1</Name>
    <State>1</State>
  </Connection>
</ConnectionTCP>

[0m[1m[2024-01-05 12:00:33.083] [0m[32;1m(INFO)[0m [DataCollector.dc ]DataReceiver: Connection from <ConnectionTCP>
  <FD>tcp://127.0.0.1:59118</FD>
  <Connection>
    <Type>Producer</Type>
    <Name>ALPIDE_plane_0</Name>
    <State>1</State>
  </Connection>
</ConnectionTCP>

[0m[1m[2024-01-05 12:00:33.083] [0m[32;1m(INFO)[0m [DataCollector.dc ]DataReceiver: Connection from <ConnectionTCP>
  <FD>tcp://127.0.0.1:59124</FD>
  <Connection>
    <Type>Producer</Type>
    <Name>ALPIDE_plane_2</Name>
    <State>1</State>
  </Connection>
</ConnectionTCP>

[0m[1m[2024-01-05 12:00:33.083] [0m[32;1m(INFO)[0m [DataCollector.dc ]DataReceiver: Connection from <ConnectionTCP>
  <FD>tcp://127.0.0.1:59122</FD>
  <Connection>
    <Type>Producer</Type>
    <Name>POWER_1</Name>
    <State>1</State>
  </Connection>
</ConnectionTCP>

[0m[1m[2024-01-05 12:00:33.083] [0m[32;1m(INFO)[0m [DataCollector.dc ]DataReceiver: Connection from <ConnectionTCP>
  <FD>tcp://127.0.0.1:59170</FD>
  <Connection>
    <Type>Producer</Type>
    <Name>ALPIDE_plane_1</Name>
    <State>1</State>
  </Connection>
</ConnectionTCP>

[0m[1m[2024-01-05 12:00:33.083] [0m[32;1m(INFO)[0m [Producer.POWER_0 ]RUN #15120018 is started.
[0m[1m[2024-01-05 12:00:33.083] [0m[32;1m(INFO)[0m [Producer.POWER_1 ]RUN #15120018 is started.
[0m[1m[2024-01-05 12:00:33.083] [0m[31;1m(DEBUG)[0m [Producer.APTS_1 ]Read cmd 0x1103 returned 0000000026eb2800
[0m[1m[2024-01-05 12:00:33.083] [0m[32;1m(INFO)[0m [DataCollector.dc ]DataReceiver: Connection from <ConnectionTCP>
  <FD>tcp://127.0.0.1:59158</FD>
  <Connection>
    <Type>Producer</Type>
    <Name>POWER_0</Name>
    <State>1</State>
  </Connection>
</ConnectionTCP>

[0m[1m[2024-01-05 12:00:33.084] [0m[31;1m(DEBUG)[0m [Producer.APTS_1 ]Read cmd 0x1103 returned 00000000251b2700
[0m[1m[2024-01-05 12:00:33.100] [0m[31;1m(DEBUG)[0m [Producer.APTS_1 ]Read cmd 0x1602 returned 0000000016737e10
[0m[1m[2024-01-05 12:00:33.155] [0m[32;1m(INFO)[0m [Producer.ALPIDE_plane_0 ]RUN #15120018 is started.
[0m[1m[2024-01-05 12:00:33.156] [0m[32;1m(INFO)[0m [Producer.ALPIDE_plane_1 ]RUN #15120018 is started.
[0m[1m[2024-01-05 12:00:33.157] [0m[32;1m(INFO)[0m [Producer.ALPIDE_plane_2 ]RUN #15120018 is started.
[0m[1m[2024-01-05 12:00:33.201] [0m[31;1m(DEBUG)[0m [Producer.APTS_1 ]Write cmd 0x03ac 0x00000001 returned 01000000ac030000
[0m[1m[2024-01-05 12:00:33.202] [0m[32;1m(INFO)[0m [Producer.APTS_1 ]RUN #15120018 is started.
[0m[1m[2024-01-05 12:00:34.278] [0m[32;1m(INFO)[0m [Producer.APTS_0 ]RUN #15120018 is to be started...
[0m[1m[2024-01-05 12:00:34.348] [0m[32;1m(INFO)[0m [DataCollector.dc ]DataReceiver: Connection from <ConnectionTCP>
  <FD>tcp://127.0.0.1:59172</FD>
  <Connection>
    <Type>Producer</Type>
    <Name>APTS_0</Name>
    <State>1</State>
  </Connection>
</ConnectionTCP>

[0m[1m[2024-01-05 12:00:34.349] [0m[31;1m(DEBUG)[0m [Producer.APTS_0 ]Read cmd 0x1103 returned 00000000578b0900
[0m[1m[2024-01-05 12:00:34.349] [0m[31;1m(DEBUG)[0m [Producer.APTS_0 ]Read cmd 0x1103 returned 00000000530b0900
[0m[1m[2024-01-05 12:00:34.364] [0m[31;1m(DEBUG)[0m [Producer.APTS_0 ]Read cmd 0x1602 returned 0000000016737e10
[0m[1m[2024-01-05 12:00:34.465] [0m[31;1m(DEBUG)[0m [Producer.APTS_0 ]Write cmd 0x03ac 0x00000001 returned 01000000ac030000
[0m[1m[2024-01-05 12:00:34.466] [0m[32;1m(INFO)[0m [Producer.APTS_0 ]RUN #15120018 is started.
[0m[1m[2024-01-05 12:00:43.235] [0m[31;1m(DEBUG)[0m [Producer.APTS_1 ]Read cmd 0x1103 returned 0000000022eb2700
[0m[1m[2024-01-05 12:00:43.236] [0m[31;1m(DEBUG)[0m [Producer.APTS_1 ]Read cmd 0x1103 returned 00000000250b2700
[0m[1m[2024-01-05 12:00:44.501] [0m[31;1m(DEBUG)[0m [Producer.APTS_0 ]Read cmd 0x1103 returned 00000000560b0900
[0m[1m[2024-01-05 12:00:44.502] [0m[31;1m(DEBUG)[0m [Producer.APTS_0 ]Read cmd 0x1103 returned 00000000561b0900
[0m[1m[2024-01-05 12:00:53.284] [0m[31;1m(DEBUG)[0m [Producer.APTS_1 ]Read cmd 0x1103 returned 00000000279b2800
[0m[1m[2024-01-05 12:00:53.285] [0m[31;1m(DEBUG)[0m [Producer.APTS_1 ]Read cmd 0x1103 returned 0000000029bb2700
[0m[1m[2024-01-05 12:00:54.530] [0m[31;1m(DEBUG)[0m [Producer.APTS_0 ]Read cmd 0x1103 returned 00000000564b0900
[0m[1m[2024-01-05 12:00:54.530] [0m[31;1m(DEBUG)[0m [Producer.APTS_0 ]Read cmd 0x1103 returned 00000000520b0900
[0m[1m[2024-01-05 12:01:01.568] [0m[32;1m(INFO)[0m [RunControl.RC-TUI ]Processing StopRun command for RUN #15120018
[0m[1m[2024-01-05 12:01:01.568] [0m[32;1m(INFO)[0m [Producer.APTS_0 ]RUN #15120018 is to be stopped...
[0m[1m[2024-01-05 12:01:01.650] [0m[31;1m(DEBUG)[0m [Producer.APTS_0 ]Read cmd 0x1103 returned 0000000054eb0800
[0m[1m[2024-01-05 12:01:01.651] [0m[31;1m(DEBUG)[0m [Producer.APTS_0 ]Read cmd 0x1103 returned 00000000550b0900
[0m[1m[2024-01-05 12:01:02.753] [0m[31;1m(DEBUG)[0m [Producer.APTS_0 ]Read cmd 0x1103 returned 00000000526b0900
[0m[1m[2024-01-05 12:01:02.753] [0m[31;1m(DEBUG)[0m [Producer.APTS_0 ]Read cmd 0x1103 returned 00000000537b0900
[0m[1m[2024-01-05 12:01:02.754] [0m[32;1m(INFO)[0m [Producer.APTS_0 ]RUN #15120018 is stopped.
[0m[1m[2024-01-05 12:01:02.854] [0m[32;1m(INFO)[0m [DataCollector.dc ]DataReceiver: Disconnected from <ConnectionTCP>
  <FD>tcp://127.0.0.1:59172</FD>
  <Connection>
    <Type>Producer</Type>
    <Name>APTS_0</Name>
    <State>0</State>
  </Connection>
</ConnectionTCP>

[0m[1m[2024-01-05 12:01:02.872] [0m[32;1m(INFO)[0m [Producer.ALPIDE_plane_1 ]RUN #15120018 is to be stopped...
[0m[1m[2024-01-05 12:01:02.872] [0m[32;1m(INFO)[0m [Producer.ALPIDE_plane_2 ]RUN #15120018 is to be stopped...
[0m[1m[2024-01-05 12:01:02.872] [0m[32;1m(INFO)[0m [Producer.ALPIDE_plane_0 ]RUN #15120018 is to be stopped...
[0m[1m[2024-01-05 12:01:02.872] [0m[32;1m(INFO)[0m [Producer.POWER_0 ]RUN #15120018 is to be stopped...
[0m[1m[2024-01-05 12:01:02.872] [0m[32;1m(INFO)[0m [Producer.POWER_1 ]RUN #15120018 is to be stopped...
[0m[1m[2024-01-05 12:01:02.872] [0m[32;1m(INFO)[0m [Producer.APTS_1 ]RUN #15120018 is to be stopped...
[0m[1m[2024-01-05 12:01:02.909] [0m[31;1m(DEBUG)[0m [Producer.APTS_1 ]Read cmd 0x1103 returned 00000000259b2700
[0m[1m[2024-01-05 12:01:02.909] [0m[31;1m(DEBUG)[0m [Producer.APTS_1 ]Read cmd 0x1103 returned 0000000025db2700
[0m[1m[2024-01-05 12:01:03.063] [0m[32;1m(INFO)[0m [Producer.ALPIDE_plane_2 ]RUN #15120018 is stopped.
[0m[1m[2024-01-05 12:01:03.063] [0m[32;1m(INFO)[0m [Producer.ALPIDE_plane_1 ]RUN #15120018 is stopped.
[0m[1m[2024-01-05 12:01:03.067] [0m[32;1m(INFO)[0m [Producer.ALPIDE_plane_0 ]RUN #15120018 is stopped.
[0m[1m[2024-01-05 12:01:03.167] [0m[32;1m(INFO)[0m [DataCollector.dc ]DataReceiver: Disconnected from <ConnectionTCP>
  <FD>tcp://127.0.0.1:59118</FD>
  <Connection>
    <Type>Producer</Type>
    <Name>ALPIDE_plane_0</Name>
    <State>0</State>
  </Connection>
</ConnectionTCP>

[0m[1m[2024-01-05 12:01:03.168] [0m[32;1m(INFO)[0m [DataCollector.dc ]DataReceiver: Disconnected from <ConnectionTCP>
  <FD>tcp://127.0.0.1:59170</FD>
  <Connection>
    <Type>Producer</Type>
    <Name>ALPIDE_plane_1</Name>
    <State>0</State>
  </Connection>
</ConnectionTCP>

[0m[1m[2024-01-05 12:01:03.168] [0m[32;1m(INFO)[0m [DataCollector.dc ]DataReceiver: Disconnected from <ConnectionTCP>
  <FD>tcp://127.0.0.1:59124</FD>
  <Connection>
    <Type>Producer</Type>
    <Name>ALPIDE_plane_2</Name>
    <State>0</State>
  </Connection>
</ConnectionTCP>

[0m[1m[2024-01-05 12:01:04.011] [0m[31;1m(DEBUG)[0m [Producer.APTS_1 ]Read cmd 0x1103 returned 0000000026ab2700
[0m[1m[2024-01-05 12:01:04.012] [0m[31;1m(DEBUG)[0m [Producer.APTS_1 ]Read cmd 0x1103 returned 00000000263b2700
[0m[1m[2024-01-05 12:01:04.012] [0m[32;1m(INFO)[0m [Producer.APTS_1 ]RUN #15120018 is stopped.
[0m[1m[2024-01-05 12:01:04.112] [0m[32;1m(INFO)[0m [DataCollector.dc ]DataReceiver: Disconnected from <ConnectionTCP>
  <FD>tcp://127.0.0.1:59138</FD>
  <Connection>
    <Type>Producer</Type>
    <Name>APTS_1</Name>
    <State>0</State>
  </Connection>
</ConnectionTCP>

[0m[1m[2024-01-05 12:01:05.823] [0m[32;1m(INFO)[0m [Producer.POWER_1 ]RUN #15120018 is stopped.
[0m[1m[2024-01-05 12:01:05.923] [0m[32;1m(INFO)[0m [DataCollector.dc ]DataReceiver: Disconnected from <ConnectionTCP>
  <FD>tcp://127.0.0.1:59122</FD>
  <Connection>
    <Type>Producer</Type>
    <Name>POWER_1</Name>
    <State>0</State>
  </Connection>
</ConnectionTCP>

[0m[1m[2024-01-05 12:01:07.506] [0m[32;1m(INFO)[0m [Producer.POWER_0 ]RUN #15120018 is stopped.
[0m[1m[2024-01-05 12:01:07.587] [0m[32;1m(INFO)[0m [DataCollector.dc ]RUN #15120018 is to be stopped...
[0m[1m[2024-01-05 12:01:07.606] [0m[32;1m(INFO)[0m [DataCollector.dc ]DataReceiver: Disconnected from <ConnectionTCP>
  <FD>tcp://127.0.0.1:59158</FD>
  <Connection>
    <Type>Producer</Type>
    <Name>POWER_0</Name>
    <State>0</State>
  </Connection>
</ConnectionTCP>

[0m[1m[2024-01-05 12:01:07.985] [0m[32;1m(INFO)[0m [DataCollector.dc ]RUN #15120018 is stopped.
[0m[1m[2024-01-05 12:01:08.903] [0m[32;1m(INFO)[0m [RunControl.RC-TUI ]Processing Terminate command
