1708670753.114246 client started (80285): version 3.2a, socket /tmp/tmux-1000/default, protocol 8
1708670753.114283 on Linux 6.5.0-14-generic #14~22.04.1-Ubuntu SMP PREEMPT_DYNAMIC Mon Nov 20 18:15:30 UTC 2
1708670753.114289 using libevent 2.1.12-stable (poll); ncurses 6.3
1708670753.114307 flags are 0x18010000
1708670753.114310 socket is /tmp/tmux-1000/default
1708670753.114324 trying connect
1708670753.114339 connect failed: Connection refused
1708670753.114350 lock file is /tmp/tmux-1000/default.lock
1708670753.114378 flock succeeded
1708670753.114381 got lock (6)
1708670753.114387 trying connect
1708670753.114393 connect failed: Connection refused
1708670753.114763 add peer 0x561ff2d97620: 7 ((nil))
1708670753.115187 sending message 100 to peer 0x561ff2d97620 (4 bytes)
1708670753.115196 sending message 111 to peer 0x561ff2d97620 (8 bytes)
1708670753.115200 sending message 101 to peer 0x561ff2d97620 (15 bytes)
1708670753.115204 sending message 109 to peer 0x561ff2d97620 (4 bytes)
1708670753.115207 sending message 102 to peer 0x561ff2d97620 (11 bytes)
1708670753.115211 sending message 108 to peer 0x561ff2d97620 (43 bytes)
1708670753.115215 sending message 112 to peer 0x561ff2d97620 (58 bytes)
1708670753.115219 sending message 112 to peer 0x561ff2d97620 (5 bytes)
1708670753.115223 sending message 112 to peer 0x561ff2d97620 (5 bytes)
1708670753.115226 sending message 112 to peer 0x561ff2d97620 (6 bytes)
1708670753.115230 sending message 112 to peer 0x561ff2d97620 (6 bytes)
1708670753.115233 sending message 112 to peer 0x561ff2d97620 (11 bytes)
1708670753.115237 sending message 112 to peer 0x561ff2d97620 (10 bytes)
1708670753.115240 sending message 112 to peer 0x561ff2d97620 (13 bytes)
1708670753.115244 sending message 112 to peer 0x561ff2d97620 (14 bytes)
1708670753.115247 sending message 112 to peer 0x561ff2d97620 (19 bytes)
1708670753.115250 sending message 112 to peer 0x561ff2d97620 (11 bytes)
1708670753.115260 sending message 112 to peer 0x561ff2d97620 (10 bytes)
1708670753.115263 sending message 112 to peer 0x561ff2d97620 (15 bytes)
1708670753.115266 sending message 112 to peer 0x561ff2d97620 (21 bytes)
1708670753.115270 sending message 112 to peer 0x561ff2d97620 (13 bytes)
1708670753.115273 sending message 112 to peer 0x561ff2d97620 (7 bytes)
1708670753.115277 sending message 112 to peer 0x561ff2d97620 (13 bytes)
1708670753.115280 sending message 112 to peer 0x561ff2d97620 (7 bytes)
1708670753.115284 sending message 112 to peer 0x561ff2d97620 (13 bytes)
1708670753.115287 sending message 112 to peer 0x561ff2d97620 (9 bytes)
1708670753.115291 sending message 112 to peer 0x561ff2d97620 (21 bytes)
1708670753.115295 sending message 112 to peer 0x561ff2d97620 (13 bytes)
1708670753.115298 sending message 112 to peer 0x561ff2d97620 (9 bytes)
1708670753.115302 sending message 112 to peer 0x561ff2d97620 (16 bytes)
1708670753.115305 sending message 112 to peer 0x561ff2d97620 (13 bytes)
1708670753.115309 sending message 112 to peer 0x561ff2d97620 (9 bytes)
1708670753.115312 sending message 112 to peer 0x561ff2d97620 (9 bytes)
1708670753.115316 sending message 112 to peer 0x561ff2d97620 (12 bytes)
1708670753.115320 sending message 112 to peer 0x561ff2d97620 (8 bytes)
1708670753.115324 sending message 112 to peer 0x561ff2d97620 (8 bytes)
1708670753.115327 sending message 112 to peer 0x561ff2d97620 (13 bytes)
1708670753.115331 sending message 112 to peer 0x561ff2d97620 (7 bytes)
1708670753.115334 sending message 112 to peer 0x561ff2d97620 (7 bytes)
1708670753.115338 sending message 112 to peer 0x561ff2d97620 (9 bytes)
1708670753.115341 sending message 112 to peer 0x561ff2d97620 (9 bytes)
1708670753.115345 sending message 112 to peer 0x561ff2d97620 (15 bytes)
1708670753.115348 sending message 112 to peer 0x561ff2d97620 (13 bytes)
1708670753.115351 sending message 112 to peer 0x561ff2d97620 (12 bytes)
1708670753.115355 sending message 112 to peer 0x561ff2d97620 (8 bytes)
1708670753.115358 sending message 112 to peer 0x561ff2d97620 (14 bytes)
1708670753.115361 sending message 112 to peer 0x561ff2d97620 (11 bytes)
1708670753.115365 sending message 112 to peer 0x561ff2d97620 (9 bytes)
1708670753.115380 sending message 112 to peer 0x561ff2d97620 (10 bytes)
1708670753.115384 sending message 112 to peer 0x561ff2d97620 (10 bytes)
1708670753.115387 sending message 112 to peer 0x561ff2d97620 (10 bytes)
1708670753.115391 sending message 112 to peer 0x561ff2d97620 (10 bytes)
1708670753.115394 sending message 112 to peer 0x561ff2d97620 (11 bytes)
1708670753.115398 sending message 112 to peer 0x561ff2d97620 (12 bytes)
1708670753.115402 sending message 112 to peer 0x561ff2d97620 (12 bytes)
1708670753.115405 sending message 112 to peer 0x561ff2d97620 (12 bytes)
1708670753.115409 sending message 112 to peer 0x561ff2d97620 (12 bytes)
1708670753.115412 sending message 112 to peer 0x561ff2d97620 (12 bytes)
1708670753.115415 sending message 112 to peer 0x561ff2d97620 (11 bytes)
1708670753.115419 sending message 112 to peer 0x561ff2d97620 (11 bytes)
1708670753.115422 sending message 112 to peer 0x561ff2d97620 (12 bytes)
1708670753.115426 sending message 112 to peer 0x561ff2d97620 (12 bytes)
1708670753.115429 sending message 112 to peer 0x561ff2d97620 (12 bytes)
1708670753.115432 sending message 112 to peer 0x561ff2d97620 (12 bytes)
1708670753.115435 sending message 112 to peer 0x561ff2d97620 (12 bytes)
1708670753.115439 sending message 112 to peer 0x561ff2d97620 (9 bytes)
1708670753.115442 sending message 112 to peer 0x561ff2d97620 (12 bytes)
1708670753.115446 sending message 112 to peer 0x561ff2d97620 (13 bytes)
1708670753.115449 sending message 112 to peer 0x561ff2d97620 (13 bytes)
1708670753.115452 sending message 112 to peer 0x561ff2d97620 (13 bytes)
1708670753.115455 sending message 112 to peer 0x561ff2d97620 (13 bytes)
1708670753.115459 sending message 112 to peer 0x561ff2d97620 (13 bytes)
1708670753.115462 sending message 112 to peer 0x561ff2d97620 (8 bytes)
1708670753.115465 sending message 112 to peer 0x561ff2d97620 (11 bytes)
1708670753.115469 sending message 112 to peer 0x561ff2d97620 (11 bytes)
1708670753.115472 sending message 112 to peer 0x561ff2d97620 (11 bytes)
1708670753.115475 sending message 112 to peer 0x561ff2d97620 (12 bytes)
1708670753.115478 sending message 112 to peer 0x561ff2d97620 (12 bytes)
1708670753.115482 sending message 112 to peer 0x561ff2d97620 (12 bytes)
1708670753.115485 sending message 112 to peer 0x561ff2d97620 (12 bytes)
1708670753.115488 sending message 112 to peer 0x561ff2d97620 (13 bytes)
1708670753.115491 sending message 112 to peer 0x561ff2d97620 (13 bytes)
1708670753.115495 sending message 112 to peer 0x561ff2d97620 (13 bytes)
1708670753.115498 sending message 112 to peer 0x561ff2d97620 (8 bytes)
1708670753.115502 sending message 112 to peer 0x561ff2d97620 (13 bytes)
1708670753.115506 sending message 112 to peer 0x561ff2d97620 (13 bytes)
1708670753.115510 sending message 112 to peer 0x561ff2d97620 (13 bytes)
1708670753.115513 sending message 112 to peer 0x561ff2d97620 (13 bytes)
1708670753.115517 sending message 112 to peer 0x561ff2d97620 (13 bytes)
1708670753.115521 sending message 112 to peer 0x561ff2d97620 (12 bytes)
1708670753.115524 sending message 112 to peer 0x561ff2d97620 (12 bytes)
1708670753.115528 sending message 112 to peer 0x561ff2d97620 (12 bytes)
1708670753.115532 sending message 112 to peer 0x561ff2d97620 (12 bytes)
1708670753.115536 sending message 112 to peer 0x561ff2d97620 (13 bytes)
1708670753.115540 sending message 112 to peer 0x561ff2d97620 (8 bytes)
1708670753.115544 sending message 112 to peer 0x561ff2d97620 (13 bytes)
1708670753.115547 sending message 112 to peer 0x561ff2d97620 (13 bytes)
1708670753.115551 sending message 112 to peer 0x561ff2d97620 (13 bytes)
1708670753.115555 sending message 112 to peer 0x561ff2d97620 (13 bytes)
1708670753.115559 sending message 112 to peer 0x561ff2d97620 (13 bytes)
1708670753.115563 sending message 112 to peer 0x561ff2d97620 (13 bytes)
1708670753.115566 sending message 112 to peer 0x561ff2d97620 (13 bytes)
1708670753.115570 sending message 112 to peer 0x561ff2d97620 (12 bytes)
1708670753.115574 sending message 112 to peer 0x561ff2d97620 (12 bytes)
1708670753.115578 sending message 112 to peer 0x561ff2d97620 (12 bytes)
1708670753.115587 sending message 112 to peer 0x561ff2d97620 (8 bytes)
1708670753.115591 sending message 112 to peer 0x561ff2d97620 (12 bytes)
1708670753.115595 sending message 112 to peer 0x561ff2d97620 (13 bytes)
1708670753.115599 sending message 112 to peer 0x561ff2d97620 (13 bytes)
1708670753.115603 sending message 112 to peer 0x561ff2d97620 (13 bytes)
1708670753.115607 sending message 112 to peer 0x561ff2d97620 (13 bytes)
1708670753.115610 sending message 112 to peer 0x561ff2d97620 (13 bytes)
1708670753.115614 sending message 112 to peer 0x561ff2d97620 (13 bytes)
1708670753.115618 sending message 112 to peer 0x561ff2d97620 (13 bytes)
1708670753.115621 sending message 112 to peer 0x561ff2d97620 (13 bytes)
1708670753.115625 sending message 112 to peer 0x561ff2d97620 (12 bytes)
1708670753.115629 sending message 112 to peer 0x561ff2d97620 (10 bytes)
1708670753.115633 sending message 112 to peer 0x561ff2d97620 (12 bytes)
1708670753.115636 sending message 112 to peer 0x561ff2d97620 (12 bytes)
1708670753.115640 sending message 112 to peer 0x561ff2d97620 (12 bytes)
1708670753.115644 sending message 112 to peer 0x561ff2d97620 (13 bytes)
1708670753.115648 sending message 112 to peer 0x561ff2d97620 (13 bytes)
1708670753.115652 sending message 112 to peer 0x561ff2d97620 (13 bytes)
1708670753.115656 sending message 112 to peer 0x561ff2d97620 (13 bytes)
1708670753.115659 sending message 112 to peer 0x561ff2d97620 (13 bytes)
1708670753.115663 sending message 112 to peer 0x561ff2d97620 (13 bytes)
1708670753.115667 sending message 112 to peer 0x561ff2d97620 (13 bytes)
1708670753.115670 sending message 112 to peer 0x561ff2d97620 (10 bytes)
1708670753.115674 sending message 112 to peer 0x561ff2d97620 (13 bytes)
1708670753.115678 sending message 112 to peer 0x561ff2d97620 (12 bytes)
1708670753.115681 sending message 112 to peer 0x561ff2d97620 (12 bytes)
1708670753.115685 sending message 112 to peer 0x561ff2d97620 (12 bytes)
1708670753.115689 sending message 112 to peer 0x561ff2d97620 (10 bytes)
1708670753.115693 sending message 112 to peer 0x561ff2d97620 (10 bytes)
1708670753.115697 sending message 112 to peer 0x561ff2d97620 (10 bytes)
1708670753.115701 sending message 112 to peer 0x561ff2d97620 (12 bytes)
1708670753.115704 sending message 112 to peer 0x561ff2d97620 (13 bytes)
1708670753.115708 sending message 112 to peer 0x561ff2d97620 (13 bytes)
1708670753.115712 sending message 112 to peer 0x561ff2d97620 (13 bytes)
1708670753.115716 sending message 112 to peer 0x561ff2d97620 (13 bytes)
1708670753.115719 sending message 112 to peer 0x561ff2d97620 (13 bytes)
1708670753.115722 sending message 112 to peer 0x561ff2d97620 (10 bytes)
1708670753.115726 sending message 112 to peer 0x561ff2d97620 (11 bytes)
1708670753.115730 sending message 112 to peer 0x561ff2d97620 (12 bytes)
1708670753.115733 sending message 112 to peer 0x561ff2d97620 (12 bytes)
1708670753.115737 sending message 112 to peer 0x561ff2d97620 (12 bytes)
1708670753.115740 sending message 112 to peer 0x561ff2d97620 (12 bytes)
1708670753.115744 sending message 112 to peer 0x561ff2d97620 (12 bytes)
1708670753.115747 sending message 112 to peer 0x561ff2d97620 (11 bytes)
1708670753.115751 sending message 112 to peer 0x561ff2d97620 (12 bytes)
1708670753.115754 sending message 112 to peer 0x561ff2d97620 (12 bytes)
1708670753.115758 sending message 112 to peer 0x561ff2d97620 (13 bytes)
1708670753.115761 sending message 112 to peer 0x561ff2d97620 (13 bytes)
1708670753.115765 sending message 112 to peer 0x561ff2d97620 (13 bytes)
1708670753.115768 sending message 112 to peer 0x561ff2d97620 (13 bytes)
1708670753.115772 sending message 112 to peer 0x561ff2d97620 (13 bytes)
1708670753.115775 sending message 112 to peer 0x561ff2d97620 (10 bytes)
1708670753.115779 sending message 112 to peer 0x561ff2d97620 (9 bytes)
1708670753.115782 sending message 112 to peer 0x561ff2d97620 (12 bytes)
1708670753.115786 sending message 112 to peer 0x561ff2d97620 (13 bytes)
1708670753.115789 sending message 112 to peer 0x561ff2d97620 (13 bytes)
1708670753.115792 sending message 112 to peer 0x561ff2d97620 (13 bytes)
1708670753.115799 sending message 112 to peer 0x561ff2d97620 (13 bytes)
1708670753.115802 sending message 112 to peer 0x561ff2d97620 (13 bytes)
1708670753.115806 sending message 112 to peer 0x561ff2d97620 (9 bytes)
1708670753.115810 sending message 112 to peer 0x561ff2d97620 (12 bytes)
1708670753.115814 sending message 112 to peer 0x561ff2d97620 (13 bytes)
1708670753.115817 sending message 112 to peer 0x561ff2d97620 (13 bytes)
1708670753.115821 sending message 112 to peer 0x561ff2d97620 (13 bytes)
1708670753.115824 sending message 112 to peer 0x561ff2d97620 (13 bytes)
1708670753.115828 sending message 112 to peer 0x561ff2d97620 (13 bytes)
1708670753.115831 sending message 112 to peer 0x561ff2d97620 (11 bytes)
1708670753.115835 sending message 112 to peer 0x561ff2d97620 (12 bytes)
1708670753.115838 sending message 112 to peer 0x561ff2d97620 (13 bytes)
1708670753.115841 sending message 112 to peer 0x561ff2d97620 (13 bytes)
1708670753.115845 sending message 112 to peer 0x561ff2d97620 (13 bytes)
1708670753.115848 sending message 112 to peer 0x561ff2d97620 (13 bytes)
1708670753.115851 sending message 112 to peer 0x561ff2d97620 (13 bytes)
1708670753.115855 sending message 112 to peer 0x561ff2d97620 (11 bytes)
1708670753.115858 sending message 112 to peer 0x561ff2d97620 (12 bytes)
1708670753.115863 sending message 112 to peer 0x561ff2d97620 (12 bytes)
1708670753.115867 sending message 112 to peer 0x561ff2d97620 (12 bytes)
1708670753.115870 sending message 112 to peer 0x561ff2d97620 (12 bytes)
1708670753.115873 sending message 112 to peer 0x561ff2d97620 (12 bytes)
1708670753.115877 sending message 112 to peer 0x561ff2d97620 (21 bytes)
1708670753.115880 sending message 112 to peer 0x561ff2d97620 (12 bytes)
1708670753.115884 sending message 112 to peer 0x561ff2d97620 (9 bytes)
1708670753.115888 sending message 112 to peer 0x561ff2d97620 (6 bytes)
1708670753.115891 sending message 112 to peer 0x561ff2d97620 (13 bytes)
1708670753.115895 sending message 112 to peer 0x561ff2d97620 (10 bytes)
1708670753.115898 sending message 112 to peer 0x561ff2d97620 (24 bytes)
1708670753.115901 sending message 112 to peer 0x561ff2d97620 (13 bytes)
1708670753.115905 sending message 112 to peer 0x561ff2d97620 (9 bytes)
1708670753.115908 sending message 112 to peer 0x561ff2d97620 (70 bytes)
1708670753.115912 sending message 112 to peer 0x561ff2d97620 (69 bytes)
1708670753.115915 sending message 112 to peer 0x561ff2d97620 (12 bytes)
1708670753.115921 sending message 112 to peer 0x561ff2d97620 (10 bytes)
1708670753.115925 sending message 112 to peer 0x561ff2d97620 (10 bytes)
1708670753.115928 sending message 112 to peer 0x561ff2d97620 (24 bytes)
1708670753.115931 sending message 112 to peer 0x561ff2d97620 (13 bytes)
1708670753.115935 sending message 112 to peer 0x561ff2d97620 (10 bytes)
1708670753.115938 sending message 112 to peer 0x561ff2d97620 (10 bytes)
1708670753.115941 sending message 112 to peer 0x561ff2d97620 (10 bytes)
1708670753.115944 sending message 112 to peer 0x561ff2d97620 (13 bytes)
1708670753.115947 sending message 112 to peer 0x561ff2d97620 (15 bytes)
1708670753.115950 sending message 112 to peer 0x561ff2d97620 (5 bytes)
1708670753.115954 sending message 104 to peer 0x561ff2d97620 (0 bytes)
1708670753.115957 sending message 110 to peer 0x561ff2d97620 (0 bytes)
1708670753.115961 sending message 107 to peer 0x561ff2d97620 (4 bytes)
1708670753.115964 sending message 105 to peer 0x561ff2d97620 (16 bytes)
1708670753.115967 sending message 105 to peer 0x561ff2d97620 (82 bytes)
1708670753.115972 sending message 105 to peer 0x561ff2d97620 (19 bytes)
1708670753.115975 sending message 105 to peer 0x561ff2d97620 (49 bytes)
1708670753.115978 sending message 105 to peer 0x561ff2d97620 (20 bytes)
1708670753.115982 sending message 105 to peer 0x561ff2d97620 (45 bytes)
1708670753.115985 sending message 105 to peer 0x561ff2d97620 (33 bytes)
1708670753.115988 sending message 105 to peer 0x561ff2d97620 (23 bytes)
1708670753.115991 sending message 105 to peer 0x561ff2d97620 (44 bytes)
1708670753.115994 sending message 105 to peer 0x561ff2d97620 (18 bytes)
1708670753.116001 sending message 105 to peer 0x561ff2d97620 (23 bytes)
1708670753.116004 sending message 105 to peer 0x561ff2d97620 (32 bytes)
1708670753.116007 sending message 105 to peer 0x561ff2d97620 (20 bytes)
1708670753.116010 sending message 105 to peer 0x561ff2d97620 (41 bytes)
1708670753.116013 sending message 105 to peer 0x561ff2d97620 (20 bytes)
1708670753.116016 sending message 105 to peer 0x561ff2d97620 (24 bytes)
1708670753.116020 sending message 105 to peer 0x561ff2d97620 (23 bytes)
1708670753.116023 sending message 105 to peer 0x561ff2d97620 (24 bytes)
1708670753.116029 sending message 105 to peer 0x561ff2d97620 (28 bytes)
1708670753.116032 sending message 105 to peer 0x561ff2d97620 (47 bytes)
1708670753.116036 sending message 105 to peer 0x561ff2d97620 (14 bytes)
1708670753.116039 sending message 105 to peer 0x561ff2d97620 (27 bytes)
1708670753.116043 sending message 105 to peer 0x561ff2d97620 (25 bytes)
1708670753.116046 sending message 105 to peer 0x561ff2d97620 (109 bytes)
1708670753.116050 sending message 105 to peer 0x561ff2d97620 (22 bytes)
1708670753.116053 sending message 105 to peer 0x561ff2d97620 (54 bytes)
1708670753.116057 sending message 105 to peer 0x561ff2d97620 (17 bytes)
1708670753.116060 sending message 105 to peer 0x561ff2d97620 (15 bytes)
1708670753.116064 sending message 105 to peer 0x561ff2d97620 (18 bytes)
1708670753.116067 sending message 105 to peer 0x561ff2d97620 (32 bytes)
1708670753.116070 sending message 105 to peer 0x561ff2d97620 (21 bytes)
1708670753.116074 sending message 105 to peer 0x561ff2d97620 (17 bytes)
1708670753.116077 sending message 105 to peer 0x561ff2d97620 (39 bytes)
1708670753.116081 sending message 105 to peer 0x561ff2d97620 (1519 bytes)
1708670753.116112 sending message 105 to peer 0x561ff2d97620 (33 bytes)
1708670753.116117 sending message 105 to peer 0x561ff2d97620 (17 bytes)
1708670753.116121 sending message 105 to peer 0x561ff2d97620 (26 bytes)
1708670753.116124 sending message 105 to peer 0x561ff2d97620 (35 bytes)
1708670753.116128 sending message 105 to peer 0x561ff2d97620 (86 bytes)
1708670753.116132 sending message 105 to peer 0x561ff2d97620 (23 bytes)
1708670753.116136 sending message 105 to peer 0x561ff2d97620 (34 bytes)
1708670753.116140 sending message 105 to peer 0x561ff2d97620 (23 bytes)
1708670753.116144 sending message 105 to peer 0x561ff2d97620 (32 bytes)
1708670753.116147 sending message 105 to peer 0x561ff2d97620 (20 bytes)
1708670753.116151 sending message 105 to peer 0x561ff2d97620 (30 bytes)
1708670753.116154 sending message 105 to peer 0x561ff2d97620 (32 bytes)
1708670753.116158 sending message 105 to peer 0x561ff2d97620 (35 bytes)
1708670753.116162 sending message 105 to peer 0x561ff2d97620 (11 bytes)
1708670753.116165 sending message 105 to peer 0x561ff2d97620 (30 bytes)
1708670753.116169 sending message 105 to peer 0x561ff2d97620 (11 bytes)
1708670753.116172 sending message 105 to peer 0x561ff2d97620 (29 bytes)
1708670753.116176 sending message 105 to peer 0x561ff2d97620 (8 bytes)
1708670753.116179 sending message 105 to peer 0x561ff2d97620 (25 bytes)
1708670753.116183 sending message 105 to peer 0x561ff2d97620 (43 bytes)
1708670753.116187 sending message 105 to peer 0x561ff2d97620 (18 bytes)
1708670753.116190 sending message 105 to peer 0x561ff2d97620 (27 bytes)
1708670753.116194 sending message 105 to peer 0x561ff2d97620 (25 bytes)
1708670753.116197 sending message 105 to peer 0x561ff2d97620 (13 bytes)
1708670753.116201 sending message 105 to peer 0x561ff2d97620 (37 bytes)
1708670753.116204 sending message 105 to peer 0x561ff2d97620 (31 bytes)
1708670753.116208 sending message 105 to peer 0x561ff2d97620 (20 bytes)
1708670753.116213 sending message 105 to peer 0x561ff2d97620 (85 bytes)
1708670753.116218 sending message 105 to peer 0x561ff2d97620 (158 bytes)
1708670753.116221 sending message 105 to peer 0x561ff2d97620 (18 bytes)
1708670753.116225 sending message 105 to peer 0x561ff2d97620 (54 bytes)
1708670753.116229 sending message 105 to peer 0x561ff2d97620 (23 bytes)
1708670753.116236 sending message 105 to peer 0x561ff2d97620 (16 bytes)
1708670753.116240 sending message 105 to peer 0x561ff2d97620 (38 bytes)
1708670753.116244 sending message 106 to peer 0x561ff2d97620 (0 bytes)
1708670753.116252 sending message 200 to peer 0x561ff2d97620 (4 bytes)
1708670753.116255 client loop enter
1708670753.116304 client_signal: Child exited
1708670753.146684 peer 0x561ff2d97620 message 207
1708670753.146691 sending message 208 to peer 0x561ff2d97620 (0 bytes)
1708670755.550474 peer 0x561ff2d97620 message 201
1708670755.550499 sending message 205 to peer 0x561ff2d97620 (0 bytes)
1708670755.551075 peer 0x561ff2d97620 message 204
1708670755.551097 client loop exit
