
*** LogCollector started at 2024-01-09 18:04:37.225 ***
[0m[1m[2024-01-09 18:04:37.224] [0m[32;1m(INFO)[0m [RunControl.RC-TUI ]Processing Initialise command for log
[0m[1m[2024-01-09 18:04:37.224] [0m[32;1m(INFO)[0m [RunControl.RC-TUI ]Processing Initialise command for dc
[0m[1m[2024-01-09 18:04:37.224] [0m[32;1m(INFO)[0m [RunControl.RC-TUI ]Processing Initialise command for ALPIDE_plane_0
[0m[1m[2024-01-09 18:04:37.228] [0m[32;1m(INFO)[0m [RunControl.RC-TUI ]Processing Initialise command for ALPIDE_plane_1
[0m[1m[2024-01-09 18:04:37.231] [0m[32;1m(INFO)[0m [RunControl.RC-TUI ]Processing Initialise command for ALPIDE_plane_2
[0m[1m[2024-01-09 18:04:37.231] [0m[32;1m(INFO)[0m [RunControl.RC-TUI ]Processing Initialise command for POWER_0
[0m[1m[2024-01-09 18:04:37.231] [0m[32;1m(INFO)[0m [RunControl.RC-TUI ]Processing Initialise command for POWER_1
[0m[1m[2024-01-09 18:04:37.265] [0m[32;1m(INFO)[0m [Producer.ALPIDE_plane_2 ]Receive an INI section
    <Configuration>
      <Section title="">
        <EUDAQ_LOG_ADDR>tcp://127.0.0.1:55000</EUDAQ_LOG_ADDR>
        <Name>lab-1BENT-2ALPIDE.ini</Name>
      </Section>
      <Section title="Producer.ALPIDE_plane_2">
        <plane>2</plane>
        <serial>DAQ-0009010E08933225</serial>
        <triggermode>replica</triggermode>
      </Section>
    </Configuration>

[0m[1m[2024-01-09 18:04:37.265] [0m[32;1m(INFO)[0m [Producer.POWER_0 ]Receive an INI section
    <Configuration>
      <Section title="">
        <EUDAQ_LOG_ADDR>tcp://127.0.0.1:55000</EUDAQ_LOG_ADDR>
        <Name>lab-1BENT-2ALPIDE.ini</Name>
      </Section>
      <Section title="Producer.POWER_0">
        <path>/dev/hmp4040_3</path>
      </Section>
    </Configuration>

[0m[1m[2024-01-09 18:04:37.265] [0m[32;1m(INFO)[0m [DataCollector.dc ]Receive an INI section
    <Configuration>
      <Section title="">
        <EUDAQ_LOG_ADDR>tcp://127.0.0.1:55000</EUDAQ_LOG_ADDR>
        <Name>lab-1BENT-2ALPIDE.ini</Name>
      </Section>
      <Section title="DataCollector.dc">
        <dataproducers>ALPIDE_plane_0,ALPIDE_plane_1,ALPIDE_plane_2</dataproducers>
      </Section>
    </Configuration>

[0m[1m[2024-01-09 18:04:37.265] [0m[32;1m(INFO)[0m [Producer.ALPIDE_plane_0 ]Receive an INI section
    <Configuration>
      <Section title="">
        <EUDAQ_LOG_ADDR>tcp://127.0.0.1:55000</EUDAQ_LOG_ADDR>
        <Name>lab-1BENT-2ALPIDE.ini</Name>
      </Section>
      <Section title="Producer.ALPIDE_plane_0">
        <plane>0</plane>
        <serial>DAQ-0009010E08933325</serial>
        <triggermode>replica</triggermode>
      </Section>
    </Configuration>

[0m[1m[2024-01-09 18:04:37.265] [0m[32;1m(INFO)[0m [Producer.ALPIDE_plane_1 ]Receive an INI section
    <Configuration>
      <Section title="">
        <EUDAQ_LOG_ADDR>tcp://127.0.0.1:55000</EUDAQ_LOG_ADDR>
        <Name>lab-1BENT-2ALPIDE.ini</Name>
      </Section>
      <Section title="Producer.ALPIDE_plane_1">
        <plane>1</plane>
        <serial>DAQ-0009010E08931906</serial>
        <triggermode>replica</triggermode>
      </Section>
    </Configuration>

[0m[1m[2024-01-09 18:04:37.265] [0m[32;1m(INFO)[0m [Producer.POWER_1 ]Receive an INI section
    <Configuration>
      <Section title="">
        <EUDAQ_LOG_ADDR>tcp://127.0.0.1:55000</EUDAQ_LOG_ADDR>
        <Name>lab-1BENT-2ALPIDE.ini</Name>
      </Section>
      <Section title="Producer.POWER_1">
        <path>/dev/hmp4040</path>
      </Section>
    </Configuration>

[0m[1m[2024-01-09 18:04:37.265] [0m[32;1m(INFO)[0m [Producer.ALPIDE_plane_2 ]Producer.ALPIDE_plane_2 is to be initialised...
[0m[1m[2024-01-09 18:04:37.265] [0m[32;1m(INFO)[0m [Producer.ALPIDE_plane_0 ]Producer.ALPIDE_plane_0 is to be initialised...
[0m[1m[2024-01-09 18:04:37.266] [0m[32;1m(INFO)[0m [Producer.POWER_0 ]Producer.POWER_0 is to be initialised...
[0m[1m[2024-01-09 18:04:37.299] [0m[32;1m(INFO)[0m [Producer.POWER_0 ]Producer.POWER_0 is initialised.
[0m[1m[2024-01-09 18:04:37.265] [0m[32;1m(INFO)[0m [Producer.ALPIDE_plane_1 ]Producer.ALPIDE_plane_1 is to be initialised...
[0m[1m[2024-01-09 18:04:37.265] [0m[32;1m(INFO)[0m [Producer.POWER_1 ]Producer.POWER_1 is to be initialised...
[0m[1m[2024-01-09 18:04:37.265] [0m[32;1m(INFO)[0m [DataCollector.dc ]DataCollector.dc is to be initialised...
[0m[1m[2024-01-09 18:04:37.266] [0m[32;1m(INFO)[0m [DataCollector.dc ]TCPServer:: Listening on port 44965
[0m[1m[2024-01-09 18:04:37.323] [0m[32;1m(INFO)[0m [Producer.POWER_1 ]Producer.POWER_1 is initialised.
[0m[1m[2024-01-09 18:04:37.466] [0m[32;1m(INFO)[0m [DataCollector.dc ]DataCollector.dc is initialised.
[0m[1m[2024-01-09 18:04:37.484] [0m[32;1m(INFO)[0m [Producer.ALPIDE_plane_1 ]Producer.ALPIDE_plane_1 is initialised.
[0m[1m[2024-01-09 18:04:37.484] [0m[32;1m(INFO)[0m [Producer.ALPIDE_plane_0 ]Producer.ALPIDE_plane_0 is initialised.
[0m[1m[2024-01-09 18:04:37.484] [0m[32;1m(INFO)[0m [Producer.ALPIDE_plane_2 ]Producer.ALPIDE_plane_2 is initialised.
[0m[1m[2024-01-09 18:04:37.513] [0m[32;1m(INFO)[0m [RunControl.RC-TUI ]Processing Configure command
[0m[1m[2024-01-09 18:04:37.513] [0m[32;1m(INFO)[0m [DataCollector.dc ]Receive a CONF section
    <Configuration>
      <Section title="">
        <DataCollector.dc>tcp://127.0.0.1:44965</DataCollector.dc>
        <LogCollector.log>tcp://127.0.0.1:55000</LogCollector.log>
        <Name>lab-1BENT-2ALPIDE_DCTRL.conf</Name>
      </Section>
      <Section title="DataCollector.dc">
        <#EUDAQ_DATACOL_SEND_MONITOR_FRACTION>10</#EUDAQ_DATACOL_SEND_MONITOR_FRACTION>
        <#EUDAQ_FW_PATTERN>/dev/null/run$6R_$12D$X</#EUDAQ_FW_PATTERN>
        <#EUDAQ_MN>mon</#EUDAQ_MN>
        <EUDAQ_FW>native</EUDAQ_FW>
        <EUDAQ_FW_PATTERN>/home/next/ITS3/eudaq/data/20240109/run$6R_$12D$X</EUDAQ_FW_PATTERN>
      </Section>
    </Configuration>

[0m[1m[2024-01-09 18:04:37.513] [0m[32;1m(INFO)[0m [Producer.ALPIDE_plane_2 ]Receive a CONF section
    <Configuration>
      <Section title="">
        <DataCollector.dc>tcp://127.0.0.1:44965</DataCollector.dc>
        <LogCollector.log>tcp://127.0.0.1:55000</LogCollector.log>
        <Name>lab-1BENT-2ALPIDE_DCTRL.conf</Name>
      </Section>
      <Section title="Producer.ALPIDE_plane_2">
        <CHIPID>1</CHIPID>
        <EUDAQ_DC>dc</EUDAQ_DC>
        <EUDAQ_ID>2</EUDAQ_ID>
        <ITHR>60</ITHR>
        <RDOMODE>DCTRL</RDOMODE>
        <STROBE_LENGTH>800</STROBE_LENGTH>
        <VCASN>106</VCASN>
        <VCASN2>118</VCASN2>
        <VCLIP>60</VCLIP>
      </Section>
    </Configuration>

[0m[1m[2024-01-09 18:04:37.513] [0m[32;1m(INFO)[0m [Producer.ALPIDE_plane_0 ]Receive a CONF section
    <Configuration>
      <Section title="">
        <DataCollector.dc>tcp://127.0.0.1:44965</DataCollector.dc>
        <LogCollector.log>tcp://127.0.0.1:55000</LogCollector.log>
        <Name>lab-1BENT-2ALPIDE_DCTRL.conf</Name>
      </Section>
      <Section title="Producer.ALPIDE_plane_0">
        <EUDAQ_DC>dc</EUDAQ_DC>
        <EUDAQ_ID>0</EUDAQ_ID>
        <ITHR>60</ITHR>
        <STROBE_LENGTH>800</STROBE_LENGTH>
        <VCASN>106</VCASN>
        <VCASN2>118</VCASN2>
        <VCLIP>60</VCLIP>
      </Section>
    </Configuration>

[0m[1m[2024-01-09 18:04:37.513] [0m[32;1m(INFO)[0m [Producer.ALPIDE_plane_1 ]Receive a CONF section
    <Configuration>
      <Section title="">
        <DataCollector.dc>tcp://127.0.0.1:44965</DataCollector.dc>
        <LogCollector.log>tcp://127.0.0.1:55000</LogCollector.log>
        <Name>lab-1BENT-2ALPIDE_DCTRL.conf</Name>
      </Section>
      <Section title="Producer.ALPIDE_plane_1">
        <EUDAQ_DC>dc</EUDAQ_DC>
        <EUDAQ_ID>1</EUDAQ_ID>
        <ITHR>60</ITHR>
        <STROBE_LENGTH>800</STROBE_LENGTH>
        <VCASN>106</VCASN>
        <VCASN2>118</VCASN2>
        <VCLIP>60</VCLIP>
      </Section>
    </Configuration>

[0m[1m[2024-01-09 18:04:37.513] [0m[32;1m(INFO)[0m [DataCollector.dc ]DataCollector.dc is to be configured...
[0m[1m[2024-01-09 18:04:37.514] [0m[32;1m(INFO)[0m [DataCollector.dc ]DataCollector.dc is configured.
[0m[1m[2024-01-09 18:04:37.513] [0m[32;1m(INFO)[0m [Producer.ALPIDE_plane_2 ]Producer.ALPIDE_plane_2 is to be configured...
[0m[1m[2024-01-09 18:04:37.513] [0m[32;1m(INFO)[0m [Producer.ALPIDE_plane_0 ]Producer.ALPIDE_plane_0 is to be configured...
[0m[1m[2024-01-09 18:04:37.513] [0m[32;1m(INFO)[0m [Producer.POWER_0 ]Receive a CONF section
    <Configuration>
      <Section title="">
        <DataCollector.dc>tcp://127.0.0.1:44965</DataCollector.dc>
        <LogCollector.log>tcp://127.0.0.1:55000</LogCollector.log>
        <Name>lab-1BENT-2ALPIDE_DCTRL.conf</Name>
      </Section>
      <Section title="Producer.POWER_0">
        <EUDAQ_DC>dc</EUDAQ_DC>
      </Section>
    </Configuration>

[0m[1m[2024-01-09 18:04:37.513] [0m[32;1m(INFO)[0m [Producer.POWER_0 ]Producer.POWER_0 is to be configured...
[0m[1m[2024-01-09 18:04:37.514] [0m[32;1m(INFO)[0m [Producer.POWER_0 ]Producer.POWER_0 is configured.
[0m[1m[2024-01-09 18:04:37.513] [0m[32;1m(INFO)[0m [Producer.ALPIDE_plane_1 ]Producer.ALPIDE_plane_1 is to be configured...
[0m[1m[2024-01-09 18:04:37.513] [0m[32;1m(INFO)[0m [Producer.POWER_1 ]Receive a CONF section
    <Configuration>
      <Section title="">
        <DataCollector.dc>tcp://127.0.0.1:44965</DataCollector.dc>
        <LogCollector.log>tcp://127.0.0.1:55000</LogCollector.log>
        <Name>lab-1BENT-2ALPIDE_DCTRL.conf</Name>
      </Section>
      <Section title="Producer.POWER_1">
        <EUDAQ_DC>dc</EUDAQ_DC>
      </Section>
    </Configuration>

[0m[1m[2024-01-09 18:04:37.514] [0m[32;1m(INFO)[0m [Producer.POWER_1 ]Producer.POWER_1 is to be configured...
[0m[1m[2024-01-09 18:04:37.514] [0m[32;1m(INFO)[0m [Producer.POWER_1 ]Producer.POWER_1 is configured.
[0m[1m[2024-01-09 18:04:37.621] [0m[32;1m(INFO)[0m [Producer.ALPIDE_plane_1 ]Producer.ALPIDE_plane_1 is configured.
[0m[1m[2024-01-09 18:04:37.621] [0m[32;1m(INFO)[0m [Producer.ALPIDE_plane_0 ]Producer.ALPIDE_plane_0 is configured.
[0m[1m[2024-01-09 18:04:37.629] [0m[32;1m(INFO)[0m [Producer.ALPIDE_plane_2 ]Producer.ALPIDE_plane_2 is configured.
[0m[1m[2024-01-09 18:04:37.648] [0m[32;1m(INFO)[0m [RunControl.RC-TUI ]Processing StartRun command for RUN #22180435
[0m[1m[2024-01-09 18:04:38.748] [0m[32;1m(INFO)[0m [DataCollector.dc ]RUN #22180435 is to be started...
[0m[1m[2024-01-09 18:04:38.749] [0m[32;1m(INFO)[0m [DataCollector.dc ]RUN #22180435 is started.
[0m[1m[2024-01-09 18:04:39.849] [0m[32;1m(INFO)[0m [Producer.ALPIDE_plane_1 ]RUN #22180435 is to be started...
[0m[1m[2024-01-09 18:04:39.849] [0m[32;1m(INFO)[0m [Producer.ALPIDE_plane_2 ]RUN #22180435 is to be started...
[0m[1m[2024-01-09 18:04:39.849] [0m[32;1m(INFO)[0m [Producer.POWER_0 ]RUN #22180435 is to be started...
[0m[1m[2024-01-09 18:04:39.849] [0m[32;1m(INFO)[0m [Producer.POWER_1 ]RUN #22180435 is to be started...
[0m[1m[2024-01-09 18:04:39.850] [0m[32;1m(INFO)[0m [DataCollector.dc ]DataReceiver: Connection from <ConnectionTCP>
  <FD>tcp://127.0.0.1:39764</FD>
  <Connection>
    <Type>Producer</Type>
    <Name>ALPIDE_plane_1</Name>
    <State>1</State>
  </Connection>
</ConnectionTCP>

[0m[1m[2024-01-09 18:04:39.851] [0m[32;1m(INFO)[0m [DataCollector.dc ]DataReceiver: Connection from <ConnectionTCP>
  <FD>tcp://127.0.0.1:39766</FD>
  <Connection>
    <Type>Producer</Type>
    <Name>ALPIDE_plane_2</Name>
    <State>1</State>
  </Connection>
</ConnectionTCP>

[0m[1m[2024-01-09 18:04:39.851] [0m[32;1m(INFO)[0m [DataCollector.dc ]DataReceiver: Connection from <ConnectionTCP>
  <FD>tcp://127.0.0.1:39776</FD>
  <Connection>
    <Type>Producer</Type>
    <Name>POWER_0</Name>
    <State>1</State>
  </Connection>
</ConnectionTCP>

[0m[1m[2024-01-09 18:04:39.851] [0m[32;1m(INFO)[0m [DataCollector.dc ]DataReceiver: Connection from <ConnectionTCP>
  <FD>tcp://127.0.0.1:39792</FD>
  <Connection>
    <Type>Producer</Type>
    <Name>POWER_1</Name>
    <State>1</State>
  </Connection>
</ConnectionTCP>

[0m[1m[2024-01-09 18:04:39.851] [0m[32;1m(INFO)[0m [Producer.POWER_0 ]RUN #22180435 is started.
[0m[1m[2024-01-09 18:04:39.851] [0m[32;1m(INFO)[0m [Producer.POWER_1 ]RUN #22180435 is started.
[0m[1m[2024-01-09 18:04:39.914] [0m[32;1m(INFO)[0m [Producer.ALPIDE_plane_1 ]RUN #22180435 is started.
[0m[1m[2024-01-09 18:04:39.915] [0m[32;1m(INFO)[0m [Producer.ALPIDE_plane_2 ]RUN #22180435 is started.
[0m[1m[2024-01-09 18:04:40.949] [0m[32;1m(INFO)[0m [Producer.ALPIDE_plane_0 ]RUN #22180435 is to be started...
[0m[1m[2024-01-09 18:04:40.961] [0m[32;1m(INFO)[0m [DataCollector.dc ]DataReceiver: Connection from <ConnectionTCP>
  <FD>tcp://127.0.0.1:39804</FD>
  <Connection>
    <Type>Producer</Type>
    <Name>ALPIDE_plane_0</Name>
    <State>1</State>
  </Connection>
</ConnectionTCP>

[0m[1m[2024-01-09 18:04:41.033] [0m[32;1m(INFO)[0m [Producer.ALPIDE_plane_0 ]RUN #22180435 is started.
[0m[1m[2024-01-09 18:07:38.209] [0m[31;1m(ERROR)[0m [Producer.ALPIDE_plane_1 ]RunLoop: [Errno 5] Input/Output Error
[0m[1m[2024-01-09 18:07:38.209] [0m[31;1m(ERROR)[0m [Producer.ALPIDE_plane_1 ]CommandReceiver: User's RunLoop throws an exception
[0m[1m[2024-01-09 18:07:38.209] [0m[31;1m(ERROR)[0m [Producer.ALPIDE_plane_0 ]RunLoop: [Errno 5] Input/Output Error
[0m[1m[2024-01-09 18:07:38.209] [0m[31;1m(ERROR)[0m [Producer.ALPIDE_plane_0 ]CommandReceiver: User's RunLoop throws an exception
[0m[1m[2024-01-09 18:07:39.283] [0m[31;1m(ERROR)[0m [RunControl.RC-TUI ]ALPIDE_plane_0 in ERROR state
[0m[1m[2024-01-09 18:07:39.284] [0m[31;1m(ERROR)[0m [RunControl.RC-TUI ]One or more conections in ERROR state.
[0m[1m[2024-01-09 18:07:39.284] [0m[31;1m(ERROR)[0m [RunControl.RC-TUI ]Traceback (most recent call last):
  File "/home/next/ITS3/eudaq/user/ITS3/python/ITS3RunControl.py", line 307, in userlogic_wrapper
    self.userlogic_runner_()
  File "/home/next/ITS3/eudaq/user/ITS3/python/ITS3RunControl.py", line 347, in userlogic_runner_
    self.check_status()
  File "/home/next/ITS3/eudaq/user/ITS3/python/ITS3RunControl.py", line 281, in check_status
    raise RuntimeError("One or more conections in ERROR state.")
RuntimeError: One or more conections in ERROR state.

[0m[1m[2024-01-09 18:07:39.291] [0m[32;1m(INFO)[0m [RunControl.RC-TUI ]Processing StopRun command for RUN #22180435
[0m[1m[2024-01-09 18:07:39.291] [0m[31;1m(ERROR)[0m [RunControl.RC-TUI ]ALPIDE_plane_0 is not Status::STATE_RUNNING, skipped
[0m[1m[2024-01-09 18:07:39.291] [0m[32;1m(INFO)[0m [Producer.ALPIDE_plane_2 ]RUN #22180435 is to be stopped...
[0m[1m[2024-01-09 18:07:39.291] [0m[32;1m(INFO)[0m [Producer.POWER_1 ]RUN #22180435 is to be stopped...
[0m[1m[2024-01-09 18:07:39.291] [0m[32;1m(INFO)[0m [Producer.POWER_0 ]RUN #22180435 is to be stopped...
[0m[1m[2024-01-09 18:07:39.291] [0m[32;1m(INFO)[0m [Producer.ALPIDE_plane_1 ]RUN #22180435 is to be stopped...
[0m[1m[2024-01-09 18:07:39.291] [0m[31;1m(THROW)[0m [Producer.ALPIDE_plane_1 ]OnStopRun can not be called unless in STATE_RUNNING
  From /home/next/ITS3/eudaq/main/lib/core/src/Producer.cc:96
  In virtual void eudaq::Producer::OnStopRun()
[0m[1m[2024-01-09 18:07:41.999] [0m[32;1m(INFO)[0m [Producer.POWER_1 ]RUN #22180435 is stopped.
[0m[1m[2024-01-09 18:07:42.099] [0m[32;1m(INFO)[0m [DataCollector.dc ]DataReceiver: Disconnected from <ConnectionTCP>
  <FD>tcp://127.0.0.1:39792</FD>
  <Connection>
    <Type>Producer</Type>
    <Name>POWER_1</Name>
    <State>0</State>
  </Connection>
</ConnectionTCP>

[0m[1m[2024-01-09 18:07:43.695] [0m[32;1m(INFO)[0m [Producer.POWER_0 ]RUN #22180435 is stopped.
[0m[1m[2024-01-09 18:07:43.795] [0m[32;1m(INFO)[0m [DataCollector.dc ]DataReceiver: Disconnected from <ConnectionTCP>
  <FD>tcp://127.0.0.1:39776</FD>
  <Connection>
    <Type>Producer</Type>
    <Name>POWER_0</Name>
    <State>0</State>
  </Connection>
</ConnectionTCP>

[0m[1m[2024-01-09 18:07:59.295] [0m[31;1m(THROW)[0m [Producer.ALPIDE_plane_2 ]CommandReceiver: Unable to stop the user's RunLoop
  From /home/next/ITS3/eudaq/main/lib/core/src/CommandReceiver.cc:126
  In virtual void eudaq::CommandReceiver::OnStopRun()
[0m[1m[2024-01-09 18:07:59.322] [0m[32;1m(INFO)[0m [DataCollector.dc ]RUN #22180435 is to be stopped...
[0m[1m[2024-01-09 18:08:00.292] [0m[32;1m(INFO)[0m [DataCollector.dc ]RUN #22180435 is stopped.
[0m[1m[2024-01-09 18:08:18.460] [0m[31;1m(ERROR)[0m [Producer.ALPIDE_plane_2 ]RunLoop: [Errno 110] Operation timed out
[0m[1m[2024-01-09 18:08:18.460] [0m[31;1m(ERROR)[0m [Producer.ALPIDE_plane_2 ]CommandReceiver: User's RunLoop throws an exception
