
*** LogCollector started at 2024-01-09 17:52:07.740 ***
[0m[1m[2024-01-09 17:52:07.739] [0m[32;1m(INFO)[0m [RunControl.RC-TUI ]Processing Initialise command for log
[0m[1m[2024-01-09 17:52:07.740] [0m[32;1m(INFO)[0m [RunControl.RC-TUI ]Processing Initialise command for dc
[0m[1m[2024-01-09 17:52:07.740] [0m[32;1m(INFO)[0m [RunControl.RC-TUI ]Processing Initialise command for ALPIDE_plane_0
[0m[1m[2024-01-09 17:52:07.743] [0m[32;1m(INFO)[0m [RunControl.RC-TUI ]Processing Initialise command for ALPIDE_plane_1
[0m[1m[2024-01-09 17:52:07.746] [0m[32;1m(INFO)[0m [RunControl.RC-TUI ]Processing Initialise command for ALPIDE_plane_2
[0m[1m[2024-01-09 17:52:07.746] [0m[32;1m(INFO)[0m [RunControl.RC-TUI ]Processing Initialise command for POWER_0
[0m[1m[2024-01-09 17:52:07.746] [0m[32;1m(INFO)[0m [RunControl.RC-TUI ]Processing Initialise command for POWER_1
[0m[1m[2024-01-09 17:52:07.781] [0m[32;1m(INFO)[0m [DataCollector.dc ]Receive an INI section
    <Configuration>
      <Section title="">
        <EUDAQ_LOG_ADDR>tcp://127.0.0.1:55000</EUDAQ_LOG_ADDR>
        <Name>lab-1BENT-2ALPIDE.ini</Name>
      </Section>
      <Section title="DataCollector.dc">
        <dataproducers>ALPIDE_plane_0,ALPIDE_plane_1,ALPIDE_plane_2</dataproducers>
      </Section>
    </Configuration>

[0m[1m[2024-01-09 17:52:07.781] [0m[32;1m(INFO)[0m [Producer.ALPIDE_plane_1 ]Receive an INI section
    <Configuration>
      <Section title="">
        <EUDAQ_LOG_ADDR>tcp://127.0.0.1:55000</EUDAQ_LOG_ADDR>
        <Name>lab-1BENT-2ALPIDE.ini</Name>
      </Section>
      <Section title="Producer.ALPIDE_plane_1">
        <plane>1</plane>
        <serial>DAQ-0009010E08931906</serial>
        <triggermode>replica</triggermode>
      </Section>
    </Configuration>

[0m[1m[2024-01-09 17:52:07.781] [0m[32;1m(INFO)[0m [Producer.POWER_0 ]Receive an INI section
    <Configuration>
      <Section title="">
        <EUDAQ_LOG_ADDR>tcp://127.0.0.1:55000</EUDAQ_LOG_ADDR>
        <Name>lab-1BENT-2ALPIDE.ini</Name>
      </Section>
      <Section title="Producer.POWER_0">
        <path>/dev/hmp4040_3</path>
      </Section>
    </Configuration>

[0m[1m[2024-01-09 17:52:07.781] [0m[32;1m(INFO)[0m [Producer.ALPIDE_plane_2 ]Receive an INI section
    <Configuration>
      <Section title="">
        <EUDAQ_LOG_ADDR>tcp://127.0.0.1:55000</EUDAQ_LOG_ADDR>
        <Name>lab-1BENT-2ALPIDE.ini</Name>
      </Section>
      <Section title="Producer.ALPIDE_plane_2">
        <plane>2</plane>
        <serial>DAQ-0009010E08933225</serial>
        <triggermode>replica</triggermode>
      </Section>
    </Configuration>

[0m[1m[2024-01-09 17:52:07.781] [0m[32;1m(INFO)[0m [Producer.POWER_1 ]Receive an INI section
    <Configuration>
      <Section title="">
        <EUDAQ_LOG_ADDR>tcp://127.0.0.1:55000</EUDAQ_LOG_ADDR>
        <Name>lab-1BENT-2ALPIDE.ini</Name>
      </Section>
      <Section title="Producer.POWER_1">
        <path>/dev/hmp4040</path>
      </Section>
    </Configuration>

[0m[1m[2024-01-09 17:52:07.781] [0m[32;1m(INFO)[0m [Producer.ALPIDE_plane_0 ]Receive an INI section
    <Configuration>
      <Section title="">
        <EUDAQ_LOG_ADDR>tcp://127.0.0.1:55000</EUDAQ_LOG_ADDR>
        <Name>lab-1BENT-2ALPIDE.ini</Name>
      </Section>
      <Section title="Producer.ALPIDE_plane_0">
        <plane>0</plane>
        <serial>DAQ-0009010E08933325</serial>
        <triggermode>replica</triggermode>
      </Section>
    </Configuration>

[0m[1m[2024-01-09 17:52:07.781] [0m[32;1m(INFO)[0m [DataCollector.dc ]DataCollector.dc is to be initialised...
[0m[1m[2024-01-09 17:52:07.782] [0m[32;1m(INFO)[0m [DataCollector.dc ]TCPServer:: Listening on port 33963
[0m[1m[2024-01-09 17:52:07.781] [0m[32;1m(INFO)[0m [Producer.ALPIDE_plane_1 ]Producer.ALPIDE_plane_1 is to be initialised...
[0m[1m[2024-01-09 17:52:07.782] [0m[32;1m(INFO)[0m [Producer.POWER_1 ]Producer.POWER_1 is to be initialised...
[0m[1m[2024-01-09 17:52:07.781] [0m[32;1m(INFO)[0m [Producer.POWER_0 ]Producer.POWER_0 is to be initialised...
[0m[1m[2024-01-09 17:52:07.813] [0m[32;1m(INFO)[0m [Producer.POWER_0 ]Producer.POWER_0 is initialised.
[0m[1m[2024-01-09 17:52:07.782] [0m[32;1m(INFO)[0m [Producer.ALPIDE_plane_0 ]Producer.ALPIDE_plane_0 is to be initialised...
[0m[1m[2024-01-09 17:52:07.781] [0m[32;1m(INFO)[0m [Producer.ALPIDE_plane_2 ]Producer.ALPIDE_plane_2 is to be initialised...
[0m[1m[2024-01-09 17:52:07.864] [0m[32;1m(INFO)[0m [Producer.POWER_1 ]Producer.POWER_1 is initialised.
[0m[1m[2024-01-09 17:52:08.006] [0m[32;1m(INFO)[0m [Producer.ALPIDE_plane_0 ]Producer.ALPIDE_plane_0 is initialised.
[0m[1m[2024-01-09 17:52:08.006] [0m[32;1m(INFO)[0m [Producer.ALPIDE_plane_2 ]Producer.ALPIDE_plane_2 is initialised.
[0m[1m[2024-01-09 17:52:08.007] [0m[32;1m(INFO)[0m [Producer.ALPIDE_plane_1 ]Producer.ALPIDE_plane_1 is initialised.
[0m[1m[2024-01-09 17:52:08.783] [0m[32;1m(INFO)[0m [DataCollector.dc ]DataCollector.dc is initialised.
[0m[1m[2024-01-09 17:52:08.810] [0m[32;1m(INFO)[0m [RunControl.RC-TUI ]Processing Configure command
[0m[1m[2024-01-09 17:52:08.810] [0m[32;1m(INFO)[0m [DataCollector.dc ]Receive a CONF section
    <Configuration>
      <Section title="">
        <DataCollector.dc>tcp://127.0.0.1:33963</DataCollector.dc>
        <LogCollector.log>tcp://127.0.0.1:55000</LogCollector.log>
        <Name>lab-1BENT-2ALPIDE.conf</Name>
      </Section>
      <Section title="DataCollector.dc">
        <#EUDAQ_DATACOL_SEND_MONITOR_FRACTION>10</#EUDAQ_DATACOL_SEND_MONITOR_FRACTION>
        <#EUDAQ_FW_PATTERN>/dev/null/run$6R_$12D$X</#EUDAQ_FW_PATTERN>
        <#EUDAQ_MN>mon</#EUDAQ_MN>
        <EUDAQ_FW>native</EUDAQ_FW>
        <EUDAQ_FW_PATTERN>/home/next/ITS3/eudaq/data/20240109/run$6R_$12D$X</EUDAQ_FW_PATTERN>
      </Section>
    </Configuration>

[0m[1m[2024-01-09 17:52:08.810] [0m[32;1m(INFO)[0m [DataCollector.dc ]DataCollector.dc is to be configured...
[0m[1m[2024-01-09 17:52:08.810] [0m[32;1m(INFO)[0m [Producer.POWER_0 ]Receive a CONF section
    <Configuration>
      <Section title="">
        <DataCollector.dc>tcp://127.0.0.1:33963</DataCollector.dc>
        <LogCollector.log>tcp://127.0.0.1:55000</LogCollector.log>
        <Name>lab-1BENT-2ALPIDE.conf</Name>
      </Section>
      <Section title="Producer.POWER_0">
        <EUDAQ_DC>dc</EUDAQ_DC>
      </Section>
    </Configuration>

[0m[1m[2024-01-09 17:52:08.810] [0m[32;1m(INFO)[0m [Producer.ALPIDE_plane_0 ]Receive a CONF section
    <Configuration>
      <Section title="">
        <DataCollector.dc>tcp://127.0.0.1:33963</DataCollector.dc>
        <LogCollector.log>tcp://127.0.0.1:55000</LogCollector.log>
        <Name>lab-1BENT-2ALPIDE.conf</Name>
      </Section>
      <Section title="Producer.ALPIDE_plane_0">
        <EUDAQ_DC>dc</EUDAQ_DC>
        <EUDAQ_ID>0</EUDAQ_ID>
        <ITHR>60</ITHR>
        <STROBE_LENGTH>800</STROBE_LENGTH>
        <VCASN>106</VCASN>
        <VCASN2>118</VCASN2>
        <VCLIP>60</VCLIP>
      </Section>
    </Configuration>

[0m[1m[2024-01-09 17:52:08.810] [0m[32;1m(INFO)[0m [Producer.ALPIDE_plane_2 ]Receive a CONF section
    <Configuration>
      <Section title="">
        <DataCollector.dc>tcp://127.0.0.1:33963</DataCollector.dc>
        <LogCollector.log>tcp://127.0.0.1:55000</LogCollector.log>
        <Name>lab-1BENT-2ALPIDE.conf</Name>
      </Section>
      <Section title="Producer.ALPIDE_plane_2">
        <EUDAQ_DC>dc</EUDAQ_DC>
        <EUDAQ_ID>2</EUDAQ_ID>
        <ITHR>60</ITHR>
        <STROBE_LENGTH>800</STROBE_LENGTH>
        <VCASN>106</VCASN>
        <VCASN2>118</VCASN2>
        <VCLIP>60</VCLIP>
      </Section>
    </Configuration>

[0m[1m[2024-01-09 17:52:08.810] [0m[32;1m(INFO)[0m [DataCollector.dc ]DataCollector.dc is configured.
[0m[1m[2024-01-09 17:52:08.810] [0m[32;1m(INFO)[0m [Producer.ALPIDE_plane_1 ]Receive a CONF section
    <Configuration>
      <Section title="">
        <DataCollector.dc>tcp://127.0.0.1:33963</DataCollector.dc>
        <LogCollector.log>tcp://127.0.0.1:55000</LogCollector.log>
        <Name>lab-1BENT-2ALPIDE.conf</Name>
      </Section>
      <Section title="Producer.ALPIDE_plane_1">
        <EUDAQ_DC>dc</EUDAQ_DC>
        <EUDAQ_ID>1</EUDAQ_ID>
        <ITHR>60</ITHR>
        <STROBE_LENGTH>800</STROBE_LENGTH>
        <VCASN>106</VCASN>
        <VCASN2>118</VCASN2>
        <VCLIP>60</VCLIP>
      </Section>
    </Configuration>

[0m[1m[2024-01-09 17:52:08.811] [0m[32;1m(INFO)[0m [Producer.ALPIDE_plane_1 ]Producer.ALPIDE_plane_1 is to be configured...
[0m[1m[2024-01-09 17:52:08.810] [0m[32;1m(INFO)[0m [Producer.POWER_1 ]Receive a CONF section
    <Configuration>
      <Section title="">
        <DataCollector.dc>tcp://127.0.0.1:33963</DataCollector.dc>
        <LogCollector.log>tcp://127.0.0.1:55000</LogCollector.log>
        <Name>lab-1BENT-2ALPIDE.conf</Name>
      </Section>
      <Section title="Producer.POWER_1">
        <EUDAQ_DC>dc</EUDAQ_DC>
      </Section>
    </Configuration>

[0m[1m[2024-01-09 17:52:08.811] [0m[32;1m(INFO)[0m [Producer.POWER_1 ]Producer.POWER_1 is to be configured...
[0m[1m[2024-01-09 17:52:08.811] [0m[32;1m(INFO)[0m [Producer.POWER_1 ]Producer.POWER_1 is configured.
[0m[1m[2024-01-09 17:52:08.810] [0m[32;1m(INFO)[0m [Producer.POWER_0 ]Producer.POWER_0 is to be configured...
[0m[1m[2024-01-09 17:52:08.811] [0m[32;1m(INFO)[0m [Producer.POWER_0 ]Producer.POWER_0 is configured.
[0m[1m[2024-01-09 17:52:08.810] [0m[32;1m(INFO)[0m [Producer.ALPIDE_plane_0 ]Producer.ALPIDE_plane_0 is to be configured...
[0m[1m[2024-01-09 17:52:08.810] [0m[32;1m(INFO)[0m [Producer.ALPIDE_plane_2 ]Producer.ALPIDE_plane_2 is to be configured...
[0m[1m[2024-01-09 17:52:08.919] [0m[32;1m(INFO)[0m [Producer.ALPIDE_plane_2 ]Producer.ALPIDE_plane_2 is configured.
[0m[1m[2024-01-09 17:52:08.919] [0m[32;1m(INFO)[0m [Producer.ALPIDE_plane_0 ]Producer.ALPIDE_plane_0 is configured.
[0m[1m[2024-01-09 17:52:08.919] [0m[32;1m(INFO)[0m [Producer.ALPIDE_plane_1 ]Producer.ALPIDE_plane_1 is configured.
[0m[1m[2024-01-09 17:52:08.945] [0m[32;1m(INFO)[0m [RunControl.RC-TUI ]Processing StartRun command for RUN #22175205
[0m[1m[2024-01-09 17:52:10.046] [0m[32;1m(INFO)[0m [DataCollector.dc ]RUN #22175205 is to be started...
[0m[1m[2024-01-09 17:52:10.046] [0m[32;1m(INFO)[0m [DataCollector.dc ]RUN #22175205 is started.
[0m[1m[2024-01-09 17:52:11.146] [0m[32;1m(INFO)[0m [Producer.POWER_0 ]RUN #22175205 is to be started...
[0m[1m[2024-01-09 17:52:11.146] [0m[32;1m(INFO)[0m [Producer.ALPIDE_plane_1 ]RUN #22175205 is to be started...
[0m[1m[2024-01-09 17:52:11.146] [0m[32;1m(INFO)[0m [Producer.POWER_1 ]RUN #22175205 is to be started...
[0m[1m[2024-01-09 17:52:11.146] [0m[32;1m(INFO)[0m [Producer.ALPIDE_plane_2 ]RUN #22175205 is to be started...
[0m[1m[2024-01-09 17:52:11.148] [0m[32;1m(INFO)[0m [DataCollector.dc ]DataReceiver: Connection from <ConnectionTCP>
  <FD>tcp://127.0.0.1:44506</FD>
  <Connection>
    <Type>Producer</Type>
    <Name>ALPIDE_plane_2</Name>
    <State>1</State>
  </Connection>
</ConnectionTCP>

[0m[1m[2024-01-09 17:52:11.148] [0m[32;1m(INFO)[0m [DataCollector.dc ]DataReceiver: Connection from <ConnectionTCP>
  <FD>tcp://127.0.0.1:44516</FD>
  <Connection>
    <Type>Producer</Type>
    <Name>POWER_0</Name>
    <State>1</State>
  </Connection>
</ConnectionTCP>

[0m[1m[2024-01-09 17:52:11.148] [0m[32;1m(INFO)[0m [DataCollector.dc ]DataReceiver: Connection from <ConnectionTCP>
  <FD>tcp://127.0.0.1:44518</FD>
  <Connection>
    <Type>Producer</Type>
    <Name>POWER_1</Name>
    <State>1</State>
  </Connection>
</ConnectionTCP>

[0m[1m[2024-01-09 17:52:11.148] [0m[32;1m(INFO)[0m [Producer.POWER_0 ]RUN #22175205 is started.
[0m[1m[2024-01-09 17:52:11.148] [0m[32;1m(INFO)[0m [DataCollector.dc ]DataReceiver: Connection from <ConnectionTCP>
  <FD>tcp://127.0.0.1:44530</FD>
  <Connection>
    <Type>Producer</Type>
    <Name>ALPIDE_plane_1</Name>
    <State>1</State>
  </Connection>
</ConnectionTCP>

[0m[1m[2024-01-09 17:52:11.149] [0m[32;1m(INFO)[0m [Producer.POWER_1 ]RUN #22175205 is started.
[0m[1m[2024-01-09 17:52:11.214] [0m[32;1m(INFO)[0m [Producer.ALPIDE_plane_1 ]RUN #22175205 is started.
[0m[1m[2024-01-09 17:52:11.215] [0m[32;1m(INFO)[0m [Producer.ALPIDE_plane_2 ]RUN #22175205 is started.
[0m[1m[2024-01-09 17:52:12.247] [0m[32;1m(INFO)[0m [Producer.ALPIDE_plane_0 ]RUN #22175205 is to be started...
[0m[1m[2024-01-09 17:52:12.308] [0m[32;1m(INFO)[0m [DataCollector.dc ]DataReceiver: Connection from <ConnectionTCP>
  <FD>tcp://127.0.0.1:44542</FD>
  <Connection>
    <Type>Producer</Type>
    <Name>ALPIDE_plane_0</Name>
    <State>1</State>
  </Connection>
</ConnectionTCP>

[0m[1m[2024-01-09 17:52:12.393] [0m[32;1m(INFO)[0m [Producer.ALPIDE_plane_0 ]RUN #22175205 is started.
[0m[1m[2024-01-09 17:52:29.399] [0m[31;1m(ERROR)[0m [Producer.ALPIDE_plane_1 ]RunLoop: [Errno 5] Input/Output Error
[0m[1m[2024-01-09 17:52:29.400] [0m[31;1m(ERROR)[0m [Producer.ALPIDE_plane_1 ]CommandReceiver: User's RunLoop throws an exception
[0m[1m[2024-01-09 17:52:29.400] [0m[31;1m(ERROR)[0m [Producer.ALPIDE_plane_0 ]RunLoop: [Errno 5] Input/Output Error
[0m[1m[2024-01-09 17:52:29.400] [0m[31;1m(ERROR)[0m [Producer.ALPIDE_plane_0 ]CommandReceiver: User's RunLoop throws an exception
[0m[1m[2024-01-09 17:52:29.665] [0m[31;1m(ERROR)[0m [RunControl.RC-TUI ]ALPIDE_plane_0 in ERROR state
[0m[1m[2024-01-09 17:52:29.665] [0m[31;1m(ERROR)[0m [RunControl.RC-TUI ]ALPIDE_plane_1 in ERROR state
[0m[1m[2024-01-09 17:52:29.665] [0m[31;1m(ERROR)[0m [RunControl.RC-TUI ]One or more conections in ERROR state.
[0m[1m[2024-01-09 17:52:29.665] [0m[31;1m(ERROR)[0m [RunControl.RC-TUI ]Traceback (most recent call last):
  File "/home/next/ITS3/eudaq/user/ITS3/python/ITS3RunControl.py", line 307, in userlogic_wrapper
    self.userlogic_runner_()
  File "/home/next/ITS3/eudaq/user/ITS3/python/ITS3RunControl.py", line 347, in userlogic_runner_
    self.check_status()
  File "/home/next/ITS3/eudaq/user/ITS3/python/ITS3RunControl.py", line 281, in check_status
    raise RuntimeError("One or more conections in ERROR state.")
RuntimeError: One or more conections in ERROR state.

[0m[1m[2024-01-09 17:52:29.666] [0m[32;1m(INFO)[0m [RunControl.RC-TUI ]Processing StopRun command for RUN #22175205
[0m[1m[2024-01-09 17:52:29.666] [0m[31;1m(ERROR)[0m [RunControl.RC-TUI ]ALPIDE_plane_0 is not Status::STATE_RUNNING, skipped
[0m[1m[2024-01-09 17:52:29.666] [0m[31;1m(ERROR)[0m [RunControl.RC-TUI ]ALPIDE_plane_1 is not Status::STATE_RUNNING, skipped
[0m[1m[2024-01-09 17:52:29.667] [0m[32;1m(INFO)[0m [Producer.POWER_0 ]RUN #22175205 is to be stopped...
[0m[1m[2024-01-09 17:52:29.667] [0m[32;1m(INFO)[0m [Producer.POWER_1 ]RUN #22175205 is to be stopped...
[0m[1m[2024-01-09 17:52:29.667] [0m[32;1m(INFO)[0m [Producer.ALPIDE_plane_2 ]RUN #22175205 is to be stopped...
[0m[1m[2024-01-09 17:52:29.921] [0m[32;1m(INFO)[0m [Producer.ALPIDE_plane_2 ]RUN #22175205 is stopped.
[0m[1m[2024-01-09 17:52:30.021] [0m[32;1m(INFO)[0m [DataCollector.dc ]DataReceiver: Disconnected from <ConnectionTCP>
  <FD>tcp://127.0.0.1:44506</FD>
  <Connection>
    <Type>Producer</Type>
    <Name>ALPIDE_plane_2</Name>
    <State>0</State>
  </Connection>
</ConnectionTCP>

[0m[1m[2024-01-09 17:52:31.741] [0m[31;1m(ERROR)[0m [Producer.POWER_1 ]RunLoop: could not convert string to float: ''
[0m[1m[2024-01-09 17:52:31.741] [0m[31;1m(ERROR)[0m [Producer.POWER_1 ]CommandReceiver: User's RunLoop throws an exception
[0m[1m[2024-01-09 17:52:34.294] [0m[32;1m(INFO)[0m [Producer.POWER_0 ]RUN #22175205 is stopped.
[0m[1m[2024-01-09 17:52:34.376] [0m[32;1m(INFO)[0m [DataCollector.dc ]RUN #22175205 is to be stopped...
[0m[1m[2024-01-09 17:52:34.394] [0m[32;1m(INFO)[0m [DataCollector.dc ]DataReceiver: Disconnected from <ConnectionTCP>
  <FD>tcp://127.0.0.1:44516</FD>
  <Connection>
    <Type>Producer</Type>
    <Name>POWER_0</Name>
    <State>0</State>
  </Connection>
</ConnectionTCP>

[0m[1m[2024-01-09 17:52:34.550] [0m[32;1m(INFO)[0m [DataCollector.dc ]RUN #22175205 is stopped.
