
*** LogCollector started at 2024-01-09 17:54:36.459 ***
[0m[1m[2024-01-09 17:54:36.459] [0m[32;1m(INFO)[0m [RunControl.RC-TUI ]Processing Initialise command for log
[0m[1m[2024-01-09 17:54:36.459] [0m[32;1m(INFO)[0m [RunControl.RC-TUI ]Processing Initialise command for dc
[0m[1m[2024-01-09 17:54:36.459] [0m[32;1m(INFO)[0m [RunControl.RC-TUI ]Processing Initialise command for ALPIDE_plane_0
[0m[1m[2024-01-09 17:54:36.462] [0m[32;1m(INFO)[0m [RunControl.RC-TUI ]Processing Initialise command for ALPIDE_plane_1
[0m[1m[2024-01-09 17:54:36.465] [0m[32;1m(INFO)[0m [RunControl.RC-TUI ]Processing Initialise command for ALPIDE_plane_2
[0m[1m[2024-01-09 17:54:36.465] [0m[32;1m(INFO)[0m [RunControl.RC-TUI ]Processing Initialise command for POWER_0
[0m[1m[2024-01-09 17:54:36.465] [0m[32;1m(INFO)[0m [RunControl.RC-TUI ]Processing Initialise command for POWER_1
[0m[1m[2024-01-09 17:54:36.505] [0m[32;1m(INFO)[0m [Producer.ALPIDE_plane_1 ]Receive an INI section
    <Configuration>
      <Section title="">
        <EUDAQ_LOG_ADDR>tcp://127.0.0.1:55000</EUDAQ_LOG_ADDR>
        <Name>lab-1BENT-2ALPIDE.ini</Name>
      </Section>
      <Section title="Producer.ALPIDE_plane_1">
        <plane>1</plane>
        <serial>DAQ-0009010E08931906</serial>
        <triggermode>replica</triggermode>
      </Section>
    </Configuration>

[0m[1m[2024-01-09 17:54:36.505] [0m[32;1m(INFO)[0m [Producer.ALPIDE_plane_0 ]Receive an INI section
    <Configuration>
      <Section title="">
        <EUDAQ_LOG_ADDR>tcp://127.0.0.1:55000</EUDAQ_LOG_ADDR>
        <Name>lab-1BENT-2ALPIDE.ini</Name>
      </Section>
      <Section title="Producer.ALPIDE_plane_0">
        <plane>0</plane>
        <serial>DAQ-0009010E08933325</serial>
        <triggermode>replica</triggermode>
      </Section>
    </Configuration>

[0m[1m[2024-01-09 17:54:36.505] [0m[32;1m(INFO)[0m [Producer.POWER_1 ]Receive an INI section
    <Configuration>
      <Section title="">
        <EUDAQ_LOG_ADDR>tcp://127.0.0.1:55000</EUDAQ_LOG_ADDR>
        <Name>lab-1BENT-2ALPIDE.ini</Name>
      </Section>
      <Section title="Producer.POWER_1">
        <path>/dev/hmp4040</path>
      </Section>
    </Configuration>

[0m[1m[2024-01-09 17:54:36.505] [0m[32;1m(INFO)[0m [Producer.POWER_0 ]Receive an INI section
    <Configuration>
      <Section title="">
        <EUDAQ_LOG_ADDR>tcp://127.0.0.1:55000</EUDAQ_LOG_ADDR>
        <Name>lab-1BENT-2ALPIDE.ini</Name>
      </Section>
      <Section title="Producer.POWER_0">
        <path>/dev/hmp4040_3</path>
      </Section>
    </Configuration>

[0m[1m[2024-01-09 17:54:36.505] [0m[32;1m(INFO)[0m [DataCollector.dc ]Receive an INI section
    <Configuration>
      <Section title="">
        <EUDAQ_LOG_ADDR>tcp://127.0.0.1:55000</EUDAQ_LOG_ADDR>
        <Name>lab-1BENT-2ALPIDE.ini</Name>
      </Section>
      <Section title="DataCollector.dc">
        <dataproducers>ALPIDE_plane_0,ALPIDE_plane_1,ALPIDE_plane_2</dataproducers>
      </Section>
    </Configuration>

[0m[1m[2024-01-09 17:54:36.505] [0m[32;1m(INFO)[0m [Producer.ALPIDE_plane_2 ]Receive an INI section
    <Configuration>
      <Section title="">
        <EUDAQ_LOG_ADDR>tcp://127.0.0.1:55000</EUDAQ_LOG_ADDR>
        <Name>lab-1BENT-2ALPIDE.ini</Name>
      </Section>
      <Section title="Producer.ALPIDE_plane_2">
        <plane>2</plane>
        <serial>DAQ-0009010E08933225</serial>
        <triggermode>replica</triggermode>
      </Section>
    </Configuration>

[0m[1m[2024-01-09 17:54:36.506] [0m[32;1m(INFO)[0m [Producer.ALPIDE_plane_1 ]Producer.ALPIDE_plane_1 is to be initialised...
[0m[1m[2024-01-09 17:54:36.506] [0m[32;1m(INFO)[0m [Producer.POWER_0 ]Producer.POWER_0 is to be initialised...
[0m[1m[2024-01-09 17:54:36.522] [0m[32;1m(INFO)[0m [Producer.POWER_0 ]Producer.POWER_0 is initialised.
[0m[1m[2024-01-09 17:54:36.506] [0m[32;1m(INFO)[0m [DataCollector.dc ]DataCollector.dc is to be initialised...
[0m[1m[2024-01-09 17:54:36.506] [0m[32;1m(INFO)[0m [DataCollector.dc ]TCPServer:: Listening on port 43831
[0m[1m[2024-01-09 17:54:36.506] [0m[32;1m(INFO)[0m [Producer.ALPIDE_plane_2 ]Producer.ALPIDE_plane_2 is to be initialised...
[0m[1m[2024-01-09 17:54:36.505] [0m[32;1m(INFO)[0m [Producer.ALPIDE_plane_0 ]Producer.ALPIDE_plane_0 is to be initialised...
[0m[1m[2024-01-09 17:54:36.506] [0m[32;1m(INFO)[0m [Producer.POWER_1 ]Producer.POWER_1 is to be initialised...
[0m[1m[2024-01-09 17:54:36.563] [0m[32;1m(INFO)[0m [Producer.POWER_1 ]Producer.POWER_1 is initialised.
[0m[1m[2024-01-09 17:54:36.707] [0m[32;1m(INFO)[0m [DataCollector.dc ]DataCollector.dc is initialised.
[0m[1m[2024-01-09 17:54:36.724] [0m[32;1m(INFO)[0m [Producer.ALPIDE_plane_0 ]Producer.ALPIDE_plane_0 is initialised.
[0m[1m[2024-01-09 17:54:36.725] [0m[32;1m(INFO)[0m [Producer.ALPIDE_plane_2 ]Producer.ALPIDE_plane_2 is initialised.
[0m[1m[2024-01-09 17:54:36.725] [0m[32;1m(INFO)[0m [Producer.ALPIDE_plane_1 ]Producer.ALPIDE_plane_1 is initialised.
[0m[1m[2024-01-09 17:54:36.752] [0m[32;1m(INFO)[0m [RunControl.RC-TUI ]Processing Configure command
[0m[1m[2024-01-09 17:54:36.752] [0m[32;1m(INFO)[0m [DataCollector.dc ]Receive a CONF section
    <Configuration>
      <Section title="">
        <DataCollector.dc>tcp://127.0.0.1:43831</DataCollector.dc>
        <LogCollector.log>tcp://127.0.0.1:55000</LogCollector.log>
        <Name>lab-1BENT-2ALPIDE_DCTRL.conf</Name>
      </Section>
      <Section title="DataCollector.dc">
        <#EUDAQ_DATACOL_SEND_MONITOR_FRACTION>10</#EUDAQ_DATACOL_SEND_MONITOR_FRACTION>
        <#EUDAQ_FW_PATTERN>/dev/null/run$6R_$12D$X</#EUDAQ_FW_PATTERN>
        <#EUDAQ_MN>mon</#EUDAQ_MN>
        <EUDAQ_FW>native</EUDAQ_FW>
        <EUDAQ_FW_PATTERN>/home/next/ITS3/eudaq/data/20240109/run$6R_$12D$X</EUDAQ_FW_PATTERN>
      </Section>
    </Configuration>

[0m[1m[2024-01-09 17:54:36.752] [0m[32;1m(INFO)[0m [Producer.ALPIDE_plane_2 ]Receive a CONF section
    <Configuration>
      <Section title="">
        <DataCollector.dc>tcp://127.0.0.1:43831</DataCollector.dc>
        <LogCollector.log>tcp://127.0.0.1:55000</LogCollector.log>
        <Name>lab-1BENT-2ALPIDE_DCTRL.conf</Name>
      </Section>
      <Section title="Producer.ALPIDE_plane_2">
        <EUDAQ_DC>dc</EUDAQ_DC>
        <EUDAQ_ID>2</EUDAQ_ID>
        <ITHR>60</ITHR>
        <MODE_CTRL>DCTRL</MODE_CTRL>
        <STROBE_LENGTH>800</STROBE_LENGTH>
        <VCASN>106</VCASN>
        <VCASN2>118</VCASN2>
        <VCLIP>60</VCLIP>
      </Section>
    </Configuration>

[0m[1m[2024-01-09 17:54:36.753] [0m[32;1m(INFO)[0m [Producer.ALPIDE_plane_2 ]Producer.ALPIDE_plane_2 is to be configured...
[0m[1m[2024-01-09 17:54:36.752] [0m[32;1m(INFO)[0m [Producer.ALPIDE_plane_1 ]Receive a CONF section
    <Configuration>
      <Section title="">
        <DataCollector.dc>tcp://127.0.0.1:43831</DataCollector.dc>
        <LogCollector.log>tcp://127.0.0.1:55000</LogCollector.log>
        <Name>lab-1BENT-2ALPIDE_DCTRL.conf</Name>
      </Section>
      <Section title="Producer.ALPIDE_plane_1">
        <EUDAQ_DC>dc</EUDAQ_DC>
        <EUDAQ_ID>1</EUDAQ_ID>
        <ITHR>60</ITHR>
        <STROBE_LENGTH>800</STROBE_LENGTH>
        <VCASN>106</VCASN>
        <VCASN2>118</VCASN2>
        <VCLIP>60</VCLIP>
      </Section>
    </Configuration>

[0m[1m[2024-01-09 17:54:36.753] [0m[32;1m(INFO)[0m [Producer.ALPIDE_plane_1 ]Producer.ALPIDE_plane_1 is to be configured...
[0m[1m[2024-01-09 17:54:36.752] [0m[32;1m(INFO)[0m [Producer.ALPIDE_plane_0 ]Receive a CONF section
    <Configuration>
      <Section title="">
        <DataCollector.dc>tcp://127.0.0.1:43831</DataCollector.dc>
        <LogCollector.log>tcp://127.0.0.1:55000</LogCollector.log>
        <Name>lab-1BENT-2ALPIDE_DCTRL.conf</Name>
      </Section>
      <Section title="Producer.ALPIDE_plane_0">
        <EUDAQ_DC>dc</EUDAQ_DC>
        <EUDAQ_ID>0</EUDAQ_ID>
        <ITHR>60</ITHR>
        <STROBE_LENGTH>800</STROBE_LENGTH>
        <VCASN>106</VCASN>
        <VCASN2>118</VCASN2>
        <VCLIP>60</VCLIP>
      </Section>
    </Configuration>

[0m[1m[2024-01-09 17:54:36.753] [0m[32;1m(INFO)[0m [Producer.ALPIDE_plane_0 ]Producer.ALPIDE_plane_0 is to be configured...
[0m[1m[2024-01-09 17:54:36.753] [0m[32;1m(INFO)[0m [Producer.POWER_1 ]Receive a CONF section
    <Configuration>
      <Section title="">
        <DataCollector.dc>tcp://127.0.0.1:43831</DataCollector.dc>
        <LogCollector.log>tcp://127.0.0.1:55000</LogCollector.log>
        <Name>lab-1BENT-2ALPIDE_DCTRL.conf</Name>
      </Section>
      <Section title="Producer.POWER_1">
        <EUDAQ_DC>dc</EUDAQ_DC>
      </Section>
    </Configuration>

[0m[1m[2024-01-09 17:54:36.753] [0m[32;1m(INFO)[0m [Producer.POWER_1 ]Producer.POWER_1 is to be configured...
[0m[1m[2024-01-09 17:54:36.753] [0m[32;1m(INFO)[0m [Producer.POWER_1 ]Producer.POWER_1 is configured.
[0m[1m[2024-01-09 17:54:36.753] [0m[32;1m(INFO)[0m [Producer.POWER_0 ]Receive a CONF section
    <Configuration>
      <Section title="">
        <DataCollector.dc>tcp://127.0.0.1:43831</DataCollector.dc>
        <LogCollector.log>tcp://127.0.0.1:55000</LogCollector.log>
        <Name>lab-1BENT-2ALPIDE_DCTRL.conf</Name>
      </Section>
      <Section title="Producer.POWER_0">
        <EUDAQ_DC>dc</EUDAQ_DC>
      </Section>
    </Configuration>

[0m[1m[2024-01-09 17:54:36.753] [0m[32;1m(INFO)[0m [Producer.POWER_0 ]Producer.POWER_0 is to be configured...
[0m[1m[2024-01-09 17:54:36.753] [0m[32;1m(INFO)[0m [DataCollector.dc ]DataCollector.dc is to be configured...
[0m[1m[2024-01-09 17:54:36.753] [0m[32;1m(INFO)[0m [DataCollector.dc ]DataCollector.dc is configured.
[0m[1m[2024-01-09 17:54:36.753] [0m[32;1m(INFO)[0m [Producer.POWER_0 ]Producer.POWER_0 is configured.
[0m[1m[2024-01-09 17:54:36.859] [0m[32;1m(INFO)[0m [Producer.ALPIDE_plane_0 ]Producer.ALPIDE_plane_0 is configured.
[0m[1m[2024-01-09 17:54:36.860] [0m[32;1m(INFO)[0m [Producer.ALPIDE_plane_1 ]Producer.ALPIDE_plane_1 is configured.
[0m[1m[2024-01-09 17:54:36.861] [0m[32;1m(INFO)[0m [Producer.ALPIDE_plane_2 ]Producer.ALPIDE_plane_2 is configured.
[0m[1m[2024-01-09 17:54:36.889] [0m[32;1m(INFO)[0m [RunControl.RC-TUI ]Processing StartRun command for RUN #22175434
[0m[1m[2024-01-09 17:54:37.989] [0m[32;1m(INFO)[0m [DataCollector.dc ]RUN #22175434 is to be started...
[0m[1m[2024-01-09 17:54:37.990] [0m[32;1m(INFO)[0m [DataCollector.dc ]RUN #22175434 is started.
[0m[1m[2024-01-09 17:54:39.089] [0m[32;1m(INFO)[0m [Producer.ALPIDE_plane_2 ]RUN #22175434 is to be started...
[0m[1m[2024-01-09 17:54:39.089] [0m[32;1m(INFO)[0m [Producer.ALPIDE_plane_1 ]RUN #22175434 is to be started...
[0m[1m[2024-01-09 17:54:39.089] [0m[32;1m(INFO)[0m [Producer.POWER_1 ]RUN #22175434 is to be started...
[0m[1m[2024-01-09 17:54:39.090] [0m[32;1m(INFO)[0m [Producer.POWER_0 ]RUN #22175434 is to be started...
[0m[1m[2024-01-09 17:54:39.091] [0m[32;1m(INFO)[0m [DataCollector.dc ]DataReceiver: Connection from <ConnectionTCP>
  <FD>tcp://127.0.0.1:52104</FD>
  <Connection>
    <Type>Producer</Type>
    <Name>ALPIDE_plane_2</Name>
    <State>1</State>
  </Connection>
</ConnectionTCP>

[0m[1m[2024-01-09 17:54:39.091] [0m[32;1m(INFO)[0m [DataCollector.dc ]DataReceiver: Connection from <ConnectionTCP>
  <FD>tcp://127.0.0.1:52106</FD>
  <Connection>
    <Type>Producer</Type>
    <Name>ALPIDE_plane_1</Name>
    <State>1</State>
  </Connection>
</ConnectionTCP>

[0m[1m[2024-01-09 17:54:39.091] [0m[32;1m(INFO)[0m [DataCollector.dc ]DataReceiver: Connection from <ConnectionTCP>
  <FD>tcp://127.0.0.1:52108</FD>
  <Connection>
    <Type>Producer</Type>
    <Name>POWER_0</Name>
    <State>1</State>
  </Connection>
</ConnectionTCP>

[0m[1m[2024-01-09 17:54:39.091] [0m[32;1m(INFO)[0m [DataCollector.dc ]DataReceiver: Connection from <ConnectionTCP>
  <FD>tcp://127.0.0.1:52120</FD>
  <Connection>
    <Type>Producer</Type>
    <Name>POWER_1</Name>
    <State>1</State>
  </Connection>
</ConnectionTCP>

[0m[1m[2024-01-09 17:54:39.091] [0m[32;1m(INFO)[0m [Producer.POWER_0 ]RUN #22175434 is started.
[0m[1m[2024-01-09 17:54:39.091] [0m[32;1m(INFO)[0m [Producer.POWER_1 ]RUN #22175434 is started.
[0m[1m[2024-01-09 17:54:39.164] [0m[32;1m(INFO)[0m [Producer.ALPIDE_plane_1 ]RUN #22175434 is started.
[0m[1m[2024-01-09 17:54:39.165] [0m[32;1m(INFO)[0m [Producer.ALPIDE_plane_2 ]RUN #22175434 is started.
[0m[1m[2024-01-09 17:54:40.190] [0m[32;1m(INFO)[0m [Producer.ALPIDE_plane_0 ]RUN #22175434 is to be started...
[0m[1m[2024-01-09 17:54:40.240] [0m[32;1m(INFO)[0m [DataCollector.dc ]DataReceiver: Connection from <ConnectionTCP>
  <FD>tcp://127.0.0.1:52144</FD>
  <Connection>
    <Type>Producer</Type>
    <Name>ALPIDE_plane_0</Name>
    <State>1</State>
  </Connection>
</ConnectionTCP>

[0m[1m[2024-01-09 17:54:40.312] [0m[32;1m(INFO)[0m [Producer.ALPIDE_plane_0 ]RUN #22175434 is started.
