
*** LogCollector started at 2024-01-03 20:25:21.114 ***
[0m[1m[2024-01-03 20:25:21.114] [0m[32;1m(INFO)[0m [RunControl.RC-TUI ]Processing Initialise command for log
[0m[1m[2024-01-03 20:25:21.114] [0m[32;1m(INFO)[0m [RunControl.RC-TUI ]Processing Initialise command for dc
[0m[1m[2024-01-03 20:25:21.114] [0m[32;1m(INFO)[0m [RunControl.RC-TUI ]Processing Initialise command for ALPIDE_plane_0
[0m[1m[2024-01-03 20:25:21.117] [0m[32;1m(INFO)[0m [RunControl.RC-TUI ]Processing Initialise command for ALPIDE_plane_1
[0m[1m[2024-01-03 20:25:21.120] [0m[32;1m(INFO)[0m [RunControl.RC-TUI ]Processing Initialise command for ALPIDE_plane_2
[0m[1m[2024-01-03 20:25:21.120] [0m[32;1m(INFO)[0m [RunControl.RC-TUI ]Processing Initialise command for POWER_0
[0m[1m[2024-01-03 20:25:21.120] [0m[32;1m(INFO)[0m [RunControl.RC-TUI ]Processing Initialise command for POWER_1
[0m[1m[2024-01-03 20:25:21.120] [0m[32;1m(INFO)[0m [RunControl.RC-TUI ]Processing Initialise command for APTS_0
[0m[1m[2024-01-03 20:25:21.156] [0m[32;1m(INFO)[0m [Producer.ALPIDE_plane_2 ]Receive an INI section
    <Configuration>
      <Section title="">
        <EUDAQ_LOG_ADDR>tcp://127.0.0.1:55000</EUDAQ_LOG_ADDR>
        <Name>lab-3ALPIDE-1APTS.ini</Name>
      </Section>
      <Section title="Producer.ALPIDE_plane_2">
        <plane>3</plane>
        <serial>DAQ-0009010E08933225</serial>
        <triggermode>replica</triggermode>
      </Section>
    </Configuration>

[0m[1m[2024-01-03 20:25:21.156] [0m[32;1m(INFO)[0m [DataCollector.dc ]Receive an INI section
    <Configuration>
      <Section title="">
        <EUDAQ_LOG_ADDR>tcp://127.0.0.1:55000</EUDAQ_LOG_ADDR>
        <Name>lab-3ALPIDE-1APTS.ini</Name>
      </Section>
      <Section title="DataCollector.dc">
        <dataproducers>APTS_0,ALPIDE_plane_0,ALPIDE_plane_1,ALPIDE_plnae_2</dataproducers>
      </Section>
    </Configuration>

[0m[1m[2024-01-03 20:25:21.156] [0m[32;1m(INFO)[0m [Producer.ALPIDE_plane_1 ]Receive an INI section
    <Configuration>
      <Section title="">
        <EUDAQ_LOG_ADDR>tcp://127.0.0.1:55000</EUDAQ_LOG_ADDR>
        <Name>lab-3ALPIDE-1APTS.ini</Name>
      </Section>
      <Section title="Producer.ALPIDE_plane_1">
        <plane>2</plane>
        <serial>DAQ-0009010E08931906</serial>
        <triggermode>replica</triggermode>
      </Section>
    </Configuration>

[0m[1m[2024-01-03 20:25:21.156] [0m[32;1m(INFO)[0m [Producer.ALPIDE_plane_0 ]Receive an INI section
    <Configuration>
      <Section title="">
        <EUDAQ_LOG_ADDR>tcp://127.0.0.1:55000</EUDAQ_LOG_ADDR>
        <Name>lab-3ALPIDE-1APTS.ini</Name>
      </Section>
      <Section title="Producer.ALPIDE_plane_0">
        <plane>1</plane>
        <serial>DAQ-0009010E08933325</serial>
        <triggermode>replica</triggermode>
      </Section>
    </Configuration>

[0m[1m[2024-01-03 20:25:21.156] [0m[32;1m(INFO)[0m [Producer.POWER_1 ]Receive an INI section
    <Configuration>
      <Section title="">
        <EUDAQ_LOG_ADDR>tcp://127.0.0.1:55000</EUDAQ_LOG_ADDR>
        <Name>lab-3ALPIDE-1APTS.ini</Name>
      </Section>
      <Section title="Producer.POWER_1">
        <path>/dev/hmp2030</path>
      </Section>
    </Configuration>

[0m[1m[2024-01-03 20:25:21.156] [0m[32;1m(INFO)[0m [Producer.POWER_0 ]Receive an INI section
    <Configuration>
      <Section title="">
        <EUDAQ_LOG_ADDR>tcp://127.0.0.1:55000</EUDAQ_LOG_ADDR>
        <Name>lab-3ALPIDE-1APTS.ini</Name>
      </Section>
      <Section title="Producer.POWER_0">
        <path>/dev/hmp4040_3</path>
      </Section>
    </Configuration>

[0m[1m[2024-01-03 20:25:21.156] [0m[32;1m(INFO)[0m [Producer.APTS_0 ]Receive an INI section
    <Configuration>
      <Section title="">
        <EUDAQ_LOG_ADDR>tcp://127.0.0.1:55000</EUDAQ_LOG_ADDR>
        <Name>lab-3ALPIDE-1APTS.ini</Name>
      </Section>
      <Section title="Producer.APTS_0">
        <#triggermode>replica</#triggermode>
        <plane>0</plane>
        <proximity>APTS-017</proximity>
        <serial>DAQ-0009010E08931D07</serial>
      </Section>
    </Configuration>

[0m[1m[2024-01-03 20:25:21.156] [0m[32;1m(INFO)[0m [DataCollector.dc ]DataCollector.dc is to be initialised...
[0m[1m[2024-01-03 20:25:21.156] [0m[32;1m(INFO)[0m [DataCollector.dc ]TCPServer:: Listening on port 42563
[0m[1m[2024-01-03 20:25:21.156] [0m[32;1m(INFO)[0m [Producer.ALPIDE_plane_1 ]Producer.ALPIDE_plane_1 is to be initialised...
[0m[1m[2024-01-03 20:25:21.156] [0m[32;1m(INFO)[0m [Producer.ALPIDE_plane_0 ]Producer.ALPIDE_plane_0 is to be initialised...
[0m[1m[2024-01-03 20:25:21.156] [0m[32;1m(INFO)[0m [Producer.POWER_1 ]Producer.POWER_1 is to be initialised...
[0m[1m[2024-01-03 20:25:21.173] [0m[32;1m(INFO)[0m [Producer.POWER_1 ]Producer.POWER_1 is initialised.
[0m[1m[2024-01-03 20:25:21.156] [0m[32;1m(INFO)[0m [Producer.POWER_0 ]Producer.POWER_0 is to be initialised...
[0m[1m[2024-01-03 20:25:21.189] [0m[32;1m(INFO)[0m [Producer.POWER_0 ]Producer.POWER_0 is initialised.
[0m[1m[2024-01-03 20:25:21.156] [0m[32;1m(INFO)[0m [Producer.APTS_0 ]Producer.APTS_0 is to be initialised...
[0m[1m[2024-01-03 20:25:21.156] [0m[32;1m(INFO)[0m [Producer.APTS_0 ]Initialising MLR1 DAQ Board
[0m[1m[2024-01-03 20:25:21.161] [0m[31;1m(DEBUG)[0m [Producer.APTS_0 ]v1.10.2 - /home/next/.local/lib/python3.10/site-packages/mlr1daqboard is not a git repository but an installation directory. Git hash at installation: f39ffae61a5ded937a877f938b665ea40cb8dcd9
[0m[1m[2024-01-03 20:25:21.162] [0m[31;1m(DEBUG)[0m [Producer.APTS_0 ]File /home/next/.local/lib/python3.10/site-packages/mlr1daqboard/mlr1daqboard.py installed in /home/next/.local/lib/python3.10/site-packages/mlr1daqboard v1.10.2:
Created:  2023-08-11 08:02:04.290911 UTC
Accessed: 2023-12-29 04:19:38.597452 UTC
Modified: 2023-08-11 08:02:04.290911 UTC
Size:     30355
git diff at installation:
[0m[1m[2024-01-03 20:25:21.162] [0m[31;1m(DEBUG)[0m [Producer.APTS_0 ]Loaded DAC calibration from /home/next/.local/lib/python3.10/site-packages/mlr1daqboard/calibration/APTS-017.json: {
    "IDAC": {
        "CE_COL_AP_IBIASN": [
            0.0185,
            3.31,
            660
        ],
        "CE_MAT_AP_IBIAS4SF_DP_IBIASF": [
            0.38109,
            74.84,
            10000
        ],
        "CE_PMOS_AP_DP_IRESET": [
            3.1e-05,
            0.1,
            1.6
        ],
        "AP_IBIASP_DP_IDB": [
            0.0158,
            1.56,
            460
        ],
        "AP_IBIAS3_DP_IBIAS": [
            0.012,
            1.03,
            560
        ]
    },
    "VDAC": {
        "AP_SEL0": [
            0.03809,
            1.13,
            1200
        ],
        "AP_SEL1": [
            0.03795,
            7.01,
            1200
        ],
        "AP_VRESET": [
            0.03807,
            1.15,
            1200
        ],
        "CE_VOFFSET_AP_DP_VH": [
            0.03806,
            4.17,
            1200
        ],
        "AP_VCASP_MUX0_DP_VCASB": [
            0.03809,
            5.14,
            1200
        ],
        "AP_VCASN_MUX1_DP_VCASN": [
            0.03809,
            2.45,
            1200
        ]
    }
}
[0m[1m[2024-01-03 20:25:21.178] [0m[31;1m(DEBUG)[0m [Producer.APTS_0 ]Using DAQ board with serial number DAQ-0009010E08931D07
[0m[1m[2024-01-03 20:25:21.156] [0m[32;1m(INFO)[0m [Producer.ALPIDE_plane_2 ]Producer.ALPIDE_plane_2 is to be initialised...
[0m[1m[2024-01-03 20:25:21.387] [0m[32;1m(INFO)[0m [Producer.ALPIDE_plane_0 ]Producer.ALPIDE_plane_0 is initialised.
[0m[1m[2024-01-03 20:25:21.387] [0m[32;1m(INFO)[0m [Producer.ALPIDE_plane_2 ]Producer.ALPIDE_plane_2 is initialised.
[0m[1m[2024-01-03 20:25:21.389] [0m[32;1m(INFO)[0m [Producer.ALPIDE_plane_1 ]Producer.ALPIDE_plane_1 is initialised.
[0m[1m[2024-01-03 20:25:21.457] [0m[32;1m(INFO)[0m [DataCollector.dc ]DataCollector.dc is initialised.
[0m[1m[2024-01-03 20:25:21.481] [0m[31;1m(DEBUG)[0m [Producer.APTS_0 ]Read cmd 0x1602 returned 0000000016737e10
[0m[1m[2024-01-03 20:25:21.482] [0m[31;1m(DEBUG)[0m [Producer.APTS_0 ]Firmware version: 0x107E7316
[0m[1m[2024-01-03 20:25:21.482] [0m[31;1m(DEBUG)[0m [Producer.APTS_0 ]Read cmd 0x1600 returned 00000000fe000000
[0m[1m[2024-01-03 20:25:21.482] [0m[32;1m(INFO)[0m [Producer.APTS_0 ]Producer.APTS_0 is initialised.
[0m[1m[2024-01-03 20:25:21.509] [0m[32;1m(INFO)[0m [RunControl.RC-TUI ]Processing Configure command
[0m[1m[2024-01-03 20:25:21.510] [0m[32;1m(INFO)[0m [Producer.ALPIDE_plane_1 ]Receive a CONF section
    <Configuration>
      <Section title="">
        <DataCollector.dc>tcp://127.0.0.1:42563</DataCollector.dc>
        <LogCollector.log>tcp://127.0.0.1:55000</LogCollector.log>
        <Name>lab-3ALPIDE-1APTS.conf</Name>
      </Section>
      <Section title="Producer.ALPIDE_plane_1">
        <EUDAQ_DC>dc</EUDAQ_DC>
        <EUDAQ_ID>2</EUDAQ_ID>
        <ITHR>60</ITHR>
        <STROBE_LENGTH>800</STROBE_LENGTH>
        <VCASN>106</VCASN>
        <VCASN2>118</VCASN2>
        <VCLIP>60</VCLIP>
      </Section>
    </Configuration>

[0m[1m[2024-01-03 20:25:21.510] [0m[32;1m(INFO)[0m [Producer.ALPIDE_plane_0 ]Receive a CONF section
    <Configuration>
      <Section title="">
        <DataCollector.dc>tcp://127.0.0.1:42563</DataCollector.dc>
        <LogCollector.log>tcp://127.0.0.1:55000</LogCollector.log>
        <Name>lab-3ALPIDE-1APTS.conf</Name>
      </Section>
      <Section title="Producer.ALPIDE_plane_0">
        <EUDAQ_DC>dc</EUDAQ_DC>
        <EUDAQ_ID>1</EUDAQ_ID>
        <ITHR>60</ITHR>
        <STROBE_LENGTH>800</STROBE_LENGTH>
        <VCASN>106</VCASN>
        <VCASN2>118</VCASN2>
        <VCLIP>60</VCLIP>
      </Section>
    </Configuration>

[0m[1m[2024-01-03 20:25:21.510] [0m[32;1m(INFO)[0m [Producer.ALPIDE_plane_2 ]Receive a CONF section
    <Configuration>
      <Section title="">
        <DataCollector.dc>tcp://127.0.0.1:42563</DataCollector.dc>
        <LogCollector.log>tcp://127.0.0.1:55000</LogCollector.log>
        <Name>lab-3ALPIDE-1APTS.conf</Name>
      </Section>
      <Section title="Producer.ALPIDE_plane_2">
        <EUDAQ_DC>dc</EUDAQ_DC>
        <EUDAQ_ID>2</EUDAQ_ID>
        <ITHR>60</ITHR>
        <STROBE_LENGTH>800</STROBE_LENGTH>
        <VCASN>106</VCASN>
        <VCASN2>118</VCASN2>
        <VCLIP>60</VCLIP>
      </Section>
    </Configuration>

[0m[1m[2024-01-03 20:25:21.510] [0m[32;1m(INFO)[0m [Producer.ALPIDE_plane_2 ]Producer.ALPIDE_plane_2 is to be configured...
[0m[1m[2024-01-03 20:25:21.510] [0m[32;1m(INFO)[0m [DataCollector.dc ]Receive a CONF section
    <Configuration>
      <Section title="">
        <DataCollector.dc>tcp://127.0.0.1:42563</DataCollector.dc>
        <LogCollector.log>tcp://127.0.0.1:55000</LogCollector.log>
        <Name>lab-3ALPIDE-1APTS.conf</Name>
      </Section>
      <Section title="DataCollector.dc">
        <#EUDAQ_DATACOL_SEND_MONITOR_FRACTION>10</#EUDAQ_DATACOL_SEND_MONITOR_FRACTION>
        <#EUDAQ_FW_PATTERN>/dev/null/run$6R_$12D$X</#EUDAQ_FW_PATTERN>
        <#EUDAQ_MN>mon</#EUDAQ_MN>
        <EUDAQ_FW>native</EUDAQ_FW>
        <EUDAQ_FW_PATTERN>/home/next/ITS3/eudaq/data/20240103/run$6R_$12D$X</EUDAQ_FW_PATTERN>
      </Section>
    </Configuration>

[0m[1m[2024-01-03 20:25:21.510] [0m[32;1m(INFO)[0m [DataCollector.dc ]DataCollector.dc is to be configured...
[0m[1m[2024-01-03 20:25:21.510] [0m[32;1m(INFO)[0m [Producer.ALPIDE_plane_1 ]Producer.ALPIDE_plane_1 is to be configured...
[0m[1m[2024-01-03 20:25:21.510] [0m[32;1m(INFO)[0m [Producer.ALPIDE_plane_0 ]Producer.ALPIDE_plane_0 is to be configured...
[0m[1m[2024-01-03 20:25:21.510] [0m[32;1m(INFO)[0m [Producer.POWER_1 ]Receive a CONF section
    <Configuration>
      <Section title="">
        <DataCollector.dc>tcp://127.0.0.1:42563</DataCollector.dc>
        <LogCollector.log>tcp://127.0.0.1:55000</LogCollector.log>
        <Name>lab-3ALPIDE-1APTS.conf</Name>
      </Section>
      <Section title="Producer.POWER_1">
        <EUDAQ_DC>dc</EUDAQ_DC>
      </Section>
    </Configuration>

[0m[1m[2024-01-03 20:25:21.510] [0m[32;1m(INFO)[0m [Producer.POWER_1 ]Producer.POWER_1 is to be configured...
[0m[1m[2024-01-03 20:25:21.510] [0m[32;1m(INFO)[0m [Producer.POWER_0 ]Receive a CONF section
    <Configuration>
      <Section title="">
        <DataCollector.dc>tcp://127.0.0.1:42563</DataCollector.dc>
        <LogCollector.log>tcp://127.0.0.1:55000</LogCollector.log>
        <Name>lab-3ALPIDE-1APTS.conf</Name>
      </Section>
      <Section title="Producer.POWER_0">
        <EUDAQ_DC>dc</EUDAQ_DC>
      </Section>
    </Configuration>

[0m[1m[2024-01-03 20:25:21.510] [0m[32;1m(INFO)[0m [Producer.POWER_0 ]Producer.POWER_0 is to be configured...
[0m[1m[2024-01-03 20:25:21.510] [0m[32;1m(INFO)[0m [Producer.APTS_0 ]Receive a CONF section
    <Configuration>
      <Section title="">
        <DataCollector.dc>tcp://127.0.0.1:42563</DataCollector.dc>
        <LogCollector.log>tcp://127.0.0.1:55000</LogCollector.log>
        <Name>lab-3ALPIDE-1APTS.conf</Name>
      </Section>
      <Section title="Producer.APTS_0">
        <EUDAQ_DC>dc</EUDAQ_DC>
        <EUDAQ_ID>0</EUDAQ_ID>
        <trg_thr>150</trg_thr>
        <trg_type>1</trg_type>
      </Section>
    </Configuration>

[0m[1m[2024-01-03 20:25:21.510] [0m[32;1m(INFO)[0m [Producer.APTS_0 ]Producer.APTS_0 is to be configured...
[0m[1m[2024-01-03 20:25:21.510] [0m[32;1m(INFO)[0m [DataCollector.dc ]DataCollector.dc is configured.
[0m[1m[2024-01-03 20:25:21.510] [0m[32;1m(INFO)[0m [Producer.POWER_1 ]Producer.POWER_1 is configured.
[0m[1m[2024-01-03 20:25:21.510] [0m[32;1m(INFO)[0m [Producer.POWER_0 ]Producer.POWER_0 is configured.
[0m[1m[2024-01-03 20:25:21.511] [0m[31;1m(DEBUG)[0m [Producer.APTS_0 ]Write cmd 0x0300 0x00000000 returned 0100000000030000
[0m[1m[2024-01-03 20:25:21.511] [0m[31;1m(DEBUG)[0m [Producer.APTS_0 ]Read cmd 0x1103 returned 0000000080ab0800
[0m[1m[2024-01-03 20:25:21.512] [0m[31;1m(DEBUG)[0m [Producer.APTS_0 ]Write cmd 0x00ef 0x00000000 returned 01000000ef000000
[0m[1m[2024-01-03 20:25:21.512] [0m[31;1m(DEBUG)[0m [Producer.APTS_0 ]Write cmd 0x0387 0x00000000 returned 0100000087030000
[0m[1m[2024-01-03 20:25:21.513] [0m[31;1m(DEBUG)[0m [Producer.APTS_0 ]Write cmd 0x0301 0x00000028 returned 0100000001030000
[0m[1m[2024-01-03 20:25:21.513] [0m[31;1m(DEBUG)[0m [Producer.APTS_0 ]Write cmd 0x0302 0x00000064 returned 0100000002030000
[0m[1m[2024-01-03 20:25:21.513] [0m[31;1m(DEBUG)[0m [Producer.APTS_0 ]Write cmd 0x0303 0x00000064 returned 0100000003030000
[0m[1m[2024-01-03 20:25:21.513] [0m[31;1m(DEBUG)[0m [Producer.APTS_0 ]Write cmd 0x0304 0x00000001 returned 0100000004030000
[0m[1m[2024-01-03 20:25:21.514] [0m[31;1m(DEBUG)[0m [Producer.APTS_0 ]Write cmd 0x0305 0x00002710 returned 0100000005030000
[0m[1m[2024-01-03 20:25:21.514] [0m[31;1m(DEBUG)[0m [Producer.APTS_0 ]Write cmd 0x0306 0x00000096 returned 0100000006030000
[0m[1m[2024-01-03 20:25:21.514] [0m[31;1m(DEBUG)[0m [Producer.APTS_0 ]Write cmd 0x0307 0x00000002 returned 0100000007030000
[0m[1m[2024-01-03 20:25:21.515] [0m[31;1m(DEBUG)[0m [Producer.APTS_0 ]Write cmd 0x0308 0x0000ffff returned 0100000008030000
[0m[1m[2024-01-03 20:25:21.515] [0m[31;1m(DEBUG)[0m [Producer.APTS_0 ]Write cmd 0x0309 0x00000000 returned 0100000009030000
[0m[1m[2024-01-03 20:25:21.515] [0m[31;1m(DEBUG)[0m [Producer.APTS_0 ]Write cmd 0x030a 0x00000001 returned 010000000a030000
[0m[1m[2024-01-03 20:25:21.515] [0m[31;1m(DEBUG)[0m [Producer.APTS_0 ]Write cmd 0x030b 0x00000001 returned 010000000b030000
[0m[1m[2024-01-03 20:25:21.516] [0m[31;1m(DEBUG)[0m [Producer.APTS_0 ]Write cmd 0x030c 0x00000001 returned 010000000c030000
[0m[1m[2024-01-03 20:25:21.516] [0m[31;1m(DEBUG)[0m [Producer.APTS_0 ]Write cmd 0x030d 0x0000000a returned 010000000d030000
[0m[1m[2024-01-03 20:25:21.516] [0m[31;1m(DEBUG)[0m [Producer.APTS_0 ]Write cmd 0x030e 0x0000000a returned 010000000e030000
[0m[1m[2024-01-03 20:25:21.517] [0m[31;1m(DEBUG)[0m [Producer.APTS_0 ]Write cmd 0x0300 0x00000001 returned 0100000000030000
[0m[1m[2024-01-03 20:25:21.517] [0m[32;1m(INFO)[0m [Producer.APTS_0 ]Producer.APTS_0 is configured.
[0m[1m[2024-01-03 20:25:21.617] [0m[32;1m(INFO)[0m [Producer.ALPIDE_plane_1 ]Producer.ALPIDE_plane_1 is configured.
[0m[1m[2024-01-03 20:25:21.617] [0m[32;1m(INFO)[0m [Producer.ALPIDE_plane_0 ]Producer.ALPIDE_plane_0 is configured.
[0m[1m[2024-01-03 20:25:21.618] [0m[32;1m(INFO)[0m [Producer.ALPIDE_plane_2 ]Producer.ALPIDE_plane_2 is configured.
[0m[1m[2024-01-03 20:25:21.637] [0m[32;1m(INFO)[0m [RunControl.RC-TUI ]Processing StartRun command for RUN #13202519
[0m[1m[2024-01-03 20:25:22.737] [0m[32;1m(INFO)[0m [DataCollector.dc ]RUN #13202519 is to be started...
[0m[1m[2024-01-03 20:25:22.738] [0m[32;1m(INFO)[0m [DataCollector.dc ]RUN #13202519 is started.
[0m[1m[2024-01-03 20:25:23.838] [0m[32;1m(INFO)[0m [Producer.ALPIDE_plane_0 ]RUN #13202519 is to be started...
[0m[1m[2024-01-03 20:25:23.838] [0m[32;1m(INFO)[0m [Producer.ALPIDE_plane_2 ]RUN #13202519 is to be started...
[0m[1m[2024-01-03 20:25:23.838] [0m[32;1m(INFO)[0m [Producer.ALPIDE_plane_1 ]RUN #13202519 is to be started...
[0m[1m[2024-01-03 20:25:23.838] [0m[32;1m(INFO)[0m [Producer.POWER_1 ]RUN #13202519 is to be started...
[0m[1m[2024-01-03 20:25:23.838] [0m[32;1m(INFO)[0m [Producer.POWER_0 ]RUN #13202519 is to be started...
[0m[1m[2024-01-03 20:25:23.839] [0m[32;1m(INFO)[0m [DataCollector.dc ]DataReceiver: Connection from <ConnectionTCP>
  <FD>tcp://127.0.0.1:59300</FD>
  <Connection>
    <Type>Producer</Type>
    <Name>ALPIDE_plane_0</Name>
    <State>1</State>
  </Connection>
</ConnectionTCP>

[0m[1m[2024-01-03 20:25:23.839] [0m[32;1m(INFO)[0m [DataCollector.dc ]DataReceiver: Connection from <ConnectionTCP>
  <FD>tcp://127.0.0.1:59314</FD>
  <Connection>
    <Type>Producer</Type>
    <Name>ALPIDE_plane_2</Name>
    <State>1</State>
  </Connection>
</ConnectionTCP>

[0m[1m[2024-01-03 20:25:23.839] [0m[32;1m(INFO)[0m [DataCollector.dc ]DataReceiver: Connection from <ConnectionTCP>
  <FD>tcp://127.0.0.1:59312</FD>
  <Connection>
    <Type>Producer</Type>
    <Name>POWER_1</Name>
    <State>1</State>
  </Connection>
</ConnectionTCP>

[0m[1m[2024-01-03 20:25:23.840] [0m[32;1m(INFO)[0m [DataCollector.dc ]DataReceiver: Connection from <ConnectionTCP>
  <FD>tcp://127.0.0.1:59322</FD>
  <Connection>
    <Type>Producer</Type>
    <Name>POWER_0</Name>
    <State>1</State>
  </Connection>
</ConnectionTCP>

[0m[1m[2024-01-03 20:25:23.840] [0m[32;1m(INFO)[0m [DataCollector.dc ]DataReceiver: Connection from <ConnectionTCP>
  <FD>tcp://127.0.0.1:59340</FD>
  <Connection>
    <Type>Producer</Type>
    <Name>ALPIDE_plane_1</Name>
    <State>1</State>
  </Connection>
</ConnectionTCP>

[0m[1m[2024-01-03 20:25:23.840] [0m[32;1m(INFO)[0m [Producer.POWER_1 ]RUN #13202519 is started.
[0m[1m[2024-01-03 20:25:23.840] [0m[32;1m(INFO)[0m [Producer.POWER_0 ]RUN #13202519 is started.
[0m[1m[2024-01-03 20:25:23.907] [0m[32;1m(INFO)[0m [Producer.ALPIDE_plane_1 ]RUN #13202519 is started.
[0m[1m[2024-01-03 20:25:23.908] [0m[32;1m(INFO)[0m [Producer.ALPIDE_plane_2 ]RUN #13202519 is started.
[0m[1m[2024-01-03 20:25:23.910] [0m[32;1m(INFO)[0m [Producer.ALPIDE_plane_0 ]RUN #13202519 is started.
[0m[1m[2024-01-03 20:25:24.938] [0m[32;1m(INFO)[0m [Producer.APTS_0 ]RUN #13202519 is to be started...
[0m[1m[2024-01-03 20:25:24.947] [0m[32;1m(INFO)[0m [DataCollector.dc ]DataReceiver: Connection from <ConnectionTCP>
  <FD>tcp://127.0.0.1:59352</FD>
  <Connection>
    <Type>Producer</Type>
    <Name>APTS_0</Name>
    <State>1</State>
  </Connection>
</ConnectionTCP>

[0m[1m[2024-01-03 20:25:24.947] [0m[31;1m(DEBUG)[0m [Producer.APTS_0 ]Read cmd 0x1103 returned 00000000813b0900
[0m[1m[2024-01-03 20:25:24.948] [0m[31;1m(DEBUG)[0m [Producer.APTS_0 ]Read cmd 0x1103 returned 000000007efb0800
[0m[1m[2024-01-03 20:25:24.962] [0m[31;1m(DEBUG)[0m [Producer.APTS_0 ]Read cmd 0x1602 returned 0000000016737e10
[0m[1m[2024-01-03 20:25:25.063] [0m[31;1m(DEBUG)[0m [Producer.APTS_0 ]Write cmd 0x03ac 0x00000001 returned 01000000ac030000
[0m[1m[2024-01-03 20:25:25.063] [0m[32;1m(INFO)[0m [Producer.APTS_0 ]RUN #13202519 is started.
[0m[1m[2024-01-03 20:25:27.742] [0m[31;1m(ERROR)[0m [DataCollector.dc ]DoReceive: <ConnectionTCP>
  <FD>tcp://127.0.0.1:59314</FD>
  <Connection>
    <Type>Producer</Type>
    <Name>ALPIDE_plane_2</Name>
    <State>1</State>
  </Connection>
</ConnectionTCP>

[0m[1m[2024-01-03 20:25:27.832] [0m[33;1m(WARN)[0m [DataCollector.dc ]DataReceiver: Connection execption at listening time
[0m[1m[2024-01-03 20:25:35.122] [0m[31;1m(DEBUG)[0m [Producer.APTS_0 ]Read cmd 0x1103 returned 000000007f7b0800
[0m[1m[2024-01-03 20:25:35.122] [0m[31;1m(DEBUG)[0m [Producer.APTS_0 ]Read cmd 0x1103 returned 000000007eeb0800
[0m[1m[2024-01-03 20:25:45.221] [0m[31;1m(DEBUG)[0m [Producer.APTS_0 ]Read cmd 0x1103 returned 00000000812b0900
[0m[1m[2024-01-03 20:25:45.221] [0m[31;1m(DEBUG)[0m [Producer.APTS_0 ]Read cmd 0x1103 returned 0000000081ab0800
[0m[1m[2024-01-03 20:25:55.283] [0m[31;1m(DEBUG)[0m [Producer.APTS_0 ]Read cmd 0x1103 returned 00000000814b0900
[0m[1m[2024-01-03 20:25:55.283] [0m[31;1m(DEBUG)[0m [Producer.APTS_0 ]Read cmd 0x1103 returned 00000000820b0900
[0m[1m[2024-01-03 20:26:05.325] [0m[31;1m(DEBUG)[0m [Producer.APTS_0 ]Read cmd 0x1103 returned 000000007e1b0900
[0m[1m[2024-01-03 20:26:05.325] [0m[31;1m(DEBUG)[0m [Producer.APTS_0 ]Read cmd 0x1103 returned 0000000083ab0800
[0m[1m[2024-01-03 20:26:15.421] [0m[31;1m(DEBUG)[0m [Producer.APTS_0 ]Read cmd 0x1103 returned 000000007ddb0800
[0m[1m[2024-01-03 20:26:15.421] [0m[31;1m(DEBUG)[0m [Producer.APTS_0 ]Read cmd 0x1103 returned 000000007ffb0800
[0m[1m[2024-01-03 20:26:25.496] [0m[31;1m(DEBUG)[0m [Producer.APTS_0 ]Read cmd 0x1103 returned 000000007f8b0900
[0m[1m[2024-01-03 20:26:25.496] [0m[31;1m(DEBUG)[0m [Producer.APTS_0 ]Read cmd 0x1103 returned 000000007e2b0900
[0m[1m[2024-01-03 20:26:35.551] [0m[31;1m(DEBUG)[0m [Producer.APTS_0 ]Read cmd 0x1103 returned 000000007ffb0800
[0m[1m[2024-01-03 20:26:35.551] [0m[31;1m(DEBUG)[0m [Producer.APTS_0 ]Read cmd 0x1103 returned 0000000080ab0800
[0m[1m[2024-01-03 20:26:45.593] [0m[31;1m(DEBUG)[0m [Producer.APTS_0 ]Read cmd 0x1103 returned 000000007f7b0800
[0m[1m[2024-01-03 20:26:45.594] [0m[31;1m(DEBUG)[0m [Producer.APTS_0 ]Read cmd 0x1103 returned 000000007feb0800
[0m[1m[2024-01-03 20:26:55.619] [0m[31;1m(DEBUG)[0m [Producer.APTS_0 ]Read cmd 0x1103 returned 000000007cfb0800
[0m[1m[2024-01-03 20:26:55.619] [0m[31;1m(DEBUG)[0m [Producer.APTS_0 ]Read cmd 0x1103 returned 000000007c4b0900
