
*** LogCollector started at 2023-12-27 12:08:22.170 ***
[0m[1m[2023-12-27 12:08:22.169] [0m[32;1m(INFO)[0m [RunControl.RC-TUI ]Processing Initialise command for log
[0m[1m[2023-12-27 12:08:22.169] [0m[32;1m(INFO)[0m [RunControl.RC-TUI ]Processing Initialise command for dc
[0m[1m[2023-12-27 12:08:22.169] [0m[32;1m(INFO)[0m [RunControl.RC-TUI ]Processing Initialise command for ALPIDE_plane_0
[0m[1m[2023-12-27 12:08:22.177] [0m[32;1m(INFO)[0m [RunControl.RC-TUI ]Processing Initialise command for POWER_0
[0m[1m[2023-12-27 12:08:22.216] [0m[32;1m(INFO)[0m [DataCollector.dc ]Receive an INI section
    <Configuration>
      <Section title="">
        <EUDAQ_LOG_ADDR>tcp://127.0.0.1:55000</EUDAQ_LOG_ADDR>
        <Name>lab-1ALPIDE.ini</Name>
      </Section>
      <Section title="DataCollector.dc">
        <dataproducers>ALPIDE_plane_0</dataproducers>
      </Section>
    </Configuration>

[0m[1m[2023-12-27 12:08:22.216] [0m[32;1m(INFO)[0m [Producer.POWER_0 ]Receive an INI section
    <Configuration>
      <Section title="">
        <EUDAQ_LOG_ADDR>tcp://127.0.0.1:55000</EUDAQ_LOG_ADDR>
        <Name>lab-1ALPIDE.ini</Name>
      </Section>
      <Section title="Producer.POWER_0">
        <path>/dev/hmp4040_2</path>
      </Section>
    </Configuration>

[0m[1m[2023-12-27 12:08:22.217] [0m[32;1m(INFO)[0m [Producer.ALPIDE_plane_0 ]Receive an INI section
    <Configuration>
      <Section title="">
        <EUDAQ_LOG_ADDR>tcp://127.0.0.1:55000</EUDAQ_LOG_ADDR>
        <Name>lab-1ALPIDE.ini</Name>
      </Section>
      <Section title="Producer.ALPIDE_plane_0">
        <plane>0</plane>
        <serial>DAQ-0009010E08933225</serial>
        <triggermode>replica</triggermode>
      </Section>
    </Configuration>

[0m[1m[2023-12-27 12:08:22.216] [0m[32;1m(INFO)[0m [DataCollector.dc ]DataCollector.dc is to be initialised...
[0m[1m[2023-12-27 12:08:22.217] [0m[32;1m(INFO)[0m [DataCollector.dc ]TCPServer:: Listening on port 36681
[0m[1m[2023-12-27 12:08:22.217] [0m[32;1m(INFO)[0m [Producer.POWER_0 ]Producer.POWER_0 is to be initialised...
[0m[1m[2023-12-27 12:08:22.233] [0m[32;1m(INFO)[0m [Producer.POWER_0 ]Producer.POWER_0 is initialised.
[0m[1m[2023-12-27 12:08:22.217] [0m[32;1m(INFO)[0m [Producer.ALPIDE_plane_0 ]Producer.ALPIDE_plane_0 is to be initialised...
[0m[1m[2023-12-27 12:08:22.417] [0m[32;1m(INFO)[0m [DataCollector.dc ]DataCollector.dc is initialised.
[0m[1m[2023-12-27 12:08:22.440] [0m[32;1m(INFO)[0m [Producer.ALPIDE_plane_0 ]Producer.ALPIDE_plane_0 is initialised.
[0m[1m[2023-12-27 12:08:22.461] [0m[32;1m(INFO)[0m [RunControl.RC-TUI ]Processing Configure command
[0m[1m[2023-12-27 12:08:22.462] [0m[32;1m(INFO)[0m [DataCollector.dc ]Receive a CONF section
    <Configuration>
      <Section title="">
        <DataCollector.dc>tcp://127.0.0.1:36681</DataCollector.dc>
        <LogCollector.log>tcp://127.0.0.1:55000</LogCollector.log>
        <Name>lab-1ALPIDE.conf</Name>
      </Section>
      <Section title="DataCollector.dc">
        <#EUDAQ_DATACOL_SEND_MONITOR_FRACTION>10</#EUDAQ_DATACOL_SEND_MONITOR_FRACTION>
        <#EUDAQ_FW_PATTERN>/dev/null/run$6R_$12D$X</#EUDAQ_FW_PATTERN>
        <#EUDAQ_MN>mon</#EUDAQ_MN>
        <EUDAQ_FW>native</EUDAQ_FW>
        <EUDAQ_FW_PATTERN>/home/next/ITS3/eudaq/data/20231227/run$6R_$12D$X</EUDAQ_FW_PATTERN>
      </Section>
    </Configuration>

[0m[1m[2023-12-27 12:08:22.462] [0m[32;1m(INFO)[0m [DataCollector.dc ]DataCollector.dc is to be configured...
[0m[1m[2023-12-27 12:08:22.462] [0m[32;1m(INFO)[0m [Producer.POWER_0 ]Receive a CONF section
    <Configuration>
      <Section title="">
        <DataCollector.dc>tcp://127.0.0.1:36681</DataCollector.dc>
        <LogCollector.log>tcp://127.0.0.1:55000</LogCollector.log>
        <Name>lab-1ALPIDE.conf</Name>
      </Section>
      <Section title="Producer.POWER_0">
        <EUDAQ_DC>dc</EUDAQ_DC>
      </Section>
    </Configuration>

[0m[1m[2023-12-27 12:08:22.462] [0m[32;1m(INFO)[0m [Producer.ALPIDE_plane_0 ]Receive a CONF section
    <Configuration>
      <Section title="">
        <DataCollector.dc>tcp://127.0.0.1:36681</DataCollector.dc>
        <LogCollector.log>tcp://127.0.0.1:55000</LogCollector.log>
        <Name>lab-1ALPIDE.conf</Name>
      </Section>
      <Section title="Producer.ALPIDE_plane_0">
        <EUDAQ_DC>dc</EUDAQ_DC>
        <EUDAQ_ID>0</EUDAQ_ID>
        <ITHR>60</ITHR>
        <STROBE_LENGTH>800</STROBE_LENGTH>
        <VCASN>106</VCASN>
        <VCASN2>118</VCASN2>
        <VCLIP>60</VCLIP>
      </Section>
    </Configuration>

[0m[1m[2023-12-27 12:08:22.462] [0m[32;1m(INFO)[0m [DataCollector.dc ]DataCollector.dc is configured.
[0m[1m[2023-12-27 12:08:22.462] [0m[32;1m(INFO)[0m [Producer.POWER_0 ]Producer.POWER_0 is to be configured...
[0m[1m[2023-12-27 12:08:22.462] [0m[32;1m(INFO)[0m [Producer.POWER_0 ]Producer.POWER_0 is configured.
[0m[1m[2023-12-27 12:08:22.462] [0m[32;1m(INFO)[0m [Producer.ALPIDE_plane_0 ]Producer.ALPIDE_plane_0 is to be configured...
[0m[1m[2023-12-27 12:08:22.569] [0m[32;1m(INFO)[0m [Producer.ALPIDE_plane_0 ]Producer.ALPIDE_plane_0 is configured.
[0m[1m[2023-12-27 12:08:22.585] [0m[32;1m(INFO)[0m [RunControl.RC-TUI ]Processing StartRun command for RUN #523120820
[0m[1m[2023-12-27 12:08:23.685] [0m[32;1m(INFO)[0m [DataCollector.dc ]RUN #523120820 is to be started...
[0m[1m[2023-12-27 12:08:23.686] [0m[32;1m(INFO)[0m [DataCollector.dc ]RUN #523120820 is started.
[0m[1m[2023-12-27 12:08:24.785] [0m[32;1m(INFO)[0m [Producer.POWER_0 ]RUN #523120820 is to be started...
[0m[1m[2023-12-27 12:08:24.787] [0m[32;1m(INFO)[0m [DataCollector.dc ]DataReceiver: Connection from <ConnectionTCP>
  <FD>tcp://127.0.0.1:48202</FD>
  <Connection>
    <Type>Producer</Type>
    <Name>POWER_0</Name>
    <State>1</State>
  </Connection>
</ConnectionTCP>

[0m[1m[2023-12-27 12:08:24.788] [0m[32;1m(INFO)[0m [Producer.POWER_0 ]RUN #523120820 is started.
[0m[1m[2023-12-27 12:08:25.886] [0m[32;1m(INFO)[0m [Producer.ALPIDE_plane_0 ]RUN #523120820 is to be started...
[0m[1m[2023-12-27 12:08:25.895] [0m[32;1m(INFO)[0m [DataCollector.dc ]DataReceiver: Connection from <ConnectionTCP>
  <FD>tcp://127.0.0.1:44382</FD>
  <Connection>
    <Type>Producer</Type>
    <Name>ALPIDE_plane_0</Name>
    <State>1</State>
  </Connection>
</ConnectionTCP>

[0m[1m[2023-12-27 12:08:25.967] [0m[32;1m(INFO)[0m [Producer.ALPIDE_plane_0 ]RUN #523120820 is started.
[0m[1m[2023-12-27 12:17:04.287] [0m[32;1m(INFO)[0m [RunControl.RC-TUI ]Processing StopRun command for RUN #523120820
[0m[1m[2023-12-27 12:17:04.287] [0m[32;1m(INFO)[0m [Producer.ALPIDE_plane_0 ]RUN #523120820 is to be stopped...
[0m[1m[2023-12-27 12:17:04.441] [0m[32;1m(INFO)[0m [Producer.ALPIDE_plane_0 ]RUN #523120820 is stopped.
[0m[1m[2023-12-27 12:17:04.541] [0m[32;1m(INFO)[0m [DataCollector.dc ]DataReceiver: Disconnected from <ConnectionTCP>
  <FD>tcp://127.0.0.1:44382</FD>
  <Connection>
    <Type>Producer</Type>
    <Name>ALPIDE_plane_0</Name>
    <State>0</State>
  </Connection>
</ConnectionTCP>

[0m[1m[2023-12-27 12:17:04.588] [0m[32;1m(INFO)[0m [Producer.POWER_0 ]RUN #523120820 is to be stopped...
[0m[1m[2023-12-27 12:17:06.865] [0m[32;1m(INFO)[0m [Producer.POWER_0 ]RUN #523120820 is stopped.
[0m[1m[2023-12-27 12:17:06.965] [0m[32;1m(INFO)[0m [DataCollector.dc ]DataReceiver: Disconnected from <ConnectionTCP>
  <FD>tcp://127.0.0.1:48202</FD>
  <Connection>
    <Type>Producer</Type>
    <Name>POWER_0</Name>
    <State>0</State>
  </Connection>
</ConnectionTCP>

[0m[1m[2023-12-27 12:17:06.994] [0m[32;1m(INFO)[0m [DataCollector.dc ]RUN #523120820 is to be stopped...
[0m[1m[2023-12-27 12:17:08.278] [0m[32;1m(INFO)[0m [DataCollector.dc ]RUN #523120820 is stopped.
[0m[1m[2023-12-27 12:17:08.305] [0m[32;1m(INFO)[0m [RunControl.RC-TUI ]Processing Terminate command
[0m[1m[2023-12-27 12:17:08.305] [0m[32;1m(INFO)[0m [DataCollector.dc ]DataCollector.dc is to be terminated...
