
*** LogCollector started at 2023-12-27 17:09:48.008 ***
[0m[1m[2023-12-27 17:09:48.007] [0m[32;1m(INFO)[0m [RunControl.RC-TUI ]Processing Initialise command for log
[0m[1m[2023-12-27 17:09:48.007] [0m[32;1m(INFO)[0m [RunControl.RC-TUI ]Processing Initialise command for dc
[0m[1m[2023-12-27 17:09:48.013] [0m[32;1m(INFO)[0m [RunControl.RC-TUI ]Processing Initialise command for ALPIDE_plane_0
[0m[1m[2023-12-27 17:09:48.013] [0m[32;1m(INFO)[0m [RunControl.RC-TUI ]Processing Initialise command for ALPIDE_plane_1
[0m[1m[2023-12-27 17:09:48.013] [0m[32;1m(INFO)[0m [RunControl.RC-TUI ]Processing Initialise command for ALPIDE_plane_2
[0m[1m[2023-12-27 17:09:48.013] [0m[32;1m(INFO)[0m [RunControl.RC-TUI ]Processing Initialise command for POWER_0
[0m[1m[2023-12-27 17:09:48.049] [0m[32;1m(INFO)[0m [DataCollector.dc ]Receive an INI section
    <Configuration>
      <Section title="">
        <EUDAQ_LOG_ADDR>tcp://127.0.0.1:55000</EUDAQ_LOG_ADDR>
        <Name>lab-3ALPIDE.ini</Name>
      </Section>
      <Section title="DataCollector.dc">
        <dataproducers>ALPIDE_plane_0,ALPIDE_plane_1,ALPIDE_plane_2</dataproducers>
      </Section>
    </Configuration>

[0m[1m[2023-12-27 17:09:48.049] [0m[32;1m(INFO)[0m [Producer.POWER_0 ]Receive an INI section
    <Configuration>
      <Section title="">
        <EUDAQ_LOG_ADDR>tcp://127.0.0.1:55000</EUDAQ_LOG_ADDR>
        <Name>lab-3ALPIDE.ini</Name>
      </Section>
      <Section title="Producer.POWER_0">
        <path>/dev/hmp4040_2</path>
      </Section>
    </Configuration>

[0m[1m[2023-12-27 17:09:48.049] [0m[32;1m(INFO)[0m [Producer.ALPIDE_plane_1 ]Receive an INI section
    <Configuration>
      <Section title="">
        <EUDAQ_LOG_ADDR>tcp://127.0.0.1:55000</EUDAQ_LOG_ADDR>
        <Name>lab-3ALPIDE.ini</Name>
      </Section>
      <Section title="Producer.ALPIDE_plane_1">
        <plane>1</plane>
        <serial>DAQ-0009010E08931D07</serial>
        <triggermode>replica</triggermode>
      </Section>
    </Configuration>

[0m[1m[2023-12-27 17:09:48.049] [0m[32;1m(INFO)[0m [Producer.ALPIDE_plane_2 ]Receive an INI section
    <Configuration>
      <Section title="">
        <EUDAQ_LOG_ADDR>tcp://127.0.0.1:55000</EUDAQ_LOG_ADDR>
        <Name>lab-3ALPIDE.ini</Name>
      </Section>
      <Section title="Producer.ALPIDE_plane_2">
        <plane>2</plane>
        <serial>DAQ-0009010E08933325</serial>
        <triggermode>replica</triggermode>
      </Section>
    </Configuration>

[0m[1m[2023-12-27 17:09:48.049] [0m[32;1m(INFO)[0m [Producer.ALPIDE_plane_0 ]Receive an INI section
    <Configuration>
      <Section title="">
        <EUDAQ_LOG_ADDR>tcp://127.0.0.1:55000</EUDAQ_LOG_ADDR>
        <Name>lab-3ALPIDE.ini</Name>
      </Section>
      <Section title="Producer.ALPIDE_plane_0">
        <plane>0</plane>
        <serial>DAQ-0009010E08931906</serial>
        <triggermode>replica</triggermode>
      </Section>
    </Configuration>

[0m[1m[2023-12-27 17:09:48.049] [0m[32;1m(INFO)[0m [DataCollector.dc ]DataCollector.dc is to be initialised...
[0m[1m[2023-12-27 17:09:48.049] [0m[32;1m(INFO)[0m [DataCollector.dc ]TCPServer:: Listening on port 38541
[0m[1m[2023-12-27 17:09:48.049] [0m[32;1m(INFO)[0m [Producer.ALPIDE_plane_1 ]Producer.ALPIDE_plane_1 is to be initialised...
[0m[1m[2023-12-27 17:09:48.049] [0m[32;1m(INFO)[0m [Producer.ALPIDE_plane_2 ]Producer.ALPIDE_plane_2 is to be initialised...
[0m[1m[2023-12-27 17:09:48.049] [0m[32;1m(INFO)[0m [Producer.POWER_0 ]Producer.POWER_0 is to be initialised...
[0m[1m[2023-12-27 17:09:48.049] [0m[32;1m(INFO)[0m [Producer.ALPIDE_plane_0 ]Producer.ALPIDE_plane_0 is to be initialised...
[0m[1m[2023-12-27 17:09:48.097] [0m[32;1m(INFO)[0m [Producer.POWER_0 ]Producer.POWER_0 is initialised.
[0m[1m[2023-12-27 17:09:48.265] [0m[32;1m(INFO)[0m [Producer.ALPIDE_plane_0 ]Producer.ALPIDE_plane_0 is initialised.
[0m[1m[2023-12-27 17:09:48.267] [0m[32;1m(INFO)[0m [Producer.ALPIDE_plane_1 ]Producer.ALPIDE_plane_1 is initialised.
[0m[1m[2023-12-27 17:09:48.267] [0m[32;1m(INFO)[0m [Producer.ALPIDE_plane_2 ]Producer.ALPIDE_plane_2 is initialised.
[0m[1m[2023-12-27 17:09:49.050] [0m[32;1m(INFO)[0m [DataCollector.dc ]DataCollector.dc is initialised.
[0m[1m[2023-12-27 17:09:49.075] [0m[32;1m(INFO)[0m [RunControl.RC-TUI ]Processing Configure command
[0m[1m[2023-12-27 17:09:49.075] [0m[32;1m(INFO)[0m [Producer.ALPIDE_plane_1 ]Receive a CONF section
    <Configuration>
      <Section title="">
        <DataCollector.dc>tcp://127.0.0.1:38541</DataCollector.dc>
        <LogCollector.log>tcp://127.0.0.1:55000</LogCollector.log>
        <Name>lab-3ALPIDE.conf</Name>
      </Section>
      <Section title="Producer.ALPIDE_plane_1">
        <EUDAQ_DC>dc</EUDAQ_DC>
        <EUDAQ_ID>1</EUDAQ_ID>
        <ITHR>60</ITHR>
        <STROBE_LENGTH>800</STROBE_LENGTH>
        <VCASN>106</VCASN>
        <VCASN2>118</VCASN2>
        <VCLIP>60</VCLIP>
      </Section>
    </Configuration>

[0m[1m[2023-12-27 17:09:49.075] [0m[32;1m(INFO)[0m [DataCollector.dc ]Receive a CONF section
    <Configuration>
      <Section title="">
        <DataCollector.dc>tcp://127.0.0.1:38541</DataCollector.dc>
        <LogCollector.log>tcp://127.0.0.1:55000</LogCollector.log>
        <Name>lab-3ALPIDE.conf</Name>
      </Section>
      <Section title="DataCollector.dc">
        <#EUDAQ_DATACOL_SEND_MONITOR_FRACTION>10</#EUDAQ_DATACOL_SEND_MONITOR_FRACTION>
        <#EUDAQ_FW_PATTERN>/dev/null/run$6R_$12D$X</#EUDAQ_FW_PATTERN>
        <#EUDAQ_MN>mon</#EUDAQ_MN>
        <EUDAQ_FW>native</EUDAQ_FW>
        <EUDAQ_FW_PATTERN>/home/next/ITS3/eudaq/data/20231227/run$6R_$12D$X</EUDAQ_FW_PATTERN>
      </Section>
    </Configuration>

[0m[1m[2023-12-27 17:09:49.075] [0m[32;1m(INFO)[0m [DataCollector.dc ]DataCollector.dc is to be configured...
[0m[1m[2023-12-27 17:09:49.075] [0m[32;1m(INFO)[0m [Producer.ALPIDE_plane_1 ]Producer.ALPIDE_plane_1 is to be configured...
[0m[1m[2023-12-27 17:09:49.075] [0m[32;1m(INFO)[0m [Producer.ALPIDE_plane_2 ]Receive a CONF section
    <Configuration>
      <Section title="">
        <DataCollector.dc>tcp://127.0.0.1:38541</DataCollector.dc>
        <LogCollector.log>tcp://127.0.0.1:55000</LogCollector.log>
        <Name>lab-3ALPIDE.conf</Name>
      </Section>
      <Section title="Producer.ALPIDE_plane_2">
        <EUDAQ_DC>dc</EUDAQ_DC>
        <EUDAQ_ID>2</EUDAQ_ID>
        <ITHR>60</ITHR>
        <STROBE_LENGTH>800</STROBE_LENGTH>
        <VCASN>106</VCASN>
        <VCASN2>118</VCASN2>
        <VCLIP>60</VCLIP>
      </Section>
    </Configuration>

[0m[1m[2023-12-27 17:09:49.075] [0m[32;1m(INFO)[0m [Producer.ALPIDE_plane_2 ]Producer.ALPIDE_plane_2 is to be configured...
[0m[1m[2023-12-27 17:09:49.075] [0m[32;1m(INFO)[0m [Producer.POWER_0 ]Receive a CONF section
    <Configuration>
      <Section title="">
        <DataCollector.dc>tcp://127.0.0.1:38541</DataCollector.dc>
        <LogCollector.log>tcp://127.0.0.1:55000</LogCollector.log>
        <Name>lab-3ALPIDE.conf</Name>
      </Section>
      <Section title="Producer.POWER_0">
        <EUDAQ_DC>dc</EUDAQ_DC>
      </Section>
    </Configuration>

[0m[1m[2023-12-27 17:09:49.075] [0m[32;1m(INFO)[0m [Producer.POWER_0 ]Producer.POWER_0 is to be configured...
[0m[1m[2023-12-27 17:09:49.075] [0m[32;1m(INFO)[0m [DataCollector.dc ]DataCollector.dc is configured.
[0m[1m[2023-12-27 17:09:49.075] [0m[32;1m(INFO)[0m [Producer.POWER_0 ]Producer.POWER_0 is configured.
[0m[1m[2023-12-27 17:09:49.075] [0m[32;1m(INFO)[0m [Producer.ALPIDE_plane_0 ]Receive a CONF section
    <Configuration>
      <Section title="">
        <DataCollector.dc>tcp://127.0.0.1:38541</DataCollector.dc>
        <LogCollector.log>tcp://127.0.0.1:55000</LogCollector.log>
        <Name>lab-3ALPIDE.conf</Name>
      </Section>
      <Section title="Producer.ALPIDE_plane_0">
        <EUDAQ_DC>dc</EUDAQ_DC>
        <EUDAQ_ID>0</EUDAQ_ID>
        <ITHR>60</ITHR>
        <STROBE_LENGTH>800</STROBE_LENGTH>
        <VCASN>106</VCASN>
        <VCASN2>118</VCASN2>
        <VCLIP>60</VCLIP>
      </Section>
    </Configuration>

[0m[1m[2023-12-27 17:09:49.075] [0m[32;1m(INFO)[0m [Producer.ALPIDE_plane_0 ]Producer.ALPIDE_plane_0 is to be configured...
[0m[1m[2023-12-27 17:09:49.183] [0m[32;1m(INFO)[0m [Producer.ALPIDE_plane_1 ]Producer.ALPIDE_plane_1 is configured.
[0m[1m[2023-12-27 17:09:49.183] [0m[32;1m(INFO)[0m [Producer.ALPIDE_plane_2 ]Producer.ALPIDE_plane_2 is configured.
[0m[1m[2023-12-27 17:09:49.183] [0m[32;1m(INFO)[0m [Producer.ALPIDE_plane_0 ]Producer.ALPIDE_plane_0 is configured.
[0m[1m[2023-12-27 17:09:49.209] [0m[32;1m(INFO)[0m [RunControl.RC-TUI ]Processing StartRun command for RUN #523170945
[0m[1m[2023-12-27 17:09:50.309] [0m[32;1m(INFO)[0m [DataCollector.dc ]RUN #523170945 is to be started...
[0m[1m[2023-12-27 17:09:50.310] [0m[32;1m(INFO)[0m [DataCollector.dc ]RUN #523170945 is started.
[0m[1m[2023-12-27 17:09:51.410] [0m[32;1m(INFO)[0m [Producer.ALPIDE_plane_2 ]RUN #523170945 is to be started...
[0m[1m[2023-12-27 17:09:51.410] [0m[32;1m(INFO)[0m [Producer.POWER_0 ]RUN #523170945 is to be started...
[0m[1m[2023-12-27 17:09:51.410] [0m[32;1m(INFO)[0m [Producer.ALPIDE_plane_1 ]RUN #523170945 is to be started...
[0m[1m[2023-12-27 17:09:51.411] [0m[32;1m(INFO)[0m [DataCollector.dc ]DataReceiver: Connection from <ConnectionTCP>
  <FD>tcp://127.0.0.1:48584</FD>
  <Connection>
    <Type>Producer</Type>
    <Name>POWER_0</Name>
    <State>1</State>
  </Connection>
</ConnectionTCP>

[0m[1m[2023-12-27 17:09:51.411] [0m[32;1m(INFO)[0m [DataCollector.dc ]DataReceiver: Connection from <ConnectionTCP>
  <FD>tcp://127.0.0.1:48582</FD>
  <Connection>
    <Type>Producer</Type>
    <Name>ALPIDE_plane_2</Name>
    <State>1</State>
  </Connection>
</ConnectionTCP>

[0m[1m[2023-12-27 17:09:51.411] [0m[32;1m(INFO)[0m [DataCollector.dc ]DataReceiver: Connection from <ConnectionTCP>
  <FD>tcp://127.0.0.1:48600</FD>
  <Connection>
    <Type>Producer</Type>
    <Name>ALPIDE_plane_1</Name>
    <State>1</State>
  </Connection>
</ConnectionTCP>

[0m[1m[2023-12-27 17:09:51.411] [0m[32;1m(INFO)[0m [Producer.POWER_0 ]RUN #523170945 is started.
[0m[1m[2023-12-27 17:09:51.487] [0m[32;1m(INFO)[0m [Producer.ALPIDE_plane_1 ]RUN #523170945 is started.
[0m[1m[2023-12-27 17:09:51.487] [0m[32;1m(INFO)[0m [Producer.ALPIDE_plane_2 ]RUN #523170945 is started.
[0m[1m[2023-12-27 17:09:52.510] [0m[32;1m(INFO)[0m [Producer.ALPIDE_plane_0 ]RUN #523170945 is to be started...
[0m[1m[2023-12-27 17:09:52.531] [0m[32;1m(INFO)[0m [DataCollector.dc ]DataReceiver: Connection from <ConnectionTCP>
  <FD>tcp://127.0.0.1:48614</FD>
  <Connection>
    <Type>Producer</Type>
    <Name>ALPIDE_plane_0</Name>
    <State>1</State>
  </Connection>
</ConnectionTCP>

[0m[1m[2023-12-27 17:09:52.606] [0m[32;1m(INFO)[0m [Producer.ALPIDE_plane_0 ]RUN #523170945 is started.
[0m[1m[2023-12-27 17:13:38.719] [0m[32;1m(INFO)[0m [RunControl.RC-TUI ]Processing StopRun command for RUN #523170945
[0m[1m[2023-12-27 17:13:38.719] [0m[32;1m(INFO)[0m [Producer.ALPIDE_plane_0 ]RUN #523170945 is to be stopped...
[0m[1m[2023-12-27 17:13:58.721] [0m[31;1m(THROW)[0m [Producer.ALPIDE_plane_0 ]CommandReceiver: Unable to stop the user's RunLoop
  From /home/next/ITS3/eudaq/main/lib/core/src/CommandReceiver.cc:126
  In virtual void eudaq::CommandReceiver::OnStopRun()
[0m[1m[2023-12-27 17:14:00.041] [0m[31;1m(ERROR)[0m [Producer.ALPIDE_plane_1 ]CommandReceiver: AsyncReceiving Error: Uncaught exception: SocketClient Error (104): 
  From /home/next/ITS3/eudaq/main/lib/core/src/TransportTCP.cc:472
  In virtual void eudaq::TCPClient::ProcessEvents(int)
[0m[1m[2023-12-27 17:14:00.041] [0m[31;1m(ERROR)[0m [Producer.ALPIDE_plane_0 ]CommandReceiver: AsyncReceiving Error: Uncaught exception: SocketClient Error (104): 
  From /home/next/ITS3/eudaq/main/lib/core/src/TransportTCP.cc:472
  In virtual void eudaq::TCPClient::ProcessEvents(int)
[0m[1m[2023-12-27 17:14:00.041] [0m[31;1m(ERROR)[0m [DataCollector.dc ]CommandReceiver: AsyncReceiving Error: Uncaught exception: SocketClient Error (104): 
  From /home/next/ITS3/eudaq/main/lib/core/src/TransportTCP.cc:472
  In virtual void eudaq::TCPClient::ProcessEvents(int)
[0m[1m[2023-12-27 17:14:00.041] [0m[31;1m(ERROR)[0m [Producer.ALPIDE_plane_2 ]CommandReceiver: AsyncReceiving Error: Uncaught exception: SocketClient Error (104): 
  From /home/next/ITS3/eudaq/main/lib/core/src/TransportTCP.cc:472
  In virtual void eudaq::TCPClient::ProcessEvents(int)
[0m[1m[2023-12-27 17:14:00.041] [0m[31;1m(ERROR)[0m [Producer.POWER_0 ]CommandReceiver: AsyncReceiving Error: Uncaught exception: SocketClient Error (104): 
  From /home/next/ITS3/eudaq/main/lib/core/src/TransportTCP.cc:472
  In virtual void eudaq::TCPClient::ProcessEvents(int)
[0m[1m[2023-12-27 17:14:00.162] [0m[33;1m(WARN)[0m [Producer.ALPIDE_plane_0 ]CommandReceiver: Deamon catches an execption when closing client
[0m[1m[2023-12-27 17:14:00.178] [0m[33;1m(WARN)[0m [Producer.POWER_0 ]CommandReceiver: Deamon catches an execption when closing client
[0m[1m[2023-12-27 17:14:00.182] [0m[33;1m(WARN)[0m [Producer.ALPIDE_plane_1 ]CommandReceiver: Deamon catches an execption when closing client
[0m[1m[2023-12-27 17:14:00.200] [0m[33;1m(WARN)[0m [DataCollector.dc ]CommandReceiver: Deamon catches an execption when closing client
[0m[1m[2023-12-27 17:14:00.223] [0m[31;1m(ERROR)[0m [Producer.ALPIDE_plane_0 ]CommandReceiver: User's RunLoop throws an exception
[0m[1m[2023-12-27 17:14:00.230] [0m[33;1m(WARN)[0m [Producer.ALPIDE_plane_2 ]CommandReceiver: Deamon catches an execption when closing client
[0m[1m[2023-12-27 17:14:00.232] [0m[31;1m(ERROR)[0m [Producer.ALPIDE_plane_1 ]RunLoop: [Errno 19] No such device (it may have been disconnected)
[0m[1m[2023-12-27 17:14:00.232] [0m[31;1m(ERROR)[0m [Producer.ALPIDE_plane_1 ]CommandReceiver: User's RunLoop throws an exception
[0m[1m[2023-12-27 17:14:00.250] [0m[31;1m(ERROR)[0m [Producer.ALPIDE_plane_2 ]RunLoop: [Errno 19] No such device (it may have been disconnected)
[0m[1m[2023-12-27 17:14:00.250] [0m[31;1m(ERROR)[0m [Producer.ALPIDE_plane_2 ]CommandReceiver: User's RunLoop throws an exception
[0m[1m[2023-12-27 17:14:00.312] [0m[32;1m(INFO)[0m [DataCollector.dc ]DataReceiver: Disconnected from <ConnectionTCP>
  <FD>tcp://127.0.0.1:48600</FD>
  <Connection>
    <Type>Producer</Type>
    <Name>ALPIDE_plane_1</Name>
    <State>0</State>
  </Connection>
</ConnectionTCP>

[0m[1m[2023-12-27 17:14:00.312] [0m[32;1m(INFO)[0m [DataCollector.dc ]DataReceiver: Disconnected from <ConnectionTCP>
  <FD>tcp://127.0.0.1:48584</FD>
  <Connection>
    <Type>Producer</Type>
    <Name>POWER_0</Name>
    <State>0</State>
  </Connection>
</ConnectionTCP>

[0m[1m[2023-12-27 17:14:00.312] [0m[32;1m(INFO)[0m [DataCollector.dc ]DataReceiver: Disconnected from <ConnectionTCP>
  <FD>tcp://127.0.0.1:48582</FD>
  <Connection>
    <Type>Producer</Type>
    <Name>ALPIDE_plane_2</Name>
    <State>0</State>
  </Connection>
</ConnectionTCP>

[0m[1m[2023-12-27 17:14:00.412] [0m[32;1m(INFO)[0m [DataCollector.dc ]DataReceiver: Disconnected from <ConnectionTCP>
  <FD>tcp://127.0.0.1:48614</FD>
  <Connection>
    <Type>Producer</Type>
    <Name>ALPIDE_plane_0</Name>
    <State>0</State>
  </Connection>
</ConnectionTCP>

