
*** LogCollector started at 2023-12-27 17:24:16.063 ***
[0m[1m[2023-12-27 17:24:16.063] [0m[32;1m(INFO)[0m [RunControl.RC-TUI ]Processing Initialise command for log
[0m[1m[2023-12-27 17:24:16.063] [0m[32;1m(INFO)[0m [RunControl.RC-TUI ]Processing Initialise command for dc
[0m[1m[2023-12-27 17:24:16.069] [0m[32;1m(INFO)[0m [RunControl.RC-TUI ]Processing Initialise command for ALPIDE_plane_0
[0m[1m[2023-12-27 17:24:16.069] [0m[32;1m(INFO)[0m [RunControl.RC-TUI ]Processing Initialise command for ALPIDE_plane_1
[0m[1m[2023-12-27 17:24:16.069] [0m[32;1m(INFO)[0m [RunControl.RC-TUI ]Processing Initialise command for ALPIDE_plane_2
[0m[1m[2023-12-27 17:24:16.069] [0m[32;1m(INFO)[0m [RunControl.RC-TUI ]Processing Initialise command for POWER_0
[0m[1m[2023-12-27 17:24:16.105] [0m[32;1m(INFO)[0m [Producer.ALPIDE_plane_1 ]Receive an INI section
    <Configuration>
      <Section title="">
        <EUDAQ_LOG_ADDR>tcp://127.0.0.1:55000</EUDAQ_LOG_ADDR>
        <Name>lab-3ALPIDE.ini</Name>
      </Section>
      <Section title="Producer.ALPIDE_plane_1">
        <plane>1</plane>
        <serial>DAQ-0009010E08931D07</serial>
        <triggermode>replica</triggermode>
      </Section>
    </Configuration>

[0m[1m[2023-12-27 17:24:16.105] [0m[32;1m(INFO)[0m [DataCollector.dc ]Receive an INI section
    <Configuration>
      <Section title="">
        <EUDAQ_LOG_ADDR>tcp://127.0.0.1:55000</EUDAQ_LOG_ADDR>
        <Name>lab-3ALPIDE.ini</Name>
      </Section>
      <Section title="DataCollector.dc">
        <dataproducers>ALPIDE_plane_0,ALPIDE_plane_1,ALPIDE_plane_2</dataproducers>
      </Section>
    </Configuration>

[0m[1m[2023-12-27 17:24:16.105] [0m[32;1m(INFO)[0m [Producer.ALPIDE_plane_0 ]Receive an INI section
    <Configuration>
      <Section title="">
        <EUDAQ_LOG_ADDR>tcp://127.0.0.1:55000</EUDAQ_LOG_ADDR>
        <Name>lab-3ALPIDE.ini</Name>
      </Section>
      <Section title="Producer.ALPIDE_plane_0">
        <plane>0</plane>
        <serial>DAQ-0009010E08931906</serial>
        <triggermode>replica</triggermode>
      </Section>
    </Configuration>

[0m[1m[2023-12-27 17:24:16.105] [0m[32;1m(INFO)[0m [Producer.POWER_0 ]Receive an INI section
    <Configuration>
      <Section title="">
        <EUDAQ_LOG_ADDR>tcp://127.0.0.1:55000</EUDAQ_LOG_ADDR>
        <Name>lab-3ALPIDE.ini</Name>
      </Section>
      <Section title="Producer.POWER_0">
        <path>/dev/hmp4040_2</path>
      </Section>
    </Configuration>

[0m[1m[2023-12-27 17:24:16.105] [0m[32;1m(INFO)[0m [Producer.ALPIDE_plane_2 ]Receive an INI section
    <Configuration>
      <Section title="">
        <EUDAQ_LOG_ADDR>tcp://127.0.0.1:55000</EUDAQ_LOG_ADDR>
        <Name>lab-3ALPIDE.ini</Name>
      </Section>
      <Section title="Producer.ALPIDE_plane_2">
        <plane>2</plane>
        <serial>DAQ-0009010E08933325</serial>
        <triggermode>replica</triggermode>
      </Section>
    </Configuration>

[0m[1m[2023-12-27 17:24:16.105] [0m[32;1m(INFO)[0m [Producer.POWER_0 ]Producer.POWER_0 is to be initialised...
[0m[1m[2023-12-27 17:24:16.138] [0m[32;1m(INFO)[0m [Producer.POWER_0 ]Producer.POWER_0 is initialised.
[0m[1m[2023-12-27 17:24:16.105] [0m[32;1m(INFO)[0m [Producer.ALPIDE_plane_0 ]Producer.ALPIDE_plane_0 is to be initialised...
[0m[1m[2023-12-27 17:24:16.105] [0m[32;1m(INFO)[0m [Producer.ALPIDE_plane_1 ]Producer.ALPIDE_plane_1 is to be initialised...
[0m[1m[2023-12-27 17:24:16.105] [0m[32;1m(INFO)[0m [DataCollector.dc ]DataCollector.dc is to be initialised...
[0m[1m[2023-12-27 17:24:16.105] [0m[32;1m(INFO)[0m [DataCollector.dc ]TCPServer:: Listening on port 36099
[0m[1m[2023-12-27 17:24:16.105] [0m[32;1m(INFO)[0m [Producer.ALPIDE_plane_2 ]Producer.ALPIDE_plane_2 is to be initialised...
[0m[1m[2023-12-27 17:24:16.324] [0m[32;1m(INFO)[0m [Producer.ALPIDE_plane_0 ]Producer.ALPIDE_plane_0 is initialised.
[0m[1m[2023-12-27 17:24:16.327] [0m[32;1m(INFO)[0m [Producer.ALPIDE_plane_1 ]Producer.ALPIDE_plane_1 is initialised.
[0m[1m[2023-12-27 17:24:16.327] [0m[32;1m(INFO)[0m [Producer.ALPIDE_plane_2 ]Producer.ALPIDE_plane_2 is initialised.
[0m[1m[2023-12-27 17:24:17.106] [0m[32;1m(INFO)[0m [DataCollector.dc ]DataCollector.dc is initialised.
[0m[1m[2023-12-27 17:24:17.131] [0m[32;1m(INFO)[0m [RunControl.RC-TUI ]Processing Configure command
[0m[1m[2023-12-27 17:24:17.132] [0m[32;1m(INFO)[0m [Producer.ALPIDE_plane_0 ]Receive a CONF section
    <Configuration>
      <Section title="">
        <DataCollector.dc>tcp://127.0.0.1:36099</DataCollector.dc>
        <LogCollector.log>tcp://127.0.0.1:55000</LogCollector.log>
        <Name>lab-3ALPIDE.conf</Name>
      </Section>
      <Section title="Producer.ALPIDE_plane_0">
        <EUDAQ_DC>dc</EUDAQ_DC>
        <EUDAQ_ID>0</EUDAQ_ID>
        <ITHR>60</ITHR>
        <STROBE_LENGTH>800</STROBE_LENGTH>
        <VCASN>106</VCASN>
        <VCASN2>118</VCASN2>
        <VCLIP>60</VCLIP>
      </Section>
    </Configuration>

[0m[1m[2023-12-27 17:24:17.132] [0m[32;1m(INFO)[0m [DataCollector.dc ]Receive a CONF section
    <Configuration>
      <Section title="">
        <DataCollector.dc>tcp://127.0.0.1:36099</DataCollector.dc>
        <LogCollector.log>tcp://127.0.0.1:55000</LogCollector.log>
        <Name>lab-3ALPIDE.conf</Name>
      </Section>
      <Section title="DataCollector.dc">
        <#EUDAQ_DATACOL_SEND_MONITOR_FRACTION>10</#EUDAQ_DATACOL_SEND_MONITOR_FRACTION>
        <#EUDAQ_FW_PATTERN>/dev/null/run$6R_$12D$X</#EUDAQ_FW_PATTERN>
        <#EUDAQ_MN>mon</#EUDAQ_MN>
        <EUDAQ_FW>native</EUDAQ_FW>
        <EUDAQ_FW_PATTERN>/home/next/ITS3/eudaq/data/20231227/run$6R_$12D$X</EUDAQ_FW_PATTERN>
      </Section>
    </Configuration>

[0m[1m[2023-12-27 17:24:17.132] [0m[32;1m(INFO)[0m [Producer.ALPIDE_plane_0 ]Producer.ALPIDE_plane_0 is to be configured...
[0m[1m[2023-12-27 17:24:17.132] [0m[32;1m(INFO)[0m [Producer.ALPIDE_plane_1 ]Receive a CONF section
    <Configuration>
      <Section title="">
        <DataCollector.dc>tcp://127.0.0.1:36099</DataCollector.dc>
        <LogCollector.log>tcp://127.0.0.1:55000</LogCollector.log>
        <Name>lab-3ALPIDE.conf</Name>
      </Section>
      <Section title="Producer.ALPIDE_plane_1">
        <EUDAQ_DC>dc</EUDAQ_DC>
        <EUDAQ_ID>1</EUDAQ_ID>
        <ITHR>60</ITHR>
        <STROBE_LENGTH>800</STROBE_LENGTH>
        <VCASN>106</VCASN>
        <VCASN2>118</VCASN2>
        <VCLIP>60</VCLIP>
      </Section>
    </Configuration>

[0m[1m[2023-12-27 17:24:17.132] [0m[32;1m(INFO)[0m [Producer.ALPIDE_plane_1 ]Producer.ALPIDE_plane_1 is to be configured...
[0m[1m[2023-12-27 17:24:17.132] [0m[32;1m(INFO)[0m [Producer.POWER_0 ]Receive a CONF section
    <Configuration>
      <Section title="">
        <DataCollector.dc>tcp://127.0.0.1:36099</DataCollector.dc>
        <LogCollector.log>tcp://127.0.0.1:55000</LogCollector.log>
        <Name>lab-3ALPIDE.conf</Name>
      </Section>
      <Section title="Producer.POWER_0">
        <EUDAQ_DC>dc</EUDAQ_DC>
      </Section>
    </Configuration>

[0m[1m[2023-12-27 17:24:17.132] [0m[32;1m(INFO)[0m [Producer.POWER_0 ]Producer.POWER_0 is to be configured...
[0m[1m[2023-12-27 17:24:17.132] [0m[32;1m(INFO)[0m [Producer.POWER_0 ]Producer.POWER_0 is configured.
[0m[1m[2023-12-27 17:24:17.132] [0m[32;1m(INFO)[0m [Producer.ALPIDE_plane_2 ]Receive a CONF section
    <Configuration>
      <Section title="">
        <DataCollector.dc>tcp://127.0.0.1:36099</DataCollector.dc>
        <LogCollector.log>tcp://127.0.0.1:55000</LogCollector.log>
        <Name>lab-3ALPIDE.conf</Name>
      </Section>
      <Section title="Producer.ALPIDE_plane_2">
        <EUDAQ_DC>dc</EUDAQ_DC>
        <EUDAQ_ID>2</EUDAQ_ID>
        <ITHR>60</ITHR>
        <STROBE_LENGTH>800</STROBE_LENGTH>
        <VCASN>106</VCASN>
        <VCASN2>118</VCASN2>
        <VCLIP>60</VCLIP>
      </Section>
    </Configuration>

[0m[1m[2023-12-27 17:24:17.132] [0m[32;1m(INFO)[0m [Producer.ALPIDE_plane_2 ]Producer.ALPIDE_plane_2 is to be configured...
[0m[1m[2023-12-27 17:24:17.132] [0m[32;1m(INFO)[0m [DataCollector.dc ]DataCollector.dc is to be configured...
[0m[1m[2023-12-27 17:24:17.132] [0m[32;1m(INFO)[0m [DataCollector.dc ]DataCollector.dc is configured.
[0m[1m[2023-12-27 17:24:17.239] [0m[32;1m(INFO)[0m [Producer.ALPIDE_plane_0 ]Producer.ALPIDE_plane_0 is configured.
[0m[1m[2023-12-27 17:24:17.239] [0m[32;1m(INFO)[0m [Producer.ALPIDE_plane_1 ]Producer.ALPIDE_plane_1 is configured.
[0m[1m[2023-12-27 17:24:17.246] [0m[32;1m(INFO)[0m [Producer.ALPIDE_plane_2 ]Producer.ALPIDE_plane_2 is configured.
[0m[1m[2023-12-27 17:24:17.267] [0m[32;1m(INFO)[0m [RunControl.RC-TUI ]Processing StartRun command for RUN #523172413
[0m[1m[2023-12-27 17:24:18.368] [0m[32;1m(INFO)[0m [DataCollector.dc ]RUN #523172413 is to be started...
[0m[1m[2023-12-27 17:24:18.368] [0m[32;1m(INFO)[0m [DataCollector.dc ]RUN #523172413 is started.
[0m[1m[2023-12-27 17:24:19.468] [0m[32;1m(INFO)[0m [Producer.ALPIDE_plane_1 ]RUN #523172413 is to be started...
[0m[1m[2023-12-27 17:24:19.468] [0m[32;1m(INFO)[0m [Producer.POWER_0 ]RUN #523172413 is to be started...
[0m[1m[2023-12-27 17:24:19.468] [0m[32;1m(INFO)[0m [Producer.ALPIDE_plane_2 ]RUN #523172413 is to be started...
[0m[1m[2023-12-27 17:24:19.470] [0m[32;1m(INFO)[0m [DataCollector.dc ]DataReceiver: Connection from <ConnectionTCP>
  <FD>tcp://127.0.0.1:58394</FD>
  <Connection>
    <Type>Producer</Type>
    <Name>ALPIDE_plane_1</Name>
    <State>1</State>
  </Connection>
</ConnectionTCP>

[0m[1m[2023-12-27 17:24:19.470] [0m[32;1m(INFO)[0m [DataCollector.dc ]DataReceiver: Connection from <ConnectionTCP>
  <FD>tcp://127.0.0.1:58402</FD>
  <Connection>
    <Type>Producer</Type>
    <Name>POWER_0</Name>
    <State>1</State>
  </Connection>
</ConnectionTCP>

[0m[1m[2023-12-27 17:24:19.470] [0m[32;1m(INFO)[0m [DataCollector.dc ]DataReceiver: Connection from <ConnectionTCP>
  <FD>tcp://127.0.0.1:58408</FD>
  <Connection>
    <Type>Producer</Type>
    <Name>ALPIDE_plane_2</Name>
    <State>1</State>
  </Connection>
</ConnectionTCP>

[0m[1m[2023-12-27 17:24:19.470] [0m[32;1m(INFO)[0m [Producer.POWER_0 ]RUN #523172413 is started.
[0m[1m[2023-12-27 17:24:19.543] [0m[32;1m(INFO)[0m [Producer.ALPIDE_plane_1 ]RUN #523172413 is started.
[0m[1m[2023-12-27 17:24:19.543] [0m[32;1m(INFO)[0m [Producer.ALPIDE_plane_2 ]RUN #523172413 is started.
[0m[1m[2023-12-27 17:24:20.568] [0m[32;1m(INFO)[0m [Producer.ALPIDE_plane_0 ]RUN #523172413 is to be started...
[0m[1m[2023-12-27 17:24:20.583] [0m[32;1m(INFO)[0m [DataCollector.dc ]DataReceiver: Connection from <ConnectionTCP>
  <FD>tcp://127.0.0.1:58420</FD>
  <Connection>
    <Type>Producer</Type>
    <Name>ALPIDE_plane_0</Name>
    <State>1</State>
  </Connection>
</ConnectionTCP>

[0m[1m[2023-12-27 17:24:20.655] [0m[32;1m(INFO)[0m [Producer.ALPIDE_plane_0 ]RUN #523172413 is started.
[0m[1m[2023-12-27 17:28:14.357] [0m[31;1m(ERROR)[0m [Producer.POWER_0 ]RunLoop: could not convert string to float: 'HAMEG,HMP4040,023842650,HW50020001/SW2.51'
[0m[1m[2023-12-27 17:28:14.358] [0m[31;1m(ERROR)[0m [Producer.POWER_0 ]CommandReceiver: User's RunLoop throws an exception
[0m[1m[2023-12-27 17:28:15.109] [0m[31;1m(ERROR)[0m [RunControl.RC-TUI ]POWER_0 in ERROR state
[0m[1m[2023-12-27 17:28:15.109] [0m[31;1m(ERROR)[0m [RunControl.RC-TUI ]One or more conections in ERROR state.
[0m[1m[2023-12-27 17:28:15.109] [0m[31;1m(ERROR)[0m [RunControl.RC-TUI ]Traceback (most recent call last):
  File "/home/next/ITS3/eudaq/user/ITS3/python/ITS3RunControl.py", line 307, in userlogic_wrapper
    self.userlogic_runner_()
  File "/home/next/ITS3/eudaq/user/ITS3/python/ITS3RunControl.py", line 347, in userlogic_runner_
    self.check_status()
  File "/home/next/ITS3/eudaq/user/ITS3/python/ITS3RunControl.py", line 281, in check_status
    raise RuntimeError("One or more conections in ERROR state.")
RuntimeError: One or more conections in ERROR state.

[0m[1m[2023-12-27 17:28:15.117] [0m[32;1m(INFO)[0m [RunControl.RC-TUI ]Processing StopRun command for RUN #523172413
[0m[1m[2023-12-27 17:28:15.117] [0m[31;1m(ERROR)[0m [RunControl.RC-TUI ]POWER_0 is not Status::STATE_RUNNING, skipped
[0m[1m[2023-12-27 17:28:15.117] [0m[32;1m(INFO)[0m [Producer.ALPIDE_plane_0 ]RUN #523172413 is to be stopped...
[0m[1m[2023-12-27 17:28:35.119] [0m[31;1m(THROW)[0m [Producer.ALPIDE_plane_0 ]CommandReceiver: Unable to stop the user's RunLoop
  From /home/next/ITS3/eudaq/main/lib/core/src/CommandReceiver.cc:126
  In virtual void eudaq::CommandReceiver::OnStopRun()
[0m[1m[2023-12-27 17:28:35.135] [0m[32;1m(INFO)[0m [Producer.ALPIDE_plane_1 ]RUN #523172413 is to be stopped...
[0m[1m[2023-12-27 17:28:35.135] [0m[32;1m(INFO)[0m [Producer.ALPIDE_plane_2 ]RUN #523172413 is to be stopped...
[0m[1m[2023-12-27 17:28:35.371] [0m[32;1m(INFO)[0m [Producer.ALPIDE_plane_1 ]RUN #523172413 is stopped.
[0m[1m[2023-12-27 17:28:35.372] [0m[32;1m(INFO)[0m [Producer.ALPIDE_plane_2 ]RUN #523172413 is stopped.
[0m[1m[2023-12-27 17:28:35.472] [0m[32;1m(INFO)[0m [DataCollector.dc ]DataReceiver: Disconnected from <ConnectionTCP>
  <FD>tcp://127.0.0.1:58408</FD>
  <Connection>
    <Type>Producer</Type>
    <Name>ALPIDE_plane_2</Name>
    <State>0</State>
  </Connection>
</ConnectionTCP>

[0m[1m[2023-12-27 17:28:35.472] [0m[32;1m(INFO)[0m [DataCollector.dc ]DataReceiver: Disconnected from <ConnectionTCP>
  <FD>tcp://127.0.0.1:58394</FD>
  <Connection>
    <Type>Producer</Type>
    <Name>ALPIDE_plane_1</Name>
    <State>0</State>
  </Connection>
</ConnectionTCP>

[0m[1m[2023-12-27 17:28:35.539] [0m[32;1m(INFO)[0m [DataCollector.dc ]RUN #523172413 is to be stopped...
[0m[1m[2023-12-27 17:28:36.899] [0m[32;1m(INFO)[0m [DataCollector.dc ]RUN #523172413 is stopped.
[0m[1m[2023-12-27 17:30:18.903] [0m[31;1m(ERROR)[0m [Producer.ALPIDE_plane_0 ]RunLoop: [Errno 5] Input/Output Error
[0m[1m[2023-12-27 17:30:18.903] [0m[31;1m(ERROR)[0m [Producer.ALPIDE_plane_0 ]CommandReceiver: User's RunLoop throws an exception
