
*** LogCollector started at 2024-01-04 21:30:05.369 ***
[0m[1m[2024-01-04 21:30:05.369] [0m[32;1m(INFO)[0m [RunControl.RC-TUI ]Processing Initialise command for log
[0m[1m[2024-01-04 21:30:05.369] [0m[32;1m(INFO)[0m [RunControl.RC-TUI ]Processing Initialise command for dc
[0m[1m[2024-01-04 21:30:05.372] [0m[32;1m(INFO)[0m [RunControl.RC-TUI ]Processing Initialise command for ALPIDE_plane_0
[0m[1m[2024-01-04 21:30:05.375] [0m[32;1m(INFO)[0m [RunControl.RC-TUI ]Processing Initialise command for ALPIDE_plane_1
[0m[1m[2024-01-04 21:30:05.375] [0m[32;1m(INFO)[0m [RunControl.RC-TUI ]Processing Initialise command for ALPIDE_plane_2
[0m[1m[2024-01-04 21:30:05.375] [0m[32;1m(INFO)[0m [RunControl.RC-TUI ]Processing Initialise command for POWER_0
[0m[1m[2024-01-04 21:30:05.375] [0m[32;1m(INFO)[0m [RunControl.RC-TUI ]Processing Initialise command for POWER_1
[0m[1m[2024-01-04 21:30:05.375] [0m[32;1m(INFO)[0m [RunControl.RC-TUI ]Processing Initialise command for APTS_1
[0m[1m[2024-01-04 21:30:05.376] [0m[32;1m(INFO)[0m [RunControl.RC-TUI ]Processing Initialise command for APTS_0
[0m[1m[2024-01-04 21:30:05.413] [0m[32;1m(INFO)[0m [DataCollector.dc ]Receive an INI section
    <Configuration>
      <Section title="">
        <EUDAQ_LOG_ADDR>tcp://127.0.0.1:55000</EUDAQ_LOG_ADDR>
        <Name>lab-3ALPIDE-2APTS.ini</Name>
      </Section>
      <Section title="DataCollector.dc">
        <dataproducers>APTS_0,APTS_1,ALPIDE_plane_0,ALPIDE_plane_1,ALPIDE_plnae_2</dataproducers>
      </Section>
    </Configuration>

[0m[1m[2024-01-04 21:30:05.413] [0m[32;1m(INFO)[0m [Producer.ALPIDE_plane_1 ]Receive an INI section
    <Configuration>
      <Section title="">
        <EUDAQ_LOG_ADDR>tcp://127.0.0.1:55000</EUDAQ_LOG_ADDR>
        <Name>lab-3ALPIDE-2APTS.ini</Name>
      </Section>
      <Section title="Producer.ALPIDE_plane_1">
        <plane>3</plane>
        <serial>DAQ-0009010E08931906</serial>
        <triggermode>replica</triggermode>
      </Section>
    </Configuration>

[0m[1m[2024-01-04 21:30:05.413] [0m[32;1m(INFO)[0m [Producer.ALPIDE_plane_0 ]Receive an INI section
    <Configuration>
      <Section title="">
        <EUDAQ_LOG_ADDR>tcp://127.0.0.1:55000</EUDAQ_LOG_ADDR>
        <Name>lab-3ALPIDE-2APTS.ini</Name>
      </Section>
      <Section title="Producer.ALPIDE_plane_0">
        <plane>0</plane>
        <serial>DAQ-0009010E08933325</serial>
        <triggermode>replica</triggermode>
      </Section>
    </Configuration>

[0m[1m[2024-01-04 21:30:05.413] [0m[32;1m(INFO)[0m [Producer.ALPIDE_plane_2 ]Receive an INI section
    <Configuration>
      <Section title="">
        <EUDAQ_LOG_ADDR>tcp://127.0.0.1:55000</EUDAQ_LOG_ADDR>
        <Name>lab-3ALPIDE-2APTS.ini</Name>
      </Section>
      <Section title="Producer.ALPIDE_plane_2">
        <plane>4</plane>
        <serial>DAQ-0009010E08933225</serial>
        <triggermode>replica</triggermode>
      </Section>
    </Configuration>

[0m[1m[2024-01-04 21:30:05.413] [0m[32;1m(INFO)[0m [Producer.POWER_0 ]Receive an INI section
    <Configuration>
      <Section title="">
        <EUDAQ_LOG_ADDR>tcp://127.0.0.1:55000</EUDAQ_LOG_ADDR>
        <Name>lab-3ALPIDE-2APTS.ini</Name>
      </Section>
      <Section title="Producer.POWER_0">
        <path>/dev/hmp4040_3</path>
      </Section>
    </Configuration>

[0m[1m[2024-01-04 21:30:05.413] [0m[32;1m(INFO)[0m [Producer.POWER_1 ]Receive an INI section
    <Configuration>
      <Section title="">
        <EUDAQ_LOG_ADDR>tcp://127.0.0.1:55000</EUDAQ_LOG_ADDR>
        <Name>lab-3ALPIDE-2APTS.ini</Name>
      </Section>
      <Section title="Producer.POWER_1">
        <path>/dev/hmp2030</path>
      </Section>
    </Configuration>

[0m[1m[2024-01-04 21:30:05.413] [0m[32;1m(INFO)[0m [Producer.APTS_0 ]Receive an INI section
    <Configuration>
      <Section title="">
        <EUDAQ_LOG_ADDR>tcp://127.0.0.1:55000</EUDAQ_LOG_ADDR>
        <Name>lab-3ALPIDE-2APTS.ini</Name>
      </Section>
      <Section title="Producer.APTS_0">
        <#triggermode>replica</#triggermode>
        <plane>1</plane>
        <proximity>APTS-025</proximity>
        <serial>DAQ-0009010E08932125</serial>
      </Section>
    </Configuration>

[0m[1m[2024-01-04 21:30:05.413] [0m[32;1m(INFO)[0m [Producer.APTS_1 ]Receive an INI section
    <Configuration>
      <Section title="">
        <EUDAQ_LOG_ADDR>tcp://127.0.0.1:55000</EUDAQ_LOG_ADDR>
        <Name>lab-3ALPIDE-2APTS.ini</Name>
      </Section>
      <Section title="Producer.APTS_1">
        <plane>2</plane>
        <proximity>APTS-017</proximity>
        <serial>DAQ-0009010E08931D07</serial>
      </Section>
    </Configuration>

[0m[1m[2024-01-04 21:30:05.413] [0m[32;1m(INFO)[0m [Producer.POWER_1 ]Producer.POWER_1 is to be initialised...
[0m[1m[2024-01-04 21:30:05.446] [0m[32;1m(INFO)[0m [Producer.POWER_1 ]Producer.POWER_1 is initialised.
[0m[1m[2024-01-04 21:30:05.413] [0m[32;1m(INFO)[0m [Producer.ALPIDE_plane_1 ]Producer.ALPIDE_plane_1 is to be initialised...
[0m[1m[2024-01-04 21:30:05.413] [0m[32;1m(INFO)[0m [DataCollector.dc ]DataCollector.dc is to be initialised...
[0m[1m[2024-01-04 21:30:05.413] [0m[32;1m(INFO)[0m [DataCollector.dc ]TCPServer:: Listening on port 43575
[0m[1m[2024-01-04 21:30:05.413] [0m[32;1m(INFO)[0m [Producer.ALPIDE_plane_0 ]Producer.ALPIDE_plane_0 is to be initialised...
[0m[1m[2024-01-04 21:30:05.413] [0m[32;1m(INFO)[0m [Producer.ALPIDE_plane_2 ]Producer.ALPIDE_plane_2 is to be initialised...
[0m[1m[2024-01-04 21:30:05.413] [0m[32;1m(INFO)[0m [Producer.POWER_0 ]Producer.POWER_0 is to be initialised...
[0m[1m[2024-01-04 21:30:05.429] [0m[32;1m(INFO)[0m [Producer.POWER_0 ]Producer.POWER_0 is initialised.
[0m[1m[2024-01-04 21:30:05.413] [0m[32;1m(INFO)[0m [Producer.APTS_1 ]Producer.APTS_1 is to be initialised...
[0m[1m[2024-01-04 21:30:05.414] [0m[32;1m(INFO)[0m [Producer.APTS_1 ]Initialising MLR1 DAQ Board
[0m[1m[2024-01-04 21:30:05.418] [0m[31;1m(DEBUG)[0m [Producer.APTS_1 ]v1.10.2 - /home/next/.local/lib/python3.10/site-packages/mlr1daqboard is not a git repository but an installation directory. Git hash at installation: f39ffae61a5ded937a877f938b665ea40cb8dcd9
[0m[1m[2024-01-04 21:30:05.419] [0m[31;1m(DEBUG)[0m [Producer.APTS_1 ]File /home/next/.local/lib/python3.10/site-packages/mlr1daqboard/mlr1daqboard.py installed in /home/next/.local/lib/python3.10/site-packages/mlr1daqboard v1.10.2:
Created:  2023-08-11 08:02:04.290911 UTC
Accessed: 2024-01-04 01:57:25.289000 UTC
Modified: 2023-08-11 08:02:04.290911 UTC
Size:     30355
git diff at installation:
[0m[1m[2024-01-04 21:30:05.420] [0m[31;1m(DEBUG)[0m [Producer.APTS_1 ]Loaded DAC calibration from /home/next/.local/lib/python3.10/site-packages/mlr1daqboard/calibration/APTS-017.json: {
    "IDAC": {
        "CE_COL_AP_IBIASN": [
            0.0185,
            3.31,
            660
        ],
        "CE_MAT_AP_IBIAS4SF_DP_IBIASF": [
            0.38109,
            74.84,
            10000
        ],
        "CE_PMOS_AP_DP_IRESET": [
            3.1e-05,
            0.1,
            1.6
        ],
        "AP_IBIASP_DP_IDB": [
            0.0158,
            1.56,
            460
        ],
        "AP_IBIAS3_DP_IBIAS": [
            0.012,
            1.03,
            560
        ]
    },
    "VDAC": {
        "AP_SEL0": [
            0.03809,
            1.13,
            1200
        ],
        "AP_SEL1": [
            0.03795,
            7.01,
            1200
        ],
        "AP_VRESET": [
            0.03807,
            1.15,
            1200
        ],
        "CE_VOFFSET_AP_DP_VH": [
            0.03806,
            4.17,
            1200
        ],
        "AP_VCASP_MUX0_DP_VCASB": [
            0.03809,
            5.14,
            1200
        ],
        "AP_VCASN_MUX1_DP_VCASN": [
            0.03809,
            2.45,
            1200
        ]
    }
}
[0m[1m[2024-01-04 21:30:05.428] [0m[31;1m(DEBUG)[0m [Producer.APTS_1 ]Using DAQ board with serial number DAQ-0009010E08931D07
[0m[1m[2024-01-04 21:30:05.413] [0m[32;1m(INFO)[0m [Producer.APTS_0 ]Producer.APTS_0 is to be initialised...
[0m[1m[2024-01-04 21:30:05.414] [0m[32;1m(INFO)[0m [Producer.APTS_0 ]Initialising MLR1 DAQ Board
[0m[1m[2024-01-04 21:30:05.417] [0m[31;1m(DEBUG)[0m [Producer.APTS_0 ]v1.10.2 - /home/next/.local/lib/python3.10/site-packages/mlr1daqboard is not a git repository but an installation directory. Git hash at installation: f39ffae61a5ded937a877f938b665ea40cb8dcd9
[0m[1m[2024-01-04 21:30:05.419] [0m[31;1m(DEBUG)[0m [Producer.APTS_0 ]File /home/next/.local/lib/python3.10/site-packages/mlr1daqboard/mlr1daqboard.py installed in /home/next/.local/lib/python3.10/site-packages/mlr1daqboard v1.10.2:
Created:  2023-08-11 08:02:04.290911 UTC
Accessed: 2024-01-04 01:57:25.289000 UTC
Modified: 2023-08-11 08:02:04.290911 UTC
Size:     30355
git diff at installation:
[0m[1m[2024-01-04 21:30:05.420] [0m[31;1m(DEBUG)[0m [Producer.APTS_0 ]Loaded DAC calibration from /home/next/.local/lib/python3.10/site-packages/mlr1daqboard/calibration/APTS-025.json: {
    "IDAC": {
        "CE_COL_AP_IBIASN": [
            0.0189,
            1.79,
            670
        ],
        "CE_MAT_AP_IBIAS4SF_DP_IBIASF": [
            0.37996,
            50.38,
            10000
        ],
        "CE_PMOS_AP_DP_IRESET": [
            3.2e-05,
            0.0,
            2.0
        ],
        "AP_IBIASP_DP_IDB": [
            0.0158,
            1.14,
            450
        ],
        "AP_IBIAS3_DP_IBIAS": [
            0.1186,
            3.79,
            1500
        ]
    },
    "VDAC": {
        "AP_SEL0": [
            0.03804,
            4.71,
            1200
        ],
        "AP_SEL1": [
            0.03806,
            0.1,
            1200
        ],
        "AP_VRESET": [
            0.03809,
            3.6,
            1200
        ],
        "CE_VOFFSET_AP_DP_VH": [
            0.03808,
            3.96,
            1200
        ],
        "AP_VCASP_MUX0_DP_VCASB": [
            0.03805,
            1.61,
            1200
        ],
        "AP_VCASN_MUX1_DP_VCASN": [
            0.03807,
            3.06,
            1200
        ]
    }
}
[0m[1m[2024-01-04 21:30:05.434] [0m[31;1m(DEBUG)[0m [Producer.APTS_0 ]Using DAQ board with serial number DAQ-0009010E08932125
[0m[1m[2024-01-04 21:30:05.634] [0m[32;1m(INFO)[0m [Producer.ALPIDE_plane_0 ]Producer.ALPIDE_plane_0 is initialised.
[0m[1m[2024-01-04 21:30:05.638] [0m[32;1m(INFO)[0m [Producer.ALPIDE_plane_2 ]Producer.ALPIDE_plane_2 is initialised.
[0m[1m[2024-01-04 21:30:05.639] [0m[32;1m(INFO)[0m [Producer.ALPIDE_plane_1 ]Producer.ALPIDE_plane_1 is initialised.
[0m[1m[2024-01-04 21:30:05.731] [0m[31;1m(DEBUG)[0m [Producer.APTS_1 ]Read cmd 0x1602 returned 0000000016737e10
[0m[1m[2024-01-04 21:30:05.732] [0m[31;1m(DEBUG)[0m [Producer.APTS_1 ]Firmware version: 0x107E7316
[0m[1m[2024-01-04 21:30:05.732] [0m[31;1m(DEBUG)[0m [Producer.APTS_1 ]Read cmd 0x1600 returned 00000000fe000000
[0m[1m[2024-01-04 21:30:05.732] [0m[32;1m(INFO)[0m [Producer.APTS_1 ]Producer.APTS_1 is initialised.
[0m[1m[2024-01-04 21:30:05.737] [0m[31;1m(DEBUG)[0m [Producer.APTS_0 ]Read cmd 0x1602 returned 0000000016737e10
[0m[1m[2024-01-04 21:30:05.737] [0m[31;1m(DEBUG)[0m [Producer.APTS_0 ]Firmware version: 0x107E7316
[0m[1m[2024-01-04 21:30:05.737] [0m[31;1m(DEBUG)[0m [Producer.APTS_0 ]Read cmd 0x1600 returned 00000000fe000000
[0m[1m[2024-01-04 21:30:05.737] [0m[32;1m(INFO)[0m [Producer.APTS_0 ]Producer.APTS_0 is initialised.
[0m[1m[2024-01-04 21:30:06.414] [0m[32;1m(INFO)[0m [DataCollector.dc ]DataCollector.dc is initialised.
[0m[1m[2024-01-04 21:30:06.440] [0m[32;1m(INFO)[0m [RunControl.RC-TUI ]Processing Configure command
[0m[1m[2024-01-04 21:30:06.441] [0m[32;1m(INFO)[0m [DataCollector.dc ]Receive a CONF section
    <Configuration>
      <Section title="">
        <DataCollector.dc>tcp://127.0.0.1:43575</DataCollector.dc>
        <LogCollector.log>tcp://127.0.0.1:55000</LogCollector.log>
        <Name>lab-3ALPIDE-2APTS.conf</Name>
      </Section>
      <Section title="DataCollector.dc">
        <#EUDAQ_DATACOL_SEND_MONITOR_FRACTION>10</#EUDAQ_DATACOL_SEND_MONITOR_FRACTION>
        <#EUDAQ_FW_PATTERN>/dev/null/run$6R_$12D$X</#EUDAQ_FW_PATTERN>
        <#EUDAQ_MN>mon</#EUDAQ_MN>
        <EUDAQ_FW>native</EUDAQ_FW>
        <EUDAQ_FW_PATTERN>/home/next/ITS3/eudaq/data/20240104/run$6R_$12D$X</EUDAQ_FW_PATTERN>
      </Section>
    </Configuration>

[0m[1m[2024-01-04 21:30:06.441] [0m[32;1m(INFO)[0m [Producer.ALPIDE_plane_1 ]Receive a CONF section
    <Configuration>
      <Section title="">
        <DataCollector.dc>tcp://127.0.0.1:43575</DataCollector.dc>
        <LogCollector.log>tcp://127.0.0.1:55000</LogCollector.log>
        <Name>lab-3ALPIDE-2APTS.conf</Name>
      </Section>
      <Section title="Producer.ALPIDE_plane_1">
        <EUDAQ_DC>dc</EUDAQ_DC>
        <EUDAQ_ID>2</EUDAQ_ID>
        <ITHR>60</ITHR>
        <STROBE_LENGTH>800</STROBE_LENGTH>
        <VCASN>106</VCASN>
        <VCASN2>118</VCASN2>
        <VCLIP>60</VCLIP>
      </Section>
    </Configuration>

[0m[1m[2024-01-04 21:30:06.441] [0m[32;1m(INFO)[0m [Producer.ALPIDE_plane_1 ]Producer.ALPIDE_plane_1 is to be configured...
[0m[1m[2024-01-04 21:30:06.441] [0m[32;1m(INFO)[0m [Producer.POWER_0 ]Receive a CONF section
    <Configuration>
      <Section title="">
        <DataCollector.dc>tcp://127.0.0.1:43575</DataCollector.dc>
        <LogCollector.log>tcp://127.0.0.1:55000</LogCollector.log>
        <Name>lab-3ALPIDE-2APTS.conf</Name>
      </Section>
      <Section title="Producer.POWER_0">
        <EUDAQ_DC>dc</EUDAQ_DC>
      </Section>
    </Configuration>

[0m[1m[2024-01-04 21:30:06.441] [0m[32;1m(INFO)[0m [Producer.POWER_0 ]Producer.POWER_0 is to be configured...
[0m[1m[2024-01-04 21:30:06.441] [0m[32;1m(INFO)[0m [Producer.POWER_1 ]Receive a CONF section
    <Configuration>
      <Section title="">
        <DataCollector.dc>tcp://127.0.0.1:43575</DataCollector.dc>
        <LogCollector.log>tcp://127.0.0.1:55000</LogCollector.log>
        <Name>lab-3ALPIDE-2APTS.conf</Name>
      </Section>
      <Section title="Producer.POWER_1">
        <EUDAQ_DC>dc</EUDAQ_DC>
      </Section>
    </Configuration>

[0m[1m[2024-01-04 21:30:06.441] [0m[32;1m(INFO)[0m [Producer.APTS_1 ]Receive a CONF section
    <Configuration>
      <Section title="">
        <DataCollector.dc>tcp://127.0.0.1:43575</DataCollector.dc>
        <LogCollector.log>tcp://127.0.0.1:55000</LogCollector.log>
        <Name>lab-3ALPIDE-2APTS.conf</Name>
      </Section>
      <Section title="Producer.APTS_1">
        <EUDAQ_DC>dc</EUDAQ_DC>
        <EUDAQ_ID>2</EUDAQ_ID>
        <trg_thr>150</trg_thr>
        <trg_type>1</trg_type>
      </Section>
    </Configuration>

[0m[1m[2024-01-04 21:30:06.441] [0m[32;1m(INFO)[0m [DataCollector.dc ]DataCollector.dc is to be configured...
[0m[1m[2024-01-04 21:30:06.441] [0m[32;1m(INFO)[0m [DataCollector.dc ]DataCollector.dc is configured.
[0m[1m[2024-01-04 21:30:06.441] [0m[32;1m(INFO)[0m [Producer.ALPIDE_plane_0 ]Receive a CONF section
    <Configuration>
      <Section title="">
        <DataCollector.dc>tcp://127.0.0.1:43575</DataCollector.dc>
        <LogCollector.log>tcp://127.0.0.1:55000</LogCollector.log>
        <Name>lab-3ALPIDE-2APTS.conf</Name>
      </Section>
      <Section title="Producer.ALPIDE_plane_0">
        <EUDAQ_DC>dc</EUDAQ_DC>
        <EUDAQ_ID>0</EUDAQ_ID>
        <ITHR>60</ITHR>
        <STROBE_LENGTH>800</STROBE_LENGTH>
        <VCASN>106</VCASN>
        <VCASN2>118</VCASN2>
        <VCLIP>60</VCLIP>
      </Section>
    </Configuration>

[0m[1m[2024-01-04 21:30:06.441] [0m[32;1m(INFO)[0m [Producer.ALPIDE_plane_0 ]Producer.ALPIDE_plane_0 is to be configured...
[0m[1m[2024-01-04 21:30:06.441] [0m[32;1m(INFO)[0m [Producer.ALPIDE_plane_2 ]Receive a CONF section
    <Configuration>
      <Section title="">
        <DataCollector.dc>tcp://127.0.0.1:43575</DataCollector.dc>
        <LogCollector.log>tcp://127.0.0.1:55000</LogCollector.log>
        <Name>lab-3ALPIDE-2APTS.conf</Name>
      </Section>
      <Section title="Producer.ALPIDE_plane_2">
        <EUDAQ_DC>dc</EUDAQ_DC>
        <EUDAQ_ID>3</EUDAQ_ID>
        <ITHR>60</ITHR>
        <STROBE_LENGTH>800</STROBE_LENGTH>
        <VCASN>106</VCASN>
        <VCASN2>118</VCASN2>
        <VCLIP>60</VCLIP>
      </Section>
    </Configuration>

[0m[1m[2024-01-04 21:30:06.441] [0m[32;1m(INFO)[0m [Producer.ALPIDE_plane_2 ]Producer.ALPIDE_plane_2 is to be configured...
[0m[1m[2024-01-04 21:30:06.441] [0m[32;1m(INFO)[0m [Producer.POWER_0 ]Producer.POWER_0 is configured.
[0m[1m[2024-01-04 21:30:06.441] [0m[32;1m(INFO)[0m [Producer.POWER_1 ]Producer.POWER_1 is to be configured...
[0m[1m[2024-01-04 21:30:06.441] [0m[32;1m(INFO)[0m [Producer.POWER_1 ]Producer.POWER_1 is configured.
[0m[1m[2024-01-04 21:30:06.441] [0m[32;1m(INFO)[0m [Producer.APTS_0 ]Receive a CONF section
    <Configuration>
      <Section title="">
        <DataCollector.dc>tcp://127.0.0.1:43575</DataCollector.dc>
        <LogCollector.log>tcp://127.0.0.1:55000</LogCollector.log>
        <Name>lab-3ALPIDE-2APTS.conf</Name>
      </Section>
      <Section title="Producer.APTS_0">
        <#trg_thr>71</#trg_thr>
        <EUDAQ_DC>dc</EUDAQ_DC>
        <EUDAQ_ID>1</EUDAQ_ID>
        <trg_type>0</trg_type>
      </Section>
    </Configuration>

[0m[1m[2024-01-04 21:30:06.441] [0m[32;1m(INFO)[0m [Producer.APTS_0 ]Producer.APTS_0 is to be configured...
[0m[1m[2024-01-04 21:30:06.441] [0m[32;1m(INFO)[0m [Producer.APTS_1 ]Producer.APTS_1 is to be configured...
[0m[1m[2024-01-04 21:30:06.442] [0m[31;1m(DEBUG)[0m [Producer.APTS_1 ]Write cmd 0x0300 0x00000000 returned 0100000000030000
[0m[1m[2024-01-04 21:30:06.442] [0m[31;1m(DEBUG)[0m [Producer.APTS_0 ]Write cmd 0x0300 0x00000000 returned 0100000000030000
[0m[1m[2024-01-04 21:30:06.442] [0m[31;1m(DEBUG)[0m [Producer.APTS_1 ]Read cmd 0x1103 returned 000000006bdb0800
[0m[1m[2024-01-04 21:30:06.443] [0m[31;1m(DEBUG)[0m [Producer.APTS_0 ]Read cmd 0x1103 returned 0000000063eb0800
[0m[1m[2024-01-04 21:30:06.443] [0m[31;1m(DEBUG)[0m [Producer.APTS_1 ]Write cmd 0x00ef 0x00000000 returned 01000000ef000000
[0m[1m[2024-01-04 21:30:06.443] [0m[31;1m(DEBUG)[0m [Producer.APTS_1 ]Write cmd 0x0387 0x00000000 returned 0100000087030000
[0m[1m[2024-01-04 21:30:06.443] [0m[31;1m(DEBUG)[0m [Producer.APTS_0 ]Write cmd 0x00ef 0x00000000 returned 01000000ef000000
[0m[1m[2024-01-04 21:30:06.443] [0m[31;1m(DEBUG)[0m [Producer.APTS_1 ]Write cmd 0x0301 0x00000028 returned 0100000001030000
[0m[1m[2024-01-04 21:30:06.444] [0m[31;1m(DEBUG)[0m [Producer.APTS_0 ]Write cmd 0x0387 0x00000000 returned 0100000087030000
[0m[1m[2024-01-04 21:30:06.444] [0m[31;1m(DEBUG)[0m [Producer.APTS_1 ]Write cmd 0x0302 0x00000064 returned 0100000002030000
[0m[1m[2024-01-04 21:30:06.444] [0m[31;1m(DEBUG)[0m [Producer.APTS_0 ]Write cmd 0x0301 0x00000028 returned 0100000001030000
[0m[1m[2024-01-04 21:30:06.444] [0m[31;1m(DEBUG)[0m [Producer.APTS_1 ]Write cmd 0x0303 0x00000064 returned 0100000003030000
[0m[1m[2024-01-04 21:30:06.445] [0m[31;1m(DEBUG)[0m [Producer.APTS_0 ]Write cmd 0x0302 0x00000064 returned 0100000002030000
[0m[1m[2024-01-04 21:30:06.445] [0m[31;1m(DEBUG)[0m [Producer.APTS_1 ]Write cmd 0x0304 0x00000001 returned 0100000004030000
[0m[1m[2024-01-04 21:30:06.445] [0m[31;1m(DEBUG)[0m [Producer.APTS_0 ]Write cmd 0x0303 0x00000064 returned 0100000003030000
[0m[1m[2024-01-04 21:30:06.445] [0m[31;1m(DEBUG)[0m [Producer.APTS_1 ]Write cmd 0x0305 0x00002710 returned 0100000005030000
[0m[1m[2024-01-04 21:30:06.445] [0m[31;1m(DEBUG)[0m [Producer.APTS_0 ]Write cmd 0x0304 0x00000001 returned 0100000004030000
[0m[1m[2024-01-04 21:30:06.445] [0m[31;1m(DEBUG)[0m [Producer.APTS_1 ]Write cmd 0x0306 0x00000096 returned 0100000006030000
[0m[1m[2024-01-04 21:30:06.446] [0m[31;1m(DEBUG)[0m [Producer.APTS_1 ]Write cmd 0x0307 0x00000002 returned 0100000007030000
[0m[1m[2024-01-04 21:30:06.446] [0m[31;1m(DEBUG)[0m [Producer.APTS_0 ]Write cmd 0x0305 0x00002710 returned 0100000005030000
[0m[1m[2024-01-04 21:30:06.446] [0m[31;1m(DEBUG)[0m [Producer.APTS_1 ]Write cmd 0x0308 0x0000ffff returned 0100000008030000
[0m[1m[2024-01-04 21:30:06.446] [0m[31;1m(DEBUG)[0m [Producer.APTS_0 ]Write cmd 0x0306 0x00000014 returned 0100000006030000
[0m[1m[2024-01-04 21:30:06.446] [0m[31;1m(DEBUG)[0m [Producer.APTS_1 ]Write cmd 0x0309 0x00000000 returned 0100000009030000
[0m[1m[2024-01-04 21:30:06.447] [0m[31;1m(DEBUG)[0m [Producer.APTS_0 ]Write cmd 0x0307 0x00000002 returned 0100000007030000
[0m[1m[2024-01-04 21:30:06.447] [0m[31;1m(DEBUG)[0m [Producer.APTS_1 ]Write cmd 0x030a 0x00000001 returned 010000000a030000
[0m[1m[2024-01-04 21:30:06.447] [0m[31;1m(DEBUG)[0m [Producer.APTS_0 ]Write cmd 0x0308 0x0000ffff returned 0100000008030000
[0m[1m[2024-01-04 21:30:06.447] [0m[31;1m(DEBUG)[0m [Producer.APTS_1 ]Write cmd 0x030b 0x00000001 returned 010000000b030000
[0m[1m[2024-01-04 21:30:06.447] [0m[31;1m(DEBUG)[0m [Producer.APTS_0 ]Write cmd 0x0309 0x00000000 returned 0100000009030000
[0m[1m[2024-01-04 21:30:06.447] [0m[31;1m(DEBUG)[0m [Producer.APTS_1 ]Write cmd 0x030c 0x00000001 returned 010000000c030000
[0m[1m[2024-01-04 21:30:06.448] [0m[31;1m(DEBUG)[0m [Producer.APTS_0 ]Write cmd 0x030a 0x00000001 returned 010000000a030000
[0m[1m[2024-01-04 21:30:06.448] [0m[31;1m(DEBUG)[0m [Producer.APTS_1 ]Write cmd 0x030d 0x0000000a returned 010000000d030000
[0m[1m[2024-01-04 21:30:06.448] [0m[31;1m(DEBUG)[0m [Producer.APTS_0 ]Write cmd 0x030b 0x00000000 returned 010000000b030000
[0m[1m[2024-01-04 21:30:06.448] [0m[31;1m(DEBUG)[0m [Producer.APTS_1 ]Write cmd 0x030e 0x0000000a returned 010000000e030000
[0m[1m[2024-01-04 21:30:06.449] [0m[31;1m(DEBUG)[0m [Producer.APTS_1 ]Write cmd 0x0300 0x00000001 returned 0100000000030000
[0m[1m[2024-01-04 21:30:06.449] [0m[31;1m(DEBUG)[0m [Producer.APTS_0 ]Write cmd 0x030c 0x00000001 returned 010000000c030000
[0m[1m[2024-01-04 21:30:06.449] [0m[32;1m(INFO)[0m [Producer.APTS_1 ]Producer.APTS_1 is configured.
[0m[1m[2024-01-04 21:30:06.449] [0m[31;1m(DEBUG)[0m [Producer.APTS_0 ]Write cmd 0x030d 0x0000000a returned 010000000d030000
[0m[1m[2024-01-04 21:30:06.449] [0m[31;1m(DEBUG)[0m [Producer.APTS_0 ]Write cmd 0x030e 0x0000000a returned 010000000e030000
[0m[1m[2024-01-04 21:30:06.450] [0m[31;1m(DEBUG)[0m [Producer.APTS_0 ]Write cmd 0x0300 0x00000001 returned 0100000000030000
[0m[1m[2024-01-04 21:30:06.450] [0m[32;1m(INFO)[0m [Producer.APTS_0 ]Producer.APTS_0 is configured.
[0m[1m[2024-01-04 21:30:06.549] [0m[32;1m(INFO)[0m [Producer.ALPIDE_plane_1 ]Producer.ALPIDE_plane_1 is configured.
[0m[1m[2024-01-04 21:30:06.549] [0m[32;1m(INFO)[0m [Producer.ALPIDE_plane_0 ]Producer.ALPIDE_plane_0 is configured.
[0m[1m[2024-01-04 21:30:06.549] [0m[32;1m(INFO)[0m [Producer.ALPIDE_plane_2 ]Producer.ALPIDE_plane_2 is configured.
[0m[1m[2024-01-04 21:30:06.579] [0m[32;1m(INFO)[0m [RunControl.RC-TUI ]Processing StartRun command for RUN #14213003
[0m[1m[2024-01-04 21:30:07.680] [0m[32;1m(INFO)[0m [DataCollector.dc ]RUN #14213003 is to be started...
[0m[1m[2024-01-04 21:30:07.680] [0m[32;1m(INFO)[0m [DataCollector.dc ]RUN #14213003 is started.
[0m[1m[2024-01-04 21:30:08.780] [0m[32;1m(INFO)[0m [Producer.ALPIDE_plane_0 ]RUN #14213003 is to be started...
[0m[1m[2024-01-04 21:30:08.780] [0m[32;1m(INFO)[0m [Producer.POWER_0 ]RUN #14213003 is to be started...
[0m[1m[2024-01-04 21:30:08.780] [0m[32;1m(INFO)[0m [Producer.ALPIDE_plane_1 ]RUN #14213003 is to be started...
[0m[1m[2024-01-04 21:30:08.780] [0m[32;1m(INFO)[0m [Producer.ALPIDE_plane_2 ]RUN #14213003 is to be started...
[0m[1m[2024-01-04 21:30:08.780] [0m[32;1m(INFO)[0m [Producer.POWER_1 ]RUN #14213003 is to be started...
[0m[1m[2024-01-04 21:30:08.780] [0m[32;1m(INFO)[0m [Producer.APTS_0 ]RUN #14213003 is to be started...
[0m[1m[2024-01-04 21:30:08.782] [0m[32;1m(INFO)[0m [DataCollector.dc ]DataReceiver: Connection from <ConnectionTCP>
  <FD>tcp://127.0.0.1:52576</FD>
  <Connection>
    <Type>Producer</Type>
    <Name>POWER_0</Name>
    <State>1</State>
  </Connection>
</ConnectionTCP>

[0m[1m[2024-01-04 21:30:08.782] [0m[32;1m(INFO)[0m [DataCollector.dc ]DataReceiver: Connection from <ConnectionTCP>
  <FD>tcp://127.0.0.1:52580</FD>
  <Connection>
    <Type>Producer</Type>
    <Name>POWER_1</Name>
    <State>1</State>
  </Connection>
</ConnectionTCP>

[0m[1m[2024-01-04 21:30:08.782] [0m[32;1m(INFO)[0m [Producer.POWER_0 ]RUN #14213003 is started.
[0m[1m[2024-01-04 21:30:08.782] [0m[32;1m(INFO)[0m [DataCollector.dc ]DataReceiver: Connection from <ConnectionTCP>
  <FD>tcp://127.0.0.1:52572</FD>
  <Connection>
    <Type>Producer</Type>
    <Name>ALPIDE_plane_0</Name>
    <State>1</State>
  </Connection>
</ConnectionTCP>

[0m[1m[2024-01-04 21:30:08.782] [0m[32;1m(INFO)[0m [Producer.POWER_1 ]RUN #14213003 is started.
[0m[1m[2024-01-04 21:30:08.782] [0m[32;1m(INFO)[0m [DataCollector.dc ]DataReceiver: Connection from <ConnectionTCP>
  <FD>tcp://127.0.0.1:52584</FD>
  <Connection>
    <Type>Producer</Type>
    <Name>ALPIDE_plane_1</Name>
    <State>1</State>
  </Connection>
</ConnectionTCP>

[0m[1m[2024-01-04 21:30:08.783] [0m[32;1m(INFO)[0m [DataCollector.dc ]DataReceiver: Connection from <ConnectionTCP>
  <FD>tcp://127.0.0.1:52590</FD>
  <Connection>
    <Type>Producer</Type>
    <Name>APTS_0</Name>
    <State>1</State>
  </Connection>
</ConnectionTCP>

[0m[1m[2024-01-04 21:30:08.783] [0m[32;1m(INFO)[0m [DataCollector.dc ]DataReceiver: Connection from <ConnectionTCP>
  <FD>tcp://127.0.0.1:52592</FD>
  <Connection>
    <Type>Producer</Type>
    <Name>ALPIDE_plane_2</Name>
    <State>1</State>
  </Connection>
</ConnectionTCP>

[0m[1m[2024-01-04 21:30:08.783] [0m[31;1m(DEBUG)[0m [Producer.APTS_0 ]Read cmd 0x1103 returned 00000000633b0900
[0m[1m[2024-01-04 21:30:08.783] [0m[31;1m(DEBUG)[0m [Producer.APTS_0 ]Read cmd 0x1103 returned 00000000643b0900
[0m[1m[2024-01-04 21:30:08.792] [0m[31;1m(DEBUG)[0m [Producer.APTS_0 ]Read cmd 0x1602 returned 0000000016737e10
[0m[1m[2024-01-04 21:30:08.854] [0m[32;1m(INFO)[0m [Producer.ALPIDE_plane_2 ]RUN #14213003 is started.
[0m[1m[2024-01-04 21:30:08.855] [0m[32;1m(INFO)[0m [Producer.ALPIDE_plane_0 ]RUN #14213003 is started.
[0m[1m[2024-01-04 21:30:08.855] [0m[32;1m(INFO)[0m [Producer.ALPIDE_plane_1 ]RUN #14213003 is started.
[0m[1m[2024-01-04 21:30:08.893] [0m[31;1m(DEBUG)[0m [Producer.APTS_0 ]Write cmd 0x03ac 0x00000001 returned 01000000ac030000
[0m[1m[2024-01-04 21:30:08.894] [0m[32;1m(INFO)[0m [Producer.APTS_0 ]RUN #14213003 is started.
[0m[1m[2024-01-04 21:30:09.980] [0m[32;1m(INFO)[0m [Producer.APTS_1 ]RUN #14213003 is to be started...
[0m[1m[2024-01-04 21:30:09.981] [0m[32;1m(INFO)[0m [DataCollector.dc ]DataReceiver: Connection from <ConnectionTCP>
  <FD>tcp://127.0.0.1:52602</FD>
  <Connection>
    <Type>Producer</Type>
    <Name>APTS_1</Name>
    <State>1</State>
  </Connection>
</ConnectionTCP>

[0m[1m[2024-01-04 21:30:09.982] [0m[31;1m(DEBUG)[0m [Producer.APTS_1 ]Read cmd 0x1103 returned 000000006cfb0800
[0m[1m[2024-01-04 21:30:09.982] [0m[31;1m(DEBUG)[0m [Producer.APTS_1 ]Read cmd 0x1103 returned 000000006bfb0800
[0m[1m[2024-01-04 21:30:09.997] [0m[31;1m(DEBUG)[0m [Producer.APTS_1 ]Read cmd 0x1602 returned 0000000016737e10
[0m[1m[2024-01-04 21:30:10.098] [0m[31;1m(DEBUG)[0m [Producer.APTS_1 ]Write cmd 0x03ac 0x00000001 returned 01000000ac030000
[0m[1m[2024-01-04 21:30:10.098] [0m[32;1m(INFO)[0m [Producer.APTS_1 ]RUN #14213003 is started.
[0m[1m[2024-01-04 21:30:10.230] [0m[31;1m(ERROR)[0m [DataCollector.dc ]DoReceive: <ConnectionTCP>
  <FD>tcp://127.0.0.1:52592</FD>
  <Connection>
    <Type>Producer</Type>
    <Name>ALPIDE_plane_2</Name>
    <State>1</State>
  </Connection>
</ConnectionTCP>

[0m[1m[2024-01-04 21:30:10.254] [0m[33;1m(WARN)[0m [DataCollector.dc ]DataReceiver: Connection execption at listening time
[0m[1m[2024-01-04 21:30:18.984] [0m[31;1m(DEBUG)[0m [Producer.APTS_0 ]Read cmd 0x1103 returned 00000000603b0900
[0m[1m[2024-01-04 21:30:18.984] [0m[31;1m(DEBUG)[0m [Producer.APTS_0 ]Read cmd 0x1103 returned 0000000061db0800
[0m[1m[2024-01-04 21:30:20.142] [0m[31;1m(DEBUG)[0m [Producer.APTS_1 ]Read cmd 0x1103 returned 000000006aeb0800
[0m[1m[2024-01-04 21:30:20.143] [0m[31;1m(DEBUG)[0m [Producer.APTS_1 ]Read cmd 0x1103 returned 000000006a0b0900
[0m[1m[2024-01-04 21:30:28.993] [0m[31;1m(DEBUG)[0m [Producer.APTS_0 ]Read cmd 0x1103 returned 00000000632b0900
[0m[1m[2024-01-04 21:30:28.994] [0m[31;1m(DEBUG)[0m [Producer.APTS_0 ]Read cmd 0x1103 returned 0000000064bb0800
[0m[1m[2024-01-04 21:30:30.217] [0m[31;1m(DEBUG)[0m [Producer.APTS_1 ]Read cmd 0x1103 returned 00000000714b0900
[0m[1m[2024-01-04 21:30:30.218] [0m[31;1m(DEBUG)[0m [Producer.APTS_1 ]Read cmd 0x1103 returned 000000006c9b0800
[0m[1m[2024-01-04 21:30:39.005] [0m[31;1m(DEBUG)[0m [Producer.APTS_0 ]Read cmd 0x1103 returned 00000000610b0900
[0m[1m[2024-01-04 21:30:39.005] [0m[31;1m(DEBUG)[0m [Producer.APTS_0 ]Read cmd 0x1103 returned 00000000631b0900
[0m[1m[2024-01-04 21:30:40.347] [0m[31;1m(DEBUG)[0m [Producer.APTS_1 ]Read cmd 0x1103 returned 000000006bdb0800
[0m[1m[2024-01-04 21:30:40.347] [0m[31;1m(DEBUG)[0m [Producer.APTS_1 ]Read cmd 0x1103 returned 000000006ccb0800
[0m[1m[2024-01-04 21:30:49.075] [0m[31;1m(DEBUG)[0m [Producer.APTS_0 ]Read cmd 0x1103 returned 0000000063cb0800
[0m[1m[2024-01-04 21:30:49.075] [0m[31;1m(DEBUG)[0m [Producer.APTS_0 ]Read cmd 0x1103 returned 00000000623b0900
[0m[1m[2024-01-04 21:30:50.413] [0m[31;1m(DEBUG)[0m [Producer.APTS_1 ]Read cmd 0x1103 returned 000000006afb0800
[0m[1m[2024-01-04 21:30:50.413] [0m[31;1m(DEBUG)[0m [Producer.APTS_1 ]Read cmd 0x1103 returned 00000000691b0900
[0m[1m[2024-01-04 21:30:59.131] [0m[31;1m(DEBUG)[0m [Producer.APTS_0 ]Read cmd 0x1103 returned 0000000065ab0800
[0m[1m[2024-01-04 21:30:59.132] [0m[31;1m(DEBUG)[0m [Producer.APTS_0 ]Read cmd 0x1103 returned 00000000627b0900
[0m[1m[2024-01-04 21:31:00.557] [0m[31;1m(DEBUG)[0m [Producer.APTS_1 ]Read cmd 0x1103 returned 000000006dcb0800
[0m[1m[2024-01-04 21:31:00.558] [0m[31;1m(DEBUG)[0m [Producer.APTS_1 ]Read cmd 0x1103 returned 000000006c1b0900
[0m[1m[2024-01-04 21:31:09.158] [0m[31;1m(DEBUG)[0m [Producer.APTS_0 ]Read cmd 0x1103 returned 00000000634b0900
[0m[1m[2024-01-04 21:31:09.159] [0m[31;1m(DEBUG)[0m [Producer.APTS_0 ]Read cmd 0x1103 returned 00000000635b0900
[0m[1m[2024-01-04 21:31:10.629] [0m[31;1m(DEBUG)[0m [Producer.APTS_1 ]Read cmd 0x1103 returned 000000006c3b0900
[0m[1m[2024-01-04 21:31:10.630] [0m[31;1m(DEBUG)[0m [Producer.APTS_1 ]Read cmd 0x1103 returned 000000006bbb0800
[0m[1m[2024-01-04 21:31:19.237] [0m[31;1m(DEBUG)[0m [Producer.APTS_0 ]Read cmd 0x1103 returned 00000000649b0800
[0m[1m[2024-01-04 21:31:19.237] [0m[31;1m(DEBUG)[0m [Producer.APTS_0 ]Read cmd 0x1103 returned 0000000061fb0800
[0m[1m[2024-01-04 21:31:20.638] [0m[31;1m(DEBUG)[0m [Producer.APTS_1 ]Read cmd 0x1103 returned 000000006b0b0900
[0m[1m[2024-01-04 21:31:20.638] [0m[31;1m(DEBUG)[0m [Producer.APTS_1 ]Read cmd 0x1103 returned 00000000697b0800
[0m[1m[2024-01-04 21:31:29.308] [0m[31;1m(DEBUG)[0m [Producer.APTS_0 ]Read cmd 0x1103 returned 0000000061eb0800
[0m[1m[2024-01-04 21:31:29.308] [0m[31;1m(DEBUG)[0m [Producer.APTS_0 ]Read cmd 0x1103 returned 00000000660b0900
[0m[1m[2024-01-04 21:31:30.761] [0m[31;1m(DEBUG)[0m [Producer.APTS_1 ]Read cmd 0x1103 returned 000000006bbb0800
[0m[1m[2024-01-04 21:31:30.761] [0m[31;1m(DEBUG)[0m [Producer.APTS_1 ]Read cmd 0x1103 returned 0000000069cb0800
[0m[1m[2024-01-04 21:31:39.344] [0m[31;1m(DEBUG)[0m [Producer.APTS_0 ]Read cmd 0x1103 returned 00000000600b0900
[0m[1m[2024-01-04 21:31:39.344] [0m[31;1m(DEBUG)[0m [Producer.APTS_0 ]Read cmd 0x1103 returned 00000000650b0900
[0m[1m[2024-01-04 21:31:40.783] [0m[31;1m(DEBUG)[0m [Producer.APTS_1 ]Read cmd 0x1103 returned 000000006b9b0800
[0m[1m[2024-01-04 21:31:40.783] [0m[31;1m(DEBUG)[0m [Producer.APTS_1 ]Read cmd 0x1103 returned 000000006d0b0900
[0m[1m[2024-01-04 21:31:49.490] [0m[31;1m(DEBUG)[0m [Producer.APTS_0 ]Read cmd 0x1103 returned 0000000060db0800
[0m[1m[2024-01-04 21:31:49.491] [0m[31;1m(DEBUG)[0m [Producer.APTS_0 ]Read cmd 0x1103 returned 000000005f8b0800
[0m[1m[2024-01-04 21:31:51.053] [0m[31;1m(DEBUG)[0m [Producer.APTS_1 ]Read cmd 0x1103 returned 000000006e9b0800
[0m[1m[2024-01-04 21:31:51.053] [0m[31;1m(DEBUG)[0m [Producer.APTS_1 ]Read cmd 0x1103 returned 000000006ecb0800
[0m[1m[2024-01-04 21:31:59.655] [0m[31;1m(DEBUG)[0m [Producer.APTS_0 ]Read cmd 0x1103 returned 00000000649b0800
[0m[1m[2024-01-04 21:31:59.656] [0m[31;1m(DEBUG)[0m [Producer.APTS_0 ]Read cmd 0x1103 returned 000000005e1b0900
[0m[1m[2024-01-04 21:32:01.109] [0m[31;1m(DEBUG)[0m [Producer.APTS_1 ]Read cmd 0x1103 returned 000000006aeb0800
[0m[1m[2024-01-04 21:32:01.109] [0m[31;1m(DEBUG)[0m [Producer.APTS_1 ]Read cmd 0x1103 returned 000000006acb0800
[0m[1m[2024-01-04 21:32:09.745] [0m[31;1m(DEBUG)[0m [Producer.APTS_0 ]Read cmd 0x1103 returned 00000000616b0900
[0m[1m[2024-01-04 21:32:09.745] [0m[31;1m(DEBUG)[0m [Producer.APTS_0 ]Read cmd 0x1103 returned 0000000065eb0800
[0m[1m[2024-01-04 21:32:11.159] [0m[31;1m(DEBUG)[0m [Producer.APTS_1 ]Read cmd 0x1103 returned 000000006bfb0800
[0m[1m[2024-01-04 21:32:11.159] [0m[31;1m(DEBUG)[0m [Producer.APTS_1 ]Read cmd 0x1103 returned 000000006c9b0800
[0m[1m[2024-01-04 21:32:19.823] [0m[31;1m(DEBUG)[0m [Producer.APTS_0 ]Read cmd 0x1103 returned 000000005e2b0900
[0m[1m[2024-01-04 21:32:19.823] [0m[31;1m(DEBUG)[0m [Producer.APTS_0 ]Read cmd 0x1103 returned 0000000064fb0800
[0m[1m[2024-01-04 21:32:21.231] [0m[31;1m(DEBUG)[0m [Producer.APTS_1 ]Read cmd 0x1103 returned 0000000068db0800
[0m[1m[2024-01-04 21:32:21.231] [0m[31;1m(DEBUG)[0m [Producer.APTS_1 ]Read cmd 0x1103 returned 000000006c5b0800
[0m[1m[2024-01-04 21:32:29.903] [0m[31;1m(DEBUG)[0m [Producer.APTS_0 ]Read cmd 0x1103 returned 0000000064bb0800
[0m[1m[2024-01-04 21:32:29.904] [0m[31;1m(DEBUG)[0m [Producer.APTS_0 ]Read cmd 0x1103 returned 000000005d6b0900
[0m[1m[2024-01-04 21:32:31.297] [0m[31;1m(DEBUG)[0m [Producer.APTS_1 ]Read cmd 0x1103 returned 000000006ceb0800
[0m[1m[2024-01-04 21:32:31.298] [0m[31;1m(DEBUG)[0m [Producer.APTS_1 ]Read cmd 0x1103 returned 000000006aab0800
[0m[1m[2024-01-04 21:32:39.960] [0m[31;1m(DEBUG)[0m [Producer.APTS_0 ]Read cmd 0x1103 returned 00000000646b0900
[0m[1m[2024-01-04 21:32:39.961] [0m[31;1m(DEBUG)[0m [Producer.APTS_0 ]Read cmd 0x1103 returned 00000000633b0900
[0m[1m[2024-01-04 21:32:41.389] [0m[31;1m(DEBUG)[0m [Producer.APTS_1 ]Read cmd 0x1103 returned 000000006bcb0800
[0m[1m[2024-01-04 21:32:41.390] [0m[31;1m(DEBUG)[0m [Producer.APTS_1 ]Read cmd 0x1103 returned 000000006bcb0800
[0m[1m[2024-01-04 21:32:50.045] [0m[31;1m(DEBUG)[0m [Producer.APTS_0 ]Read cmd 0x1103 returned 0000000064db0800
[0m[1m[2024-01-04 21:32:50.046] [0m[31;1m(DEBUG)[0m [Producer.APTS_0 ]Read cmd 0x1103 returned 00000000643b0900
[0m[1m[2024-01-04 21:32:51.415] [0m[31;1m(DEBUG)[0m [Producer.APTS_1 ]Read cmd 0x1103 returned 000000006beb0800
[0m[1m[2024-01-04 21:32:51.416] [0m[31;1m(DEBUG)[0m [Producer.APTS_1 ]Read cmd 0x1103 returned 000000006dcb0800
[0m[1m[2024-01-04 21:33:00.116] [0m[31;1m(DEBUG)[0m [Producer.APTS_0 ]Read cmd 0x1103 returned 0000000065fb0800
[0m[1m[2024-01-04 21:33:00.116] [0m[31;1m(DEBUG)[0m [Producer.APTS_0 ]Read cmd 0x1103 returned 00000000630b0900
[0m[1m[2024-01-04 21:33:01.472] [0m[31;1m(DEBUG)[0m [Producer.APTS_1 ]Read cmd 0x1103 returned 000000006a1b0900
[0m[1m[2024-01-04 21:33:01.473] [0m[31;1m(DEBUG)[0m [Producer.APTS_1 ]Read cmd 0x1103 returned 000000006fbb0800
[0m[1m[2024-01-04 21:33:10.144] [0m[31;1m(DEBUG)[0m [Producer.APTS_0 ]Read cmd 0x1103 returned 00000000613b0900
[0m[1m[2024-01-04 21:33:10.145] [0m[31;1m(DEBUG)[0m [Producer.APTS_0 ]Read cmd 0x1103 returned 0000000064ab0800
[0m[1m[2024-01-04 21:33:11.484] [0m[31;1m(DEBUG)[0m [Producer.APTS_1 ]Read cmd 0x1103 returned 000000006d2b0900
[0m[1m[2024-01-04 21:33:11.484] [0m[31;1m(DEBUG)[0m [Producer.APTS_1 ]Read cmd 0x1103 returned 000000006c1b0900
[0m[1m[2024-01-04 21:33:20.157] [0m[31;1m(DEBUG)[0m [Producer.APTS_0 ]Read cmd 0x1103 returned 0000000065fb0800
[0m[1m[2024-01-04 21:33:20.157] [0m[31;1m(DEBUG)[0m [Producer.APTS_0 ]Read cmd 0x1103 returned 0000000061ab0800
[0m[1m[2024-01-04 21:33:21.486] [0m[31;1m(DEBUG)[0m [Producer.APTS_1 ]Read cmd 0x1103 returned 000000006b0b0900
[0m[1m[2024-01-04 21:33:21.486] [0m[31;1m(DEBUG)[0m [Producer.APTS_1 ]Read cmd 0x1103 returned 000000006efb0800
[0m[1m[2024-01-04 21:33:30.298] [0m[31;1m(DEBUG)[0m [Producer.APTS_0 ]Read cmd 0x1103 returned 0000000062fb0800
[0m[1m[2024-01-04 21:33:30.299] [0m[31;1m(DEBUG)[0m [Producer.APTS_0 ]Read cmd 0x1103 returned 00000000644b0900
[0m[1m[2024-01-04 21:33:31.486] [0m[31;1m(DEBUG)[0m [Producer.APTS_1 ]Read cmd 0x1103 returned 000000006bbb0800
[0m[1m[2024-01-04 21:33:31.487] [0m[31;1m(DEBUG)[0m [Producer.APTS_1 ]Read cmd 0x1103 returned 000000006c8b0800
[0m[1m[2024-01-04 21:33:40.304] [0m[31;1m(DEBUG)[0m [Producer.APTS_0 ]Read cmd 0x1103 returned 00000000635b0900
[0m[1m[2024-01-04 21:33:40.305] [0m[31;1m(DEBUG)[0m [Producer.APTS_0 ]Read cmd 0x1103 returned 00000000669b0800
[0m[1m[2024-01-04 21:33:41.553] [0m[31;1m(DEBUG)[0m [Producer.APTS_1 ]Read cmd 0x1103 returned 000000006dfb0800
[0m[1m[2024-01-04 21:33:41.553] [0m[31;1m(DEBUG)[0m [Producer.APTS_1 ]Read cmd 0x1103 returned 000000006e8b0800
[0m[1m[2024-01-04 21:33:50.335] [0m[31;1m(DEBUG)[0m [Producer.APTS_0 ]Read cmd 0x1103 returned 00000000611b0900
[0m[1m[2024-01-04 21:33:50.336] [0m[31;1m(DEBUG)[0m [Producer.APTS_0 ]Read cmd 0x1103 returned 0000000062fb0800
[0m[1m[2024-01-04 21:33:51.567] [0m[31;1m(DEBUG)[0m [Producer.APTS_1 ]Read cmd 0x1103 returned 000000006d8b0800
[0m[1m[2024-01-04 21:33:51.567] [0m[31;1m(DEBUG)[0m [Producer.APTS_1 ]Read cmd 0x1103 returned 000000006f0b0900
[0m[1m[2024-01-04 21:34:00.377] [0m[31;1m(DEBUG)[0m [Producer.APTS_0 ]Read cmd 0x1103 returned 0000000064eb0800
[0m[1m[2024-01-04 21:34:00.378] [0m[31;1m(DEBUG)[0m [Producer.APTS_0 ]Read cmd 0x1103 returned 00000000647b0900
[0m[1m[2024-01-04 21:34:01.665] [0m[31;1m(DEBUG)[0m [Producer.APTS_1 ]Read cmd 0x1103 returned 0000000070cb0800
[0m[1m[2024-01-04 21:34:01.666] [0m[31;1m(DEBUG)[0m [Producer.APTS_1 ]Read cmd 0x1103 returned 000000006dbb0800
[0m[1m[2024-01-04 21:34:10.554] [0m[31;1m(DEBUG)[0m [Producer.APTS_0 ]Read cmd 0x1103 returned 00000000671b0900
[0m[1m[2024-01-04 21:34:10.554] [0m[31;1m(DEBUG)[0m [Producer.APTS_0 ]Read cmd 0x1103 returned 00000000684b0900
[0m[1m[2024-01-04 21:34:11.879] [0m[31;1m(DEBUG)[0m [Producer.APTS_1 ]Read cmd 0x1103 returned 000000006c5b0800
[0m[1m[2024-01-04 21:34:11.879] [0m[31;1m(DEBUG)[0m [Producer.APTS_1 ]Read cmd 0x1103 returned 000000006bcb0800
[0m[1m[2024-01-04 21:34:20.644] [0m[31;1m(DEBUG)[0m [Producer.APTS_0 ]Read cmd 0x1103 returned 00000000630b0900
[0m[1m[2024-01-04 21:34:20.645] [0m[31;1m(DEBUG)[0m [Producer.APTS_0 ]Read cmd 0x1103 returned 00000000630b0900
[0m[1m[2024-01-04 21:34:21.885] [0m[31;1m(DEBUG)[0m [Producer.APTS_1 ]Read cmd 0x1103 returned 0000000070eb0800
[0m[1m[2024-01-04 21:34:21.885] [0m[31;1m(DEBUG)[0m [Producer.APTS_1 ]Read cmd 0x1103 returned 000000006bfb0800
[0m[1m[2024-01-04 21:34:30.690] [0m[31;1m(DEBUG)[0m [Producer.APTS_0 ]Read cmd 0x1103 returned 00000000671b0900
[0m[1m[2024-01-04 21:34:30.690] [0m[31;1m(DEBUG)[0m [Producer.APTS_0 ]Read cmd 0x1103 returned 0000000063fb0800
[0m[1m[2024-01-04 21:34:31.941] [0m[31;1m(DEBUG)[0m [Producer.APTS_1 ]Read cmd 0x1103 returned 000000006efb0800
[0m[1m[2024-01-04 21:34:31.942] [0m[31;1m(DEBUG)[0m [Producer.APTS_1 ]Read cmd 0x1103 returned 000000006e7b0800
[0m[1m[2024-01-04 21:34:40.782] [0m[31;1m(DEBUG)[0m [Producer.APTS_0 ]Read cmd 0x1103 returned 00000000611b0900
[0m[1m[2024-01-04 21:34:40.782] [0m[31;1m(DEBUG)[0m [Producer.APTS_0 ]Read cmd 0x1103 returned 0000000065fb0800
[0m[1m[2024-01-04 21:34:42.099] [0m[31;1m(DEBUG)[0m [Producer.APTS_1 ]Read cmd 0x1103 returned 000000006e0b0900
[0m[1m[2024-01-04 21:34:42.099] [0m[31;1m(DEBUG)[0m [Producer.APTS_1 ]Read cmd 0x1103 returned 000000006b7b0800
[0m[1m[2024-01-04 21:34:50.828] [0m[31;1m(DEBUG)[0m [Producer.APTS_0 ]Read cmd 0x1103 returned 00000000664b0900
[0m[1m[2024-01-04 21:34:50.829] [0m[31;1m(DEBUG)[0m [Producer.APTS_0 ]Read cmd 0x1103 returned 0000000064eb0800
[0m[1m[2024-01-04 21:34:52.248] [0m[31;1m(DEBUG)[0m [Producer.APTS_1 ]Read cmd 0x1103 returned 000000006c1b0900
[0m[1m[2024-01-04 21:34:52.248] [0m[31;1m(DEBUG)[0m [Producer.APTS_1 ]Read cmd 0x1103 returned 000000006dfb0800
[0m[1m[2024-01-04 21:35:00.905] [0m[31;1m(DEBUG)[0m [Producer.APTS_0 ]Read cmd 0x1103 returned 00000000635b0900
[0m[1m[2024-01-04 21:35:00.905] [0m[31;1m(DEBUG)[0m [Producer.APTS_0 ]Read cmd 0x1103 returned 00000000643b0900
[0m[1m[2024-01-04 21:35:02.254] [0m[31;1m(DEBUG)[0m [Producer.APTS_1 ]Read cmd 0x1103 returned 000000006cab0800
[0m[1m[2024-01-04 21:35:02.254] [0m[31;1m(DEBUG)[0m [Producer.APTS_1 ]Read cmd 0x1103 returned 000000006eeb0800
[0m[1m[2024-01-04 21:35:10.926] [0m[31;1m(DEBUG)[0m [Producer.APTS_0 ]Read cmd 0x1103 returned 0000000061ab0800
[0m[1m[2024-01-04 21:35:10.926] [0m[31;1m(DEBUG)[0m [Producer.APTS_0 ]Read cmd 0x1103 returned 0000000064cb0800
[0m[1m[2024-01-04 21:35:12.308] [0m[31;1m(DEBUG)[0m [Producer.APTS_1 ]Read cmd 0x1103 returned 000000006ffb0800
[0m[1m[2024-01-04 21:35:12.308] [0m[31;1m(DEBUG)[0m [Producer.APTS_1 ]Read cmd 0x1103 returned 000000006adb0800
[0m[1m[2024-01-04 21:35:21.109] [0m[31;1m(DEBUG)[0m [Producer.APTS_0 ]Read cmd 0x1103 returned 0000000063db0800
[0m[1m[2024-01-04 21:35:21.109] [0m[31;1m(DEBUG)[0m [Producer.APTS_0 ]Read cmd 0x1103 returned 00000000640b0900
[0m[1m[2024-01-04 21:35:22.469] [0m[31;1m(DEBUG)[0m [Producer.APTS_1 ]Read cmd 0x1103 returned 000000006cbb0800
[0m[1m[2024-01-04 21:35:22.470] [0m[31;1m(DEBUG)[0m [Producer.APTS_1 ]Read cmd 0x1103 returned 000000006a8b0800
[0m[1m[2024-01-04 21:35:31.325] [0m[31;1m(DEBUG)[0m [Producer.APTS_0 ]Read cmd 0x1103 returned 0000000064cb0800
[0m[1m[2024-01-04 21:35:31.326] [0m[31;1m(DEBUG)[0m [Producer.APTS_0 ]Read cmd 0x1103 returned 0000000061db0800
[0m[1m[2024-01-04 21:35:32.626] [0m[31;1m(DEBUG)[0m [Producer.APTS_1 ]Read cmd 0x1103 returned 000000006ecb0800
[0m[1m[2024-01-04 21:35:32.626] [0m[31;1m(DEBUG)[0m [Producer.APTS_1 ]Read cmd 0x1103 returned 000000006e1b0900
[0m[1m[2024-01-04 21:35:41.340] [0m[31;1m(DEBUG)[0m [Producer.APTS_0 ]Read cmd 0x1103 returned 0000000066ab0800
[0m[1m[2024-01-04 21:35:41.340] [0m[31;1m(DEBUG)[0m [Producer.APTS_0 ]Read cmd 0x1103 returned 0000000062fb0800
[0m[1m[2024-01-04 21:35:42.648] [0m[31;1m(DEBUG)[0m [Producer.APTS_1 ]Read cmd 0x1103 returned 000000006b8b0800
[0m[1m[2024-01-04 21:35:42.648] [0m[31;1m(DEBUG)[0m [Producer.APTS_1 ]Read cmd 0x1103 returned 000000006aab0800
[0m[1m[2024-01-04 21:35:51.640] [0m[31;1m(DEBUG)[0m [Producer.APTS_0 ]Read cmd 0x1103 returned 00000000664b0900
[0m[1m[2024-01-04 21:35:51.640] [0m[31;1m(DEBUG)[0m [Producer.APTS_0 ]Read cmd 0x1103 returned 00000000614b0900
[0m[1m[2024-01-04 21:35:52.692] [0m[31;1m(DEBUG)[0m [Producer.APTS_1 ]Read cmd 0x1103 returned 000000006e7b0800
[0m[1m[2024-01-04 21:35:52.692] [0m[31;1m(DEBUG)[0m [Producer.APTS_1 ]Read cmd 0x1103 returned 000000006c1b0900
[0m[1m[2024-01-04 21:36:01.717] [0m[31;1m(DEBUG)[0m [Producer.APTS_0 ]Read cmd 0x1103 returned 00000000682b0900
[0m[1m[2024-01-04 21:36:01.718] [0m[31;1m(DEBUG)[0m [Producer.APTS_0 ]Read cmd 0x1103 returned 00000000667b0900
[0m[1m[2024-01-04 21:36:02.736] [0m[31;1m(DEBUG)[0m [Producer.APTS_1 ]Read cmd 0x1103 returned 000000006dbb0800
[0m[1m[2024-01-04 21:36:02.736] [0m[31;1m(DEBUG)[0m [Producer.APTS_1 ]Read cmd 0x1103 returned 000000006abb0800
[0m[1m[2024-01-04 21:36:11.771] [0m[31;1m(DEBUG)[0m [Producer.APTS_0 ]Read cmd 0x1103 returned 00000000631b0900
[0m[1m[2024-01-04 21:36:11.771] [0m[31;1m(DEBUG)[0m [Producer.APTS_0 ]Read cmd 0x1103 returned 0000000062db0800
[0m[1m[2024-01-04 21:36:12.800] [0m[31;1m(DEBUG)[0m [Producer.APTS_1 ]Read cmd 0x1103 returned 000000006ceb0800
[0m[1m[2024-01-04 21:36:12.800] [0m[31;1m(DEBUG)[0m [Producer.APTS_1 ]Read cmd 0x1103 returned 000000006bfb0800
[0m[1m[2024-01-04 21:36:21.856] [0m[31;1m(DEBUG)[0m [Producer.APTS_0 ]Read cmd 0x1103 returned 00000000641b0900
[0m[1m[2024-01-04 21:36:21.857] [0m[31;1m(DEBUG)[0m [Producer.APTS_0 ]Read cmd 0x1103 returned 0000000064cb0800
[0m[1m[2024-01-04 21:36:22.802] [0m[31;1m(DEBUG)[0m [Producer.APTS_1 ]Read cmd 0x1103 returned 000000006eab0800
[0m[1m[2024-01-04 21:36:22.802] [0m[31;1m(DEBUG)[0m [Producer.APTS_1 ]Read cmd 0x1103 returned 000000006ceb0800
[0m[1m[2024-01-04 21:36:31.945] [0m[31;1m(DEBUG)[0m [Producer.APTS_0 ]Read cmd 0x1103 returned 00000000655b0900
[0m[1m[2024-01-04 21:36:31.946] [0m[31;1m(DEBUG)[0m [Producer.APTS_0 ]Read cmd 0x1103 returned 0000000062eb0800
[0m[1m[2024-01-04 21:36:32.876] [0m[31;1m(DEBUG)[0m [Producer.APTS_1 ]Read cmd 0x1103 returned 000000006a4b0900
[0m[1m[2024-01-04 21:36:32.878] [0m[31;1m(DEBUG)[0m [Producer.APTS_1 ]Read cmd 0x1103 returned 000000006cab0800
[0m[1m[2024-01-04 21:36:42.029] [0m[31;1m(DEBUG)[0m [Producer.APTS_0 ]Read cmd 0x1103 returned 00000000652b0900
[0m[1m[2024-01-04 21:36:42.030] [0m[31;1m(DEBUG)[0m [Producer.APTS_0 ]Read cmd 0x1103 returned 0000000062cb0800
[0m[1m[2024-01-04 21:36:42.917] [0m[31;1m(DEBUG)[0m [Producer.APTS_1 ]Read cmd 0x1103 returned 000000006b1b0900
[0m[1m[2024-01-04 21:36:42.918] [0m[31;1m(DEBUG)[0m [Producer.APTS_1 ]Read cmd 0x1103 returned 000000006a8b0800
[0m[1m[2024-01-04 21:36:52.089] [0m[31;1m(DEBUG)[0m [Producer.APTS_0 ]Read cmd 0x1103 returned 0000000064bb0800
[0m[1m[2024-01-04 21:36:52.089] [0m[31;1m(DEBUG)[0m [Producer.APTS_0 ]Read cmd 0x1103 returned 0000000066fb0800
[0m[1m[2024-01-04 21:36:53.056] [0m[31;1m(DEBUG)[0m [Producer.APTS_1 ]Read cmd 0x1103 returned 000000006e0b0900
[0m[1m[2024-01-04 21:36:53.056] [0m[31;1m(DEBUG)[0m [Producer.APTS_1 ]Read cmd 0x1103 returned 000000006fcb0800
[0m[1m[2024-01-04 21:37:02.139] [0m[31;1m(DEBUG)[0m [Producer.APTS_0 ]Read cmd 0x1103 returned 00000000673b0900
[0m[1m[2024-01-04 21:37:02.139] [0m[31;1m(DEBUG)[0m [Producer.APTS_0 ]Read cmd 0x1103 returned 0000000064eb0800
[0m[1m[2024-01-04 21:37:03.090] [0m[31;1m(DEBUG)[0m [Producer.APTS_1 ]Read cmd 0x1103 returned 0000000071cb0800
[0m[1m[2024-01-04 21:37:03.090] [0m[31;1m(DEBUG)[0m [Producer.APTS_1 ]Read cmd 0x1103 returned 000000006a0b0900
[0m[1m[2024-01-04 21:37:12.224] [0m[31;1m(DEBUG)[0m [Producer.APTS_0 ]Read cmd 0x1103 returned 0000000062ab0800
[0m[1m[2024-01-04 21:37:12.224] [0m[31;1m(DEBUG)[0m [Producer.APTS_0 ]Read cmd 0x1103 returned 00000000636b0800
[0m[1m[2024-01-04 21:37:13.126] [0m[31;1m(DEBUG)[0m [Producer.APTS_1 ]Read cmd 0x1103 returned 00000000692b0900
[0m[1m[2024-01-04 21:37:13.127] [0m[31;1m(DEBUG)[0m [Producer.APTS_1 ]Read cmd 0x1103 returned 000000006d9b0800
[0m[1m[2024-01-04 21:37:22.232] [0m[31;1m(DEBUG)[0m [Producer.APTS_0 ]Read cmd 0x1103 returned 00000000644b0900
[0m[1m[2024-01-04 21:37:22.232] [0m[31;1m(DEBUG)[0m [Producer.APTS_0 ]Read cmd 0x1103 returned 0000000065eb0800
[0m[1m[2024-01-04 21:37:23.177] [0m[31;1m(DEBUG)[0m [Producer.APTS_1 ]Read cmd 0x1103 returned 000000006e1b0900
[0m[1m[2024-01-04 21:37:23.178] [0m[31;1m(DEBUG)[0m [Producer.APTS_1 ]Read cmd 0x1103 returned 000000006c2b0900
[0m[1m[2024-01-04 21:37:32.286] [0m[31;1m(DEBUG)[0m [Producer.APTS_0 ]Read cmd 0x1103 returned 000000005f2b0900
[0m[1m[2024-01-04 21:37:32.287] [0m[31;1m(DEBUG)[0m [Producer.APTS_0 ]Read cmd 0x1103 returned 0000000061cb0800
[0m[1m[2024-01-04 21:37:33.268] [0m[31;1m(DEBUG)[0m [Producer.APTS_1 ]Read cmd 0x1103 returned 000000006d5b0800
[0m[1m[2024-01-04 21:37:33.268] [0m[31;1m(DEBUG)[0m [Producer.APTS_1 ]Read cmd 0x1103 returned 000000006c8b0800
[0m[1m[2024-01-04 21:37:42.294] [0m[31;1m(DEBUG)[0m [Producer.APTS_0 ]Read cmd 0x1103 returned 00000000618b0800
[0m[1m[2024-01-04 21:37:42.294] [0m[31;1m(DEBUG)[0m [Producer.APTS_0 ]Read cmd 0x1103 returned 00000000640b0900
[0m[1m[2024-01-04 21:37:43.328] [0m[31;1m(DEBUG)[0m [Producer.APTS_1 ]Read cmd 0x1103 returned 000000006e0b0900
[0m[1m[2024-01-04 21:37:43.328] [0m[31;1m(DEBUG)[0m [Producer.APTS_1 ]Read cmd 0x1103 returned 000000006d0b0900
[0m[1m[2024-01-04 21:37:52.338] [0m[31;1m(DEBUG)[0m [Producer.APTS_0 ]Read cmd 0x1103 returned 00000000651b0900
[0m[1m[2024-01-04 21:37:52.338] [0m[31;1m(DEBUG)[0m [Producer.APTS_0 ]Read cmd 0x1103 returned 00000000622b0900
[0m[1m[2024-01-04 21:37:53.408] [0m[31;1m(DEBUG)[0m [Producer.APTS_1 ]Read cmd 0x1103 returned 00000000707b0800
[0m[1m[2024-01-04 21:37:53.408] [0m[31;1m(DEBUG)[0m [Producer.APTS_1 ]Read cmd 0x1103 returned 000000006ffb0800
[0m[1m[2024-01-04 21:38:02.396] [0m[31;1m(DEBUG)[0m [Producer.APTS_0 ]Read cmd 0x1103 returned 00000000643b0900
[0m[1m[2024-01-04 21:38:02.396] [0m[31;1m(DEBUG)[0m [Producer.APTS_0 ]Read cmd 0x1103 returned 0000000065bb0800
[0m[1m[2024-01-04 21:38:03.513] [0m[31;1m(DEBUG)[0m [Producer.APTS_1 ]Read cmd 0x1103 returned 000000006b6b0800
[0m[1m[2024-01-04 21:38:03.514] [0m[31;1m(DEBUG)[0m [Producer.APTS_1 ]Read cmd 0x1103 returned 000000006bfb0800
[0m[1m[2024-01-04 21:38:12.448] [0m[31;1m(DEBUG)[0m [Producer.APTS_0 ]Read cmd 0x1103 returned 0000000067db0800
[0m[1m[2024-01-04 21:38:12.449] [0m[31;1m(DEBUG)[0m [Producer.APTS_0 ]Read cmd 0x1103 returned 00000000662b0900
[0m[1m[2024-01-04 21:38:13.516] [0m[31;1m(DEBUG)[0m [Producer.APTS_1 ]Read cmd 0x1103 returned 000000006adb0800
[0m[1m[2024-01-04 21:38:13.516] [0m[31;1m(DEBUG)[0m [Producer.APTS_1 ]Read cmd 0x1103 returned 000000006acb0800
[0m[1m[2024-01-04 21:38:22.604] [0m[31;1m(DEBUG)[0m [Producer.APTS_0 ]Read cmd 0x1103 returned 0000000065fb0800
[0m[1m[2024-01-04 21:38:22.604] [0m[31;1m(DEBUG)[0m [Producer.APTS_0 ]Read cmd 0x1103 returned 00000000646b0900
[0m[1m[2024-01-04 21:38:23.665] [0m[31;1m(DEBUG)[0m [Producer.APTS_1 ]Read cmd 0x1103 returned 000000006dfb0800
[0m[1m[2024-01-04 21:38:23.666] [0m[31;1m(DEBUG)[0m [Producer.APTS_1 ]Read cmd 0x1103 returned 000000006ddb0800
[0m[1m[2024-01-04 21:38:32.626] [0m[31;1m(DEBUG)[0m [Producer.APTS_0 ]Read cmd 0x1103 returned 00000000633b0900
[0m[1m[2024-01-04 21:38:32.626] [0m[31;1m(DEBUG)[0m [Producer.APTS_0 ]Read cmd 0x1103 returned 00000000621b0900
[0m[1m[2024-01-04 21:38:33.695] [0m[31;1m(DEBUG)[0m [Producer.APTS_1 ]Read cmd 0x1103 returned 000000006feb0800
[0m[1m[2024-01-04 21:38:33.695] [0m[31;1m(DEBUG)[0m [Producer.APTS_1 ]Read cmd 0x1103 returned 000000006f8b0800
[0m[1m[2024-01-04 21:38:42.637] [0m[31;1m(DEBUG)[0m [Producer.APTS_0 ]Read cmd 0x1103 returned 00000000608b0900
[0m[1m[2024-01-04 21:38:42.637] [0m[31;1m(DEBUG)[0m [Producer.APTS_0 ]Read cmd 0x1103 returned 00000000632b0900
[0m[1m[2024-01-04 21:38:43.724] [0m[31;1m(DEBUG)[0m [Producer.APTS_1 ]Read cmd 0x1103 returned 000000006ddb0800
[0m[1m[2024-01-04 21:38:43.725] [0m[31;1m(DEBUG)[0m [Producer.APTS_1 ]Read cmd 0x1103 returned 000000006dfb0800
[0m[1m[2024-01-04 21:38:52.733] [0m[31;1m(DEBUG)[0m [Producer.APTS_0 ]Read cmd 0x1103 returned 00000000613b0900
[0m[1m[2024-01-04 21:38:52.734] [0m[31;1m(DEBUG)[0m [Producer.APTS_0 ]Read cmd 0x1103 returned 00000000654b0900
[0m[1m[2024-01-04 21:38:53.771] [0m[31;1m(DEBUG)[0m [Producer.APTS_1 ]Read cmd 0x1103 returned 000000006f2b0900
[0m[1m[2024-01-04 21:38:53.771] [0m[31;1m(DEBUG)[0m [Producer.APTS_1 ]Read cmd 0x1103 returned 000000006b8b0900
[0m[1m[2024-01-04 21:39:02.777] [0m[31;1m(DEBUG)[0m [Producer.APTS_0 ]Read cmd 0x1103 returned 0000000062db0800
[0m[1m[2024-01-04 21:39:02.777] [0m[31;1m(DEBUG)[0m [Producer.APTS_0 ]Read cmd 0x1103 returned 00000000626b0900
[0m[1m[2024-01-04 21:39:03.945] [0m[31;1m(DEBUG)[0m [Producer.APTS_1 ]Read cmd 0x1103 returned 000000006fdb0800
[0m[1m[2024-01-04 21:39:03.946] [0m[31;1m(DEBUG)[0m [Producer.APTS_1 ]Read cmd 0x1103 returned 0000000070cb0800
[0m[1m[2024-01-04 21:39:12.805] [0m[31;1m(DEBUG)[0m [Producer.APTS_0 ]Read cmd 0x1103 returned 0000000063db0800
[0m[1m[2024-01-04 21:39:12.806] [0m[31;1m(DEBUG)[0m [Producer.APTS_0 ]Read cmd 0x1103 returned 0000000064fb0800
[0m[1m[2024-01-04 21:39:14.020] [0m[31;1m(DEBUG)[0m [Producer.APTS_1 ]Read cmd 0x1103 returned 000000006bbb0800
[0m[1m[2024-01-04 21:39:14.021] [0m[31;1m(DEBUG)[0m [Producer.APTS_1 ]Read cmd 0x1103 returned 0000000069eb0800
[0m[1m[2024-01-04 21:39:22.819] [0m[31;1m(DEBUG)[0m [Producer.APTS_0 ]Read cmd 0x1103 returned 00000000638b0800
[0m[1m[2024-01-04 21:39:22.819] [0m[31;1m(DEBUG)[0m [Producer.APTS_0 ]Read cmd 0x1103 returned 00000000622b0900
[0m[1m[2024-01-04 21:39:24.066] [0m[31;1m(DEBUG)[0m [Producer.APTS_1 ]Read cmd 0x1103 returned 00000000691b0900
[0m[1m[2024-01-04 21:39:24.067] [0m[31;1m(DEBUG)[0m [Producer.APTS_1 ]Read cmd 0x1103 returned 000000006d1b0900
[0m[1m[2024-01-04 21:39:32.855] [0m[31;1m(DEBUG)[0m [Producer.APTS_0 ]Read cmd 0x1103 returned 00000000641b0900
[0m[1m[2024-01-04 21:39:32.856] [0m[31;1m(DEBUG)[0m [Producer.APTS_0 ]Read cmd 0x1103 returned 0000000066ab0800
[0m[1m[2024-01-04 21:39:34.105] [0m[31;1m(DEBUG)[0m [Producer.APTS_1 ]Read cmd 0x1103 returned 000000006ffb0800
[0m[1m[2024-01-04 21:39:34.105] [0m[31;1m(DEBUG)[0m [Producer.APTS_1 ]Read cmd 0x1103 returned 000000006f2b0900
[0m[1m[2024-01-04 21:39:43.032] [0m[31;1m(DEBUG)[0m [Producer.APTS_0 ]Read cmd 0x1103 returned 00000000641b0900
[0m[1m[2024-01-04 21:39:43.033] [0m[31;1m(DEBUG)[0m [Producer.APTS_0 ]Read cmd 0x1103 returned 0000000066db0800
[0m[1m[2024-01-04 21:39:44.196] [0m[31;1m(DEBUG)[0m [Producer.APTS_1 ]Read cmd 0x1103 returned 000000006eab0800
[0m[1m[2024-01-04 21:39:44.196] [0m[31;1m(DEBUG)[0m [Producer.APTS_1 ]Read cmd 0x1103 returned 000000006e0b0900
[0m[1m[2024-01-04 21:39:53.080] [0m[31;1m(DEBUG)[0m [Producer.APTS_0 ]Read cmd 0x1103 returned 00000000640b0900
[0m[1m[2024-01-04 21:39:53.081] [0m[31;1m(DEBUG)[0m [Producer.APTS_0 ]Read cmd 0x1103 returned 0000000063fb0800
[0m[1m[2024-01-04 21:39:54.436] [0m[31;1m(DEBUG)[0m [Producer.APTS_1 ]Read cmd 0x1103 returned 000000006ddb0800
[0m[1m[2024-01-04 21:39:54.437] [0m[31;1m(DEBUG)[0m [Producer.APTS_1 ]Read cmd 0x1103 returned 000000006ebb0800
[0m[1m[2024-01-04 21:40:03.110] [0m[31;1m(DEBUG)[0m [Producer.APTS_0 ]Read cmd 0x1103 returned 0000000067ab0800
[0m[1m[2024-01-04 21:40:03.111] [0m[31;1m(DEBUG)[0m [Producer.APTS_0 ]Read cmd 0x1103 returned 0000000063cb0800
[0m[1m[2024-01-04 21:40:04.465] [0m[31;1m(DEBUG)[0m [Producer.APTS_1 ]Read cmd 0x1103 returned 000000006e0b0900
[0m[1m[2024-01-04 21:40:04.465] [0m[31;1m(DEBUG)[0m [Producer.APTS_1 ]Read cmd 0x1103 returned 000000006f0b0900
[0m[1m[2024-01-04 21:40:13.123] [0m[31;1m(DEBUG)[0m [Producer.APTS_0 ]Read cmd 0x1103 returned 00000000651b0900
[0m[1m[2024-01-04 21:40:13.124] [0m[31;1m(DEBUG)[0m [Producer.APTS_0 ]Read cmd 0x1103 returned 00000000674b0900
[0m[1m[2024-01-04 21:40:14.493] [0m[31;1m(DEBUG)[0m [Producer.APTS_1 ]Read cmd 0x1103 returned 000000006cdb0800
[0m[1m[2024-01-04 21:40:14.494] [0m[31;1m(DEBUG)[0m [Producer.APTS_1 ]Read cmd 0x1103 returned 000000006deb0800
[0m[1m[2024-01-04 21:40:23.227] [0m[31;1m(DEBUG)[0m [Producer.APTS_0 ]Read cmd 0x1103 returned 0000000069eb0800
[0m[1m[2024-01-04 21:40:23.227] [0m[31;1m(DEBUG)[0m [Producer.APTS_0 ]Read cmd 0x1103 returned 0000000067eb0800
[0m[1m[2024-01-04 21:40:24.569] [0m[31;1m(DEBUG)[0m [Producer.APTS_1 ]Read cmd 0x1103 returned 000000006ebb0800
[0m[1m[2024-01-04 21:40:24.570] [0m[31;1m(DEBUG)[0m [Producer.APTS_1 ]Read cmd 0x1103 returned 000000006bab0800
[0m[1m[2024-01-04 21:40:33.293] [0m[31;1m(DEBUG)[0m [Producer.APTS_0 ]Read cmd 0x1103 returned 00000000621b0900
[0m[1m[2024-01-04 21:40:33.293] [0m[31;1m(DEBUG)[0m [Producer.APTS_0 ]Read cmd 0x1103 returned 00000000644b0900
[0m[1m[2024-01-04 21:40:34.601] [0m[31;1m(DEBUG)[0m [Producer.APTS_1 ]Read cmd 0x1103 returned 000000006d2b0900
[0m[1m[2024-01-04 21:40:34.601] [0m[31;1m(DEBUG)[0m [Producer.APTS_1 ]Read cmd 0x1103 returned 000000006b1b0900
[0m[1m[2024-01-04 21:40:43.392] [0m[31;1m(DEBUG)[0m [Producer.APTS_0 ]Read cmd 0x1103 returned 0000000069ab0800
[0m[1m[2024-01-04 21:40:43.393] [0m[31;1m(DEBUG)[0m [Producer.APTS_0 ]Read cmd 0x1103 returned 000000005fab0800
[0m[1m[2024-01-04 21:40:44.677] [0m[31;1m(DEBUG)[0m [Producer.APTS_1 ]Read cmd 0x1103 returned 000000006f6b0900
[0m[1m[2024-01-04 21:40:44.678] [0m[31;1m(DEBUG)[0m [Producer.APTS_1 ]Read cmd 0x1103 returned 000000006b9b0800
[0m[1m[2024-01-04 21:40:53.465] [0m[31;1m(DEBUG)[0m [Producer.APTS_0 ]Read cmd 0x1103 returned 00000000644b0900
[0m[1m[2024-01-04 21:40:53.465] [0m[31;1m(DEBUG)[0m [Producer.APTS_0 ]Read cmd 0x1103 returned 00000000666b0900
[0m[1m[2024-01-04 21:40:54.698] [0m[31;1m(DEBUG)[0m [Producer.APTS_1 ]Read cmd 0x1103 returned 000000006feb0800
[0m[1m[2024-01-04 21:40:54.699] [0m[31;1m(DEBUG)[0m [Producer.APTS_1 ]Read cmd 0x1103 returned 000000006eeb0800
[0m[1m[2024-01-04 21:41:03.548] [0m[31;1m(DEBUG)[0m [Producer.APTS_0 ]Read cmd 0x1103 returned 00000000669b0900
[0m[1m[2024-01-04 21:41:03.549] [0m[31;1m(DEBUG)[0m [Producer.APTS_0 ]Read cmd 0x1103 returned 0000000068db0800
[0m[1m[2024-01-04 21:41:04.889] [0m[31;1m(DEBUG)[0m [Producer.APTS_1 ]Read cmd 0x1103 returned 000000006c9b0800
[0m[1m[2024-01-04 21:41:04.889] [0m[31;1m(DEBUG)[0m [Producer.APTS_1 ]Read cmd 0x1103 returned 0000000070eb0800
[0m[1m[2024-01-04 21:41:13.616] [0m[31;1m(DEBUG)[0m [Producer.APTS_0 ]Read cmd 0x1103 returned 0000000063cb0800
[0m[1m[2024-01-04 21:41:13.616] [0m[31;1m(DEBUG)[0m [Producer.APTS_0 ]Read cmd 0x1103 returned 00000000647b0900
[0m[1m[2024-01-04 21:41:14.944] [0m[31;1m(DEBUG)[0m [Producer.APTS_1 ]Read cmd 0x1103 returned 000000006dcb0800
[0m[1m[2024-01-04 21:41:14.945] [0m[31;1m(DEBUG)[0m [Producer.APTS_1 ]Read cmd 0x1103 returned 000000006deb0800
[0m[1m[2024-01-04 21:41:23.671] [0m[31;1m(DEBUG)[0m [Producer.APTS_0 ]Read cmd 0x1103 returned 00000000660b0900
[0m[1m[2024-01-04 21:41:23.671] [0m[31;1m(DEBUG)[0m [Producer.APTS_0 ]Read cmd 0x1103 returned 0000000066fb0800
[0m[1m[2024-01-04 21:41:24.996] [0m[31;1m(DEBUG)[0m [Producer.APTS_1 ]Read cmd 0x1103 returned 000000006eab0900
[0m[1m[2024-01-04 21:41:24.997] [0m[31;1m(DEBUG)[0m [Producer.APTS_1 ]Read cmd 0x1103 returned 000000006f2b0900
[0m[1m[2024-01-04 21:41:33.740] [0m[31;1m(DEBUG)[0m [Producer.APTS_0 ]Read cmd 0x1103 returned 00000000657b0900
[0m[1m[2024-01-04 21:41:33.741] [0m[31;1m(DEBUG)[0m [Producer.APTS_0 ]Read cmd 0x1103 returned 0000000067fb0800
[0m[1m[2024-01-04 21:41:35.029] [0m[31;1m(DEBUG)[0m [Producer.APTS_1 ]Read cmd 0x1103 returned 000000006f1b0900
[0m[1m[2024-01-04 21:41:35.030] [0m[31;1m(DEBUG)[0m [Producer.APTS_1 ]Read cmd 0x1103 returned 000000006f9b0800
[0m[1m[2024-01-04 21:41:43.744] [0m[31;1m(DEBUG)[0m [Producer.APTS_0 ]Read cmd 0x1103 returned 00000000610b0900
[0m[1m[2024-01-04 21:41:43.745] [0m[31;1m(DEBUG)[0m [Producer.APTS_0 ]Read cmd 0x1103 returned 00000000641b0900
[0m[1m[2024-01-04 21:41:45.034] [0m[31;1m(DEBUG)[0m [Producer.APTS_1 ]Read cmd 0x1103 returned 000000006adb0800
[0m[1m[2024-01-04 21:41:45.034] [0m[31;1m(DEBUG)[0m [Producer.APTS_1 ]Read cmd 0x1103 returned 000000006c4b0900
[0m[1m[2024-01-04 21:41:53.808] [0m[31;1m(DEBUG)[0m [Producer.APTS_0 ]Read cmd 0x1103 returned 0000000063bb0800
[0m[1m[2024-01-04 21:41:53.809] [0m[31;1m(DEBUG)[0m [Producer.APTS_0 ]Read cmd 0x1103 returned 00000000664b0900
[0m[1m[2024-01-04 21:41:55.144] [0m[31;1m(DEBUG)[0m [Producer.APTS_1 ]Read cmd 0x1103 returned 000000006ceb0800
[0m[1m[2024-01-04 21:41:55.144] [0m[31;1m(DEBUG)[0m [Producer.APTS_1 ]Read cmd 0x1103 returned 00000000698b0800
[0m[1m[2024-01-04 21:42:03.836] [0m[31;1m(DEBUG)[0m [Producer.APTS_0 ]Read cmd 0x1103 returned 0000000063cb0800
[0m[1m[2024-01-04 21:42:03.837] [0m[31;1m(DEBUG)[0m [Producer.APTS_0 ]Read cmd 0x1103 returned 00000000672b0900
[0m[1m[2024-01-04 21:42:05.181] [0m[31;1m(DEBUG)[0m [Producer.APTS_1 ]Read cmd 0x1103 returned 00000000723b0900
[0m[1m[2024-01-04 21:42:05.182] [0m[31;1m(DEBUG)[0m [Producer.APTS_1 ]Read cmd 0x1103 returned 000000006edb0800
[0m[1m[2024-01-04 21:42:13.939] [0m[31;1m(DEBUG)[0m [Producer.APTS_0 ]Read cmd 0x1103 returned 00000000620b0900
[0m[1m[2024-01-04 21:42:13.939] [0m[31;1m(DEBUG)[0m [Producer.APTS_0 ]Read cmd 0x1103 returned 0000000065db0800
[0m[1m[2024-01-04 21:42:15.270] [0m[31;1m(DEBUG)[0m [Producer.APTS_1 ]Read cmd 0x1103 returned 000000006fdb0800
[0m[1m[2024-01-04 21:42:15.270] [0m[31;1m(DEBUG)[0m [Producer.APTS_1 ]Read cmd 0x1103 returned 0000000071db0800
[0m[1m[2024-01-04 21:42:23.985] [0m[31;1m(DEBUG)[0m [Producer.APTS_0 ]Read cmd 0x1103 returned 00000000601b0900
[0m[1m[2024-01-04 21:42:23.986] [0m[31;1m(DEBUG)[0m [Producer.APTS_0 ]Read cmd 0x1103 returned 00000000659b0900
[0m[1m[2024-01-04 21:42:25.392] [0m[31;1m(DEBUG)[0m [Producer.APTS_1 ]Read cmd 0x1103 returned 000000006edb0800
[0m[1m[2024-01-04 21:42:25.392] [0m[31;1m(DEBUG)[0m [Producer.APTS_1 ]Read cmd 0x1103 returned 000000006bcb0800
[0m[1m[2024-01-04 21:42:34.028] [0m[31;1m(DEBUG)[0m [Producer.APTS_0 ]Read cmd 0x1103 returned 00000000660b0900
[0m[1m[2024-01-04 21:42:34.028] [0m[31;1m(DEBUG)[0m [Producer.APTS_0 ]Read cmd 0x1103 returned 00000000676b0900
[0m[1m[2024-01-04 21:42:35.413] [0m[31;1m(DEBUG)[0m [Producer.APTS_1 ]Read cmd 0x1103 returned 000000006fbb0800
[0m[1m[2024-01-04 21:42:35.413] [0m[31;1m(DEBUG)[0m [Producer.APTS_1 ]Read cmd 0x1103 returned 000000006f4b0900
[0m[1m[2024-01-04 21:42:44.112] [0m[31;1m(DEBUG)[0m [Producer.APTS_0 ]Read cmd 0x1103 returned 0000000067db0800
[0m[1m[2024-01-04 21:42:44.113] [0m[31;1m(DEBUG)[0m [Producer.APTS_0 ]Read cmd 0x1103 returned 00000000654b0900
[0m[1m[2024-01-04 21:42:45.511] [0m[31;1m(DEBUG)[0m [Producer.APTS_1 ]Read cmd 0x1103 returned 000000006ecb0800
[0m[1m[2024-01-04 21:42:45.512] [0m[31;1m(DEBUG)[0m [Producer.APTS_1 ]Read cmd 0x1103 returned 000000006c1b0900
[0m[1m[2024-01-04 21:42:49.045] [0m[32;1m(INFO)[0m [RunControl.RC-TUI ]Processing StopRun command for RUN #14213003
[0m[1m[2024-01-04 21:42:49.045] [0m[32;1m(INFO)[0m [Producer.APTS_1 ]RUN #14213003 is to be stopped...
[0m[1m[2024-01-04 21:42:49.119] [0m[31;1m(DEBUG)[0m [Producer.APTS_1 ]Read cmd 0x1103 returned 000000006b9b0800
[0m[1m[2024-01-04 21:42:49.120] [0m[31;1m(DEBUG)[0m [Producer.APTS_1 ]Read cmd 0x1103 returned 000000006ffb0800
[0m[1m[2024-01-04 21:42:50.223] [0m[31;1m(DEBUG)[0m [Producer.APTS_1 ]Read cmd 0x1103 returned 000000006cfb0800
[0m[1m[2024-01-04 21:42:50.223] [0m[31;1m(DEBUG)[0m [Producer.APTS_1 ]Read cmd 0x1103 returned 000000006cdb0800
[0m[1m[2024-01-04 21:42:50.223] [0m[32;1m(INFO)[0m [Producer.APTS_1 ]RUN #14213003 is stopped.
[0m[1m[2024-01-04 21:42:50.323] [0m[32;1m(INFO)[0m [DataCollector.dc ]DataReceiver: Disconnected from <ConnectionTCP>
  <FD>tcp://127.0.0.1:52602</FD>
  <Connection>
    <Type>Producer</Type>
    <Name>APTS_1</Name>
    <State>0</State>
  </Connection>
</ConnectionTCP>

[0m[1m[2024-01-04 21:42:50.350] [0m[32;1m(INFO)[0m [Producer.ALPIDE_plane_1 ]RUN #14213003 is to be stopped...
[0m[1m[2024-01-04 21:42:50.350] [0m[32;1m(INFO)[0m [Producer.ALPIDE_plane_2 ]RUN #14213003 is to be stopped...
[0m[1m[2024-01-04 21:42:50.350] [0m[32;1m(INFO)[0m [Producer.ALPIDE_plane_0 ]RUN #14213003 is to be stopped...
[0m[1m[2024-01-04 21:42:50.350] [0m[32;1m(INFO)[0m [Producer.POWER_0 ]RUN #14213003 is to be stopped...
[0m[1m[2024-01-04 21:42:50.350] [0m[32;1m(INFO)[0m [Producer.POWER_1 ]RUN #14213003 is to be stopped...
[0m[1m[2024-01-04 21:42:50.350] [0m[32;1m(INFO)[0m [Producer.APTS_0 ]RUN #14213003 is to be stopped...
[0m[1m[2024-01-04 21:42:50.446] [0m[31;1m(DEBUG)[0m [Producer.APTS_0 ]Read cmd 0x1103 returned 00000000650b0900
[0m[1m[2024-01-04 21:42:50.446] [0m[31;1m(DEBUG)[0m [Producer.APTS_0 ]Read cmd 0x1103 returned 0000000067eb0800
[0m[1m[2024-01-04 21:42:50.598] [0m[32;1m(INFO)[0m [Producer.ALPIDE_plane_0 ]RUN #14213003 is stopped.
[0m[1m[2024-01-04 21:42:50.601] [0m[32;1m(INFO)[0m [Producer.ALPIDE_plane_1 ]RUN #14213003 is stopped.
[0m[1m[2024-01-04 21:42:50.603] [0m[32;1m(INFO)[0m [Producer.ALPIDE_plane_2 ]RUN #14213003 is stopped.
[0m[1m[2024-01-04 21:42:50.703] [0m[32;1m(INFO)[0m [DataCollector.dc ]DataReceiver: Disconnected from <ConnectionTCP>
  <FD>tcp://127.0.0.1:52572</FD>
  <Connection>
    <Type>Producer</Type>
    <Name>ALPIDE_plane_0</Name>
    <State>0</State>
  </Connection>
</ConnectionTCP>

[0m[1m[2024-01-04 21:42:50.703] [0m[32;1m(INFO)[0m [DataCollector.dc ]DataReceiver: Disconnected from <ConnectionTCP>
  <FD>tcp://127.0.0.1:52584</FD>
  <Connection>
    <Type>Producer</Type>
    <Name>ALPIDE_plane_1</Name>
    <State>0</State>
  </Connection>
</ConnectionTCP>

[0m[1m[2024-01-04 21:42:50.703] [0m[32;1m(INFO)[0m [DataCollector.dc ]DataReceiver: Disconnected from <ConnectionTCP>
  <FD>tcp://127.0.0.1:52592</FD>
  <Connection>
    <Type>Producer</Type>
    <Name>ALPIDE_plane_2</Name>
    <State>0</State>
  </Connection>
</ConnectionTCP>

[0m[1m[2024-01-04 21:42:51.336] [0m[32;1m(INFO)[0m [Producer.POWER_0 ]RUN #14213003 is stopped.
[0m[1m[2024-01-04 21:42:51.436] [0m[32;1m(INFO)[0m [DataCollector.dc ]DataReceiver: Disconnected from <ConnectionTCP>
  <FD>tcp://127.0.0.1:52576</FD>
  <Connection>
    <Type>Producer</Type>
    <Name>POWER_0</Name>
    <State>0</State>
  </Connection>
</ConnectionTCP>

[0m[1m[2024-01-04 21:42:51.548] [0m[31;1m(DEBUG)[0m [Producer.APTS_0 ]Read cmd 0x1103 returned 00000000649b0800
[0m[1m[2024-01-04 21:42:51.549] [0m[31;1m(DEBUG)[0m [Producer.APTS_0 ]Read cmd 0x1103 returned 00000000652b0900
[0m[1m[2024-01-04 21:42:51.550] [0m[32;1m(INFO)[0m [Producer.APTS_0 ]RUN #14213003 is stopped.
[0m[1m[2024-01-04 21:42:51.650] [0m[32;1m(INFO)[0m [DataCollector.dc ]DataReceiver: Disconnected from <ConnectionTCP>
  <FD>tcp://127.0.0.1:52590</FD>
  <Connection>
    <Type>Producer</Type>
    <Name>APTS_0</Name>
    <State>0</State>
  </Connection>
</ConnectionTCP>

[0m[1m[2024-01-04 21:42:55.856] [0m[32;1m(INFO)[0m [Producer.POWER_1 ]RUN #14213003 is stopped.
[0m[1m[2024-01-04 21:42:55.956] [0m[32;1m(INFO)[0m [DataCollector.dc ]DataReceiver: Disconnected from <ConnectionTCP>
  <FD>tcp://127.0.0.1:52580</FD>
  <Connection>
    <Type>Producer</Type>
    <Name>POWER_1</Name>
    <State>0</State>
  </Connection>
</ConnectionTCP>

[0m[1m[2024-01-04 21:42:55.958] [0m[32;1m(INFO)[0m [DataCollector.dc ]RUN #14213003 is to be stopped...
[0m[1m[2024-01-04 21:42:56.056] [0m[33;1m(WARN)[0m [DataCollector.dc ]DataReceiver: Data buffer is not empty during the stopping
[0m[1m[2024-01-04 21:42:56.286] [0m[32;1m(INFO)[0m [DataCollector.dc ]RUN #14213003 is stopped.
[0m[1m[2024-01-04 21:42:57.225] [0m[32;1m(INFO)[0m [RunControl.RC-TUI ]Processing Terminate command
