
*** LogCollector started at 2024-01-04 21:29:19.762 ***
[0m[1m[2024-01-04 21:29:19.762] [0m[32;1m(INFO)[0m [RunControl.RC-TUI ]Processing Initialise command for log
[0m[1m[2024-01-04 21:29:19.762] [0m[32;1m(INFO)[0m [RunControl.RC-TUI ]Processing Initialise command for dc
[0m[1m[2024-01-04 21:29:19.762] [0m[32;1m(INFO)[0m [RunControl.RC-TUI ]Processing Initialise command for ALPIDE_plane_0
[0m[1m[2024-01-04 21:29:19.765] [0m[32;1m(INFO)[0m [RunControl.RC-TUI ]Processing Initialise command for ALPIDE_plane_1
[0m[1m[2024-01-04 21:29:19.769] [0m[32;1m(INFO)[0m [RunControl.RC-TUI ]Processing Initialise command for ALPIDE_plane_2
[0m[1m[2024-01-04 21:29:19.769] [0m[32;1m(INFO)[0m [RunControl.RC-TUI ]Processing Initialise command for POWER_0
[0m[1m[2024-01-04 21:29:19.769] [0m[32;1m(INFO)[0m [RunControl.RC-TUI ]Processing Initialise command for POWER_1
[0m[1m[2024-01-04 21:29:19.769] [0m[32;1m(INFO)[0m [RunControl.RC-TUI ]Processing Initialise command for APTS_0
[0m[1m[2024-01-04 21:29:19.769] [0m[32;1m(INFO)[0m [RunControl.RC-TUI ]Processing Initialise command for APTS_1
[0m[1m[2024-01-04 21:29:19.809] [0m[32;1m(INFO)[0m [Producer.ALPIDE_plane_1 ]Receive an INI section
    <Configuration>
      <Section title="">
        <EUDAQ_LOG_ADDR>tcp://127.0.0.1:55000</EUDAQ_LOG_ADDR>
        <Name>lab-3ALPIDE-2APTS.ini</Name>
      </Section>
      <Section title="Producer.ALPIDE_plane_1">
        <plane>3</plane>
        <serial>DAQ-0009010E08931906</serial>
        <triggermode>replica</triggermode>
      </Section>
    </Configuration>

[0m[1m[2024-01-04 21:29:19.809] [0m[32;1m(INFO)[0m [DataCollector.dc ]Receive an INI section
    <Configuration>
      <Section title="">
        <EUDAQ_LOG_ADDR>tcp://127.0.0.1:55000</EUDAQ_LOG_ADDR>
        <Name>lab-3ALPIDE-2APTS.ini</Name>
      </Section>
      <Section title="DataCollector.dc">
        <dataproducers>APTS_0,APTS_1,ALPIDE_plane_0,ALPIDE_plane_1,ALPIDE_plnae_2</dataproducers>
      </Section>
    </Configuration>

[0m[1m[2024-01-04 21:29:19.809] [0m[32;1m(INFO)[0m [Producer.POWER_1 ]Receive an INI section
    <Configuration>
      <Section title="">
        <EUDAQ_LOG_ADDR>tcp://127.0.0.1:55000</EUDAQ_LOG_ADDR>
        <Name>lab-3ALPIDE-2APTS.ini</Name>
      </Section>
      <Section title="Producer.POWER_1">
        <path>/dev/hmp2030</path>
      </Section>
    </Configuration>

[0m[1m[2024-01-04 21:29:19.809] [0m[32;1m(INFO)[0m [Producer.POWER_0 ]Receive an INI section
    <Configuration>
      <Section title="">
        <EUDAQ_LOG_ADDR>tcp://127.0.0.1:55000</EUDAQ_LOG_ADDR>
        <Name>lab-3ALPIDE-2APTS.ini</Name>
      </Section>
      <Section title="Producer.POWER_0">
        <path>/dev/hmp4040_3</path>
      </Section>
    </Configuration>

[0m[1m[2024-01-04 21:29:19.809] [0m[32;1m(INFO)[0m [Producer.APTS_1 ]Receive an INI section
    <Configuration>
      <Section title="">
        <EUDAQ_LOG_ADDR>tcp://127.0.0.1:55000</EUDAQ_LOG_ADDR>
        <Name>lab-3ALPIDE-2APTS.ini</Name>
      </Section>
      <Section title="Producer.APTS_1">
        <plane>2</plane>
        <proximity>APTS-017</proximity>
        <serial>DAQ-0009010E08931D07</serial>
      </Section>
    </Configuration>

[0m[1m[2024-01-04 21:29:19.809] [0m[32;1m(INFO)[0m [Producer.ALPIDE_plane_2 ]Receive an INI section
    <Configuration>
      <Section title="">
        <EUDAQ_LOG_ADDR>tcp://127.0.0.1:55000</EUDAQ_LOG_ADDR>
        <Name>lab-3ALPIDE-2APTS.ini</Name>
      </Section>
      <Section title="Producer.ALPIDE_plane_2">
        <plane>4</plane>
        <serial>DAQ-0009010E08933225</serial>
        <triggermode>replica</triggermode>
      </Section>
    </Configuration>

[0m[1m[2024-01-04 21:29:19.809] [0m[32;1m(INFO)[0m [Producer.APTS_0 ]Receive an INI section
    <Configuration>
      <Section title="">
        <EUDAQ_LOG_ADDR>tcp://127.0.0.1:55000</EUDAQ_LOG_ADDR>
        <Name>lab-3ALPIDE-2APTS.ini</Name>
      </Section>
      <Section title="Producer.APTS_0">
        <#triggermode>replica</#triggermode>
        <plane>1</plane>
        <proximity>APTS-025</proximity>
        <serial>DAQ-0009010E08932125</serial>
      </Section>
    </Configuration>

[0m[1m[2024-01-04 21:29:19.809] [0m[32;1m(INFO)[0m [Producer.ALPIDE_plane_0 ]Receive an INI section
    <Configuration>
      <Section title="">
        <EUDAQ_LOG_ADDR>tcp://127.0.0.1:55000</EUDAQ_LOG_ADDR>
        <Name>lab-3ALPIDE-2APTS.ini</Name>
      </Section>
      <Section title="Producer.ALPIDE_plane_0">
        <plane>0</plane>
        <serial>DAQ-0009010E08933325</serial>
        <triggermode>replica</triggermode>
      </Section>
    </Configuration>

[0m[1m[2024-01-04 21:29:19.809] [0m[32;1m(INFO)[0m [Producer.POWER_1 ]Producer.POWER_1 is to be initialised...
[0m[1m[2024-01-04 21:29:19.826] [0m[32;1m(INFO)[0m [Producer.POWER_1 ]Producer.POWER_1 is initialised.
[0m[1m[2024-01-04 21:29:19.809] [0m[32;1m(INFO)[0m [DataCollector.dc ]DataCollector.dc is to be initialised...
[0m[1m[2024-01-04 21:29:19.809] [0m[32;1m(INFO)[0m [DataCollector.dc ]TCPServer:: Listening on port 36617
[0m[1m[2024-01-04 21:29:19.809] [0m[32;1m(INFO)[0m [Producer.APTS_0 ]Producer.APTS_0 is to be initialised...
[0m[1m[2024-01-04 21:29:19.810] [0m[32;1m(INFO)[0m [Producer.APTS_0 ]Initialising MLR1 DAQ Board
[0m[1m[2024-01-04 21:29:19.813] [0m[31;1m(DEBUG)[0m [Producer.APTS_0 ]v1.10.2 - /home/next/.local/lib/python3.10/site-packages/mlr1daqboard is not a git repository but an installation directory. Git hash at installation: f39ffae61a5ded937a877f938b665ea40cb8dcd9
[0m[1m[2024-01-04 21:29:19.815] [0m[31;1m(DEBUG)[0m [Producer.APTS_0 ]File /home/next/.local/lib/python3.10/site-packages/mlr1daqboard/mlr1daqboard.py installed in /home/next/.local/lib/python3.10/site-packages/mlr1daqboard v1.10.2:
Created:  2023-08-11 08:02:04.290911 UTC
Accessed: 2024-01-04 01:57:25.289000 UTC
Modified: 2023-08-11 08:02:04.290911 UTC
Size:     30355
git diff at installation:
[0m[1m[2024-01-04 21:29:19.816] [0m[31;1m(DEBUG)[0m [Producer.APTS_0 ]Loaded DAC calibration from /home/next/.local/lib/python3.10/site-packages/mlr1daqboard/calibration/APTS-025.json: {
    "IDAC": {
        "CE_COL_AP_IBIASN": [
            0.0189,
            1.79,
            670
        ],
        "CE_MAT_AP_IBIAS4SF_DP_IBIASF": [
            0.37996,
            50.38,
            10000
        ],
        "CE_PMOS_AP_DP_IRESET": [
            3.2e-05,
            0.0,
            2.0
        ],
        "AP_IBIASP_DP_IDB": [
            0.0158,
            1.14,
            450
        ],
        "AP_IBIAS3_DP_IBIAS": [
            0.1186,
            3.79,
            1500
        ]
    },
    "VDAC": {
        "AP_SEL0": [
            0.03804,
            4.71,
            1200
        ],
        "AP_SEL1": [
            0.03806,
            0.1,
            1200
        ],
        "AP_VRESET": [
            0.03809,
            3.6,
            1200
        ],
        "CE_VOFFSET_AP_DP_VH": [
            0.03808,
            3.96,
            1200
        ],
        "AP_VCASP_MUX0_DP_VCASB": [
            0.03805,
            1.61,
            1200
        ],
        "AP_VCASN_MUX1_DP_VCASN": [
            0.03807,
            3.06,
            1200
        ]
    }
}
[0m[1m[2024-01-04 21:29:19.830] [0m[31;1m(DEBUG)[0m [Producer.APTS_0 ]Using DAQ board with serial number DAQ-0009010E08932125
[0m[1m[2024-01-04 21:29:19.809] [0m[32;1m(INFO)[0m [Producer.ALPIDE_plane_1 ]Producer.ALPIDE_plane_1 is to be initialised...
[0m[1m[2024-01-04 21:29:19.809] [0m[32;1m(INFO)[0m [Producer.POWER_0 ]Producer.POWER_0 is to be initialised...
[0m[1m[2024-01-04 21:29:19.842] [0m[32;1m(INFO)[0m [Producer.POWER_0 ]Producer.POWER_0 is initialised.
[0m[1m[2024-01-04 21:29:19.809] [0m[32;1m(INFO)[0m [Producer.APTS_1 ]Producer.APTS_1 is to be initialised...
[0m[1m[2024-01-04 21:29:19.810] [0m[32;1m(INFO)[0m [Producer.APTS_1 ]Initialising MLR1 DAQ Board
[0m[1m[2024-01-04 21:29:19.813] [0m[31;1m(DEBUG)[0m [Producer.APTS_1 ]v1.10.2 - /home/next/.local/lib/python3.10/site-packages/mlr1daqboard is not a git repository but an installation directory. Git hash at installation: f39ffae61a5ded937a877f938b665ea40cb8dcd9
[0m[1m[2024-01-04 21:29:19.815] [0m[31;1m(DEBUG)[0m [Producer.APTS_1 ]File /home/next/.local/lib/python3.10/site-packages/mlr1daqboard/mlr1daqboard.py installed in /home/next/.local/lib/python3.10/site-packages/mlr1daqboard v1.10.2:
Created:  2023-08-11 08:02:04.290911 UTC
Accessed: 2024-01-04 01:57:25.289000 UTC
Modified: 2023-08-11 08:02:04.290911 UTC
Size:     30355
git diff at installation:
[0m[1m[2024-01-04 21:29:19.816] [0m[31;1m(DEBUG)[0m [Producer.APTS_1 ]Loaded DAC calibration from /home/next/.local/lib/python3.10/site-packages/mlr1daqboard/calibration/APTS-017.json: {
    "IDAC": {
        "CE_COL_AP_IBIASN": [
            0.0185,
            3.31,
            660
        ],
        "CE_MAT_AP_IBIAS4SF_DP_IBIASF": [
            0.38109,
            74.84,
            10000
        ],
        "CE_PMOS_AP_DP_IRESET": [
            3.1e-05,
            0.1,
            1.6
        ],
        "AP_IBIASP_DP_IDB": [
            0.0158,
            1.56,
            460
        ],
        "AP_IBIAS3_DP_IBIAS": [
            0.012,
            1.03,
            560
        ]
    },
    "VDAC": {
        "AP_SEL0": [
            0.03809,
            1.13,
            1200
        ],
        "AP_SEL1": [
            0.03795,
            7.01,
            1200
        ],
        "AP_VRESET": [
            0.03807,
            1.15,
            1200
        ],
        "CE_VOFFSET_AP_DP_VH": [
            0.03806,
            4.17,
            1200
        ],
        "AP_VCASP_MUX0_DP_VCASB": [
            0.03809,
            5.14,
            1200
        ],
        "AP_VCASN_MUX1_DP_VCASN": [
            0.03809,
            2.45,
            1200
        ]
    }
}
[0m[1m[2024-01-04 21:29:19.824] [0m[31;1m(DEBUG)[0m [Producer.APTS_1 ]Using DAQ board with serial number DAQ-0009010E08931D07
[0m[1m[2024-01-04 21:29:19.809] [0m[32;1m(INFO)[0m [Producer.ALPIDE_plane_0 ]Producer.ALPIDE_plane_0 is to be initialised...
[0m[1m[2024-01-04 21:29:19.809] [0m[32;1m(INFO)[0m [Producer.ALPIDE_plane_2 ]Producer.ALPIDE_plane_2 is to be initialised...
[0m[1m[2024-01-04 21:29:20.031] [0m[32;1m(INFO)[0m [Producer.ALPIDE_plane_2 ]Producer.ALPIDE_plane_2 is initialised.
[0m[1m[2024-01-04 21:29:20.032] [0m[32;1m(INFO)[0m [Producer.ALPIDE_plane_1 ]Producer.ALPIDE_plane_1 is initialised.
[0m[1m[2024-01-04 21:29:20.032] [0m[32;1m(INFO)[0m [Producer.ALPIDE_plane_0 ]Producer.ALPIDE_plane_0 is initialised.
[0m[1m[2024-01-04 21:29:20.128] [0m[31;1m(DEBUG)[0m [Producer.APTS_1 ]Read cmd 0x1602 returned 0000000016737e10
[0m[1m[2024-01-04 21:29:20.128] [0m[31;1m(DEBUG)[0m [Producer.APTS_1 ]Firmware version: 0x107E7316
[0m[1m[2024-01-04 21:29:20.128] [0m[31;1m(DEBUG)[0m [Producer.APTS_1 ]Read cmd 0x1600 returned 00000000fe000000
[0m[1m[2024-01-04 21:29:20.129] [0m[32;1m(INFO)[0m [Producer.APTS_1 ]Producer.APTS_1 is initialised.
[0m[1m[2024-01-04 21:29:20.133] [0m[31;1m(DEBUG)[0m [Producer.APTS_0 ]Read cmd 0x1602 returned 0000000016737e10
[0m[1m[2024-01-04 21:29:20.134] [0m[31;1m(DEBUG)[0m [Producer.APTS_0 ]Firmware version: 0x107E7316
[0m[1m[2024-01-04 21:29:20.134] [0m[31;1m(DEBUG)[0m [Producer.APTS_0 ]Read cmd 0x1600 returned 00000000fe000000
[0m[1m[2024-01-04 21:29:20.134] [0m[32;1m(INFO)[0m [Producer.APTS_0 ]Producer.APTS_0 is initialised.
[0m[1m[2024-01-04 21:29:20.810] [0m[32;1m(INFO)[0m [DataCollector.dc ]DataCollector.dc is initialised.
[0m[1m[2024-01-04 21:29:20.838] [0m[32;1m(INFO)[0m [RunControl.RC-TUI ]Processing Configure command
[0m[1m[2024-01-04 21:29:20.839] [0m[32;1m(INFO)[0m [Producer.ALPIDE_plane_1 ]Receive a CONF section
    <Configuration>
      <Section title="">
        <DataCollector.dc>tcp://127.0.0.1:36617</DataCollector.dc>
        <LogCollector.log>tcp://127.0.0.1:55000</LogCollector.log>
        <Name>lab-3ALPIDE-2APTS.conf</Name>
      </Section>
      <Section title="Producer.ALPIDE_plane_1">
        <EUDAQ_DC>dc</EUDAQ_DC>
        <EUDAQ_ID>2</EUDAQ_ID>
        <ITHR>60</ITHR>
        <STROBE_LENGTH>800</STROBE_LENGTH>
        <VCASN>106</VCASN>
        <VCASN2>118</VCASN2>
        <VCLIP>60</VCLIP>
      </Section>
    </Configuration>

[0m[1m[2024-01-04 21:29:20.839] [0m[32;1m(INFO)[0m [Producer.ALPIDE_plane_1 ]Producer.ALPIDE_plane_1 is to be configured...
[0m[1m[2024-01-04 21:29:20.839] [0m[32;1m(INFO)[0m [DataCollector.dc ]Receive a CONF section
    <Configuration>
      <Section title="">
        <DataCollector.dc>tcp://127.0.0.1:36617</DataCollector.dc>
        <LogCollector.log>tcp://127.0.0.1:55000</LogCollector.log>
        <Name>lab-3ALPIDE-2APTS.conf</Name>
      </Section>
      <Section title="DataCollector.dc">
        <#EUDAQ_DATACOL_SEND_MONITOR_FRACTION>10</#EUDAQ_DATACOL_SEND_MONITOR_FRACTION>
        <#EUDAQ_FW_PATTERN>/dev/null/run$6R_$12D$X</#EUDAQ_FW_PATTERN>
        <#EUDAQ_MN>mon</#EUDAQ_MN>
        <EUDAQ_FW>native</EUDAQ_FW>
        <EUDAQ_FW_PATTERN>/home/next/ITS3/eudaq/data/20240104/run$6R_$12D$X</EUDAQ_FW_PATTERN>
      </Section>
    </Configuration>

[0m[1m[2024-01-04 21:29:20.839] [0m[32;1m(INFO)[0m [DataCollector.dc ]DataCollector.dc is to be configured...
[0m[1m[2024-01-04 21:29:20.839] [0m[32;1m(INFO)[0m [Producer.POWER_1 ]Receive a CONF section
    <Configuration>
      <Section title="">
        <DataCollector.dc>tcp://127.0.0.1:36617</DataCollector.dc>
        <LogCollector.log>tcp://127.0.0.1:55000</LogCollector.log>
        <Name>lab-3ALPIDE-2APTS.conf</Name>
      </Section>
      <Section title="Producer.POWER_1">
        <EUDAQ_DC>dc</EUDAQ_DC>
      </Section>
    </Configuration>

[0m[1m[2024-01-04 21:29:20.839] [0m[32;1m(INFO)[0m [Producer.POWER_1 ]Producer.POWER_1 is to be configured...
[0m[1m[2024-01-04 21:29:20.839] [0m[32;1m(INFO)[0m [Producer.POWER_0 ]Receive a CONF section
    <Configuration>
      <Section title="">
        <DataCollector.dc>tcp://127.0.0.1:36617</DataCollector.dc>
        <LogCollector.log>tcp://127.0.0.1:55000</LogCollector.log>
        <Name>lab-3ALPIDE-2APTS.conf</Name>
      </Section>
      <Section title="Producer.POWER_0">
        <EUDAQ_DC>dc</EUDAQ_DC>
      </Section>
    </Configuration>

[0m[1m[2024-01-04 21:29:20.839] [0m[32;1m(INFO)[0m [Producer.POWER_0 ]Producer.POWER_0 is to be configured...
[0m[1m[2024-01-04 21:29:20.839] [0m[32;1m(INFO)[0m [Producer.APTS_1 ]Receive a CONF section
    <Configuration>
      <Section title="">
        <DataCollector.dc>tcp://127.0.0.1:36617</DataCollector.dc>
        <LogCollector.log>tcp://127.0.0.1:55000</LogCollector.log>
        <Name>lab-3ALPIDE-2APTS.conf</Name>
      </Section>
      <Section title="Producer.APTS_1">
        <EUDAQ_DC>dc</EUDAQ_DC>
        <EUDAQ_ID>2</EUDAQ_ID>
        <trg_thr>71</trg_thr>
        <trg_type>1</trg_type>
      </Section>
    </Configuration>

[0m[1m[2024-01-04 21:29:20.839] [0m[32;1m(INFO)[0m [Producer.ALPIDE_plane_2 ]Receive a CONF section
    <Configuration>
      <Section title="">
        <DataCollector.dc>tcp://127.0.0.1:36617</DataCollector.dc>
        <LogCollector.log>tcp://127.0.0.1:55000</LogCollector.log>
        <Name>lab-3ALPIDE-2APTS.conf</Name>
      </Section>
      <Section title="Producer.ALPIDE_plane_2">
        <EUDAQ_DC>dc</EUDAQ_DC>
        <EUDAQ_ID>3</EUDAQ_ID>
        <ITHR>60</ITHR>
        <STROBE_LENGTH>800</STROBE_LENGTH>
        <VCASN>106</VCASN>
        <VCASN2>118</VCASN2>
        <VCLIP>60</VCLIP>
      </Section>
    </Configuration>

[0m[1m[2024-01-04 21:29:20.839] [0m[32;1m(INFO)[0m [Producer.APTS_0 ]Receive a CONF section
    <Configuration>
      <Section title="">
        <DataCollector.dc>tcp://127.0.0.1:36617</DataCollector.dc>
        <LogCollector.log>tcp://127.0.0.1:55000</LogCollector.log>
        <Name>lab-3ALPIDE-2APTS.conf</Name>
      </Section>
      <Section title="Producer.APTS_0">
        <#trg_thr>71</#trg_thr>
        <EUDAQ_DC>dc</EUDAQ_DC>
        <EUDAQ_ID>1</EUDAQ_ID>
        <trg_type>0</trg_type>
      </Section>
    </Configuration>

[0m[1m[2024-01-04 21:29:20.839] [0m[32;1m(INFO)[0m [Producer.APTS_0 ]Producer.APTS_0 is to be configured...
[0m[1m[2024-01-04 21:29:20.839] [0m[32;1m(INFO)[0m [Producer.ALPIDE_plane_0 ]Receive a CONF section
    <Configuration>
      <Section title="">
        <DataCollector.dc>tcp://127.0.0.1:36617</DataCollector.dc>
        <LogCollector.log>tcp://127.0.0.1:55000</LogCollector.log>
        <Name>lab-3ALPIDE-2APTS.conf</Name>
      </Section>
      <Section title="Producer.ALPIDE_plane_0">
        <EUDAQ_DC>dc</EUDAQ_DC>
        <EUDAQ_ID>0</EUDAQ_ID>
        <ITHR>60</ITHR>
        <STROBE_LENGTH>800</STROBE_LENGTH>
        <VCASN>106</VCASN>
        <VCASN2>118</VCASN2>
        <VCLIP>60</VCLIP>
      </Section>
    </Configuration>

[0m[1m[2024-01-04 21:29:20.839] [0m[32;1m(INFO)[0m [Producer.ALPIDE_plane_0 ]Producer.ALPIDE_plane_0 is to be configured...
[0m[1m[2024-01-04 21:29:20.839] [0m[32;1m(INFO)[0m [DataCollector.dc ]DataCollector.dc is configured.
[0m[1m[2024-01-04 21:29:20.839] [0m[32;1m(INFO)[0m [Producer.POWER_1 ]Producer.POWER_1 is configured.
[0m[1m[2024-01-04 21:29:20.839] [0m[32;1m(INFO)[0m [Producer.POWER_0 ]Producer.POWER_0 is configured.
[0m[1m[2024-01-04 21:29:20.839] [0m[32;1m(INFO)[0m [Producer.APTS_1 ]Producer.APTS_1 is to be configured...
[0m[1m[2024-01-04 21:29:20.840] [0m[31;1m(DEBUG)[0m [Producer.APTS_1 ]Write cmd 0x0300 0x00000000 returned 0100000000030000
[0m[1m[2024-01-04 21:29:20.839] [0m[32;1m(INFO)[0m [Producer.ALPIDE_plane_2 ]Producer.ALPIDE_plane_2 is to be configured...
[0m[1m[2024-01-04 21:29:20.840] [0m[31;1m(DEBUG)[0m [Producer.APTS_0 ]Write cmd 0x0300 0x00000000 returned 0100000000030000
[0m[1m[2024-01-04 21:29:20.840] [0m[31;1m(DEBUG)[0m [Producer.APTS_0 ]Read cmd 0x1103 returned 0000000061fb0800
[0m[1m[2024-01-04 21:29:20.840] [0m[31;1m(DEBUG)[0m [Producer.APTS_1 ]Read cmd 0x1103 returned 000000006bcb0800
[0m[1m[2024-01-04 21:29:20.840] [0m[31;1m(DEBUG)[0m [Producer.APTS_0 ]Write cmd 0x00ef 0x00000000 returned 01000000ef000000
[0m[1m[2024-01-04 21:29:20.841] [0m[31;1m(DEBUG)[0m [Producer.APTS_1 ]Write cmd 0x00ef 0x00000000 returned 01000000ef000000
[0m[1m[2024-01-04 21:29:20.841] [0m[31;1m(DEBUG)[0m [Producer.APTS_0 ]Write cmd 0x0387 0x00000000 returned 0100000087030000
[0m[1m[2024-01-04 21:29:20.841] [0m[31;1m(DEBUG)[0m [Producer.APTS_0 ]Write cmd 0x0301 0x00000028 returned 0100000001030000
[0m[1m[2024-01-04 21:29:20.841] [0m[31;1m(DEBUG)[0m [Producer.APTS_1 ]Write cmd 0x0387 0x00000000 returned 0100000087030000
[0m[1m[2024-01-04 21:29:20.841] [0m[31;1m(DEBUG)[0m [Producer.APTS_0 ]Write cmd 0x0302 0x00000064 returned 0100000002030000
[0m[1m[2024-01-04 21:29:20.842] [0m[31;1m(DEBUG)[0m [Producer.APTS_1 ]Write cmd 0x0301 0x00000028 returned 0100000001030000
[0m[1m[2024-01-04 21:29:20.842] [0m[31;1m(DEBUG)[0m [Producer.APTS_0 ]Write cmd 0x0303 0x00000064 returned 0100000003030000
[0m[1m[2024-01-04 21:29:20.842] [0m[31;1m(DEBUG)[0m [Producer.APTS_1 ]Write cmd 0x0302 0x00000064 returned 0100000002030000
[0m[1m[2024-01-04 21:29:20.842] [0m[31;1m(DEBUG)[0m [Producer.APTS_0 ]Write cmd 0x0304 0x00000001 returned 0100000004030000
[0m[1m[2024-01-04 21:29:20.842] [0m[31;1m(DEBUG)[0m [Producer.APTS_1 ]Write cmd 0x0303 0x00000064 returned 0100000003030000
[0m[1m[2024-01-04 21:29:20.842] [0m[31;1m(DEBUG)[0m [Producer.APTS_0 ]Write cmd 0x0305 0x00002710 returned 0100000005030000
[0m[1m[2024-01-04 21:29:20.843] [0m[31;1m(DEBUG)[0m [Producer.APTS_1 ]Write cmd 0x0304 0x00000001 returned 0100000004030000
[0m[1m[2024-01-04 21:29:20.843] [0m[31;1m(DEBUG)[0m [Producer.APTS_0 ]Write cmd 0x0306 0x00000014 returned 0100000006030000
[0m[1m[2024-01-04 21:29:20.843] [0m[31;1m(DEBUG)[0m [Producer.APTS_1 ]Write cmd 0x0305 0x00002710 returned 0100000005030000
[0m[1m[2024-01-04 21:29:20.843] [0m[31;1m(DEBUG)[0m [Producer.APTS_0 ]Write cmd 0x0307 0x00000002 returned 0100000007030000
[0m[1m[2024-01-04 21:29:20.843] [0m[31;1m(DEBUG)[0m [Producer.APTS_1 ]Write cmd 0x0306 0x00000047 returned 0100000006030000
[0m[1m[2024-01-04 21:29:20.843] [0m[31;1m(DEBUG)[0m [Producer.APTS_0 ]Write cmd 0x0308 0x0000ffff returned 0100000008030000
[0m[1m[2024-01-04 21:29:20.844] [0m[31;1m(DEBUG)[0m [Producer.APTS_1 ]Write cmd 0x0307 0x00000002 returned 0100000007030000
[0m[1m[2024-01-04 21:29:20.844] [0m[31;1m(DEBUG)[0m [Producer.APTS_0 ]Write cmd 0x0309 0x00000000 returned 0100000009030000
[0m[1m[2024-01-04 21:29:20.844] [0m[31;1m(DEBUG)[0m [Producer.APTS_0 ]Write cmd 0x030a 0x00000001 returned 010000000a030000
[0m[1m[2024-01-04 21:29:20.844] [0m[31;1m(DEBUG)[0m [Producer.APTS_1 ]Write cmd 0x0308 0x0000ffff returned 0100000008030000
[0m[1m[2024-01-04 21:29:20.845] [0m[31;1m(DEBUG)[0m [Producer.APTS_0 ]Write cmd 0x030b 0x00000000 returned 010000000b030000
[0m[1m[2024-01-04 21:29:20.845] [0m[31;1m(DEBUG)[0m [Producer.APTS_1 ]Write cmd 0x0309 0x00000000 returned 0100000009030000
[0m[1m[2024-01-04 21:29:20.845] [0m[31;1m(DEBUG)[0m [Producer.APTS_0 ]Write cmd 0x030c 0x00000001 returned 010000000c030000
[0m[1m[2024-01-04 21:29:20.845] [0m[31;1m(DEBUG)[0m [Producer.APTS_0 ]Write cmd 0x030d 0x0000000a returned 010000000d030000
[0m[1m[2024-01-04 21:29:20.845] [0m[31;1m(DEBUG)[0m [Producer.APTS_1 ]Write cmd 0x030a 0x00000001 returned 010000000a030000
[0m[1m[2024-01-04 21:29:20.845] [0m[31;1m(DEBUG)[0m [Producer.APTS_0 ]Write cmd 0x030e 0x0000000a returned 010000000e030000
[0m[1m[2024-01-04 21:29:20.846] [0m[31;1m(DEBUG)[0m [Producer.APTS_1 ]Write cmd 0x030b 0x00000001 returned 010000000b030000
[0m[1m[2024-01-04 21:29:20.846] [0m[31;1m(DEBUG)[0m [Producer.APTS_0 ]Write cmd 0x0300 0x00000001 returned 0100000000030000
[0m[1m[2024-01-04 21:29:20.846] [0m[32;1m(INFO)[0m [Producer.APTS_0 ]Producer.APTS_0 is configured.
[0m[1m[2024-01-04 21:29:20.846] [0m[31;1m(DEBUG)[0m [Producer.APTS_1 ]Write cmd 0x030c 0x00000001 returned 010000000c030000
[0m[1m[2024-01-04 21:29:20.846] [0m[31;1m(DEBUG)[0m [Producer.APTS_1 ]Write cmd 0x030d 0x0000000a returned 010000000d030000
[0m[1m[2024-01-04 21:29:20.846] [0m[31;1m(DEBUG)[0m [Producer.APTS_1 ]Write cmd 0x030e 0x0000000a returned 010000000e030000
[0m[1m[2024-01-04 21:29:20.846] [0m[31;1m(DEBUG)[0m [Producer.APTS_1 ]Write cmd 0x0300 0x00000001 returned 0100000000030000
[0m[1m[2024-01-04 21:29:20.846] [0m[32;1m(INFO)[0m [Producer.APTS_1 ]Producer.APTS_1 is configured.
[0m[1m[2024-01-04 21:29:20.946] [0m[32;1m(INFO)[0m [Producer.ALPIDE_plane_1 ]Producer.ALPIDE_plane_1 is configured.
[0m[1m[2024-01-04 21:29:20.947] [0m[32;1m(INFO)[0m [Producer.ALPIDE_plane_0 ]Producer.ALPIDE_plane_0 is configured.
[0m[1m[2024-01-04 21:29:20.947] [0m[32;1m(INFO)[0m [Producer.ALPIDE_plane_2 ]Producer.ALPIDE_plane_2 is configured.
[0m[1m[2024-01-04 21:29:20.973] [0m[32;1m(INFO)[0m [RunControl.RC-TUI ]Processing StartRun command for RUN #14212917
[0m[1m[2024-01-04 21:29:22.073] [0m[32;1m(INFO)[0m [DataCollector.dc ]RUN #14212917 is to be started...
[0m[1m[2024-01-04 21:29:22.074] [0m[32;1m(INFO)[0m [DataCollector.dc ]RUN #14212917 is started.
[0m[1m[2024-01-04 21:29:23.173] [0m[32;1m(INFO)[0m [Producer.ALPIDE_plane_1 ]RUN #14212917 is to be started...
[0m[1m[2024-01-04 21:29:23.173] [0m[32;1m(INFO)[0m [Producer.POWER_0 ]RUN #14212917 is to be started...
[0m[1m[2024-01-04 21:29:23.173] [0m[32;1m(INFO)[0m [Producer.ALPIDE_plane_0 ]RUN #14212917 is to be started...
[0m[1m[2024-01-04 21:29:23.173] [0m[32;1m(INFO)[0m [Producer.POWER_1 ]RUN #14212917 is to be started...
[0m[1m[2024-01-04 21:29:23.173] [0m[32;1m(INFO)[0m [Producer.ALPIDE_plane_2 ]RUN #14212917 is to be started...
[0m[1m[2024-01-04 21:29:23.173] [0m[32;1m(INFO)[0m [Producer.APTS_0 ]RUN #14212917 is to be started...
[0m[1m[2024-01-04 21:29:23.175] [0m[32;1m(INFO)[0m [DataCollector.dc ]DataReceiver: Connection from <ConnectionTCP>
  <FD>tcp://127.0.0.1:53900</FD>
  <Connection>
    <Type>Producer</Type>
    <Name>ALPIDE_plane_0</Name>
    <State>1</State>
  </Connection>
</ConnectionTCP>

[0m[1m[2024-01-04 21:29:23.175] [0m[32;1m(INFO)[0m [DataCollector.dc ]DataReceiver: Connection from <ConnectionTCP>
  <FD>tcp://127.0.0.1:53916</FD>
  <Connection>
    <Type>Producer</Type>
    <Name>POWER_0</Name>
    <State>1</State>
  </Connection>
</ConnectionTCP>

[0m[1m[2024-01-04 21:29:23.175] [0m[32;1m(INFO)[0m [DataCollector.dc ]DataReceiver: Connection from <ConnectionTCP>
  <FD>tcp://127.0.0.1:53918</FD>
  <Connection>
    <Type>Producer</Type>
    <Name>ALPIDE_plane_1</Name>
    <State>1</State>
  </Connection>
</ConnectionTCP>

[0m[1m[2024-01-04 21:29:23.175] [0m[32;1m(INFO)[0m [DataCollector.dc ]DataReceiver: Connection from <ConnectionTCP>
  <FD>tcp://127.0.0.1:53960</FD>
  <Connection>
    <Type>Producer</Type>
    <Name>APTS_0</Name>
    <State>1</State>
  </Connection>
</ConnectionTCP>

[0m[1m[2024-01-04 21:29:23.175] [0m[32;1m(INFO)[0m [Producer.POWER_0 ]RUN #14212917 is started.
[0m[1m[2024-01-04 21:29:23.176] [0m[32;1m(INFO)[0m [DataCollector.dc ]DataReceiver: Connection from <ConnectionTCP>
  <FD>tcp://127.0.0.1:53944</FD>
  <Connection>
    <Type>Producer</Type>
    <Name>ALPIDE_plane_2</Name>
    <State>1</State>
  </Connection>
</ConnectionTCP>

[0m[1m[2024-01-04 21:29:23.176] [0m[32;1m(INFO)[0m [DataCollector.dc ]DataReceiver: Connection from <ConnectionTCP>
  <FD>tcp://127.0.0.1:53946</FD>
  <Connection>
    <Type>Producer</Type>
    <Name>POWER_1</Name>
    <State>1</State>
  </Connection>
</ConnectionTCP>

[0m[1m[2024-01-04 21:29:23.176] [0m[32;1m(INFO)[0m [Producer.POWER_1 ]RUN #14212917 is started.
[0m[1m[2024-01-04 21:29:23.176] [0m[31;1m(DEBUG)[0m [Producer.APTS_0 ]Read cmd 0x1103 returned 0000000063bb0800
[0m[1m[2024-01-04 21:29:23.177] [0m[31;1m(DEBUG)[0m [Producer.APTS_0 ]Read cmd 0x1103 returned 0000000062bb0800
[0m[1m[2024-01-04 21:29:23.200] [0m[31;1m(DEBUG)[0m [Producer.APTS_0 ]Read cmd 0x1602 returned 0000000016737e10
[0m[1m[2024-01-04 21:29:23.256] [0m[32;1m(INFO)[0m [Producer.ALPIDE_plane_1 ]RUN #14212917 is started.
[0m[1m[2024-01-04 21:29:23.256] [0m[32;1m(INFO)[0m [Producer.ALPIDE_plane_2 ]RUN #14212917 is started.
[0m[1m[2024-01-04 21:29:23.257] [0m[32;1m(INFO)[0m [Producer.ALPIDE_plane_0 ]RUN #14212917 is started.
[0m[1m[2024-01-04 21:29:23.301] [0m[31;1m(DEBUG)[0m [Producer.APTS_0 ]Write cmd 0x03ac 0x00000001 returned 01000000ac030000
[0m[1m[2024-01-04 21:29:23.302] [0m[32;1m(INFO)[0m [Producer.APTS_0 ]RUN #14212917 is started.
[0m[1m[2024-01-04 21:29:24.374] [0m[32;1m(INFO)[0m [Producer.APTS_1 ]RUN #14212917 is to be started...
[0m[1m[2024-01-04 21:29:24.471] [0m[32;1m(INFO)[0m [DataCollector.dc ]DataReceiver: Connection from <ConnectionTCP>
  <FD>tcp://127.0.0.1:53986</FD>
  <Connection>
    <Type>Producer</Type>
    <Name>APTS_1</Name>
    <State>1</State>
  </Connection>
</ConnectionTCP>

[0m[1m[2024-01-04 21:29:24.472] [0m[31;1m(DEBUG)[0m [Producer.APTS_1 ]Read cmd 0x1103 returned 000000006c0b0900
[0m[1m[2024-01-04 21:29:24.473] [0m[31;1m(DEBUG)[0m [Producer.APTS_1 ]Read cmd 0x1103 returned 000000006aab0800
[0m[1m[2024-01-04 21:29:24.493] [0m[31;1m(DEBUG)[0m [Producer.APTS_1 ]Read cmd 0x1602 returned 0000000016737e10
[0m[1m[2024-01-04 21:29:24.594] [0m[31;1m(DEBUG)[0m [Producer.APTS_1 ]Write cmd 0x03ac 0x00000001 returned 01000000ac030000
[0m[1m[2024-01-04 21:29:24.594] [0m[31;1m(ERROR)[0m [DataCollector.dc ]DoReceive: <ConnectionTCP>
  <FD>tcp://127.0.0.1:53944</FD>
  <Connection>
    <Type>Producer</Type>
    <Name>ALPIDE_plane_2</Name>
    <State>1</State>
  </Connection>
</ConnectionTCP>

[0m[1m[2024-01-04 21:29:24.594] [0m[32;1m(INFO)[0m [Producer.APTS_1 ]RUN #14212917 is started.
[0m[1m[2024-01-04 21:29:24.642] [0m[33;1m(WARN)[0m [DataCollector.dc ]DataReceiver: Connection execption at listening time
[0m[1m[2024-01-04 21:29:27.735] [0m[32;1m(INFO)[0m [RunControl.RC-TUI ]Processing StopRun command for RUN #14212917
[0m[1m[2024-01-04 21:29:27.735] [0m[32;1m(INFO)[0m [Producer.APTS_1 ]RUN #14212917 is to be stopped...
[0m[1m[2024-01-04 21:29:27.736] [0m[31;1m(DEBUG)[0m [Producer.APTS_1 ]Read cmd 0x1103 returned 000000006d8b0800
[0m[1m[2024-01-04 21:29:27.736] [0m[31;1m(DEBUG)[0m [Producer.APTS_1 ]Read cmd 0x1103 returned 000000006deb0800
[0m[1m[2024-01-04 21:29:28.838] [0m[31;1m(DEBUG)[0m [Producer.APTS_1 ]Read cmd 0x1103 returned 0000000069db0800
[0m[1m[2024-01-04 21:29:28.838] [0m[31;1m(DEBUG)[0m [Producer.APTS_1 ]Read cmd 0x1103 returned 000000006bcb0800
[0m[1m[2024-01-04 21:29:28.839] [0m[32;1m(INFO)[0m [Producer.APTS_1 ]RUN #14212917 is stopped.
[0m[1m[2024-01-04 21:29:28.939] [0m[32;1m(INFO)[0m [DataCollector.dc ]DataReceiver: Disconnected from <ConnectionTCP>
  <FD>tcp://127.0.0.1:53986</FD>
  <Connection>
    <Type>Producer</Type>
    <Name>APTS_1</Name>
    <State>0</State>
  </Connection>
</ConnectionTCP>

[0m[1m[2024-01-04 21:29:28.940] [0m[32;1m(INFO)[0m [Producer.POWER_0 ]RUN #14212917 is to be stopped...
[0m[1m[2024-01-04 21:29:28.940] [0m[32;1m(INFO)[0m [Producer.ALPIDE_plane_2 ]RUN #14212917 is to be stopped...
[0m[1m[2024-01-04 21:29:28.940] [0m[32;1m(INFO)[0m [Producer.ALPIDE_plane_0 ]RUN #14212917 is to be stopped...
[0m[1m[2024-01-04 21:29:28.940] [0m[32;1m(INFO)[0m [Producer.ALPIDE_plane_1 ]RUN #14212917 is to be stopped...
[0m[1m[2024-01-04 21:29:28.940] [0m[32;1m(INFO)[0m [Producer.POWER_1 ]RUN #14212917 is to be stopped...
[0m[1m[2024-01-04 21:29:28.940] [0m[32;1m(INFO)[0m [Producer.APTS_0 ]RUN #14212917 is to be stopped...
[0m[1m[2024-01-04 21:29:29.041] [0m[31;1m(DEBUG)[0m [Producer.APTS_0 ]Read cmd 0x1103 returned 0000000062fb0800
[0m[1m[2024-01-04 21:29:29.042] [0m[31;1m(DEBUG)[0m [Producer.APTS_0 ]Read cmd 0x1103 returned 00000000642b0900
[0m[1m[2024-01-04 21:29:29.201] [0m[32;1m(INFO)[0m [Producer.ALPIDE_plane_2 ]RUN #14212917 is stopped.
[0m[1m[2024-01-04 21:29:29.201] [0m[32;1m(INFO)[0m [Producer.ALPIDE_plane_1 ]RUN #14212917 is stopped.
[0m[1m[2024-01-04 21:29:29.202] [0m[32;1m(INFO)[0m [Producer.ALPIDE_plane_0 ]RUN #14212917 is stopped.
[0m[1m[2024-01-04 21:29:29.302] [0m[32;1m(INFO)[0m [DataCollector.dc ]DataReceiver: Disconnected from <ConnectionTCP>
  <FD>tcp://127.0.0.1:53900</FD>
  <Connection>
    <Type>Producer</Type>
    <Name>ALPIDE_plane_0</Name>
    <State>0</State>
  </Connection>
</ConnectionTCP>

[0m[1m[2024-01-04 21:29:29.303] [0m[32;1m(INFO)[0m [DataCollector.dc ]DataReceiver: Disconnected from <ConnectionTCP>
  <FD>tcp://127.0.0.1:53918</FD>
  <Connection>
    <Type>Producer</Type>
    <Name>ALPIDE_plane_1</Name>
    <State>0</State>
  </Connection>
</ConnectionTCP>

[0m[1m[2024-01-04 21:29:29.303] [0m[32;1m(INFO)[0m [DataCollector.dc ]DataReceiver: Disconnected from <ConnectionTCP>
  <FD>tcp://127.0.0.1:53944</FD>
  <Connection>
    <Type>Producer</Type>
    <Name>ALPIDE_plane_2</Name>
    <State>0</State>
  </Connection>
</ConnectionTCP>

[0m[1m[2024-01-04 21:29:29.795] [0m[32;1m(INFO)[0m [Producer.POWER_0 ]RUN #14212917 is stopped.
[0m[1m[2024-01-04 21:29:29.895] [0m[32;1m(INFO)[0m [DataCollector.dc ]DataReceiver: Disconnected from <ConnectionTCP>
  <FD>tcp://127.0.0.1:53916</FD>
  <Connection>
    <Type>Producer</Type>
    <Name>POWER_0</Name>
    <State>0</State>
  </Connection>
</ConnectionTCP>

[0m[1m[2024-01-04 21:29:30.143] [0m[31;1m(DEBUG)[0m [Producer.APTS_0 ]Read cmd 0x1103 returned 0000000066db0800
[0m[1m[2024-01-04 21:29:30.144] [0m[31;1m(DEBUG)[0m [Producer.APTS_0 ]Read cmd 0x1103 returned 0000000065ab0800
[0m[1m[2024-01-04 21:29:30.144] [0m[32;1m(INFO)[0m [Producer.APTS_0 ]RUN #14212917 is stopped.
[0m[1m[2024-01-04 21:29:30.244] [0m[32;1m(INFO)[0m [DataCollector.dc ]DataReceiver: Disconnected from <ConnectionTCP>
  <FD>tcp://127.0.0.1:53960</FD>
  <Connection>
    <Type>Producer</Type>
    <Name>APTS_0</Name>
    <State>0</State>
  </Connection>
</ConnectionTCP>

[0m[1m[2024-01-04 21:29:34.758] [0m[32;1m(INFO)[0m [Producer.POWER_1 ]RUN #14212917 is stopped.
[0m[1m[2024-01-04 21:29:34.844] [0m[32;1m(INFO)[0m [DataCollector.dc ]RUN #14212917 is to be stopped...
[0m[1m[2024-01-04 21:29:34.858] [0m[32;1m(INFO)[0m [DataCollector.dc ]DataReceiver: Disconnected from <ConnectionTCP>
  <FD>tcp://127.0.0.1:53946</FD>
  <Connection>
    <Type>Producer</Type>
    <Name>POWER_1</Name>
    <State>0</State>
  </Connection>
</ConnectionTCP>

[0m[1m[2024-01-04 21:29:34.928] [0m[33;1m(WARN)[0m [DataCollector.dc ]DataReceiver: Data buffer is not empty during the stopping
[0m[1m[2024-01-04 21:29:35.075] [0m[32;1m(INFO)[0m [DataCollector.dc ]RUN #14212917 is stopped.
[0m[1m[2024-01-04 21:29:35.999] [0m[32;1m(INFO)[0m [RunControl.RC-TUI ]Processing Terminate command
