
*** LogCollector started at 2024-01-04 11:54:10.905 ***
[0m[1m[2024-01-04 11:54:10.904] [0m[32;1m(INFO)[0m [RunControl.RC-TUI ]Processing Initialise command for log
[0m[1m[2024-01-04 11:54:10.904] [0m[32;1m(INFO)[0m [RunControl.RC-TUI ]Processing Initialise command for dc
[0m[1m[2024-01-04 11:54:10.904] [0m[32;1m(INFO)[0m [RunControl.RC-TUI ]Processing Initialise command for ALPIDE_plane_0
[0m[1m[2024-01-04 11:54:10.910] [0m[32;1m(INFO)[0m [RunControl.RC-TUI ]Processing Initialise command for ALPIDE_plane_1
[0m[1m[2024-01-04 11:54:10.910] [0m[32;1m(INFO)[0m [RunControl.RC-TUI ]Processing Initialise command for ALPIDE_plane_2
[0m[1m[2024-01-04 11:54:10.910] [0m[32;1m(INFO)[0m [RunControl.RC-TUI ]Processing Initialise command for POWER_0
[0m[1m[2024-01-04 11:54:10.910] [0m[32;1m(INFO)[0m [RunControl.RC-TUI ]Processing Initialise command for POWER_1
[0m[1m[2024-01-04 11:54:10.911] [0m[32;1m(INFO)[0m [RunControl.RC-TUI ]Processing Initialise command for APTS_0
[0m[1m[2024-01-04 11:54:10.950] [0m[32;1m(INFO)[0m [DataCollector.dc ]Receive an INI section
    <Configuration>
      <Section title="">
        <EUDAQ_LOG_ADDR>tcp://127.0.0.1:55000</EUDAQ_LOG_ADDR>
        <Name>lab-3ALPIDE-1APTS.ini</Name>
      </Section>
      <Section title="DataCollector.dc">
        <dataproducers>APTS_0,ALPIDE_plane_0,ALPIDE_plane_1,ALPIDE_plnae_2</dataproducers>
      </Section>
    </Configuration>

[0m[1m[2024-01-04 11:54:10.950] [0m[32;1m(INFO)[0m [Producer.POWER_0 ]Receive an INI section
    <Configuration>
      <Section title="">
        <EUDAQ_LOG_ADDR>tcp://127.0.0.1:55000</EUDAQ_LOG_ADDR>
        <Name>lab-3ALPIDE-1APTS.ini</Name>
      </Section>
      <Section title="Producer.POWER_0">
        <path>/dev/hmp4040_3</path>
      </Section>
    </Configuration>

[0m[1m[2024-01-04 11:54:10.950] [0m[32;1m(INFO)[0m [Producer.ALPIDE_plane_2 ]Receive an INI section
    <Configuration>
      <Section title="">
        <EUDAQ_LOG_ADDR>tcp://127.0.0.1:55000</EUDAQ_LOG_ADDR>
        <Name>lab-3ALPIDE-1APTS.ini</Name>
      </Section>
      <Section title="Producer.ALPIDE_plane_2">
        <plane>3</plane>
        <serial>DAQ-0009010E08933225</serial>
        <triggermode>replica</triggermode>
      </Section>
    </Configuration>

[0m[1m[2024-01-04 11:54:10.950] [0m[32;1m(INFO)[0m [Producer.APTS_0 ]Receive an INI section
    <Configuration>
      <Section title="">
        <EUDAQ_LOG_ADDR>tcp://127.0.0.1:55000</EUDAQ_LOG_ADDR>
        <Name>lab-3ALPIDE-1APTS.ini</Name>
      </Section>
      <Section title="Producer.APTS_0">
        <#triggermode>replica</#triggermode>
        <plane>0</plane>
        <proximity>APTS-025</proximity>
        <serial>DAQ-0009010E08932125</serial>
      </Section>
    </Configuration>

[0m[1m[2024-01-04 11:54:10.950] [0m[32;1m(INFO)[0m [Producer.ALPIDE_plane_1 ]Receive an INI section
    <Configuration>
      <Section title="">
        <EUDAQ_LOG_ADDR>tcp://127.0.0.1:55000</EUDAQ_LOG_ADDR>
        <Name>lab-3ALPIDE-1APTS.ini</Name>
      </Section>
      <Section title="Producer.ALPIDE_plane_1">
        <plane>2</plane>
        <serial>DAQ-0009010E08931906</serial>
        <triggermode>replica</triggermode>
      </Section>
    </Configuration>

[0m[1m[2024-01-04 11:54:10.950] [0m[32;1m(INFO)[0m [Producer.ALPIDE_plane_0 ]Receive an INI section
    <Configuration>
      <Section title="">
        <EUDAQ_LOG_ADDR>tcp://127.0.0.1:55000</EUDAQ_LOG_ADDR>
        <Name>lab-3ALPIDE-1APTS.ini</Name>
      </Section>
      <Section title="Producer.ALPIDE_plane_0">
        <plane>1</plane>
        <serial>DAQ-0009010E08933325</serial>
        <triggermode>replica</triggermode>
      </Section>
    </Configuration>

[0m[1m[2024-01-04 11:54:10.950] [0m[32;1m(INFO)[0m [Producer.POWER_1 ]Receive an INI section
    <Configuration>
      <Section title="">
        <EUDAQ_LOG_ADDR>tcp://127.0.0.1:55000</EUDAQ_LOG_ADDR>
        <Name>lab-3ALPIDE-1APTS.ini</Name>
      </Section>
      <Section title="Producer.POWER_1">
        <path>/dev/hmp2030</path>
      </Section>
    </Configuration>

[0m[1m[2024-01-04 11:54:10.950] [0m[32;1m(INFO)[0m [DataCollector.dc ]DataCollector.dc is to be initialised...
[0m[1m[2024-01-04 11:54:10.950] [0m[32;1m(INFO)[0m [DataCollector.dc ]TCPServer:: Listening on port 39523
[0m[1m[2024-01-04 11:54:10.950] [0m[32;1m(INFO)[0m [Producer.POWER_0 ]Producer.POWER_0 is to be initialised...
[0m[1m[2024-01-04 11:54:10.983] [0m[32;1m(INFO)[0m [Producer.POWER_0 ]Producer.POWER_0 is initialised.
[0m[1m[2024-01-04 11:54:10.950] [0m[32;1m(INFO)[0m [Producer.ALPIDE_plane_1 ]Producer.ALPIDE_plane_1 is to be initialised...
[0m[1m[2024-01-04 11:54:10.950] [0m[32;1m(INFO)[0m [Producer.ALPIDE_plane_0 ]Producer.ALPIDE_plane_0 is to be initialised...
[0m[1m[2024-01-04 11:54:10.950] [0m[32;1m(INFO)[0m [Producer.POWER_1 ]Producer.POWER_1 is to be initialised...
[0m[1m[2024-01-04 11:54:10.966] [0m[32;1m(INFO)[0m [Producer.POWER_1 ]Producer.POWER_1 is initialised.
[0m[1m[2024-01-04 11:54:10.950] [0m[32;1m(INFO)[0m [Producer.ALPIDE_plane_2 ]Producer.ALPIDE_plane_2 is to be initialised...
[0m[1m[2024-01-04 11:54:10.950] [0m[32;1m(INFO)[0m [Producer.APTS_0 ]Producer.APTS_0 is to be initialised...
[0m[1m[2024-01-04 11:54:10.951] [0m[32;1m(INFO)[0m [Producer.APTS_0 ]Initialising MLR1 DAQ Board
[0m[1m[2024-01-04 11:54:10.954] [0m[31;1m(DEBUG)[0m [Producer.APTS_0 ]v1.10.2 - /home/next/.local/lib/python3.10/site-packages/mlr1daqboard is not a git repository but an installation directory. Git hash at installation: f39ffae61a5ded937a877f938b665ea40cb8dcd9
[0m[1m[2024-01-04 11:54:10.957] [0m[31;1m(DEBUG)[0m [Producer.APTS_0 ]File /home/next/.local/lib/python3.10/site-packages/mlr1daqboard/mlr1daqboard.py installed in /home/next/.local/lib/python3.10/site-packages/mlr1daqboard v1.10.2:
Created:  2023-08-11 08:02:04.290911 UTC
Accessed: 2024-01-04 01:57:25.289000 UTC
Modified: 2023-08-11 08:02:04.290911 UTC
Size:     30355
git diff at installation:
[0m[1m[2024-01-04 11:54:10.957] [0m[31;1m(DEBUG)[0m [Producer.APTS_0 ]Loaded DAC calibration from /home/next/.local/lib/python3.10/site-packages/mlr1daqboard/calibration/APTS-025.json: {
    "IDAC": {
        "CE_COL_AP_IBIASN": [
            0.0189,
            1.79,
            670
        ],
        "CE_MAT_AP_IBIAS4SF_DP_IBIASF": [
            0.37996,
            50.38,
            10000
        ],
        "CE_PMOS_AP_DP_IRESET": [
            3.2e-05,
            0.0,
            2.0
        ],
        "AP_IBIASP_DP_IDB": [
            0.0158,
            1.14,
            450
        ],
        "AP_IBIAS3_DP_IBIAS": [
            0.1186,
            3.79,
            1500
        ]
    },
    "VDAC": {
        "AP_SEL0": [
            0.03804,
            4.71,
            1200
        ],
        "AP_SEL1": [
            0.03806,
            0.1,
            1200
        ],
        "AP_VRESET": [
            0.03809,
            3.6,
            1200
        ],
        "CE_VOFFSET_AP_DP_VH": [
            0.03808,
            3.96,
            1200
        ],
        "AP_VCASP_MUX0_DP_VCASB": [
            0.03805,
            1.61,
            1200
        ],
        "AP_VCASN_MUX1_DP_VCASN": [
            0.03807,
            3.06,
            1200
        ]
    }
}
[0m[1m[2024-01-04 11:54:10.968] [0m[31;1m(DEBUG)[0m [Producer.APTS_0 ]Using DAQ board with serial number DAQ-0009010E08932125
[0m[1m[2024-01-04 11:54:11.151] [0m[32;1m(INFO)[0m [DataCollector.dc ]DataCollector.dc is initialised.
[0m[1m[2024-01-04 11:54:11.171] [0m[32;1m(INFO)[0m [Producer.ALPIDE_plane_1 ]Producer.ALPIDE_plane_1 is initialised.
[0m[1m[2024-01-04 11:54:11.171] [0m[32;1m(INFO)[0m [Producer.ALPIDE_plane_0 ]Producer.ALPIDE_plane_0 is initialised.
[0m[1m[2024-01-04 11:54:11.174] [0m[32;1m(INFO)[0m [Producer.ALPIDE_plane_2 ]Producer.ALPIDE_plane_2 is initialised.
[0m[1m[2024-01-04 11:54:11.371] [0m[31;1m(DEBUG)[0m [Producer.APTS_0 ]Read cmd 0x1602 returned 0000000016737e10
[0m[1m[2024-01-04 11:54:11.372] [0m[31;1m(DEBUG)[0m [Producer.APTS_0 ]Firmware version: 0x107E7316
[0m[1m[2024-01-04 11:54:11.372] [0m[31;1m(DEBUG)[0m [Producer.APTS_0 ]Read cmd 0x1600 returned 00000000fe000000
[0m[1m[2024-01-04 11:54:11.372] [0m[32;1m(INFO)[0m [Producer.APTS_0 ]Producer.APTS_0 is initialised.
[0m[1m[2024-01-04 11:54:11.394] [0m[32;1m(INFO)[0m [RunControl.RC-TUI ]Processing Configure command
[0m[1m[2024-01-04 11:54:11.395] [0m[32;1m(INFO)[0m [DataCollector.dc ]Receive a CONF section
    <Configuration>
      <Section title="">
        <DataCollector.dc>tcp://127.0.0.1:39523</DataCollector.dc>
        <LogCollector.log>tcp://127.0.0.1:55000</LogCollector.log>
        <Name>lab-3ALPIDE-1APTS.conf</Name>
      </Section>
      <Section title="DataCollector.dc">
        <#EUDAQ_DATACOL_SEND_MONITOR_FRACTION>10</#EUDAQ_DATACOL_SEND_MONITOR_FRACTION>
        <#EUDAQ_FW_PATTERN>/dev/null/run$6R_$12D$X</#EUDAQ_FW_PATTERN>
        <#EUDAQ_MN>mon</#EUDAQ_MN>
        <EUDAQ_FW>native</EUDAQ_FW>
        <EUDAQ_FW_PATTERN>/home/next/ITS3/eudaq/data/20240104/run$6R_$12D$X</EUDAQ_FW_PATTERN>
      </Section>
    </Configuration>

[0m[1m[2024-01-04 11:54:11.395] [0m[32;1m(INFO)[0m [DataCollector.dc ]DataCollector.dc is to be configured...
[0m[1m[2024-01-04 11:54:11.395] [0m[32;1m(INFO)[0m [Producer.POWER_0 ]Receive a CONF section
    <Configuration>
      <Section title="">
        <DataCollector.dc>tcp://127.0.0.1:39523</DataCollector.dc>
        <LogCollector.log>tcp://127.0.0.1:55000</LogCollector.log>
        <Name>lab-3ALPIDE-1APTS.conf</Name>
      </Section>
      <Section title="Producer.POWER_0">
        <EUDAQ_DC>dc</EUDAQ_DC>
      </Section>
    </Configuration>

[0m[1m[2024-01-04 11:54:11.395] [0m[32;1m(INFO)[0m [Producer.POWER_0 ]Producer.POWER_0 is to be configured...
[0m[1m[2024-01-04 11:54:11.395] [0m[32;1m(INFO)[0m [Producer.ALPIDE_plane_2 ]Receive a CONF section
    <Configuration>
      <Section title="">
        <DataCollector.dc>tcp://127.0.0.1:39523</DataCollector.dc>
        <LogCollector.log>tcp://127.0.0.1:55000</LogCollector.log>
        <Name>lab-3ALPIDE-1APTS.conf</Name>
      </Section>
      <Section title="Producer.ALPIDE_plane_2">
        <EUDAQ_DC>dc</EUDAQ_DC>
        <EUDAQ_ID>2</EUDAQ_ID>
        <ITHR>60</ITHR>
        <STROBE_LENGTH>800</STROBE_LENGTH>
        <VCASN>106</VCASN>
        <VCASN2>118</VCASN2>
        <VCLIP>60</VCLIP>
      </Section>
    </Configuration>

[0m[1m[2024-01-04 11:54:11.395] [0m[32;1m(INFO)[0m [Producer.ALPIDE_plane_2 ]Producer.ALPIDE_plane_2 is to be configured...
[0m[1m[2024-01-04 11:54:11.395] [0m[32;1m(INFO)[0m [Producer.APTS_0 ]Receive a CONF section
    <Configuration>
      <Section title="">
        <DataCollector.dc>tcp://127.0.0.1:39523</DataCollector.dc>
        <LogCollector.log>tcp://127.0.0.1:55000</LogCollector.log>
        <Name>lab-3ALPIDE-1APTS.conf</Name>
      </Section>
      <Section title="Producer.APTS_0">
        <EUDAQ_DC>dc</EUDAQ_DC>
        <EUDAQ_ID>0</EUDAQ_ID>
        <trg_thr>71</trg_thr>
        <trg_type>1</trg_type>
      </Section>
    </Configuration>

[0m[1m[2024-01-04 11:54:11.395] [0m[32;1m(INFO)[0m [Producer.APTS_0 ]Producer.APTS_0 is to be configured...
[0m[1m[2024-01-04 11:54:11.395] [0m[32;1m(INFO)[0m [Producer.ALPIDE_plane_1 ]Receive a CONF section
    <Configuration>
      <Section title="">
        <DataCollector.dc>tcp://127.0.0.1:39523</DataCollector.dc>
        <LogCollector.log>tcp://127.0.0.1:55000</LogCollector.log>
        <Name>lab-3ALPIDE-1APTS.conf</Name>
      </Section>
      <Section title="Producer.ALPIDE_plane_1">
        <EUDAQ_DC>dc</EUDAQ_DC>
        <EUDAQ_ID>2</EUDAQ_ID>
        <ITHR>60</ITHR>
        <STROBE_LENGTH>800</STROBE_LENGTH>
        <VCASN>106</VCASN>
        <VCASN2>118</VCASN2>
        <VCLIP>60</VCLIP>
      </Section>
    </Configuration>

[0m[1m[2024-01-04 11:54:11.395] [0m[32;1m(INFO)[0m [Producer.ALPIDE_plane_1 ]Producer.ALPIDE_plane_1 is to be configured...
[0m[1m[2024-01-04 11:54:11.395] [0m[32;1m(INFO)[0m [Producer.ALPIDE_plane_0 ]Receive a CONF section
    <Configuration>
      <Section title="">
        <DataCollector.dc>tcp://127.0.0.1:39523</DataCollector.dc>
        <LogCollector.log>tcp://127.0.0.1:55000</LogCollector.log>
        <Name>lab-3ALPIDE-1APTS.conf</Name>
      </Section>
      <Section title="Producer.ALPIDE_plane_0">
        <EUDAQ_DC>dc</EUDAQ_DC>
        <EUDAQ_ID>1</EUDAQ_ID>
        <ITHR>60</ITHR>
        <STROBE_LENGTH>800</STROBE_LENGTH>
        <VCASN>106</VCASN>
        <VCASN2>118</VCASN2>
        <VCLIP>60</VCLIP>
      </Section>
    </Configuration>

[0m[1m[2024-01-04 11:54:11.395] [0m[32;1m(INFO)[0m [Producer.ALPIDE_plane_0 ]Producer.ALPIDE_plane_0 is to be configured...
[0m[1m[2024-01-04 11:54:11.395] [0m[32;1m(INFO)[0m [Producer.POWER_1 ]Receive a CONF section
    <Configuration>
      <Section title="">
        <DataCollector.dc>tcp://127.0.0.1:39523</DataCollector.dc>
        <LogCollector.log>tcp://127.0.0.1:55000</LogCollector.log>
        <Name>lab-3ALPIDE-1APTS.conf</Name>
      </Section>
      <Section title="Producer.POWER_1">
        <EUDAQ_DC>dc</EUDAQ_DC>
      </Section>
    </Configuration>

[0m[1m[2024-01-04 11:54:11.395] [0m[32;1m(INFO)[0m [Producer.POWER_1 ]Producer.POWER_1 is to be configured...
[0m[1m[2024-01-04 11:54:11.395] [0m[32;1m(INFO)[0m [DataCollector.dc ]DataCollector.dc is configured.
[0m[1m[2024-01-04 11:54:11.395] [0m[32;1m(INFO)[0m [Producer.POWER_0 ]Producer.POWER_0 is configured.
[0m[1m[2024-01-04 11:54:11.396] [0m[31;1m(DEBUG)[0m [Producer.APTS_0 ]Write cmd 0x0300 0x00000000 returned 0100000000030000
[0m[1m[2024-01-04 11:54:11.395] [0m[32;1m(INFO)[0m [Producer.POWER_1 ]Producer.POWER_1 is configured.
[0m[1m[2024-01-04 11:54:11.396] [0m[31;1m(DEBUG)[0m [Producer.APTS_0 ]Read cmd 0x1103 returned 0000000000100000
[0m[1m[2024-01-04 11:54:11.396] [0m[32;1m(INFO)[0m [Producer.APTS_0 ]Powering ON the chip with default DAC settings.
[0m[1m[2024-01-04 11:54:11.397] [0m[31;1m(DEBUG)[0m [Producer.APTS_0 ]Read cmd 0x1103 returned 0000000000100000
[0m[1m[2024-01-04 11:54:11.397] [0m[31;1m(DEBUG)[0m [Producer.APTS_0 ]Read cmd 0x1104 returned 0000000003300000
[0m[1m[2024-01-04 11:54:11.397] [0m[31;1m(DEBUG)[0m [Producer.APTS_0 ]Read cmd 0x1103 returned 0000000000100000
[0m[1m[2024-01-04 11:54:11.398] [0m[32;1m(INFO)[0m [Producer.APTS_0 ]Currents before Proximity ON: Ia = 0.04 mA, Id = 0.09 mA, Ib = 0.00 mA
[0m[1m[2024-01-04 11:54:11.398] [0m[31;1m(DEBUG)[0m [Producer.APTS_0 ]Write cmd 0x0e32 0x00000001 returned 01000000320e0000
[0m[1m[2024-01-04 11:54:11.398] [0m[31;1m(DEBUG)[0m [Producer.APTS_0 ]Write cmd 0x0e33 0x00000001 returned 01000000330e0000
[0m[1m[2024-01-04 11:54:11.398] [0m[31;1m(DEBUG)[0m [Producer.APTS_0 ]Write cmd 0x0e12 0x00000001 returned 01000000120e0000
[0m[1m[2024-01-04 11:54:11.400] [0m[31;1m(DEBUG)[0m [Producer.APTS_0 ]Write cmd 0x0401 0x08000001 returned 0100000001040000
[0m[1m[2024-01-04 11:54:11.400] [0m[31;1m(DEBUG)[0m [Producer.APTS_0 ]Write cmd 0x0501 0x08000001 returned 0100000001050000
[0m[1m[2024-01-04 11:54:11.402] [0m[31;1m(DEBUG)[0m [Producer.APTS_0 ]Read cmd 0x1103 returned 0000000000100000
[0m[1m[2024-01-04 11:54:11.403] [0m[31;1m(DEBUG)[0m [Producer.APTS_0 ]Read cmd 0x1104 returned 0000000003600000
[0m[1m[2024-01-04 11:54:11.403] [0m[31;1m(DEBUG)[0m [Producer.APTS_0 ]Read cmd 0x1103 returned 0000000000100000
[0m[1m[2024-01-04 11:54:11.403] [0m[32;1m(INFO)[0m [Producer.APTS_0 ]Currents after Proximity ON: Ia = 0.04 mA, Id = 0.09 mA, Ib = 0.00 mA
[0m[1m[2024-01-04 11:54:11.403] [0m[32;1m(INFO)[0m [Producer.APTS_0 ]Setting DACs for APTS-SF.
[0m[1m[2024-01-04 11:54:11.403] [0m[31;1m(DEBUG)[0m [Producer.APTS_0 ]Setting DAC CE_COL_AP_IBIASN to 19.991 uA.
[0m[1m[2024-01-04 11:54:11.403] [0m[31;1m(DEBUG)[0m [Producer.APTS_0 ]Setting DAC CE_COL_AP_IBIASN to 963
[0m[1m[2024-01-04 11:54:11.403] [0m[31;1m(DEBUG)[0m [Producer.APTS_0 ]Write cmd 0x0401 0x03303c30 returned 0100000001040000
[0m[1m[2024-01-04 11:54:11.403] [0m[31;1m(DEBUG)[0m [Producer.APTS_0 ]Setting DAC CE_MAT_AP_IBIAS4SF_DP_IBIASF to 149.930 uA.
[0m[1m[2024-01-04 11:54:11.404] [0m[31;1m(DEBUG)[0m [Producer.APTS_0 ]Setting DAC CE_MAT_AP_IBIAS4SF_DP_IBIASF to 262
[0m[1m[2024-01-04 11:54:11.404] [0m[31;1m(DEBUG)[0m [Producer.APTS_0 ]Write cmd 0x0401 0x03401060 returned 0100000001040000
[0m[1m[2024-01-04 11:54:11.404] [0m[31;1m(DEBUG)[0m [Producer.APTS_0 ]Setting DAC CE_PMOS_AP_DP_IRESET to 1.000 uA.
[0m[1m[2024-01-04 11:54:11.404] [0m[31;1m(DEBUG)[0m [Producer.APTS_0 ]Setting DAC CE_PMOS_AP_DP_IRESET to 31250
[0m[1m[2024-01-04 11:54:11.404] [0m[31;1m(DEBUG)[0m [Producer.APTS_0 ]Write cmd 0x0501 0x0307a120 returned 0100000001050000
[0m[1m[2024-01-04 11:54:11.404] [0m[31;1m(DEBUG)[0m [Producer.APTS_0 ]Setting DAC AP_IBIASP_DP_IDB to 1.993 uA.
[0m[1m[2024-01-04 11:54:11.404] [0m[31;1m(DEBUG)[0m [Producer.APTS_0 ]Setting DAC AP_IBIASP_DP_IDB to 54
[0m[1m[2024-01-04 11:54:11.405] [0m[31;1m(DEBUG)[0m [Producer.APTS_0 ]Write cmd 0x0501 0x03100360 returned 0100000001050000
[0m[1m[2024-01-04 11:54:11.405] [0m[31;1m(DEBUG)[0m [Producer.APTS_0 ]Setting DAC AP_IBIAS3_DP_IBIAS to 199.954 uA.
[0m[1m[2024-01-04 11:54:11.405] [0m[31;1m(DEBUG)[0m [Producer.APTS_0 ]Setting DAC AP_IBIAS3_DP_IBIAS to 1654
[0m[1m[2024-01-04 11:54:11.405] [0m[31;1m(DEBUG)[0m [Producer.APTS_0 ]Write cmd 0x0501 0x03306760 returned 0100000001050000
[0m[1m[2024-01-04 11:54:11.405] [0m[31;1m(DEBUG)[0m [Producer.APTS_0 ]Setting DAC CE_VOFFSET_AP_DP_VH to 1199.977 mV
[0m[1m[2024-01-04 11:54:11.405] [0m[31;1m(DEBUG)[0m [Producer.APTS_0 ]Setting DAC CE_VOFFSET_AP_DP_VH to 31408
[0m[1m[2024-01-04 11:54:11.406] [0m[31;1m(DEBUG)[0m [Producer.APTS_0 ]Write cmd 0x0501 0x0347ab00 returned 0100000001050000
[0m[1m[2024-01-04 11:54:11.406] [0m[31;1m(DEBUG)[0m [Producer.APTS_0 ]Setting DAC AP_VRESET to 499.989 mV
[0m[1m[2024-01-04 11:54:11.406] [0m[31;1m(DEBUG)[0m [Producer.APTS_0 ]Setting DAC AP_VRESET to 13032
[0m[1m[2024-01-04 11:54:11.406] [0m[31;1m(DEBUG)[0m [Producer.APTS_0 ]Write cmd 0x0501 0x03532e80 returned 0100000001050000
[0m[1m[2024-01-04 11:54:11.406] [0m[32;1m(INFO)[0m [Producer.APTS_0 ]Chip powered ON.
[0m[1m[2024-01-04 11:54:11.407] [0m[32;1m(INFO)[0m [Producer.APTS_0 ]Waiting 9 seconds for Ia current to stabilize...
[0m[1m[2024-01-04 11:54:11.407] [0m[31;1m(DEBUG)[0m [Producer.APTS_0 ]Read cmd 0x1103 returned 0000000000100000
[0m[1m[2024-01-04 11:54:11.407] [0m[32;1m(INFO)[0m [Producer.APTS_0 ]Ia = 0.04 mA
[0m[1m[2024-01-04 11:54:11.502] [0m[32;1m(INFO)[0m [Producer.ALPIDE_plane_0 ]Producer.ALPIDE_plane_0 is configured.
[0m[1m[2024-01-04 11:54:11.503] [0m[32;1m(INFO)[0m [Producer.ALPIDE_plane_2 ]Producer.ALPIDE_plane_2 is configured.
[0m[1m[2024-01-04 11:54:11.503] [0m[32;1m(INFO)[0m [Producer.ALPIDE_plane_1 ]Producer.ALPIDE_plane_1 is configured.
[0m[1m[2024-01-04 11:54:12.409] [0m[31;1m(DEBUG)[0m [Producer.APTS_0 ]Read cmd 0x1103 returned 0000000050cb0800
[0m[1m[2024-01-04 11:54:12.409] [0m[32;1m(INFO)[0m [Producer.APTS_0 ]Ia = 5.29 mA
[0m[1m[2024-01-04 11:54:13.410] [0m[31;1m(DEBUG)[0m [Producer.APTS_0 ]Read cmd 0x1103 returned 000000004bcb0800
[0m[1m[2024-01-04 11:54:13.411] [0m[32;1m(INFO)[0m [Producer.APTS_0 ]Ia = 5.29 mA
[0m[1m[2024-01-04 11:54:14.412] [0m[31;1m(DEBUG)[0m [Producer.APTS_0 ]Read cmd 0x1103 returned 000000004e2b0900
[0m[1m[2024-01-04 11:54:14.412] [0m[32;1m(INFO)[0m [Producer.APTS_0 ]Ia = 5.52 mA
[0m[1m[2024-01-04 11:54:15.414] [0m[31;1m(DEBUG)[0m [Producer.APTS_0 ]Read cmd 0x1103 returned 000000004efb0800
[0m[1m[2024-01-04 11:54:15.414] [0m[32;1m(INFO)[0m [Producer.APTS_0 ]Ia = 5.41 mA
[0m[1m[2024-01-04 11:54:16.415] [0m[31;1m(DEBUG)[0m [Producer.APTS_0 ]Read cmd 0x1103 returned 000000004f2b0900
[0m[1m[2024-01-04 11:54:16.416] [0m[32;1m(INFO)[0m [Producer.APTS_0 ]Ia = 5.52 mA
[0m[1m[2024-01-04 11:54:17.417] [0m[31;1m(DEBUG)[0m [Producer.APTS_0 ]Read cmd 0x1103 returned 000000004ccb0800
[0m[1m[2024-01-04 11:54:17.418] [0m[32;1m(INFO)[0m [Producer.APTS_0 ]Ia = 5.29 mA
[0m[1m[2024-01-04 11:54:18.419] [0m[31;1m(DEBUG)[0m [Producer.APTS_0 ]Read cmd 0x1103 returned 000000004d0b0900
[0m[1m[2024-01-04 11:54:18.419] [0m[32;1m(INFO)[0m [Producer.APTS_0 ]Ia = 5.44 mA
[0m[1m[2024-01-04 11:54:19.421] [0m[31;1m(DEBUG)[0m [Producer.APTS_0 ]Read cmd 0x1103 returned 00000000485b0900
[0m[1m[2024-01-04 11:54:19.421] [0m[32;1m(INFO)[0m [Producer.APTS_0 ]Ia = 5.63 mA
[0m[1m[2024-01-04 11:54:20.423] [0m[31;1m(DEBUG)[0m [Producer.APTS_0 ]Read cmd 0x1103 returned 00000000491b0900
[0m[1m[2024-01-04 11:54:20.423] [0m[31;1m(DEBUG)[0m [Producer.APTS_0 ]Read cmd 0x1104 returned 000000000c600000
[0m[1m[2024-01-04 11:54:20.424] [0m[31;1m(DEBUG)[0m [Producer.APTS_0 ]Read cmd 0x1103 returned 000000004d1b0900
[0m[1m[2024-01-04 11:54:20.424] [0m[32;1m(INFO)[0m [Producer.APTS_0 ]Currents after setting DACs: Ia = 5.48 mA, Id = 0.36 mA, Ib = 70.59 mA
[0m[1m[2024-01-04 11:54:20.424] [0m[31;1m(DEBUG)[0m [Producer.APTS_0 ]Write cmd 0x00ef 0x00000000 returned 01000000ef000000
[0m[1m[2024-01-04 11:54:20.425] [0m[31;1m(DEBUG)[0m [Producer.APTS_0 ]Write cmd 0x0387 0x00000000 returned 0100000087030000
[0m[1m[2024-01-04 11:54:20.425] [0m[31;1m(DEBUG)[0m [Producer.APTS_0 ]Write cmd 0x0301 0x00000028 returned 0100000001030000
[0m[1m[2024-01-04 11:54:20.425] [0m[31;1m(DEBUG)[0m [Producer.APTS_0 ]Write cmd 0x0302 0x00000064 returned 0100000002030000
[0m[1m[2024-01-04 11:54:20.426] [0m[31;1m(DEBUG)[0m [Producer.APTS_0 ]Write cmd 0x0303 0x00000064 returned 0100000003030000
[0m[1m[2024-01-04 11:54:20.426] [0m[31;1m(DEBUG)[0m [Producer.APTS_0 ]Write cmd 0x0304 0x00000001 returned 0100000004030000
[0m[1m[2024-01-04 11:54:20.426] [0m[31;1m(DEBUG)[0m [Producer.APTS_0 ]Write cmd 0x0305 0x00002710 returned 0100000005030000
[0m[1m[2024-01-04 11:54:20.426] [0m[31;1m(DEBUG)[0m [Producer.APTS_0 ]Write cmd 0x0306 0x00000047 returned 0100000006030000
[0m[1m[2024-01-04 11:54:20.427] [0m[31;1m(DEBUG)[0m [Producer.APTS_0 ]Write cmd 0x0307 0x00000002 returned 0100000007030000
[0m[1m[2024-01-04 11:54:20.427] [0m[31;1m(DEBUG)[0m [Producer.APTS_0 ]Write cmd 0x0308 0x0000ffff returned 0100000008030000
[0m[1m[2024-01-04 11:54:20.427] [0m[31;1m(DEBUG)[0m [Producer.APTS_0 ]Write cmd 0x0309 0x00000000 returned 0100000009030000
[0m[1m[2024-01-04 11:54:20.428] [0m[31;1m(DEBUG)[0m [Producer.APTS_0 ]Write cmd 0x030a 0x00000001 returned 010000000a030000
[0m[1m[2024-01-04 11:54:20.428] [0m[31;1m(DEBUG)[0m [Producer.APTS_0 ]Write cmd 0x030b 0x00000001 returned 010000000b030000
[0m[1m[2024-01-04 11:54:20.428] [0m[31;1m(DEBUG)[0m [Producer.APTS_0 ]Write cmd 0x030c 0x00000001 returned 010000000c030000
[0m[1m[2024-01-04 11:54:20.429] [0m[31;1m(DEBUG)[0m [Producer.APTS_0 ]Write cmd 0x030d 0x0000000a returned 010000000d030000
[0m[1m[2024-01-04 11:54:20.429] [0m[31;1m(DEBUG)[0m [Producer.APTS_0 ]Write cmd 0x030e 0x0000000a returned 010000000e030000
[0m[1m[2024-01-04 11:54:20.429] [0m[31;1m(DEBUG)[0m [Producer.APTS_0 ]Write cmd 0x0300 0x00000001 returned 0100000000030000
[0m[1m[2024-01-04 11:54:20.429] [0m[32;1m(INFO)[0m [Producer.APTS_0 ]Producer.APTS_0 is configured.
[0m[1m[2024-01-04 11:54:20.448] [0m[32;1m(INFO)[0m [RunControl.RC-TUI ]Processing StartRun command for RUN #14115408
[0m[1m[2024-01-04 11:54:21.549] [0m[32;1m(INFO)[0m [DataCollector.dc ]RUN #14115408 is to be started...
[0m[1m[2024-01-04 11:54:21.549] [0m[32;1m(INFO)[0m [DataCollector.dc ]RUN #14115408 is started.
[0m[1m[2024-01-04 11:54:22.649] [0m[32;1m(INFO)[0m [Producer.ALPIDE_plane_0 ]RUN #14115408 is to be started...
[0m[1m[2024-01-04 11:54:22.649] [0m[32;1m(INFO)[0m [Producer.POWER_0 ]RUN #14115408 is to be started...
[0m[1m[2024-01-04 11:54:22.649] [0m[32;1m(INFO)[0m [Producer.ALPIDE_plane_2 ]RUN #14115408 is to be started...
[0m[1m[2024-01-04 11:54:22.649] [0m[32;1m(INFO)[0m [Producer.ALPIDE_plane_1 ]RUN #14115408 is to be started...
[0m[1m[2024-01-04 11:54:22.649] [0m[32;1m(INFO)[0m [Producer.POWER_1 ]RUN #14115408 is to be started...
[0m[1m[2024-01-04 11:54:22.650] [0m[32;1m(INFO)[0m [DataCollector.dc ]DataReceiver: Connection from <ConnectionTCP>
  <FD>tcp://127.0.0.1:57692</FD>
  <Connection>
    <Type>Producer</Type>
    <Name>ALPIDE_plane_0</Name>
    <State>1</State>
  </Connection>
</ConnectionTCP>

[0m[1m[2024-01-04 11:54:22.650] [0m[32;1m(INFO)[0m [DataCollector.dc ]DataReceiver: Connection from <ConnectionTCP>
  <FD>tcp://127.0.0.1:57696</FD>
  <Connection>
    <Type>Producer</Type>
    <Name>POWER_1</Name>
    <State>1</State>
  </Connection>
</ConnectionTCP>

[0m[1m[2024-01-04 11:54:22.651] [0m[32;1m(INFO)[0m [DataCollector.dc ]DataReceiver: Connection from <ConnectionTCP>
  <FD>tcp://127.0.0.1:57698</FD>
  <Connection>
    <Type>Producer</Type>
    <Name>POWER_0</Name>
    <State>1</State>
  </Connection>
</ConnectionTCP>

[0m[1m[2024-01-04 11:54:22.651] [0m[32;1m(INFO)[0m [Producer.POWER_1 ]RUN #14115408 is started.
[0m[1m[2024-01-04 11:54:22.651] [0m[32;1m(INFO)[0m [DataCollector.dc ]DataReceiver: Connection from <ConnectionTCP>
  <FD>tcp://127.0.0.1:57702</FD>
  <Connection>
    <Type>Producer</Type>
    <Name>ALPIDE_plane_1</Name>
    <State>1</State>
  </Connection>
</ConnectionTCP>

[0m[1m[2024-01-04 11:54:22.651] [0m[32;1m(INFO)[0m [Producer.POWER_0 ]RUN #14115408 is started.
[0m[1m[2024-01-04 11:54:22.651] [0m[32;1m(INFO)[0m [DataCollector.dc ]DataReceiver: Connection from <ConnectionTCP>
  <FD>tcp://127.0.0.1:57700</FD>
  <Connection>
    <Type>Producer</Type>
    <Name>ALPIDE_plane_2</Name>
    <State>1</State>
  </Connection>
</ConnectionTCP>

[0m[1m[2024-01-04 11:54:22.717] [0m[32;1m(INFO)[0m [Producer.ALPIDE_plane_1 ]RUN #14115408 is started.
[0m[1m[2024-01-04 11:54:22.720] [0m[32;1m(INFO)[0m [Producer.ALPIDE_plane_0 ]RUN #14115408 is started.
[0m[1m[2024-01-04 11:54:22.721] [0m[32;1m(INFO)[0m [Producer.ALPIDE_plane_2 ]RUN #14115408 is started.
[0m[1m[2024-01-04 11:54:23.749] [0m[32;1m(INFO)[0m [Producer.APTS_0 ]RUN #14115408 is to be started...
[0m[1m[2024-01-04 11:54:23.804] [0m[32;1m(INFO)[0m [DataCollector.dc ]DataReceiver: Connection from <ConnectionTCP>
  <FD>tcp://127.0.0.1:57730</FD>
  <Connection>
    <Type>Producer</Type>
    <Name>APTS_0</Name>
    <State>1</State>
  </Connection>
</ConnectionTCP>

[0m[1m[2024-01-04 11:54:23.805] [0m[31;1m(DEBUG)[0m [Producer.APTS_0 ]Read cmd 0x1103 returned 000000004f3b0800
[0m[1m[2024-01-04 11:54:23.805] [0m[31;1m(DEBUG)[0m [Producer.APTS_0 ]Read cmd 0x1103 returned 0000000049db0800
[0m[1m[2024-01-04 11:54:23.820] [0m[31;1m(DEBUG)[0m [Producer.APTS_0 ]Read cmd 0x1602 returned 0000000016737e10
[0m[1m[2024-01-04 11:54:23.921] [0m[31;1m(DEBUG)[0m [Producer.APTS_0 ]Write cmd 0x03ac 0x00000001 returned 01000000ac030000
[0m[1m[2024-01-04 11:54:23.921] [0m[32;1m(INFO)[0m [Producer.APTS_0 ]RUN #14115408 is started.
[0m[1m[2024-01-04 11:54:24.474] [0m[31;1m(ERROR)[0m [DataCollector.dc ]DoReceive: <ConnectionTCP>
  <FD>tcp://127.0.0.1:57700</FD>
  <Connection>
    <Type>Producer</Type>
    <Name>ALPIDE_plane_2</Name>
    <State>1</State>
  </Connection>
</ConnectionTCP>

[0m[1m[2024-01-04 11:54:24.647] [0m[33;1m(WARN)[0m [DataCollector.dc ]DataReceiver: Connection execption at listening time
[0m[1m[2024-01-04 11:54:34.114] [0m[31;1m(DEBUG)[0m [Producer.APTS_0 ]Read cmd 0x1103 returned 000000004d2b0900
[0m[1m[2024-01-04 11:54:34.114] [0m[31;1m(DEBUG)[0m [Producer.APTS_0 ]Read cmd 0x1103 returned 000000004ceb0800
[0m[1m[2024-01-04 11:54:44.165] [0m[31;1m(DEBUG)[0m [Producer.APTS_0 ]Read cmd 0x1103 returned 000000004afb0800
[0m[1m[2024-01-04 11:54:44.166] [0m[31;1m(DEBUG)[0m [Producer.APTS_0 ]Read cmd 0x1103 returned 000000004fbb0800
[0m[1m[2024-01-04 11:54:54.254] [0m[31;1m(DEBUG)[0m [Producer.APTS_0 ]Read cmd 0x1103 returned 000000004beb0800
[0m[1m[2024-01-04 11:54:54.255] [0m[31;1m(DEBUG)[0m [Producer.APTS_0 ]Read cmd 0x1103 returned 000000004aeb0800
[0m[1m[2024-01-04 11:55:04.286] [0m[31;1m(DEBUG)[0m [Producer.APTS_0 ]Read cmd 0x1103 returned 0000000049eb0800
[0m[1m[2024-01-04 11:55:04.286] [0m[31;1m(DEBUG)[0m [Producer.APTS_0 ]Read cmd 0x1103 returned 000000004b2b0900
[0m[1m[2024-01-04 11:55:14.335] [0m[31;1m(DEBUG)[0m [Producer.APTS_0 ]Read cmd 0x1103 returned 000000004b9b0800
[0m[1m[2024-01-04 11:55:14.335] [0m[31;1m(DEBUG)[0m [Producer.APTS_0 ]Read cmd 0x1103 returned 000000004b2b0900
[0m[1m[2024-01-04 11:55:24.632] [0m[31;1m(DEBUG)[0m [Producer.APTS_0 ]Read cmd 0x1103 returned 000000004a0b0900
[0m[1m[2024-01-04 11:55:24.632] [0m[31;1m(DEBUG)[0m [Producer.APTS_0 ]Read cmd 0x1103 returned 000000004cab0800
[0m[1m[2024-01-04 11:55:34.762] [0m[31;1m(DEBUG)[0m [Producer.APTS_0 ]Read cmd 0x1103 returned 000000004efb0800
[0m[1m[2024-01-04 11:55:34.763] [0m[31;1m(DEBUG)[0m [Producer.APTS_0 ]Read cmd 0x1103 returned 000000004d2b0900
[0m[1m[2024-01-04 11:55:44.804] [0m[31;1m(DEBUG)[0m [Producer.APTS_0 ]Read cmd 0x1103 returned 000000004f2b0900
[0m[1m[2024-01-04 11:55:44.804] [0m[31;1m(DEBUG)[0m [Producer.APTS_0 ]Read cmd 0x1103 returned 000000004b3b0800
[0m[1m[2024-01-04 11:55:54.881] [0m[31;1m(DEBUG)[0m [Producer.APTS_0 ]Read cmd 0x1103 returned 000000004dfb0800
[0m[1m[2024-01-04 11:55:54.882] [0m[31;1m(DEBUG)[0m [Producer.APTS_0 ]Read cmd 0x1103 returned 000000004dbb0800
[0m[1m[2024-01-04 11:56:04.954] [0m[31;1m(DEBUG)[0m [Producer.APTS_0 ]Read cmd 0x1103 returned 000000004b8b0800
[0m[1m[2024-01-04 11:56:04.955] [0m[31;1m(DEBUG)[0m [Producer.APTS_0 ]Read cmd 0x1103 returned 000000004ecb0800
[0m[1m[2024-01-04 11:56:15.093] [0m[31;1m(DEBUG)[0m [Producer.APTS_0 ]Read cmd 0x1103 returned 000000004cdb0800
[0m[1m[2024-01-04 11:56:15.094] [0m[31;1m(DEBUG)[0m [Producer.APTS_0 ]Read cmd 0x1103 returned 000000004b0b0900
[0m[1m[2024-01-04 11:56:25.120] [0m[31;1m(DEBUG)[0m [Producer.APTS_0 ]Read cmd 0x1103 returned 000000004aeb0800
[0m[1m[2024-01-04 11:56:25.120] [0m[31;1m(DEBUG)[0m [Producer.APTS_0 ]Read cmd 0x1103 returned 000000004ddb0800
[0m[1m[2024-01-04 11:56:35.215] [0m[31;1m(DEBUG)[0m [Producer.APTS_0 ]Read cmd 0x1103 returned 000000004e1b0900
[0m[1m[2024-01-04 11:56:35.216] [0m[31;1m(DEBUG)[0m [Producer.APTS_0 ]Read cmd 0x1103 returned 000000004dfb0800
[0m[1m[2024-01-04 11:56:45.486] [0m[31;1m(DEBUG)[0m [Producer.APTS_0 ]Read cmd 0x1103 returned 000000004fcb0800
[0m[1m[2024-01-04 11:56:45.486] [0m[31;1m(DEBUG)[0m [Producer.APTS_0 ]Read cmd 0x1103 returned 000000004bbb0800
[0m[1m[2024-01-04 11:56:55.531] [0m[31;1m(DEBUG)[0m [Producer.APTS_0 ]Read cmd 0x1103 returned 000000004a9b0800
[0m[1m[2024-01-04 11:56:55.532] [0m[31;1m(DEBUG)[0m [Producer.APTS_0 ]Read cmd 0x1103 returned 000000004a1b0900
[0m[1m[2024-01-04 11:57:05.682] [0m[31;1m(DEBUG)[0m [Producer.APTS_0 ]Read cmd 0x1103 returned 000000004e4b0900
[0m[1m[2024-01-04 11:57:05.682] [0m[31;1m(DEBUG)[0m [Producer.APTS_0 ]Read cmd 0x1103 returned 000000004bab0800
[0m[1m[2024-01-04 11:57:15.751] [0m[31;1m(DEBUG)[0m [Producer.APTS_0 ]Read cmd 0x1103 returned 000000004a4b0900
[0m[1m[2024-01-04 11:57:15.752] [0m[31;1m(DEBUG)[0m [Producer.APTS_0 ]Read cmd 0x1103 returned 000000004d3b0900
[0m[1m[2024-01-04 11:57:25.802] [0m[31;1m(DEBUG)[0m [Producer.APTS_0 ]Read cmd 0x1103 returned 000000004cdb0800
[0m[1m[2024-01-04 11:57:25.802] [0m[31;1m(DEBUG)[0m [Producer.APTS_0 ]Read cmd 0x1103 returned 000000004aeb0800
[0m[1m[2024-01-04 11:57:35.811] [0m[31;1m(DEBUG)[0m [Producer.APTS_0 ]Read cmd 0x1103 returned 000000004b3b0900
[0m[1m[2024-01-04 11:57:35.811] [0m[31;1m(DEBUG)[0m [Producer.APTS_0 ]Read cmd 0x1103 returned 000000004cbb0800
[0m[1m[2024-01-04 11:57:45.842] [0m[31;1m(DEBUG)[0m [Producer.APTS_0 ]Read cmd 0x1103 returned 000000004cdb0800
[0m[1m[2024-01-04 11:57:45.842] [0m[31;1m(DEBUG)[0m [Producer.APTS_0 ]Read cmd 0x1103 returned 000000004cbb0800
[0m[1m[2024-01-04 11:57:55.964] [0m[31;1m(DEBUG)[0m [Producer.APTS_0 ]Read cmd 0x1103 returned 000000004c6b0900
[0m[1m[2024-01-04 11:57:55.964] [0m[31;1m(DEBUG)[0m [Producer.APTS_0 ]Read cmd 0x1103 returned 00000000492b0900
[0m[1m[2024-01-04 11:58:06.067] [0m[31;1m(DEBUG)[0m [Producer.APTS_0 ]Read cmd 0x1103 returned 000000004c1b0900
[0m[1m[2024-01-04 11:58:06.067] [0m[31;1m(DEBUG)[0m [Producer.APTS_0 ]Read cmd 0x1103 returned 000000004b8b0800
[0m[1m[2024-01-04 11:58:16.102] [0m[31;1m(DEBUG)[0m [Producer.APTS_0 ]Read cmd 0x1103 returned 000000004deb0800
[0m[1m[2024-01-04 11:58:16.103] [0m[31;1m(DEBUG)[0m [Producer.APTS_0 ]Read cmd 0x1103 returned 000000004d8b0800
[0m[1m[2024-01-04 11:58:26.139] [0m[31;1m(DEBUG)[0m [Producer.APTS_0 ]Read cmd 0x1103 returned 000000004b9b0800
[0m[1m[2024-01-04 11:58:26.140] [0m[31;1m(DEBUG)[0m [Producer.APTS_0 ]Read cmd 0x1103 returned 000000004cdb0800
[0m[1m[2024-01-04 11:58:36.182] [0m[31;1m(DEBUG)[0m [Producer.APTS_0 ]Read cmd 0x1103 returned 00000000475b0800
[0m[1m[2024-01-04 11:58:36.183] [0m[31;1m(DEBUG)[0m [Producer.APTS_0 ]Read cmd 0x1103 returned 000000004a1b0900
[0m[1m[2024-01-04 11:58:46.229] [0m[31;1m(DEBUG)[0m [Producer.APTS_0 ]Read cmd 0x1103 returned 00000000497b0800
[0m[1m[2024-01-04 11:58:46.230] [0m[31;1m(DEBUG)[0m [Producer.APTS_0 ]Read cmd 0x1103 returned 000000004bbb0800
[0m[1m[2024-01-04 11:58:56.321] [0m[31;1m(DEBUG)[0m [Producer.APTS_0 ]Read cmd 0x1103 returned 000000004b6b0800
[0m[1m[2024-01-04 11:58:56.322] [0m[31;1m(DEBUG)[0m [Producer.APTS_0 ]Read cmd 0x1103 returned 0000000049fb0800
[0m[1m[2024-01-04 11:59:06.409] [0m[31;1m(DEBUG)[0m [Producer.APTS_0 ]Read cmd 0x1103 returned 000000004c7b0900
[0m[1m[2024-01-04 11:59:06.409] [0m[31;1m(DEBUG)[0m [Producer.APTS_0 ]Read cmd 0x1103 returned 000000004b2b0900
[0m[1m[2024-01-04 11:59:16.444] [0m[31;1m(DEBUG)[0m [Producer.APTS_0 ]Read cmd 0x1103 returned 000000004d9b0800
[0m[1m[2024-01-04 11:59:16.444] [0m[31;1m(DEBUG)[0m [Producer.APTS_0 ]Read cmd 0x1103 returned 000000004bbb0800
[0m[1m[2024-01-04 11:59:26.511] [0m[31;1m(DEBUG)[0m [Producer.APTS_0 ]Read cmd 0x1103 returned 000000004adb0800
[0m[1m[2024-01-04 11:59:26.511] [0m[31;1m(DEBUG)[0m [Producer.APTS_0 ]Read cmd 0x1103 returned 000000004b3b0900
[0m[1m[2024-01-04 11:59:36.540] [0m[31;1m(DEBUG)[0m [Producer.APTS_0 ]Read cmd 0x1103 returned 000000004bbb0800
[0m[1m[2024-01-04 11:59:36.541] [0m[31;1m(DEBUG)[0m [Producer.APTS_0 ]Read cmd 0x1103 returned 000000004bfb0800
[0m[1m[2024-01-04 11:59:46.680] [0m[31;1m(DEBUG)[0m [Producer.APTS_0 ]Read cmd 0x1103 returned 00000000481b0900
[0m[1m[2024-01-04 11:59:46.681] [0m[31;1m(DEBUG)[0m [Producer.APTS_0 ]Read cmd 0x1103 returned 000000004c9b0800
[0m[1m[2024-01-04 11:59:56.704] [0m[31;1m(DEBUG)[0m [Producer.APTS_0 ]Read cmd 0x1103 returned 000000004bbb0800
[0m[1m[2024-01-04 11:59:56.704] [0m[31;1m(DEBUG)[0m [Producer.APTS_0 ]Read cmd 0x1103 returned 000000004afb0800
[0m[1m[2024-01-04 12:00:06.780] [0m[31;1m(DEBUG)[0m [Producer.APTS_0 ]Read cmd 0x1103 returned 000000004d6b0900
[0m[1m[2024-01-04 12:00:06.781] [0m[31;1m(DEBUG)[0m [Producer.APTS_0 ]Read cmd 0x1103 returned 0000000048db0800
[0m[1m[2024-01-04 12:00:16.826] [0m[31;1m(DEBUG)[0m [Producer.APTS_0 ]Read cmd 0x1103 returned 000000004c1b0900
[0m[1m[2024-01-04 12:00:16.827] [0m[31;1m(DEBUG)[0m [Producer.APTS_0 ]Read cmd 0x1103 returned 000000004b2b0900
[0m[1m[2024-01-04 12:00:26.934] [0m[31;1m(DEBUG)[0m [Producer.APTS_0 ]Read cmd 0x1103 returned 000000004c0b0900
[0m[1m[2024-01-04 12:00:26.934] [0m[31;1m(DEBUG)[0m [Producer.APTS_0 ]Read cmd 0x1103 returned 0000000049bb0800
[0m[1m[2024-01-04 12:00:36.962] [0m[31;1m(DEBUG)[0m [Producer.APTS_0 ]Read cmd 0x1103 returned 000000004d2b0900
[0m[1m[2024-01-04 12:00:36.962] [0m[31;1m(DEBUG)[0m [Producer.APTS_0 ]Read cmd 0x1103 returned 000000004ccb0800
[0m[1m[2024-01-04 12:00:46.982] [0m[31;1m(DEBUG)[0m [Producer.APTS_0 ]Read cmd 0x1103 returned 00000000482b0900
[0m[1m[2024-01-04 12:00:46.982] [0m[31;1m(DEBUG)[0m [Producer.APTS_0 ]Read cmd 0x1103 returned 00000000481b0900
[0m[1m[2024-01-04 12:00:57.160] [0m[31;1m(DEBUG)[0m [Producer.APTS_0 ]Read cmd 0x1103 returned 000000004ccb0800
[0m[1m[2024-01-04 12:00:57.161] [0m[31;1m(DEBUG)[0m [Producer.APTS_0 ]Read cmd 0x1103 returned 000000004f8b0800
[0m[1m[2024-01-04 12:01:07.212] [0m[31;1m(DEBUG)[0m [Producer.APTS_0 ]Read cmd 0x1103 returned 0000000049db0800
[0m[1m[2024-01-04 12:01:07.213] [0m[31;1m(DEBUG)[0m [Producer.APTS_0 ]Read cmd 0x1103 returned 000000004c9b0800
[0m[1m[2024-01-04 12:01:17.259] [0m[31;1m(DEBUG)[0m [Producer.APTS_0 ]Read cmd 0x1103 returned 000000004afb0800
[0m[1m[2024-01-04 12:01:17.259] [0m[31;1m(DEBUG)[0m [Producer.APTS_0 ]Read cmd 0x1103 returned 0000000046ab0800
[0m[1m[2024-01-04 12:01:27.345] [0m[31;1m(DEBUG)[0m [Producer.APTS_0 ]Read cmd 0x1103 returned 000000004dfb0800
[0m[1m[2024-01-04 12:01:27.346] [0m[31;1m(DEBUG)[0m [Producer.APTS_0 ]Read cmd 0x1103 returned 000000004bab0800
[0m[1m[2024-01-04 12:01:37.419] [0m[31;1m(DEBUG)[0m [Producer.APTS_0 ]Read cmd 0x1103 returned 000000004a8b0800
[0m[1m[2024-01-04 12:01:37.419] [0m[31;1m(DEBUG)[0m [Producer.APTS_0 ]Read cmd 0x1103 returned 000000004bbb0800
[0m[1m[2024-01-04 12:01:47.427] [0m[31;1m(DEBUG)[0m [Producer.APTS_0 ]Read cmd 0x1103 returned 00000000491b0900
[0m[1m[2024-01-04 12:01:47.427] [0m[31;1m(DEBUG)[0m [Producer.APTS_0 ]Read cmd 0x1103 returned 00000000464b0900
[0m[1m[2024-01-04 12:01:57.466] [0m[31;1m(DEBUG)[0m [Producer.APTS_0 ]Read cmd 0x1103 returned 00000000496b0800
[0m[1m[2024-01-04 12:01:57.467] [0m[31;1m(DEBUG)[0m [Producer.APTS_0 ]Read cmd 0x1103 returned 0000000049cb0800
[0m[1m[2024-01-04 12:02:07.482] [0m[31;1m(DEBUG)[0m [Producer.APTS_0 ]Read cmd 0x1103 returned 00000000468b0800
[0m[1m[2024-01-04 12:02:07.482] [0m[31;1m(DEBUG)[0m [Producer.APTS_0 ]Read cmd 0x1103 returned 000000004a5b0900
[0m[1m[2024-01-04 12:02:17.490] [0m[31;1m(DEBUG)[0m [Producer.APTS_0 ]Read cmd 0x1103 returned 0000000047bb0800
[0m[1m[2024-01-04 12:02:17.490] [0m[31;1m(DEBUG)[0m [Producer.APTS_0 ]Read cmd 0x1103 returned 000000004ccb0800
[0m[1m[2024-01-04 12:02:27.545] [0m[31;1m(DEBUG)[0m [Producer.APTS_0 ]Read cmd 0x1103 returned 0000000047db0800
[0m[1m[2024-01-04 12:02:27.545] [0m[31;1m(DEBUG)[0m [Producer.APTS_0 ]Read cmd 0x1103 returned 00000000480b0900
[0m[1m[2024-01-04 12:02:37.724] [0m[31;1m(DEBUG)[0m [Producer.APTS_0 ]Read cmd 0x1103 returned 00000000476b0800
[0m[1m[2024-01-04 12:02:37.724] [0m[31;1m(DEBUG)[0m [Producer.APTS_0 ]Read cmd 0x1103 returned 000000004a0b0900
[0m[1m[2024-01-04 12:02:47.798] [0m[31;1m(DEBUG)[0m [Producer.APTS_0 ]Read cmd 0x1103 returned 0000000048fb0800
[0m[1m[2024-01-04 12:02:47.799] [0m[31;1m(DEBUG)[0m [Producer.APTS_0 ]Read cmd 0x1103 returned 00000000481b0900
[0m[1m[2024-01-04 12:02:57.877] [0m[31;1m(DEBUG)[0m [Producer.APTS_0 ]Read cmd 0x1103 returned 0000000045fb0800
[0m[1m[2024-01-04 12:02:57.878] [0m[31;1m(DEBUG)[0m [Producer.APTS_0 ]Read cmd 0x1103 returned 0000000047db0800
[0m[1m[2024-01-04 12:03:07.964] [0m[31;1m(DEBUG)[0m [Producer.APTS_0 ]Read cmd 0x1103 returned 000000004acb0800
[0m[1m[2024-01-04 12:03:07.964] [0m[31;1m(DEBUG)[0m [Producer.APTS_0 ]Read cmd 0x1103 returned 000000004b5b0800
[0m[1m[2024-01-04 12:03:18.035] [0m[31;1m(DEBUG)[0m [Producer.APTS_0 ]Read cmd 0x1103 returned 00000000490b0900
[0m[1m[2024-01-04 12:03:18.036] [0m[31;1m(DEBUG)[0m [Producer.APTS_0 ]Read cmd 0x1103 returned 000000004a7b0900
[0m[1m[2024-01-04 12:03:28.079] [0m[31;1m(DEBUG)[0m [Producer.APTS_0 ]Read cmd 0x1103 returned 000000004c9b0800
[0m[1m[2024-01-04 12:03:28.080] [0m[31;1m(DEBUG)[0m [Producer.APTS_0 ]Read cmd 0x1103 returned 000000004abb0800
[0m[1m[2024-01-04 12:03:38.110] [0m[31;1m(DEBUG)[0m [Producer.APTS_0 ]Read cmd 0x1103 returned 00000000470b0900
[0m[1m[2024-01-04 12:03:38.111] [0m[31;1m(DEBUG)[0m [Producer.APTS_0 ]Read cmd 0x1103 returned 000000004b4b0900
[0m[1m[2024-01-04 12:03:48.233] [0m[31;1m(DEBUG)[0m [Producer.APTS_0 ]Read cmd 0x1103 returned 0000000048cb0800
[0m[1m[2024-01-04 12:03:48.233] [0m[31;1m(DEBUG)[0m [Producer.APTS_0 ]Read cmd 0x1103 returned 000000004a8b0900
[0m[1m[2024-01-04 12:03:58.328] [0m[31;1m(DEBUG)[0m [Producer.APTS_0 ]Read cmd 0x1103 returned 0000000049fb0800
[0m[1m[2024-01-04 12:03:58.329] [0m[31;1m(DEBUG)[0m [Producer.APTS_0 ]Read cmd 0x1103 returned 000000004c8b0800
[0m[1m[2024-01-04 12:04:08.389] [0m[31;1m(DEBUG)[0m [Producer.APTS_0 ]Read cmd 0x1103 returned 0000000049eb0800
[0m[1m[2024-01-04 12:04:08.390] [0m[31;1m(DEBUG)[0m [Producer.APTS_0 ]Read cmd 0x1103 returned 00000000481b0900
[0m[1m[2024-01-04 12:04:18.467] [0m[31;1m(DEBUG)[0m [Producer.APTS_0 ]Read cmd 0x1103 returned 000000004a6b0900
[0m[1m[2024-01-04 12:04:18.468] [0m[31;1m(DEBUG)[0m [Producer.APTS_0 ]Read cmd 0x1103 returned 000000004c0b0900
[0m[1m[2024-01-04 12:04:28.641] [0m[31;1m(DEBUG)[0m [Producer.APTS_0 ]Read cmd 0x1103 returned 0000000046ab0800
[0m[1m[2024-01-04 12:04:28.641] [0m[31;1m(DEBUG)[0m [Producer.APTS_0 ]Read cmd 0x1103 returned 000000004a3b0900
[0m[1m[2024-01-04 12:04:38.648] [0m[31;1m(DEBUG)[0m [Producer.APTS_0 ]Read cmd 0x1103 returned 00000000462b0900
[0m[1m[2024-01-04 12:04:38.648] [0m[31;1m(DEBUG)[0m [Producer.APTS_0 ]Read cmd 0x1103 returned 00000000483b0900
[0m[1m[2024-01-04 12:04:48.739] [0m[31;1m(DEBUG)[0m [Producer.APTS_0 ]Read cmd 0x1103 returned 00000000481b0900
[0m[1m[2024-01-04 12:04:48.740] [0m[31;1m(DEBUG)[0m [Producer.APTS_0 ]Read cmd 0x1103 returned 00000000498b0900
[0m[1m[2024-01-04 12:04:58.751] [0m[31;1m(DEBUG)[0m [Producer.APTS_0 ]Read cmd 0x1103 returned 00000000497b0800
[0m[1m[2024-01-04 12:04:58.752] [0m[31;1m(DEBUG)[0m [Producer.APTS_0 ]Read cmd 0x1103 returned 0000000049fb0800
[0m[1m[2024-01-04 12:05:08.826] [0m[31;1m(DEBUG)[0m [Producer.APTS_0 ]Read cmd 0x1103 returned 00000000495b0900
[0m[1m[2024-01-04 12:05:08.826] [0m[31;1m(DEBUG)[0m [Producer.APTS_0 ]Read cmd 0x1103 returned 000000004b3b0900
[0m[1m[2024-01-04 12:05:18.848] [0m[31;1m(DEBUG)[0m [Producer.APTS_0 ]Read cmd 0x1103 returned 0000000047eb0800
[0m[1m[2024-01-04 12:05:18.848] [0m[31;1m(DEBUG)[0m [Producer.APTS_0 ]Read cmd 0x1103 returned 00000000481b0900
[0m[1m[2024-01-04 12:05:28.904] [0m[31;1m(DEBUG)[0m [Producer.APTS_0 ]Read cmd 0x1103 returned 000000004a8b0900
[0m[1m[2024-01-04 12:05:28.904] [0m[31;1m(DEBUG)[0m [Producer.APTS_0 ]Read cmd 0x1103 returned 000000004abb0900
[0m[1m[2024-01-04 12:05:39.045] [0m[32;1m(INFO)[0m [RunControl.RC-TUI ]Processing StopRun command for RUN #14115408
[0m[1m[2024-01-04 12:05:39.045] [0m[32;1m(INFO)[0m [Producer.APTS_0 ]RUN #14115408 is to be stopped...
[0m[1m[2024-01-04 12:05:39.065] [0m[31;1m(DEBUG)[0m [Producer.APTS_0 ]Read cmd 0x1103 returned 000000004adb0800
[0m[1m[2024-01-04 12:05:39.065] [0m[31;1m(DEBUG)[0m [Producer.APTS_0 ]Read cmd 0x1103 returned 0000000047bb0800
[0m[1m[2024-01-04 12:05:39.066] [0m[31;1m(DEBUG)[0m [Producer.APTS_0 ]Read cmd 0x1103 returned 000000004bfb0800
[0m[1m[2024-01-04 12:05:39.066] [0m[31;1m(DEBUG)[0m [Producer.APTS_0 ]Read cmd 0x1103 returned 0000000048db0800
[0m[1m[2024-01-04 12:05:40.168] [0m[31;1m(DEBUG)[0m [Producer.APTS_0 ]Read cmd 0x1103 returned 00000000489b0900
[0m[1m[2024-01-04 12:05:40.168] [0m[31;1m(DEBUG)[0m [Producer.APTS_0 ]Read cmd 0x1103 returned 0000000047ab0800
[0m[1m[2024-01-04 12:05:40.168] [0m[32;1m(INFO)[0m [Producer.APTS_0 ]RUN #14115408 is stopped.
[0m[1m[2024-01-04 12:05:40.249] [0m[32;1m(INFO)[0m [Producer.ALPIDE_plane_1 ]RUN #14115408 is to be stopped...
[0m[1m[2024-01-04 12:05:40.249] [0m[32;1m(INFO)[0m [Producer.ALPIDE_plane_0 ]RUN #14115408 is to be stopped...
[0m[1m[2024-01-04 12:05:40.249] [0m[32;1m(INFO)[0m [Producer.POWER_0 ]RUN #14115408 is to be stopped...
[0m[1m[2024-01-04 12:05:40.249] [0m[32;1m(INFO)[0m [Producer.ALPIDE_plane_2 ]RUN #14115408 is to be stopped...
[0m[1m[2024-01-04 12:05:40.249] [0m[32;1m(INFO)[0m [Producer.POWER_1 ]RUN #14115408 is to be stopped...
[0m[1m[2024-01-04 12:05:40.268] [0m[32;1m(INFO)[0m [DataCollector.dc ]DataReceiver: Disconnected from <ConnectionTCP>
  <FD>tcp://127.0.0.1:57730</FD>
  <Connection>
    <Type>Producer</Type>
    <Name>APTS_0</Name>
    <State>0</State>
  </Connection>
</ConnectionTCP>

[0m[1m[2024-01-04 12:05:40.460] [0m[32;1m(INFO)[0m [Producer.ALPIDE_plane_1 ]RUN #14115408 is stopped.
[0m[1m[2024-01-04 12:05:40.460] [0m[32;1m(INFO)[0m [Producer.ALPIDE_plane_2 ]RUN #14115408 is stopped.
[0m[1m[2024-01-04 12:05:40.460] [0m[32;1m(INFO)[0m [Producer.ALPIDE_plane_0 ]RUN #14115408 is stopped.
[0m[1m[2024-01-04 12:05:40.560] [0m[32;1m(INFO)[0m [DataCollector.dc ]DataReceiver: Disconnected from <ConnectionTCP>
  <FD>tcp://127.0.0.1:57692</FD>
  <Connection>
    <Type>Producer</Type>
    <Name>ALPIDE_plane_0</Name>
    <State>0</State>
  </Connection>
</ConnectionTCP>

[0m[1m[2024-01-04 12:05:40.561] [0m[32;1m(INFO)[0m [DataCollector.dc ]DataReceiver: Disconnected from <ConnectionTCP>
  <FD>tcp://127.0.0.1:57702</FD>
  <Connection>
    <Type>Producer</Type>
    <Name>ALPIDE_plane_1</Name>
    <State>0</State>
  </Connection>
</ConnectionTCP>

[0m[1m[2024-01-04 12:05:40.561] [0m[32;1m(INFO)[0m [DataCollector.dc ]DataReceiver: Disconnected from <ConnectionTCP>
  <FD>tcp://127.0.0.1:57700</FD>
  <Connection>
    <Type>Producer</Type>
    <Name>ALPIDE_plane_2</Name>
    <State>0</State>
  </Connection>
</ConnectionTCP>

[0m[1m[2024-01-04 12:05:40.834] [0m[32;1m(INFO)[0m [Producer.POWER_0 ]RUN #14115408 is stopped.
[0m[1m[2024-01-04 12:05:40.934] [0m[32;1m(INFO)[0m [DataCollector.dc ]DataReceiver: Disconnected from <ConnectionTCP>
  <FD>tcp://127.0.0.1:57698</FD>
  <Connection>
    <Type>Producer</Type>
    <Name>POWER_0</Name>
    <State>0</State>
  </Connection>
</ConnectionTCP>

[0m[1m[2024-01-04 12:05:42.576] [0m[32;1m(INFO)[0m [Producer.POWER_1 ]RUN #14115408 is stopped.
[0m[1m[2024-01-04 12:05:42.654] [0m[32;1m(INFO)[0m [DataCollector.dc ]RUN #14115408 is to be stopped...
[0m[1m[2024-01-04 12:05:42.676] [0m[32;1m(INFO)[0m [DataCollector.dc ]DataReceiver: Disconnected from <ConnectionTCP>
  <FD>tcp://127.0.0.1:57696</FD>
  <Connection>
    <Type>Producer</Type>
    <Name>POWER_1</Name>
    <State>0</State>
  </Connection>
</ConnectionTCP>

[0m[1m[2024-01-04 12:05:42.739] [0m[33;1m(WARN)[0m [DataCollector.dc ]DataReceiver: Data buffer is not empty during the stopping
[0m[1m[2024-01-04 12:05:43.141] [0m[32;1m(INFO)[0m [DataCollector.dc ]RUN #14115408 is stopped.
[0m[1m[2024-01-04 12:05:44.078] [0m[32;1m(INFO)[0m [RunControl.RC-TUI ]Processing Terminate command
