
*** LogCollector started at 2024-01-04 11:16:10.128 ***
[0m[1m[2024-01-04 11:16:10.127] [0m[32;1m(INFO)[0m [RunControl.RC-TUI ]Processing Initialise command for log
[0m[1m[2024-01-04 11:16:10.127] [0m[32;1m(INFO)[0m [RunControl.RC-TUI ]Processing Initialise command for dc
[0m[1m[2024-01-04 11:16:10.128] [0m[32;1m(INFO)[0m [RunControl.RC-TUI ]Processing Initialise command for ALPIDE_plane_0
[0m[1m[2024-01-04 11:16:10.128] [0m[32;1m(INFO)[0m [RunControl.RC-TUI ]Processing Initialise command for ALPIDE_plane_1
[0m[1m[2024-01-04 11:16:10.128] [0m[32;1m(INFO)[0m [RunControl.RC-TUI ]Processing Initialise command for ALPIDE_plane_2
[0m[1m[2024-01-04 11:16:10.129] [0m[32;1m(INFO)[0m [RunControl.RC-TUI ]Processing Initialise command for POWER_0
[0m[1m[2024-01-04 11:16:10.129] [0m[32;1m(INFO)[0m [RunControl.RC-TUI ]Processing Initialise command for POWER_1
[0m[1m[2024-01-04 11:16:10.129] [0m[32;1m(INFO)[0m [RunControl.RC-TUI ]Processing Initialise command for APTS_0
[0m[1m[2024-01-04 11:16:10.169] [0m[32;1m(INFO)[0m [Producer.POWER_0 ]Receive an INI section
    <Configuration>
      <Section title="">
        <EUDAQ_LOG_ADDR>tcp://127.0.0.1:55000</EUDAQ_LOG_ADDR>
        <Name>lab-3ALPIDE-1APTS.ini</Name>
      </Section>
      <Section title="Producer.POWER_0">
        <path>/dev/hmp4040_3</path>
      </Section>
    </Configuration>

[0m[1m[2024-01-04 11:16:10.169] [0m[32;1m(INFO)[0m [Producer.APTS_0 ]Receive an INI section
    <Configuration>
      <Section title="">
        <EUDAQ_LOG_ADDR>tcp://127.0.0.1:55000</EUDAQ_LOG_ADDR>
        <Name>lab-3ALPIDE-1APTS.ini</Name>
      </Section>
      <Section title="Producer.APTS_0">
        <#triggermode>replica</#triggermode>
        <plane>0</plane>
        <proximity>APTS-025</proximity>
        <serial>DAQ-0009010E08932125</serial>
      </Section>
    </Configuration>

[0m[1m[2024-01-04 11:16:10.169] [0m[32;1m(INFO)[0m [Producer.ALPIDE_plane_1 ]Receive an INI section
    <Configuration>
      <Section title="">
        <EUDAQ_LOG_ADDR>tcp://127.0.0.1:55000</EUDAQ_LOG_ADDR>
        <Name>lab-3ALPIDE-1APTS.ini</Name>
      </Section>
      <Section title="Producer.ALPIDE_plane_1">
        <plane>2</plane>
        <serial>DAQ-0009010E08931906</serial>
        <triggermode>replica</triggermode>
      </Section>
    </Configuration>

[0m[1m[2024-01-04 11:16:10.169] [0m[32;1m(INFO)[0m [DataCollector.dc ]Receive an INI section
    <Configuration>
      <Section title="">
        <EUDAQ_LOG_ADDR>tcp://127.0.0.1:55000</EUDAQ_LOG_ADDR>
        <Name>lab-3ALPIDE-1APTS.ini</Name>
      </Section>
      <Section title="DataCollector.dc">
        <dataproducers>APTS_0,ALPIDE_plane_0,ALPIDE_plane_1,ALPIDE_plnae_2</dataproducers>
      </Section>
    </Configuration>

[0m[1m[2024-01-04 11:16:10.169] [0m[32;1m(INFO)[0m [Producer.ALPIDE_plane_0 ]Receive an INI section
    <Configuration>
      <Section title="">
        <EUDAQ_LOG_ADDR>tcp://127.0.0.1:55000</EUDAQ_LOG_ADDR>
        <Name>lab-3ALPIDE-1APTS.ini</Name>
      </Section>
      <Section title="Producer.ALPIDE_plane_0">
        <plane>1</plane>
        <serial>DAQ-0009010E08933325</serial>
        <triggermode>replica</triggermode>
      </Section>
    </Configuration>

[0m[1m[2024-01-04 11:16:10.169] [0m[32;1m(INFO)[0m [Producer.ALPIDE_plane_2 ]Receive an INI section
    <Configuration>
      <Section title="">
        <EUDAQ_LOG_ADDR>tcp://127.0.0.1:55000</EUDAQ_LOG_ADDR>
        <Name>lab-3ALPIDE-1APTS.ini</Name>
      </Section>
      <Section title="Producer.ALPIDE_plane_2">
        <plane>3</plane>
        <serial>DAQ-0009010E08933225</serial>
        <triggermode>replica</triggermode>
      </Section>
    </Configuration>

[0m[1m[2024-01-04 11:16:10.169] [0m[32;1m(INFO)[0m [Producer.POWER_1 ]Receive an INI section
    <Configuration>
      <Section title="">
        <EUDAQ_LOG_ADDR>tcp://127.0.0.1:55000</EUDAQ_LOG_ADDR>
        <Name>lab-3ALPIDE-1APTS.ini</Name>
      </Section>
      <Section title="Producer.POWER_1">
        <path>/dev/hmp2030</path>
      </Section>
    </Configuration>

[0m[1m[2024-01-04 11:16:10.169] [0m[32;1m(INFO)[0m [Producer.ALPIDE_plane_1 ]Producer.ALPIDE_plane_1 is to be initialised...
[0m[1m[2024-01-04 11:16:10.169] [0m[32;1m(INFO)[0m [DataCollector.dc ]DataCollector.dc is to be initialised...
[0m[1m[2024-01-04 11:16:10.169] [0m[32;1m(INFO)[0m [DataCollector.dc ]TCPServer:: Listening on port 39327
[0m[1m[2024-01-04 11:16:10.169] [0m[32;1m(INFO)[0m [Producer.APTS_0 ]Producer.APTS_0 is to be initialised...
[0m[1m[2024-01-04 11:16:10.170] [0m[32;1m(INFO)[0m [Producer.APTS_0 ]Initialising MLR1 DAQ Board
[0m[1m[2024-01-04 11:16:10.173] [0m[31;1m(DEBUG)[0m [Producer.APTS_0 ]v1.10.2 - /home/next/.local/lib/python3.10/site-packages/mlr1daqboard is not a git repository but an installation directory. Git hash at installation: f39ffae61a5ded937a877f938b665ea40cb8dcd9
[0m[1m[2024-01-04 11:16:10.176] [0m[31;1m(DEBUG)[0m [Producer.APTS_0 ]File /home/next/.local/lib/python3.10/site-packages/mlr1daqboard/mlr1daqboard.py installed in /home/next/.local/lib/python3.10/site-packages/mlr1daqboard v1.10.2:
Created:  2023-08-11 08:02:04.290911 UTC
Accessed: 2024-01-04 01:57:25.289000 UTC
Modified: 2023-08-11 08:02:04.290911 UTC
Size:     30355
git diff at installation:
[0m[1m[2024-01-04 11:16:10.184] [0m[31;1m(DEBUG)[0m [Producer.APTS_0 ]Loaded DAC calibration from /home/next/.local/lib/python3.10/site-packages/mlr1daqboard/calibration/APTS-025.json: {
    "IDAC": {
        "CE_COL_AP_IBIASN": [
            0.0189,
            1.79,
            670
        ],
        "CE_MAT_AP_IBIAS4SF_DP_IBIASF": [
            0.37996,
            50.38,
            10000
        ],
        "CE_PMOS_AP_DP_IRESET": [
            3.2e-05,
            0.0,
            2.0
        ],
        "AP_IBIASP_DP_IDB": [
            0.0158,
            1.14,
            450
        ],
        "AP_IBIAS3_DP_IBIAS": [
            0.1186,
            3.79,
            1500
        ]
    },
    "VDAC": {
        "AP_SEL0": [
            0.03804,
            4.71,
            1200
        ],
        "AP_SEL1": [
            0.03806,
            0.1,
            1200
        ],
        "AP_VRESET": [
            0.03809,
            3.6,
            1200
        ],
        "CE_VOFFSET_AP_DP_VH": [
            0.03808,
            3.96,
            1200
        ],
        "AP_VCASP_MUX0_DP_VCASB": [
            0.03805,
            1.61,
            1200
        ],
        "AP_VCASN_MUX1_DP_VCASN": [
            0.03807,
            3.06,
            1200
        ]
    }
}
[0m[1m[2024-01-04 11:16:10.202] [0m[31;1m(DEBUG)[0m [Producer.APTS_0 ]Using DAQ board with serial number DAQ-0009010E08932125
[0m[1m[2024-01-04 11:16:10.169] [0m[32;1m(INFO)[0m [Producer.ALPIDE_plane_2 ]Producer.ALPIDE_plane_2 is to be initialised...
[0m[1m[2024-01-04 11:16:10.169] [0m[32;1m(INFO)[0m [Producer.POWER_0 ]Producer.POWER_0 is to be initialised...
[0m[1m[2024-01-04 11:16:10.186] [0m[32;1m(INFO)[0m [Producer.POWER_0 ]Producer.POWER_0 is initialised.
[0m[1m[2024-01-04 11:16:10.169] [0m[32;1m(INFO)[0m [Producer.ALPIDE_plane_0 ]Producer.ALPIDE_plane_0 is to be initialised...
[0m[1m[2024-01-04 11:16:10.169] [0m[32;1m(INFO)[0m [Producer.POWER_1 ]Producer.POWER_1 is to be initialised...
[0m[1m[2024-01-04 11:16:10.186] [0m[32;1m(INFO)[0m [Producer.POWER_1 ]Producer.POWER_1 is initialised.
[0m[1m[2024-01-04 11:16:10.400] [0m[32;1m(INFO)[0m [Producer.ALPIDE_plane_1 ]Producer.ALPIDE_plane_1 is initialised.
[0m[1m[2024-01-04 11:16:10.407] [0m[32;1m(INFO)[0m [Producer.ALPIDE_plane_2 ]Producer.ALPIDE_plane_2 is initialised.
[0m[1m[2024-01-04 11:16:10.408] [0m[32;1m(INFO)[0m [Producer.ALPIDE_plane_0 ]Producer.ALPIDE_plane_0 is initialised.
[0m[1m[2024-01-04 11:16:10.504] [0m[31;1m(DEBUG)[0m [Producer.APTS_0 ]Read cmd 0x1602 returned 0000000016737e10
[0m[1m[2024-01-04 11:16:10.504] [0m[31;1m(DEBUG)[0m [Producer.APTS_0 ]Firmware version: 0x107E7316
[0m[1m[2024-01-04 11:16:10.505] [0m[31;1m(DEBUG)[0m [Producer.APTS_0 ]Read cmd 0x1600 returned 00000000fe000000
[0m[1m[2024-01-04 11:16:10.505] [0m[32;1m(INFO)[0m [Producer.APTS_0 ]Producer.APTS_0 is initialised.
[0m[1m[2024-01-04 11:16:11.170] [0m[32;1m(INFO)[0m [DataCollector.dc ]DataCollector.dc is initialised.
[0m[1m[2024-01-04 11:16:11.188] [0m[32;1m(INFO)[0m [RunControl.RC-TUI ]Processing Configure command
[0m[1m[2024-01-04 11:16:11.188] [0m[32;1m(INFO)[0m [Producer.ALPIDE_plane_1 ]Receive a CONF section
    <Configuration>
      <Section title="">
        <DataCollector.dc>tcp://127.0.0.1:39327</DataCollector.dc>
        <LogCollector.log>tcp://127.0.0.1:55000</LogCollector.log>
        <Name>lab-3ALPIDE-1APTS.conf</Name>
      </Section>
      <Section title="Producer.ALPIDE_plane_1">
        <EUDAQ_DC>dc</EUDAQ_DC>
        <EUDAQ_ID>2</EUDAQ_ID>
        <ITHR>60</ITHR>
        <STROBE_LENGTH>800</STROBE_LENGTH>
        <VCASN>106</VCASN>
        <VCASN2>118</VCASN2>
        <VCLIP>60</VCLIP>
      </Section>
    </Configuration>

[0m[1m[2024-01-04 11:16:11.188] [0m[32;1m(INFO)[0m [Producer.ALPIDE_plane_1 ]Producer.ALPIDE_plane_1 is to be configured...
[0m[1m[2024-01-04 11:16:11.188] [0m[32;1m(INFO)[0m [DataCollector.dc ]Receive a CONF section
    <Configuration>
      <Section title="">
        <DataCollector.dc>tcp://127.0.0.1:39327</DataCollector.dc>
        <LogCollector.log>tcp://127.0.0.1:55000</LogCollector.log>
        <Name>lab-3ALPIDE-1APTS.conf</Name>
      </Section>
      <Section title="DataCollector.dc">
        <#EUDAQ_DATACOL_SEND_MONITOR_FRACTION>10</#EUDAQ_DATACOL_SEND_MONITOR_FRACTION>
        <#EUDAQ_FW_PATTERN>/dev/null/run$6R_$12D$X</#EUDAQ_FW_PATTERN>
        <#EUDAQ_MN>mon</#EUDAQ_MN>
        <EUDAQ_FW>native</EUDAQ_FW>
        <EUDAQ_FW_PATTERN>/home/next/ITS3/eudaq/data/20240104/run$6R_$12D$X</EUDAQ_FW_PATTERN>
      </Section>
    </Configuration>

[0m[1m[2024-01-04 11:16:11.188] [0m[32;1m(INFO)[0m [DataCollector.dc ]DataCollector.dc is to be configured...
[0m[1m[2024-01-04 11:16:11.188] [0m[32;1m(INFO)[0m [Producer.POWER_0 ]Receive a CONF section
    <Configuration>
      <Section title="">
        <DataCollector.dc>tcp://127.0.0.1:39327</DataCollector.dc>
        <LogCollector.log>tcp://127.0.0.1:55000</LogCollector.log>
        <Name>lab-3ALPIDE-1APTS.conf</Name>
      </Section>
      <Section title="Producer.POWER_0">
        <EUDAQ_DC>dc</EUDAQ_DC>
      </Section>
    </Configuration>

[0m[1m[2024-01-04 11:16:11.188] [0m[32;1m(INFO)[0m [Producer.POWER_0 ]Producer.POWER_0 is to be configured...
[0m[1m[2024-01-04 11:16:11.188] [0m[32;1m(INFO)[0m [Producer.ALPIDE_plane_0 ]Receive a CONF section
    <Configuration>
      <Section title="">
        <DataCollector.dc>tcp://127.0.0.1:39327</DataCollector.dc>
        <LogCollector.log>tcp://127.0.0.1:55000</LogCollector.log>
        <Name>lab-3ALPIDE-1APTS.conf</Name>
      </Section>
      <Section title="Producer.ALPIDE_plane_0">
        <EUDAQ_DC>dc</EUDAQ_DC>
        <EUDAQ_ID>1</EUDAQ_ID>
        <ITHR>60</ITHR>
        <STROBE_LENGTH>800</STROBE_LENGTH>
        <VCASN>106</VCASN>
        <VCASN2>118</VCASN2>
        <VCLIP>60</VCLIP>
      </Section>
    </Configuration>

[0m[1m[2024-01-04 11:16:11.188] [0m[32;1m(INFO)[0m [Producer.ALPIDE_plane_0 ]Producer.ALPIDE_plane_0 is to be configured...
[0m[1m[2024-01-04 11:16:11.188] [0m[32;1m(INFO)[0m [Producer.APTS_0 ]Receive a CONF section
    <Configuration>
      <Section title="">
        <DataCollector.dc>tcp://127.0.0.1:39327</DataCollector.dc>
        <LogCollector.log>tcp://127.0.0.1:55000</LogCollector.log>
        <Name>lab-3ALPIDE-1APTS.conf</Name>
      </Section>
      <Section title="Producer.APTS_0">
        <#trg_thr>150</#trg_thr>
        <EUDAQ_DC>dc</EUDAQ_DC>
        <EUDAQ_ID>0</EUDAQ_ID>
        <trg_type>0</trg_type>
      </Section>
    </Configuration>

[0m[1m[2024-01-04 11:16:11.188] [0m[32;1m(INFO)[0m [Producer.ALPIDE_plane_2 ]Receive a CONF section
    <Configuration>
      <Section title="">
        <DataCollector.dc>tcp://127.0.0.1:39327</DataCollector.dc>
        <LogCollector.log>tcp://127.0.0.1:55000</LogCollector.log>
        <Name>lab-3ALPIDE-1APTS.conf</Name>
      </Section>
      <Section title="Producer.ALPIDE_plane_2">
        <EUDAQ_DC>dc</EUDAQ_DC>
        <EUDAQ_ID>2</EUDAQ_ID>
        <ITHR>60</ITHR>
        <STROBE_LENGTH>800</STROBE_LENGTH>
        <VCASN>106</VCASN>
        <VCASN2>118</VCASN2>
        <VCLIP>60</VCLIP>
      </Section>
    </Configuration>

[0m[1m[2024-01-04 11:16:11.188] [0m[32;1m(INFO)[0m [Producer.ALPIDE_plane_2 ]Producer.ALPIDE_plane_2 is to be configured...
[0m[1m[2024-01-04 11:16:11.188] [0m[32;1m(INFO)[0m [Producer.POWER_1 ]Receive a CONF section
    <Configuration>
      <Section title="">
        <DataCollector.dc>tcp://127.0.0.1:39327</DataCollector.dc>
        <LogCollector.log>tcp://127.0.0.1:55000</LogCollector.log>
        <Name>lab-3ALPIDE-1APTS.conf</Name>
      </Section>
      <Section title="Producer.POWER_1">
        <EUDAQ_DC>dc</EUDAQ_DC>
      </Section>
    </Configuration>

[0m[1m[2024-01-04 11:16:11.188] [0m[32;1m(INFO)[0m [Producer.POWER_1 ]Producer.POWER_1 is to be configured...
[0m[1m[2024-01-04 11:16:11.188] [0m[32;1m(INFO)[0m [DataCollector.dc ]DataCollector.dc is configured.
[0m[1m[2024-01-04 11:16:11.188] [0m[32;1m(INFO)[0m [Producer.POWER_0 ]Producer.POWER_0 is configured.
[0m[1m[2024-01-04 11:16:11.188] [0m[32;1m(INFO)[0m [Producer.APTS_0 ]Producer.APTS_0 is to be configured...
[0m[1m[2024-01-04 11:16:11.189] [0m[31;1m(DEBUG)[0m [Producer.APTS_0 ]Write cmd 0x0300 0x00000000 returned 0100000000030000
[0m[1m[2024-01-04 11:16:11.188] [0m[32;1m(INFO)[0m [Producer.POWER_1 ]Producer.POWER_1 is configured.
[0m[1m[2024-01-04 11:16:11.189] [0m[31;1m(DEBUG)[0m [Producer.APTS_0 ]Read cmd 0x1103 returned 0000000000100000
[0m[1m[2024-01-04 11:16:11.190] [0m[32;1m(INFO)[0m [Producer.APTS_0 ]Powering ON the chip with default DAC settings.
[0m[1m[2024-01-04 11:16:11.190] [0m[31;1m(DEBUG)[0m [Producer.APTS_0 ]Read cmd 0x1103 returned 0000000000100000
[0m[1m[2024-01-04 11:16:11.191] [0m[31;1m(DEBUG)[0m [Producer.APTS_0 ]Read cmd 0x1104 returned 0000000002300000
[0m[1m[2024-01-04 11:16:11.191] [0m[31;1m(DEBUG)[0m [Producer.APTS_0 ]Read cmd 0x1103 returned 0000000000100000
[0m[1m[2024-01-04 11:16:11.191] [0m[32;1m(INFO)[0m [Producer.APTS_0 ]Currents before Proximity ON: Ia = 0.04 mA, Id = 0.06 mA, Ib = 0.00 mA
[0m[1m[2024-01-04 11:16:11.191] [0m[31;1m(DEBUG)[0m [Producer.APTS_0 ]Write cmd 0x0e32 0x00000001 returned 01000000320e0000
[0m[1m[2024-01-04 11:16:11.192] [0m[31;1m(DEBUG)[0m [Producer.APTS_0 ]Write cmd 0x0e33 0x00000001 returned 01000000330e0000
[0m[1m[2024-01-04 11:16:11.192] [0m[31;1m(DEBUG)[0m [Producer.APTS_0 ]Write cmd 0x0e12 0x00000001 returned 01000000120e0000
[0m[1m[2024-01-04 11:16:11.194] [0m[31;1m(DEBUG)[0m [Producer.APTS_0 ]Write cmd 0x0401 0x08000001 returned 0100000001040000
[0m[1m[2024-01-04 11:16:11.194] [0m[31;1m(DEBUG)[0m [Producer.APTS_0 ]Write cmd 0x0501 0x08000001 returned 0100000001050000
[0m[1m[2024-01-04 11:16:11.196] [0m[31;1m(DEBUG)[0m [Producer.APTS_0 ]Read cmd 0x1103 returned 0000000000100000
[0m[1m[2024-01-04 11:16:11.196] [0m[31;1m(DEBUG)[0m [Producer.APTS_0 ]Read cmd 0x1104 returned 0000000002a00000
[0m[1m[2024-01-04 11:16:11.197] [0m[31;1m(DEBUG)[0m [Producer.APTS_0 ]Read cmd 0x1103 returned 0000000000100000
[0m[1m[2024-01-04 11:16:11.197] [0m[32;1m(INFO)[0m [Producer.APTS_0 ]Currents after Proximity ON: Ia = 0.04 mA, Id = 0.06 mA, Ib = 0.00 mA
[0m[1m[2024-01-04 11:16:11.197] [0m[32;1m(INFO)[0m [Producer.APTS_0 ]Setting DACs for APTS-SF.
[0m[1m[2024-01-04 11:16:11.197] [0m[31;1m(DEBUG)[0m [Producer.APTS_0 ]Setting DAC CE_COL_AP_IBIASN to 19.991 uA.
[0m[1m[2024-01-04 11:16:11.197] [0m[31;1m(DEBUG)[0m [Producer.APTS_0 ]Setting DAC CE_COL_AP_IBIASN to 963
[0m[1m[2024-01-04 11:16:11.198] [0m[31;1m(DEBUG)[0m [Producer.APTS_0 ]Write cmd 0x0401 0x03303c30 returned 0100000001040000
[0m[1m[2024-01-04 11:16:11.198] [0m[31;1m(DEBUG)[0m [Producer.APTS_0 ]Setting DAC CE_MAT_AP_IBIAS4SF_DP_IBIASF to 149.930 uA.
[0m[1m[2024-01-04 11:16:11.198] [0m[31;1m(DEBUG)[0m [Producer.APTS_0 ]Setting DAC CE_MAT_AP_IBIAS4SF_DP_IBIASF to 262
[0m[1m[2024-01-04 11:16:11.198] [0m[31;1m(DEBUG)[0m [Producer.APTS_0 ]Write cmd 0x0401 0x03401060 returned 0100000001040000
[0m[1m[2024-01-04 11:16:11.198] [0m[31;1m(DEBUG)[0m [Producer.APTS_0 ]Setting DAC CE_PMOS_AP_DP_IRESET to 1.000 uA.
[0m[1m[2024-01-04 11:16:11.198] [0m[31;1m(DEBUG)[0m [Producer.APTS_0 ]Setting DAC CE_PMOS_AP_DP_IRESET to 31250
[0m[1m[2024-01-04 11:16:11.199] [0m[31;1m(DEBUG)[0m [Producer.APTS_0 ]Write cmd 0x0501 0x0307a120 returned 0100000001050000
[0m[1m[2024-01-04 11:16:11.199] [0m[31;1m(DEBUG)[0m [Producer.APTS_0 ]Setting DAC AP_IBIASP_DP_IDB to 1.993 uA.
[0m[1m[2024-01-04 11:16:11.199] [0m[31;1m(DEBUG)[0m [Producer.APTS_0 ]Setting DAC AP_IBIASP_DP_IDB to 54
[0m[1m[2024-01-04 11:16:11.199] [0m[31;1m(DEBUG)[0m [Producer.APTS_0 ]Write cmd 0x0501 0x03100360 returned 0100000001050000
[0m[1m[2024-01-04 11:16:11.199] [0m[31;1m(DEBUG)[0m [Producer.APTS_0 ]Setting DAC AP_IBIAS3_DP_IBIAS to 199.954 uA.
[0m[1m[2024-01-04 11:16:11.199] [0m[31;1m(DEBUG)[0m [Producer.APTS_0 ]Setting DAC AP_IBIAS3_DP_IBIAS to 1654
[0m[1m[2024-01-04 11:16:11.200] [0m[31;1m(DEBUG)[0m [Producer.APTS_0 ]Write cmd 0x0501 0x03306760 returned 0100000001050000
[0m[1m[2024-01-04 11:16:11.200] [0m[31;1m(DEBUG)[0m [Producer.APTS_0 ]Setting DAC CE_VOFFSET_AP_DP_VH to 1199.977 mV
[0m[1m[2024-01-04 11:16:11.200] [0m[31;1m(DEBUG)[0m [Producer.APTS_0 ]Setting DAC CE_VOFFSET_AP_DP_VH to 31408
[0m[1m[2024-01-04 11:16:11.200] [0m[31;1m(DEBUG)[0m [Producer.APTS_0 ]Write cmd 0x0501 0x0347ab00 returned 0100000001050000
[0m[1m[2024-01-04 11:16:11.200] [0m[31;1m(DEBUG)[0m [Producer.APTS_0 ]Setting DAC AP_VRESET to 499.989 mV
[0m[1m[2024-01-04 11:16:11.200] [0m[31;1m(DEBUG)[0m [Producer.APTS_0 ]Setting DAC AP_VRESET to 13032
[0m[1m[2024-01-04 11:16:11.201] [0m[31;1m(DEBUG)[0m [Producer.APTS_0 ]Write cmd 0x0501 0x03532e80 returned 0100000001050000
[0m[1m[2024-01-04 11:16:11.201] [0m[32;1m(INFO)[0m [Producer.APTS_0 ]Chip powered ON.
[0m[1m[2024-01-04 11:16:11.201] [0m[32;1m(INFO)[0m [Producer.APTS_0 ]Waiting 9 seconds for Ia current to stabilize...
[0m[1m[2024-01-04 11:16:11.201] [0m[31;1m(DEBUG)[0m [Producer.APTS_0 ]Read cmd 0x1103 returned 0000000000100000
[0m[1m[2024-01-04 11:16:11.201] [0m[32;1m(INFO)[0m [Producer.APTS_0 ]Ia = 0.04 mA
[0m[1m[2024-01-04 11:16:11.295] [0m[32;1m(INFO)[0m [Producer.ALPIDE_plane_0 ]Producer.ALPIDE_plane_0 is configured.
[0m[1m[2024-01-04 11:16:11.296] [0m[32;1m(INFO)[0m [Producer.ALPIDE_plane_2 ]Producer.ALPIDE_plane_2 is configured.
[0m[1m[2024-01-04 11:16:11.296] [0m[32;1m(INFO)[0m [Producer.ALPIDE_plane_1 ]Producer.ALPIDE_plane_1 is configured.
[0m[1m[2024-01-04 11:16:12.203] [0m[31;1m(DEBUG)[0m [Producer.APTS_0 ]Read cmd 0x1103 returned 00000000618b0800
[0m[1m[2024-01-04 11:16:12.203] [0m[32;1m(INFO)[0m [Producer.APTS_0 ]Ia = 5.14 mA
[0m[1m[2024-01-04 11:16:13.204] [0m[31;1m(DEBUG)[0m [Producer.APTS_0 ]Read cmd 0x1103 returned 0000000067bb0800
[0m[1m[2024-01-04 11:16:13.205] [0m[32;1m(INFO)[0m [Producer.APTS_0 ]Ia = 5.25 mA
[0m[1m[2024-01-04 11:16:14.206] [0m[31;1m(DEBUG)[0m [Producer.APTS_0 ]Read cmd 0x1103 returned 00000000600b0900
[0m[1m[2024-01-04 11:16:14.206] [0m[32;1m(INFO)[0m [Producer.APTS_0 ]Ia = 5.44 mA
[0m[1m[2024-01-04 11:16:15.208] [0m[31;1m(DEBUG)[0m [Producer.APTS_0 ]Read cmd 0x1103 returned 0000000061ab0800
[0m[1m[2024-01-04 11:16:15.208] [0m[32;1m(INFO)[0m [Producer.APTS_0 ]Ia = 5.22 mA
[0m[1m[2024-01-04 11:16:16.210] [0m[31;1m(DEBUG)[0m [Producer.APTS_0 ]Read cmd 0x1103 returned 0000000062bb0800
[0m[1m[2024-01-04 11:16:16.210] [0m[32;1m(INFO)[0m [Producer.APTS_0 ]Ia = 5.25 mA
[0m[1m[2024-01-04 11:16:17.211] [0m[31;1m(DEBUG)[0m [Producer.APTS_0 ]Read cmd 0x1103 returned 00000000626b0800
[0m[1m[2024-01-04 11:16:17.212] [0m[32;1m(INFO)[0m [Producer.APTS_0 ]Ia = 5.07 mA
[0m[1m[2024-01-04 11:16:18.213] [0m[31;1m(DEBUG)[0m [Producer.APTS_0 ]Read cmd 0x1103 returned 00000000638b0800
[0m[1m[2024-01-04 11:16:18.213] [0m[32;1m(INFO)[0m [Producer.APTS_0 ]Ia = 5.14 mA
[0m[1m[2024-01-04 11:16:19.215] [0m[31;1m(DEBUG)[0m [Producer.APTS_0 ]Read cmd 0x1103 returned 00000000614b0800
[0m[1m[2024-01-04 11:16:19.215] [0m[32;1m(INFO)[0m [Producer.APTS_0 ]Ia = 4.99 mA
[0m[1m[2024-01-04 11:16:20.217] [0m[31;1m(DEBUG)[0m [Producer.APTS_0 ]Read cmd 0x1103 returned 000000005fdb0800
[0m[1m[2024-01-04 11:16:20.217] [0m[31;1m(DEBUG)[0m [Producer.APTS_0 ]Read cmd 0x1104 returned 000000000aa00000
[0m[1m[2024-01-04 11:16:20.218] [0m[31;1m(DEBUG)[0m [Producer.APTS_0 ]Read cmd 0x1103 returned 0000000060eb0800
[0m[1m[2024-01-04 11:16:20.218] [0m[32;1m(INFO)[0m [Producer.APTS_0 ]Currents after setting DACs: Ia = 5.33 mA, Id = 0.30 mA, Ib = 71.05 mA
[0m[1m[2024-01-04 11:16:20.218] [0m[31;1m(DEBUG)[0m [Producer.APTS_0 ]Write cmd 0x00ef 0x00000000 returned 01000000ef000000
[0m[1m[2024-01-04 11:16:20.219] [0m[31;1m(DEBUG)[0m [Producer.APTS_0 ]Write cmd 0x0387 0x00000000 returned 0100000087030000
[0m[1m[2024-01-04 11:16:20.219] [0m[31;1m(DEBUG)[0m [Producer.APTS_0 ]Write cmd 0x0301 0x00000028 returned 0100000001030000
[0m[1m[2024-01-04 11:16:20.219] [0m[31;1m(DEBUG)[0m [Producer.APTS_0 ]Write cmd 0x0302 0x00000064 returned 0100000002030000
[0m[1m[2024-01-04 11:16:20.220] [0m[31;1m(DEBUG)[0m [Producer.APTS_0 ]Write cmd 0x0303 0x00000064 returned 0100000003030000
[0m[1m[2024-01-04 11:16:20.220] [0m[31;1m(DEBUG)[0m [Producer.APTS_0 ]Write cmd 0x0304 0x00000001 returned 0100000004030000
[0m[1m[2024-01-04 11:16:20.220] [0m[31;1m(DEBUG)[0m [Producer.APTS_0 ]Write cmd 0x0305 0x00002710 returned 0100000005030000
[0m[1m[2024-01-04 11:16:20.221] [0m[31;1m(DEBUG)[0m [Producer.APTS_0 ]Write cmd 0x0306 0x00000014 returned 0100000006030000
[0m[1m[2024-01-04 11:16:20.221] [0m[31;1m(DEBUG)[0m [Producer.APTS_0 ]Write cmd 0x0307 0x00000002 returned 0100000007030000
[0m[1m[2024-01-04 11:16:20.222] [0m[31;1m(DEBUG)[0m [Producer.APTS_0 ]Write cmd 0x0308 0x0000ffff returned 0100000008030000
[0m[1m[2024-01-04 11:16:20.222] [0m[31;1m(DEBUG)[0m [Producer.APTS_0 ]Write cmd 0x0309 0x00000000 returned 0100000009030000
[0m[1m[2024-01-04 11:16:20.222] [0m[31;1m(DEBUG)[0m [Producer.APTS_0 ]Write cmd 0x030a 0x00000001 returned 010000000a030000
[0m[1m[2024-01-04 11:16:20.223] [0m[31;1m(DEBUG)[0m [Producer.APTS_0 ]Write cmd 0x030b 0x00000000 returned 010000000b030000
[0m[1m[2024-01-04 11:16:20.223] [0m[31;1m(DEBUG)[0m [Producer.APTS_0 ]Write cmd 0x030c 0x00000001 returned 010000000c030000
[0m[1m[2024-01-04 11:16:20.223] [0m[31;1m(DEBUG)[0m [Producer.APTS_0 ]Write cmd 0x030d 0x0000000a returned 010000000d030000
[0m[1m[2024-01-04 11:16:20.224] [0m[31;1m(DEBUG)[0m [Producer.APTS_0 ]Write cmd 0x030e 0x0000000a returned 010000000e030000
[0m[1m[2024-01-04 11:16:20.224] [0m[31;1m(DEBUG)[0m [Producer.APTS_0 ]Write cmd 0x0300 0x00000001 returned 0100000000030000
[0m[1m[2024-01-04 11:16:20.224] [0m[32;1m(INFO)[0m [Producer.APTS_0 ]Producer.APTS_0 is configured.
[0m[1m[2024-01-04 11:16:20.242] [0m[32;1m(INFO)[0m [RunControl.RC-TUI ]Processing StartRun command for RUN #14111608
[0m[1m[2024-01-04 11:16:21.344] [0m[32;1m(INFO)[0m [DataCollector.dc ]RUN #14111608 is to be started...
[0m[1m[2024-01-04 11:16:21.344] [0m[32;1m(INFO)[0m [DataCollector.dc ]RUN #14111608 is started.
[0m[1m[2024-01-04 11:16:22.444] [0m[32;1m(INFO)[0m [Producer.ALPIDE_plane_0 ]RUN #14111608 is to be started...
[0m[1m[2024-01-04 11:16:22.444] [0m[32;1m(INFO)[0m [Producer.ALPIDE_plane_1 ]RUN #14111608 is to be started...
[0m[1m[2024-01-04 11:16:22.444] [0m[32;1m(INFO)[0m [Producer.POWER_0 ]RUN #14111608 is to be started...
[0m[1m[2024-01-04 11:16:22.444] [0m[32;1m(INFO)[0m [Producer.ALPIDE_plane_2 ]RUN #14111608 is to be started...
[0m[1m[2024-01-04 11:16:22.444] [0m[32;1m(INFO)[0m [Producer.POWER_1 ]RUN #14111608 is to be started...
[0m[1m[2024-01-04 11:16:22.445] [0m[32;1m(INFO)[0m [DataCollector.dc ]DataReceiver: Connection from <ConnectionTCP>
  <FD>tcp://127.0.0.1:60602</FD>
  <Connection>
    <Type>Producer</Type>
    <Name>ALPIDE_plane_0</Name>
    <State>1</State>
  </Connection>
</ConnectionTCP>

[0m[1m[2024-01-04 11:16:22.446] [0m[32;1m(INFO)[0m [DataCollector.dc ]DataReceiver: Connection from <ConnectionTCP>
  <FD>tcp://127.0.0.1:60608</FD>
  <Connection>
    <Type>Producer</Type>
    <Name>ALPIDE_plane_1</Name>
    <State>1</State>
  </Connection>
</ConnectionTCP>

[0m[1m[2024-01-04 11:16:22.446] [0m[32;1m(INFO)[0m [DataCollector.dc ]DataReceiver: Connection from <ConnectionTCP>
  <FD>tcp://127.0.0.1:60606</FD>
  <Connection>
    <Type>Producer</Type>
    <Name>POWER_1</Name>
    <State>1</State>
  </Connection>
</ConnectionTCP>

[0m[1m[2024-01-04 11:16:22.446] [0m[32;1m(INFO)[0m [DataCollector.dc ]DataReceiver: Connection from <ConnectionTCP>
  <FD>tcp://127.0.0.1:60612</FD>
  <Connection>
    <Type>Producer</Type>
    <Name>ALPIDE_plane_2</Name>
    <State>1</State>
  </Connection>
</ConnectionTCP>

[0m[1m[2024-01-04 11:16:22.446] [0m[32;1m(INFO)[0m [DataCollector.dc ]DataReceiver: Connection from <ConnectionTCP>
  <FD>tcp://127.0.0.1:60624</FD>
  <Connection>
    <Type>Producer</Type>
    <Name>POWER_0</Name>
    <State>1</State>
  </Connection>
</ConnectionTCP>

[0m[1m[2024-01-04 11:16:22.446] [0m[32;1m(INFO)[0m [Producer.POWER_1 ]RUN #14111608 is started.
[0m[1m[2024-01-04 11:16:22.446] [0m[32;1m(INFO)[0m [Producer.POWER_0 ]RUN #14111608 is started.
[0m[1m[2024-01-04 11:16:22.517] [0m[32;1m(INFO)[0m [Producer.ALPIDE_plane_0 ]RUN #14111608 is started.
[0m[1m[2024-01-04 11:16:22.523] [0m[32;1m(INFO)[0m [Producer.ALPIDE_plane_2 ]RUN #14111608 is started.
[0m[1m[2024-01-04 11:16:22.525] [0m[32;1m(INFO)[0m [Producer.ALPIDE_plane_1 ]RUN #14111608 is started.
[0m[1m[2024-01-04 11:16:23.544] [0m[32;1m(INFO)[0m [Producer.APTS_0 ]RUN #14111608 is to be started...
[0m[1m[2024-01-04 11:16:23.568] [0m[32;1m(INFO)[0m [DataCollector.dc ]DataReceiver: Connection from <ConnectionTCP>
  <FD>tcp://127.0.0.1:60630</FD>
  <Connection>
    <Type>Producer</Type>
    <Name>APTS_0</Name>
    <State>1</State>
  </Connection>
</ConnectionTCP>

[0m[1m[2024-01-04 11:16:23.569] [0m[31;1m(DEBUG)[0m [Producer.APTS_0 ]Read cmd 0x1103 returned 0000000060ab0800
[0m[1m[2024-01-04 11:16:23.569] [0m[31;1m(DEBUG)[0m [Producer.APTS_0 ]Read cmd 0x1103 returned 0000000061fb0700
[0m[1m[2024-01-04 11:16:23.575] [0m[31;1m(DEBUG)[0m [Producer.APTS_0 ]Read cmd 0x1602 returned 0000000016737e10
[0m[1m[2024-01-04 11:16:23.675] [0m[31;1m(DEBUG)[0m [Producer.APTS_0 ]Write cmd 0x03ac 0x00000001 returned 01000000ac030000
[0m[1m[2024-01-04 11:16:23.676] [0m[32;1m(INFO)[0m [Producer.APTS_0 ]RUN #14111608 is started.
[0m[1m[2024-01-04 11:16:24.207] [0m[31;1m(ERROR)[0m [DataCollector.dc ]DoReceive: <ConnectionTCP>
  <FD>tcp://127.0.0.1:60612</FD>
  <Connection>
    <Type>Producer</Type>
    <Name>ALPIDE_plane_2</Name>
    <State>1</State>
  </Connection>
</ConnectionTCP>

[0m[1m[2024-01-04 11:16:24.245] [0m[33;1m(WARN)[0m [DataCollector.dc ]DataReceiver: Connection execption at listening time
[0m[1m[2024-01-04 11:16:33.714] [0m[31;1m(DEBUG)[0m [Producer.APTS_0 ]Read cmd 0x1103 returned 000000005f8b0800
[0m[1m[2024-01-04 11:16:33.714] [0m[31;1m(DEBUG)[0m [Producer.APTS_0 ]Read cmd 0x1103 returned 000000005fab0800
[0m[1m[2024-01-04 11:16:43.787] [0m[31;1m(DEBUG)[0m [Producer.APTS_0 ]Read cmd 0x1103 returned 00000000638b0800
[0m[1m[2024-01-04 11:16:43.788] [0m[31;1m(DEBUG)[0m [Producer.APTS_0 ]Read cmd 0x1103 returned 000000005dcb0800
[0m[1m[2024-01-04 11:16:53.852] [0m[31;1m(DEBUG)[0m [Producer.APTS_0 ]Read cmd 0x1103 returned 00000000620b0900
[0m[1m[2024-01-04 11:16:53.853] [0m[31;1m(DEBUG)[0m [Producer.APTS_0 ]Read cmd 0x1103 returned 000000005fdb0800
[0m[1m[2024-01-04 11:17:03.884] [0m[31;1m(DEBUG)[0m [Producer.APTS_0 ]Read cmd 0x1103 returned 000000005ecb0800
[0m[1m[2024-01-04 11:17:03.885] [0m[31;1m(DEBUG)[0m [Producer.APTS_0 ]Read cmd 0x1103 returned 00000000619b0800
[0m[1m[2024-01-04 11:17:13.958] [0m[31;1m(DEBUG)[0m [Producer.APTS_0 ]Read cmd 0x1103 returned 0000000061db0800
[0m[1m[2024-01-04 11:17:13.958] [0m[31;1m(DEBUG)[0m [Producer.APTS_0 ]Read cmd 0x1103 returned 00000000647b0800
[0m[1m[2024-01-04 11:17:24.053] [0m[31;1m(DEBUG)[0m [Producer.APTS_0 ]Read cmd 0x1103 returned 00000000615b0900
[0m[1m[2024-01-04 11:17:24.054] [0m[31;1m(DEBUG)[0m [Producer.APTS_0 ]Read cmd 0x1103 returned 000000005cfb0700
[0m[1m[2024-01-04 11:17:34.234] [0m[31;1m(DEBUG)[0m [Producer.APTS_0 ]Read cmd 0x1103 returned 0000000060db0800
[0m[1m[2024-01-04 11:17:34.234] [0m[31;1m(DEBUG)[0m [Producer.APTS_0 ]Read cmd 0x1103 returned 000000005fcb0800
[0m[1m[2024-01-04 11:17:43.135] [0m[32;1m(INFO)[0m [RunControl.RC-TUI ]Processing StopRun command for RUN #14111608
[0m[1m[2024-01-04 11:17:43.136] [0m[32;1m(INFO)[0m [Producer.APTS_0 ]RUN #14111608 is to be stopped...
[0m[1m[2024-01-04 11:17:43.138] [0m[31;1m(DEBUG)[0m [Producer.APTS_0 ]Read cmd 0x1103 returned 0000000060fb0800
[0m[1m[2024-01-04 11:17:43.138] [0m[31;1m(DEBUG)[0m [Producer.APTS_0 ]Read cmd 0x1103 returned 000000005f2b0900
[0m[1m[2024-01-04 11:17:44.240] [0m[31;1m(DEBUG)[0m [Producer.APTS_0 ]Read cmd 0x1103 returned 000000005fbb0800
[0m[1m[2024-01-04 11:17:44.241] [0m[31;1m(DEBUG)[0m [Producer.APTS_0 ]Read cmd 0x1103 returned 000000005e4b0800
[0m[1m[2024-01-04 11:17:44.241] [0m[32;1m(INFO)[0m [Producer.APTS_0 ]RUN #14111608 is stopped.
[0m[1m[2024-01-04 11:17:44.339] [0m[32;1m(INFO)[0m [Producer.ALPIDE_plane_0 ]RUN #14111608 is to be stopped...
[0m[1m[2024-01-04 11:17:44.340] [0m[32;1m(INFO)[0m [Producer.ALPIDE_plane_1 ]RUN #14111608 is to be stopped...
[0m[1m[2024-01-04 11:17:44.340] [0m[32;1m(INFO)[0m [Producer.POWER_0 ]RUN #14111608 is to be stopped...
[0m[1m[2024-01-04 11:17:44.340] [0m[32;1m(INFO)[0m [Producer.POWER_1 ]RUN #14111608 is to be stopped...
[0m[1m[2024-01-04 11:17:44.340] [0m[32;1m(INFO)[0m [Producer.ALPIDE_plane_2 ]RUN #14111608 is to be stopped...
[0m[1m[2024-01-04 11:17:44.341] [0m[32;1m(INFO)[0m [DataCollector.dc ]DataReceiver: Disconnected from <ConnectionTCP>
  <FD>tcp://127.0.0.1:60630</FD>
  <Connection>
    <Type>Producer</Type>
    <Name>APTS_0</Name>
    <State>0</State>
  </Connection>
</ConnectionTCP>

[0m[1m[2024-01-04 11:17:44.526] [0m[32;1m(INFO)[0m [Producer.ALPIDE_plane_1 ]RUN #14111608 is stopped.
[0m[1m[2024-01-04 11:17:44.526] [0m[32;1m(INFO)[0m [Producer.ALPIDE_plane_0 ]RUN #14111608 is stopped.
[0m[1m[2024-01-04 11:17:44.528] [0m[32;1m(INFO)[0m [Producer.ALPIDE_plane_2 ]RUN #14111608 is stopped.
[0m[1m[2024-01-04 11:17:44.628] [0m[32;1m(INFO)[0m [DataCollector.dc ]DataReceiver: Disconnected from <ConnectionTCP>
  <FD>tcp://127.0.0.1:60608</FD>
  <Connection>
    <Type>Producer</Type>
    <Name>ALPIDE_plane_1</Name>
    <State>0</State>
  </Connection>
</ConnectionTCP>

[0m[1m[2024-01-04 11:17:44.628] [0m[32;1m(INFO)[0m [DataCollector.dc ]DataReceiver: Disconnected from <ConnectionTCP>
  <FD>tcp://127.0.0.1:60602</FD>
  <Connection>
    <Type>Producer</Type>
    <Name>ALPIDE_plane_0</Name>
    <State>0</State>
  </Connection>
</ConnectionTCP>

[0m[1m[2024-01-04 11:17:44.628] [0m[32;1m(INFO)[0m [DataCollector.dc ]DataReceiver: Disconnected from <ConnectionTCP>
  <FD>tcp://127.0.0.1:60612</FD>
  <Connection>
    <Type>Producer</Type>
    <Name>ALPIDE_plane_2</Name>
    <State>0</State>
  </Connection>
</ConnectionTCP>

[0m[1m[2024-01-04 11:17:46.811] [0m[32;1m(INFO)[0m [Producer.POWER_0 ]RUN #14111608 is stopped.
[0m[1m[2024-01-04 11:17:46.911] [0m[32;1m(INFO)[0m [DataCollector.dc ]DataReceiver: Disconnected from <ConnectionTCP>
  <FD>tcp://127.0.0.1:60624</FD>
  <Connection>
    <Type>Producer</Type>
    <Name>POWER_0</Name>
    <State>0</State>
  </Connection>
</ConnectionTCP>

[0m[1m[2024-01-04 11:17:48.814] [0m[32;1m(INFO)[0m [Producer.POWER_1 ]RUN #14111608 is stopped.
[0m[1m[2024-01-04 11:17:48.914] [0m[32;1m(INFO)[0m [DataCollector.dc ]DataReceiver: Disconnected from <ConnectionTCP>
  <FD>tcp://127.0.0.1:60606</FD>
  <Connection>
    <Type>Producer</Type>
    <Name>POWER_1</Name>
    <State>0</State>
  </Connection>
</ConnectionTCP>

[0m[1m[2024-01-04 11:17:48.948] [0m[32;1m(INFO)[0m [DataCollector.dc ]RUN #14111608 is to be stopped...
[0m[1m[2024-01-04 11:17:49.127] [0m[33;1m(WARN)[0m [DataCollector.dc ]DataReceiver: Data buffer is not empty during the stopping
[0m[1m[2024-01-04 11:17:49.356] [0m[32;1m(INFO)[0m [DataCollector.dc ]RUN #14111608 is stopped.
[0m[1m[2024-01-04 11:17:50.279] [0m[32;1m(INFO)[0m [RunControl.RC-TUI ]Processing Terminate command
